   33391	[INFO]	XnLog.cpp	165	OpenNI version is 1.0.0 (Build 25)-MacOSX (Jan  7 2011 14:20:18)
   33443	[INFO]	XnLog.cpp	173	Log system initialized. Console: 1, File: 1, Severity: INFO, Masks: ALL
   33468	[INFO]	XnLog.cpp	173	Log system initialized. Console: 1, File: 1, Severity: INFO, Masks: ALL
   39440	[INFO]	XnUSBLinux-x86.cpp	98	USB is initialized.
 4145208	[INFO]	XnOpenNI.cpp	1261	Creating node 'Device1' of type Device...
 4146095	[INFO]	XnDeviceModule.cpp	431	Module 'Device' configuration was loaded from file.
 4597980	[INFO]	XnDeviceSensorIO.cpp	135	Connected to USB device
 4598035	[INFO]	XnProperty.cpp	151	Property Device.USBPath was changed to 045e/02ae@250/11.
 4605516	[INFO]	XnHostProtocol.cpp	825	Hardware versions: FW=5.1.4 (7) HW=4 Chip=2 Sensor=4 SYS=7
 6016584	[INFO]	XnProperty.cpp	151	Property Device.ID was changed to 0.
 6016661	[INFO]	XnSensor.cpp	182	Device sensor initialized
 6016772	[INFO]	XnOpenNI.cpp	1261	Creating node 'Depth1' of type Depth...
 6016817	[INFO]	XnDeviceBase.cpp	1383	Creating stream 'Depth1' of type 'Depth'...
 6016833	[INFO]	XnProperty.cpp	74	Setting Device.ReadData to 1...
 6016863	[INFO]	XnDeviceSensorIO.cpp	298	Endpoints open
 6029213	[INFO]	XnProperty.cpp	151	Property Device.ReadData was changed to 1.
 6029242	[INFO]	XnProperty.cpp	101	Device.ReadData was successfully set.
 6029659	[INFO]	XnProperty.cpp	151	Property Depth1.Resolution was changed to 0.
 6029682	[INFO]	XnProperty.cpp	151	Property Depth1.XRes was changed to 320.
 6029697	[INFO]	XnProperty.cpp	151	Property Depth1.YRes was changed to 240.
 6029711	[INFO]	XnProperty.cpp	151	Property Depth1.FPS was changed to 30.
 6029729	[INFO]	XnProperty.cpp	151	Property Depth1.OutputFormat was changed to 1.
 6029748	[INFO]	XnProperty.cpp	151	Property Depth1.BytesPerPixel was changed to 2.
 6029767	[INFO]	XnProperty.cpp	151	Property Depth1.RequiredDataSize was changed to 153600.
 6029791	[INFO]	XnProperty.cpp	151	Property Depth1.ParamCoeff was changed to 4.
 6029866	[INFO]	XnProperty.cpp	151	Property Depth1.ShiftScale was changed to 10.
 6042343	[INFO]	XnProperty.cpp	151	Property Depth1.ConstShift was changed to 200.
 6042423	[INFO]	XnProperty.cpp	151	Property Depth1.ZPD was changed to 120.
 6042535	[INFO]	XnProperty.cpp	151	Property Depth1.ZPPS was changed to 0.104200.
 6042560	[INFO]	XnProperty.cpp	151	Property Depth1.LDDIS was changed to 7.500000.
 6042675	[INFO]	XnProperty.cpp	151	Property Depth1.Gain was changed to 30.
 6042713	[INFO]	XnDeviceBase.cpp	1458	Stream 'Depth1' was initialized.
 6042732	[INFO]	XnDeviceBase.cpp	1463	'Depth1' stream was created.
 6042946	[INFO]	XnProperty.cpp	74	Setting Depth1.InputFormat to 3...
 6042979	[INFO]	XnProperty.cpp	151	Property Depth1.InputFormat was changed to 3.
 6043000	[INFO]	XnProperty.cpp	101	Depth1.InputFormat was successfully set.
 6043583	[INFO]	XnProperty.cpp	74	Setting Depth1.RegistrationType to 2...
 6043603	[INFO]	XnProperty.cpp	151	Property Depth1.RegistrationType was changed to 2.
 6043615	[INFO]	XnProperty.cpp	101	Depth1.RegistrationType was successfully set.
 6044218	[INFO]	XnDeviceModule.cpp	431	Module 'Depth1' configuration was loaded from file.
 6044460	[INFO]	XnProperty.cpp	74	Setting Depth1.FPS to 30...
 6044484	[INFO]	XnProperty.cpp	86	Depth1.FPS value did not change.
 6044497	[INFO]	XnProperty.cpp	74	Setting Depth1.YRes to 480...
 6044514	[INFO]	XnProperty.cpp	151	Property Depth1.Resolution was changed to 1.
 6044534	[INFO]	XnProperty.cpp	151	Property Depth1.XRes was changed to 640.
 6044554	[INFO]	XnProperty.cpp	151	Property Depth1.RequiredDataSize was changed to 307200.
 6044575	[INFO]	XnProperty.cpp	151	Property Depth1.YRes was changed to 480.
 6044594	[INFO]	XnProperty.cpp	151	Property Depth1.RequiredDataSize was changed to 614400.
 6044620	[INFO]	XnProperty.cpp	101	Depth1.YRes was successfully set.
 6044642	[INFO]	XnProperty.cpp	74	Setting Depth1.XRes to 640...
 6044660	[INFO]	XnProperty.cpp	86	Depth1.XRes value did not change.
 6044723	[INFO]	XnProperty.cpp	74	Setting Depth1.Mirror to 1...
 6044747	[INFO]	XnProperty.cpp	151	Property Depth1.FirmwareMirror was changed to 1.
 6044804	[INFO]	XnProperty.cpp	151	Property Depth1.Mirror was changed to 1.
 6044823	[INFO]	XnProperty.cpp	101	Depth1.Mirror was successfully set.
 9445341	[INFO]	XnOpenNI.cpp	1261	Creating node 'User1' of type User...
 9470075	[WARNING]	Linux-x86Threads.cpp	173	Failed to set thread priority: Invalid argument
 9470122	[WARNING]	XnUSBLinux-x86.cpp	126	USB events thread: Failed to set thread priority to critical. This might cause loss of data...
 9471003	[INFO]	XnUSBLinux-x86.cpp	1222	USB read thread was started.
 9471031	[INFO]	XnProperty.cpp	151	Property Depth1.ActualReadData was changed to 1.
 9943818	[INFO]	XnProperty.cpp	151	Property Depth1.State was changed to 1.
 9943864	[INFO]	XnDeviceBase.cpp	370	Stream Depth1 is open.
13350214	[INFO]	XnOpenNI.cpp	1261	Creating node 'Image1' of type Image...
13350268	[INFO]	XnDeviceBase.cpp	1383	Creating stream 'Image1' of type 'Image'...
13350506	[INFO]	XnProperty.cpp	151	Property Image1.Resolution was changed to 0.
13350532	[INFO]	XnProperty.cpp	151	Property Image1.XRes was changed to 320.
13350551	[INFO]	XnProperty.cpp	151	Property Image1.YRes was changed to 240.
13350571	[INFO]	XnProperty.cpp	151	Property Image1.FPS was changed to 30.
13350588	[INFO]	XnProperty.cpp	151	Property Image1.OutputFormat was changed to 5.
13350606	[INFO]	XnProperty.cpp	151	Property Image1.BytesPerPixel was changed to 3.
13350625	[INFO]	XnProperty.cpp	151	Property Image1.RequiredDataSize was changed to 230400.
13350666	[INFO]	XnDeviceBase.cpp	1458	Stream 'Image1' was initialized.
13350687	[INFO]	XnDeviceBase.cpp	1463	'Image1' stream was created.
13350833	[INFO]	XnProperty.cpp	74	Setting Image1.InputFormat to 6...
13350865	[INFO]	XnProperty.cpp	151	Property Image1.InputFormat was changed to 6.
13350885	[INFO]	XnProperty.cpp	101	Image1.InputFormat was successfully set.
13351438	[INFO]	XnDeviceModule.cpp	431	Module 'Image1' configuration was loaded from file.
13351542	[INFO]	XnProperty.cpp	74	Setting Image1.FPS to 30...
13351559	[INFO]	XnProperty.cpp	86	Image1.FPS value did not change.
13351574	[INFO]	XnProperty.cpp	74	Setting Image1.YRes to 480...
13351592	[INFO]	XnProperty.cpp	151	Property Image1.Resolution was changed to 1.
13351606	[INFO]	XnProperty.cpp	151	Property Image1.XRes was changed to 640.
13351624	[INFO]	XnProperty.cpp	151	Property Image1.RequiredDataSize was changed to 460800.
13351642	[INFO]	XnProperty.cpp	151	Property Image1.YRes was changed to 480.
13351659	[INFO]	XnProperty.cpp	151	Property Image1.RequiredDataSize was changed to 921600.
13351673	[INFO]	XnProperty.cpp	101	Image1.YRes was successfully set.
13351685	[INFO]	XnProperty.cpp	74	Setting Image1.XRes to 640...
13351696	[INFO]	XnProperty.cpp	86	Image1.XRes value did not change.
13352731	[INFO]	XnUSBLinux-x86.cpp	1222	USB read thread was started.
13352766	[INFO]	XnProperty.cpp	151	Property Image1.ActualReadData was changed to 1.
13542625	[WARNING]	XnDepthProcessor.cpp	133	Read: Depth buffer is corrupt. Size is 552064 (!= 614400)
13542676	[WARNING]	XnFrameStreamProcessor.cpp	132	Depth frame is corrupt!
16446629	[WARNING]	XnDepthProcessor.cpp	133	Read: Depth buffer is corrupt. Size is 584448 (!= 614400)
16446678	[WARNING]	XnFrameStreamProcessor.cpp	132	Depth frame is corrupt!
16553065	[INFO]	XnProperty.cpp	151	Property Image1.State was changed to 1.
16553110	[INFO]	XnDeviceBase.cpp	370	Stream Image1 is open.
16553318	[INFO]	XnProperty.cpp	74	Setting Depth1.Registration to 1...
16705348	[INFO]	XnProperty.cpp	151	Property Depth1.Registration was changed to 1.
16705394	[INFO]	XnProperty.cpp	101	Depth1.Registration was successfully set.
16705442	[INFO]	XnProperty.cpp	74	Setting Image1.Mirror to 1...
16717936	[INFO]	XnProperty.cpp	151	Property Image1.FirmwareMirror was changed to 1.
16717979	[INFO]	XnProperty.cpp	151	Property Image1.Mirror was changed to 1.
16717992	[INFO]	XnProperty.cpp	101	Image1.Mirror was successfully set.
52411783	[INFO]	XnOpenNI.cpp	1459	Destroying node 'User1'
52420495	[INFO]	XnOpenNI.cpp	1459	Destroying node 'Depth1'
52420587	[INFO]	XnDeviceBase.cpp	1507	Destroying stream 'Depth1'...
52421671	[INFO]	XnOpenNI.cpp	1459	Destroying node 'Image1'
52421740	[INFO]	XnDeviceBase.cpp	1507	Destroying stream 'Image1'...
52422606	[INFO]	XnOpenNI.cpp	1459	Destroying node 'Device1'
