   37468	[INFO]	XnLog.cpp	165	OpenNI version is 1.0.0 (Build 25)-MacOSX (Jan  7 2011 14:20:18)
   37529	[INFO]	XnLog.cpp	173	Log system initialized. Console: 1, File: 1, Severity: INFO, Masks: ALL
   37564	[INFO]	XnLog.cpp	173	Log system initialized. Console: 1, File: 1, Severity: INFO, Masks: ALL
   39264	[INFO]	XnUSBLinux-x86.cpp	98	USB is initialized.
 4459658	[INFO]	XnOpenNI.cpp	1261	Creating node 'Device1' of type Device...
 4461127	[INFO]	XnDeviceModule.cpp	431	Module 'Device' configuration was loaded from file.
 5072926	[INFO]	XnDeviceSensorIO.cpp	135	Connected to USB device
 5072982	[INFO]	XnProperty.cpp	151	Property Device.USBPath was changed to 045e/02ae@250/11.
 5080476	[INFO]	XnHostProtocol.cpp	825	Hardware versions: FW=5.1.4 (7) HW=4 Chip=2 Sensor=4 SYS=7
 6494455	[INFO]	XnProperty.cpp	151	Property Device.ID was changed to 0.
 6494551	[INFO]	XnSensor.cpp	182	Device sensor initialized
 6494725	[INFO]	XnOpenNI.cpp	1261	Creating node 'Depth1' of type Depth...
 6494814	[INFO]	XnDeviceBase.cpp	1383	Creating stream 'Depth1' of type 'Depth'...
 6494861	[INFO]	XnProperty.cpp	74	Setting Device.ReadData to 1...
 6494935	[INFO]	XnDeviceSensorIO.cpp	298	Endpoints open
 6507443	[INFO]	XnProperty.cpp	151	Property Device.ReadData was changed to 1.
 6507497	[INFO]	XnProperty.cpp	101	Device.ReadData was successfully set.
 6508090	[INFO]	XnProperty.cpp	151	Property Depth1.Resolution was changed to 0.
 6508123	[INFO]	XnProperty.cpp	151	Property Depth1.XRes was changed to 320.
 6508145	[INFO]	XnProperty.cpp	151	Property Depth1.YRes was changed to 240.
 6508164	[INFO]	XnProperty.cpp	151	Property Depth1.FPS was changed to 30.
 6508184	[INFO]	XnProperty.cpp	151	Property Depth1.OutputFormat was changed to 1.
 6508213	[INFO]	XnProperty.cpp	151	Property Depth1.BytesPerPixel was changed to 2.
 6508241	[INFO]	XnProperty.cpp	151	Property Depth1.RequiredDataSize was changed to 153600.
 6508266	[INFO]	XnProperty.cpp	151	Property Depth1.ParamCoeff was changed to 4.
 6508367	[INFO]	XnProperty.cpp	151	Property Depth1.ShiftScale was changed to 10.
 6521125	[INFO]	XnProperty.cpp	151	Property Depth1.ConstShift was changed to 200.
 6521234	[INFO]	XnProperty.cpp	151	Property Depth1.ZPD was changed to 120.
 6521425	[INFO]	XnProperty.cpp	151	Property Depth1.ZPPS was changed to 0.104200.
 6521464	[INFO]	XnProperty.cpp	151	Property Depth1.LDDIS was changed to 7.500000.
 6521654	[INFO]	XnProperty.cpp	151	Property Depth1.Gain was changed to 30.
 6521706	[INFO]	XnDeviceBase.cpp	1458	Stream 'Depth1' was initialized.
 6521740	[INFO]	XnDeviceBase.cpp	1463	'Depth1' stream was created.
 6522027	[INFO]	XnProperty.cpp	74	Setting Depth1.InputFormat to 3...
 6522072	[INFO]	XnProperty.cpp	151	Property Depth1.InputFormat was changed to 3.
 6522104	[INFO]	XnProperty.cpp	101	Depth1.InputFormat was successfully set.
 6523038	[INFO]	XnProperty.cpp	74	Setting Depth1.RegistrationType to 2...
 6523070	[INFO]	XnProperty.cpp	151	Property Depth1.RegistrationType was changed to 2.
 6523089	[INFO]	XnProperty.cpp	101	Depth1.RegistrationType was successfully set.
 6524037	[INFO]	XnDeviceModule.cpp	431	Module 'Depth1' configuration was loaded from file.
 6524325	[INFO]	XnProperty.cpp	74	Setting Depth1.FPS to 30...
 6524366	[INFO]	XnProperty.cpp	86	Depth1.FPS value did not change.
 6524398	[INFO]	XnProperty.cpp	74	Setting Depth1.YRes to 480...
 6524434	[INFO]	XnProperty.cpp	151	Property Depth1.Resolution was changed to 1.
 6524465	[INFO]	XnProperty.cpp	151	Property Depth1.XRes was changed to 640.
 6524495	[INFO]	XnProperty.cpp	151	Property Depth1.RequiredDataSize was changed to 307200.
 6524529	[INFO]	XnProperty.cpp	151	Property Depth1.YRes was changed to 480.
 6524561	[INFO]	XnProperty.cpp	151	Property Depth1.RequiredDataSize was changed to 614400.
 6524594	[INFO]	XnProperty.cpp	101	Depth1.YRes was successfully set.
 6524626	[INFO]	XnProperty.cpp	74	Setting Depth1.XRes to 640...
 6524653	[INFO]	XnProperty.cpp	86	Depth1.XRes value did not change.
 6524743	[INFO]	XnProperty.cpp	74	Setting Depth1.Mirror to 1...
 6524780	[INFO]	XnProperty.cpp	151	Property Depth1.FirmwareMirror was changed to 1.
 6524857	[INFO]	XnProperty.cpp	151	Property Depth1.Mirror was changed to 1.
 6524887	[INFO]	XnProperty.cpp	101	Depth1.Mirror was successfully set.
 9948192	[INFO]	XnOpenNI.cpp	1261	Creating node 'User1' of type User...
 9973325	[WARNING]	Linux-x86Threads.cpp	173	Failed to set thread priority: Invalid argument
 9973378	[WARNING]	XnUSBLinux-x86.cpp	126	USB events thread: Failed to set thread priority to critical. This might cause loss of data...
 9974277	[INFO]	XnUSBLinux-x86.cpp	1222	USB read thread was started.
 9974303	[INFO]	XnProperty.cpp	151	Property Depth1.ActualReadData was changed to 1.
10444787	[INFO]	XnProperty.cpp	151	Property Depth1.State was changed to 1.
10444831	[INFO]	XnDeviceBase.cpp	370	Stream Depth1 is open.
13829290	[INFO]	XnOpenNI.cpp	1261	Creating node 'Image1' of type Image...
13829344	[INFO]	XnDeviceBase.cpp	1383	Creating stream 'Image1' of type 'Image'...
13829552	[INFO]	XnProperty.cpp	151	Property Image1.Resolution was changed to 0.
13829572	[INFO]	XnProperty.cpp	151	Property Image1.XRes was changed to 320.
13829591	[INFO]	XnProperty.cpp	151	Property Image1.YRes was changed to 240.
13829615	[INFO]	XnProperty.cpp	151	Property Image1.FPS was changed to 30.
13829635	[INFO]	XnProperty.cpp	151	Property Image1.OutputFormat was changed to 5.
13829654	[INFO]	XnProperty.cpp	151	Property Image1.BytesPerPixel was changed to 3.
13829671	[INFO]	XnProperty.cpp	151	Property Image1.RequiredDataSize was changed to 230400.
13829711	[INFO]	XnDeviceBase.cpp	1458	Stream 'Image1' was initialized.
13829726	[INFO]	XnDeviceBase.cpp	1463	'Image1' stream was created.
13829863	[INFO]	XnProperty.cpp	74	Setting Image1.InputFormat to 6...
13829888	[INFO]	XnProperty.cpp	151	Property Image1.InputFormat was changed to 6.
13829900	[INFO]	XnProperty.cpp	101	Image1.InputFormat was successfully set.
13830354	[INFO]	XnDeviceModule.cpp	431	Module 'Image1' configuration was loaded from file.
13830458	[INFO]	XnProperty.cpp	74	Setting Image1.FPS to 30...
13830474	[INFO]	XnProperty.cpp	86	Image1.FPS value did not change.
13830492	[INFO]	XnProperty.cpp	74	Setting Image1.YRes to 480...
13830508	[INFO]	XnProperty.cpp	151	Property Image1.Resolution was changed to 1.
13830524	[INFO]	XnProperty.cpp	151	Property Image1.XRes was changed to 640.
13830541	[INFO]	XnProperty.cpp	151	Property Image1.RequiredDataSize was changed to 460800.
13830560	[INFO]	XnProperty.cpp	151	Property Image1.YRes was changed to 480.
13830576	[INFO]	XnProperty.cpp	151	Property Image1.RequiredDataSize was changed to 921600.
13830589	[INFO]	XnProperty.cpp	101	Image1.YRes was successfully set.
13830601	[INFO]	XnProperty.cpp	74	Setting Image1.XRes to 640...
13830624	[INFO]	XnProperty.cpp	86	Image1.XRes value did not change.
13831599	[INFO]	XnUSBLinux-x86.cpp	1222	USB read thread was started.
13831636	[INFO]	XnProperty.cpp	151	Property Image1.ActualReadData was changed to 1.
14013720	[WARNING]	XnDepthProcessor.cpp	133	Read: Depth buffer is corrupt. Size is 541536 (!= 614400)
14013774	[WARNING]	XnFrameStreamProcessor.cpp	132	Depth frame is corrupt!
16913829	[WARNING]	XnDepthProcessor.cpp	133	Read: Depth buffer is corrupt. Size is 598272 (!= 614400)
16913875	[WARNING]	XnFrameStreamProcessor.cpp	132	Depth frame is corrupt!
17031619	[INFO]	XnProperty.cpp	151	Property Image1.State was changed to 1.
17031678	[INFO]	XnDeviceBase.cpp	370	Stream Image1 is open.
17031904	[INFO]	XnProperty.cpp	74	Setting Depth1.Registration to 1...
17049774	[WARNING]	XnDepthProcessor.cpp	133	Read: Depth buffer is corrupt. Size is 598752 (!= 614400)
17049818	[WARNING]	XnFrameStreamProcessor.cpp	132	Depth frame is corrupt!
17183799	[INFO]	XnProperty.cpp	151	Property Depth1.Registration was changed to 1.
17183856	[INFO]	XnProperty.cpp	101	Depth1.Registration was successfully set.
17183911	[INFO]	XnProperty.cpp	74	Setting Image1.Mirror to 1...
17196384	[INFO]	XnProperty.cpp	151	Property Image1.FirmwareMirror was changed to 1.
17196410	[INFO]	XnProperty.cpp	151	Property Image1.Mirror was changed to 1.
17196422	[INFO]	XnProperty.cpp	101	Image1.Mirror was successfully set.
58092079	[INFO]	XnOpenNI.cpp	1459	Destroying node 'User1'
58098859	[INFO]	XnOpenNI.cpp	1459	Destroying node 'Depth1'
58098953	[INFO]	XnDeviceBase.cpp	1507	Destroying stream 'Depth1'...
58100005	[INFO]	XnOpenNI.cpp	1459	Destroying node 'Image1'
58100041	[INFO]	XnDeviceBase.cpp	1507	Destroying stream 'Image1'...
58100962	[INFO]	XnOpenNI.cpp	1459	Destroying node 'Device1'
