   54346	[INFO]	XnLog.cpp	165	OpenNI version is 1.0.0 (Build 25)-MacOSX (Jan  7 2011 14:20:18)
   54407	[INFO]	XnLog.cpp	173	Log system initialized. Console: 1, File: 1, Severity: INFO, Masks: ALL
   54440	[INFO]	XnLog.cpp	173	Log system initialized. Console: 1, File: 1, Severity: INFO, Masks: ALL
  104463	[INFO]	XnUSBLinux-x86.cpp	98	USB is initialized.
 4112600	[INFO]	XnOpenNI.cpp	1261	Creating node 'Device1' of type Device...
 4113532	[INFO]	XnDeviceModule.cpp	431	Module 'Device' configuration was loaded from file.
 4564132	[INFO]	XnDeviceSensorIO.cpp	135	Connected to USB device
 4564199	[INFO]	XnProperty.cpp	151	Property Device.USBPath was changed to 045e/02ae@250/11.
 4572928	[INFO]	XnHostProtocol.cpp	825	Hardware versions: FW=5.1.4 (7) HW=4 Chip=2 Sensor=4 SYS=7
 5981470	[INFO]	XnProperty.cpp	151	Property Device.ID was changed to 0.
 5981530	[INFO]	XnSensor.cpp	182	Device sensor initialized
 5981668	[INFO]	XnOpenNI.cpp	1261	Creating node 'Depth1' of type Depth...
 5981734	[INFO]	XnDeviceBase.cpp	1383	Creating stream 'Depth1' of type 'Depth'...
 5981766	[INFO]	XnProperty.cpp	74	Setting Device.ReadData to 1...
 5981820	[INFO]	XnDeviceSensorIO.cpp	298	Endpoints open
 5994303	[INFO]	XnProperty.cpp	151	Property Device.ReadData was changed to 1.
 5994340	[INFO]	XnProperty.cpp	101	Device.ReadData was successfully set.
 5994807	[INFO]	XnProperty.cpp	151	Property Depth1.Resolution was changed to 0.
 5994844	[INFO]	XnProperty.cpp	151	Property Depth1.XRes was changed to 320.
 5994871	[INFO]	XnProperty.cpp	151	Property Depth1.YRes was changed to 240.
 5994895	[INFO]	XnProperty.cpp	151	Property Depth1.FPS was changed to 30.
 5994919	[INFO]	XnProperty.cpp	151	Property Depth1.OutputFormat was changed to 1.
 5994940	[INFO]	XnProperty.cpp	151	Property Depth1.BytesPerPixel was changed to 2.
 5994957	[INFO]	XnProperty.cpp	151	Property Depth1.RequiredDataSize was changed to 153600.
 5994982	[INFO]	XnProperty.cpp	151	Property Depth1.ParamCoeff was changed to 4.
 5995080	[INFO]	XnProperty.cpp	151	Property Depth1.ShiftScale was changed to 10.
 6007734	[INFO]	XnProperty.cpp	151	Property Depth1.ConstShift was changed to 200.
 6007817	[INFO]	XnProperty.cpp	151	Property Depth1.ZPD was changed to 120.
 6007968	[INFO]	XnProperty.cpp	151	Property Depth1.ZPPS was changed to 0.104200.
 6008001	[INFO]	XnProperty.cpp	151	Property Depth1.LDDIS was changed to 7.500000.
 6008193	[INFO]	XnProperty.cpp	151	Property Depth1.Gain was changed to 30.
 6008239	[INFO]	XnDeviceBase.cpp	1458	Stream 'Depth1' was initialized.
 6008267	[INFO]	XnDeviceBase.cpp	1463	'Depth1' stream was created.
 6008537	[INFO]	XnProperty.cpp	74	Setting Depth1.InputFormat to 3...
 6008582	[INFO]	XnProperty.cpp	151	Property Depth1.InputFormat was changed to 3.
 6008604	[INFO]	XnProperty.cpp	101	Depth1.InputFormat was successfully set.
 6009232	[INFO]	XnProperty.cpp	74	Setting Depth1.RegistrationType to 2...
 6009254	[INFO]	XnProperty.cpp	151	Property Depth1.RegistrationType was changed to 2.
 6009268	[INFO]	XnProperty.cpp	101	Depth1.RegistrationType was successfully set.
 6009952	[INFO]	XnDeviceModule.cpp	431	Module 'Depth1' configuration was loaded from file.
 6010190	[INFO]	XnProperty.cpp	74	Setting Depth1.FPS to 30...
 6010217	[INFO]	XnProperty.cpp	86	Depth1.FPS value did not change.
 6010237	[INFO]	XnProperty.cpp	74	Setting Depth1.YRes to 480...
 6010262	[INFO]	XnProperty.cpp	151	Property Depth1.Resolution was changed to 1.
 6010285	[INFO]	XnProperty.cpp	151	Property Depth1.XRes was changed to 640.
 6010306	[INFO]	XnProperty.cpp	151	Property Depth1.RequiredDataSize was changed to 307200.
 6010329	[INFO]	XnProperty.cpp	151	Property Depth1.YRes was changed to 480.
 6010352	[INFO]	XnProperty.cpp	151	Property Depth1.RequiredDataSize was changed to 614400.
 6010376	[INFO]	XnProperty.cpp	101	Depth1.YRes was successfully set.
 6010398	[INFO]	XnProperty.cpp	74	Setting Depth1.XRes to 640...
 6010417	[INFO]	XnProperty.cpp	86	Depth1.XRes value did not change.
 6010488	[INFO]	XnProperty.cpp	74	Setting Depth1.Mirror to 1...
 6010515	[INFO]	XnProperty.cpp	151	Property Depth1.FirmwareMirror was changed to 1.
 6010580	[INFO]	XnProperty.cpp	151	Property Depth1.Mirror was changed to 1.
 6010610	[INFO]	XnProperty.cpp	101	Depth1.Mirror was successfully set.
 9409071	[INFO]	XnOpenNI.cpp	1261	Creating node 'User1' of type User...
 9433230	[WARNING]	Linux-x86Threads.cpp	173	Failed to set thread priority: Invalid argument
 9433277	[WARNING]	XnUSBLinux-x86.cpp	126	USB events thread: Failed to set thread priority to critical. This might cause loss of data...
 9434181	[INFO]	XnUSBLinux-x86.cpp	1222	USB read thread was started.
 9434206	[INFO]	XnProperty.cpp	151	Property Depth1.ActualReadData was changed to 1.
 9904253	[INFO]	XnProperty.cpp	151	Property Depth1.State was changed to 1.
 9904306	[INFO]	XnDeviceBase.cpp	370	Stream Depth1 is open.
13299394	[INFO]	XnOpenNI.cpp	1261	Creating node 'Image1' of type Image...
13299450	[INFO]	XnDeviceBase.cpp	1383	Creating stream 'Image1' of type 'Image'...
13299739	[INFO]	XnProperty.cpp	151	Property Image1.Resolution was changed to 0.
13299769	[INFO]	XnProperty.cpp	151	Property Image1.XRes was changed to 320.
13299790	[INFO]	XnProperty.cpp	151	Property Image1.YRes was changed to 240.
13299809	[INFO]	XnProperty.cpp	151	Property Image1.FPS was changed to 30.
13299828	[INFO]	XnProperty.cpp	151	Property Image1.OutputFormat was changed to 5.
13299849	[INFO]	XnProperty.cpp	151	Property Image1.BytesPerPixel was changed to 3.
13299869	[INFO]	XnProperty.cpp	151	Property Image1.RequiredDataSize was changed to 230400.
13299911	[INFO]	XnDeviceBase.cpp	1458	Stream 'Image1' was initialized.
13299931	[INFO]	XnDeviceBase.cpp	1463	'Image1' stream was created.
13300081	[INFO]	XnProperty.cpp	74	Setting Image1.InputFormat to 6...
13300114	[INFO]	XnProperty.cpp	151	Property Image1.InputFormat was changed to 6.
13300134	[INFO]	XnProperty.cpp	101	Image1.InputFormat was successfully set.
13300692	[INFO]	XnDeviceModule.cpp	431	Module 'Image1' configuration was loaded from file.
13300799	[INFO]	XnProperty.cpp	74	Setting Image1.FPS to 30...
13300821	[INFO]	XnProperty.cpp	86	Image1.FPS value did not change.
13300841	[INFO]	XnProperty.cpp	74	Setting Image1.YRes to 480...
13300861	[INFO]	XnProperty.cpp	151	Property Image1.Resolution was changed to 1.
13300880	[INFO]	XnProperty.cpp	151	Property Image1.XRes was changed to 640.
13300899	[INFO]	XnProperty.cpp	151	Property Image1.RequiredDataSize was changed to 460800.
13300920	[INFO]	XnProperty.cpp	151	Property Image1.YRes was changed to 480.
13300940	[INFO]	XnProperty.cpp	151	Property Image1.RequiredDataSize was changed to 921600.
13300959	[INFO]	XnProperty.cpp	101	Image1.YRes was successfully set.
13300978	[INFO]	XnProperty.cpp	74	Setting Image1.XRes to 640...
13300995	[INFO]	XnProperty.cpp	86	Image1.XRes value did not change.
13301923	[INFO]	XnUSBLinux-x86.cpp	1222	USB read thread was started.
13301950	[INFO]	XnProperty.cpp	151	Property Image1.ActualReadData was changed to 1.
13470423	[WARNING]	XnDepthProcessor.cpp	133	Read: Depth buffer is corrupt. Size is 592208 (!= 614400)
13470472	[WARNING]	XnFrameStreamProcessor.cpp	132	Depth frame is corrupt!
13506353	[WARNING]	XnDepthProcessor.cpp	133	Read: Depth buffer is corrupt. Size is 589344 (!= 614400)
13506386	[WARNING]	XnFrameStreamProcessor.cpp	132	Depth frame is corrupt!
16502787	[INFO]	XnProperty.cpp	151	Property Image1.State was changed to 1.
16502831	[INFO]	XnDeviceBase.cpp	370	Stream Image1 is open.
16503040	[INFO]	XnProperty.cpp	74	Setting Depth1.Registration to 1...
16655504	[INFO]	XnProperty.cpp	151	Property Depth1.Registration was changed to 1.
16655547	[INFO]	XnProperty.cpp	101	Depth1.Registration was successfully set.
16655598	[INFO]	XnProperty.cpp	74	Setting Image1.Mirror to 1...
16668000	[INFO]	XnProperty.cpp	151	Property Image1.FirmwareMirror was changed to 1.
16668031	[INFO]	XnProperty.cpp	151	Property Image1.Mirror was changed to 1.
16668043	[INFO]	XnProperty.cpp	101	Image1.Mirror was successfully set.
