   79969	[INFO]	XnLog.cpp	165	OpenNI version is 1.0.0 (Build 25)-MacOSX (Jan  7 2011 14:20:18)
   80028	[INFO]	XnLog.cpp	173	Log system initialized. Console: 1, File: 1, Severity: INFO, Masks: ALL
   95901	[INFO]	XnLog.cpp	173	Log system initialized. Console: 1, File: 1, Severity: INFO, Masks: ALL
   97605	[INFO]	XnUSBLinux-x86.cpp	98	USB is initialized.
 4129033	[INFO]	XnOpenNI.cpp	1261	Creating node 'Device1' of type Device...
 4139760	[INFO]	XnDeviceModule.cpp	431	Module 'Device' configuration was loaded from file.
 4590032	[INFO]	XnDeviceSensorIO.cpp	135	Connected to USB device
 4590089	[INFO]	XnProperty.cpp	151	Property Device.USBPath was changed to 045e/02ae@250/11.
 4597686	[INFO]	XnHostProtocol.cpp	825	Hardware versions: FW=5.1.4 (7) HW=4 Chip=2 Sensor=4 SYS=7
 6008340	[INFO]	XnProperty.cpp	151	Property Device.ID was changed to 0.
 6008419	[INFO]	XnSensor.cpp	182	Device sensor initialized
 6008557	[INFO]	XnOpenNI.cpp	1261	Creating node 'Depth1' of type Depth...
 6008615	[INFO]	XnDeviceBase.cpp	1383	Creating stream 'Depth1' of type 'Depth'...
 6008638	[INFO]	XnProperty.cpp	74	Setting Device.ReadData to 1...
 6008678	[INFO]	XnDeviceSensorIO.cpp	298	Endpoints open
 6020855	[INFO]	XnProperty.cpp	151	Property Device.ReadData was changed to 1.
 6020912	[INFO]	XnProperty.cpp	101	Device.ReadData was successfully set.
 6021358	[INFO]	XnProperty.cpp	151	Property Depth1.Resolution was changed to 0.
 6021386	[INFO]	XnProperty.cpp	151	Property Depth1.XRes was changed to 320.
 6021407	[INFO]	XnProperty.cpp	151	Property Depth1.YRes was changed to 240.
 6021426	[INFO]	XnProperty.cpp	151	Property Depth1.FPS was changed to 30.
 6021445	[INFO]	XnProperty.cpp	151	Property Depth1.OutputFormat was changed to 1.
 6021462	[INFO]	XnProperty.cpp	151	Property Depth1.BytesPerPixel was changed to 2.
 6021477	[INFO]	XnProperty.cpp	151	Property Depth1.RequiredDataSize was changed to 153600.
 6021493	[INFO]	XnProperty.cpp	151	Property Depth1.ParamCoeff was changed to 4.
 6021562	[INFO]	XnProperty.cpp	151	Property Depth1.ShiftScale was changed to 10.
 6033724	[INFO]	XnProperty.cpp	151	Property Depth1.ConstShift was changed to 200.
 6033856	[INFO]	XnProperty.cpp	151	Property Depth1.ZPD was changed to 120.
 6033979	[INFO]	XnProperty.cpp	151	Property Depth1.ZPPS was changed to 0.104200.
 6034000	[INFO]	XnProperty.cpp	151	Property Depth1.LDDIS was changed to 7.500000.
 6034122	[INFO]	XnProperty.cpp	151	Property Depth1.Gain was changed to 30.
 6034163	[INFO]	XnDeviceBase.cpp	1458	Stream 'Depth1' was initialized.
 6034180	[INFO]	XnDeviceBase.cpp	1463	'Depth1' stream was created.
 6034363	[INFO]	XnProperty.cpp	74	Setting Depth1.InputFormat to 3...
 6034389	[INFO]	XnProperty.cpp	151	Property Depth1.InputFormat was changed to 3.
 6034405	[INFO]	XnProperty.cpp	101	Depth1.InputFormat was successfully set.
 6034983	[INFO]	XnProperty.cpp	74	Setting Depth1.RegistrationType to 2...
 6035007	[INFO]	XnProperty.cpp	151	Property Depth1.RegistrationType was changed to 2.
 6035023	[INFO]	XnProperty.cpp	101	Depth1.RegistrationType was successfully set.
 6035646	[INFO]	XnDeviceModule.cpp	431	Module 'Depth1' configuration was loaded from file.
 6035858	[INFO]	XnProperty.cpp	74	Setting Depth1.FPS to 30...
 6035881	[INFO]	XnProperty.cpp	86	Depth1.FPS value did not change.
 6035898	[INFO]	XnProperty.cpp	74	Setting Depth1.YRes to 480...
 6035917	[INFO]	XnProperty.cpp	151	Property Depth1.Resolution was changed to 1.
 6035934	[INFO]	XnProperty.cpp	151	Property Depth1.XRes was changed to 640.
 6035949	[INFO]	XnProperty.cpp	151	Property Depth1.RequiredDataSize was changed to 307200.
 6035968	[INFO]	XnProperty.cpp	151	Property Depth1.YRes was changed to 480.
 6035983	[INFO]	XnProperty.cpp	151	Property Depth1.RequiredDataSize was changed to 614400.
 6035999	[INFO]	XnProperty.cpp	101	Depth1.YRes was successfully set.
 6036014	[INFO]	XnProperty.cpp	74	Setting Depth1.XRes to 640...
 6036028	[INFO]	XnProperty.cpp	86	Depth1.XRes value did not change.
 6036082	[INFO]	XnProperty.cpp	74	Setting Depth1.Mirror to 1...
 6036101	[INFO]	XnProperty.cpp	151	Property Depth1.FirmwareMirror was changed to 1.
 6036155	[INFO]	XnProperty.cpp	151	Property Depth1.Mirror was changed to 1.
 6036171	[INFO]	XnProperty.cpp	101	Depth1.Mirror was successfully set.
 9433569	[INFO]	XnOpenNI.cpp	1261	Creating node 'User1' of type User...
 9562586	[WARNING]	Linux-x86Threads.cpp	173	Failed to set thread priority: Invalid argument
 9562646	[WARNING]	XnUSBLinux-x86.cpp	126	USB events thread: Failed to set thread priority to critical. This might cause loss of data...
 9563802	[INFO]	XnUSBLinux-x86.cpp	1222	USB read thread was started.
 9563835	[INFO]	XnProperty.cpp	151	Property Depth1.ActualReadData was changed to 1.
10035142	[INFO]	XnProperty.cpp	151	Property Depth1.State was changed to 1.
10035191	[INFO]	XnDeviceBase.cpp	370	Stream Depth1 is open.
13440090	[INFO]	XnOpenNI.cpp	1261	Creating node 'Image1' of type Image...
13440145	[INFO]	XnDeviceBase.cpp	1383	Creating stream 'Image1' of type 'Image'...
13440378	[INFO]	XnProperty.cpp	151	Property Image1.Resolution was changed to 0.
13440406	[INFO]	XnProperty.cpp	151	Property Image1.XRes was changed to 320.
13440427	[INFO]	XnProperty.cpp	151	Property Image1.YRes was changed to 240.
13440448	[INFO]	XnProperty.cpp	151	Property Image1.FPS was changed to 30.
13440466	[INFO]	XnProperty.cpp	151	Property Image1.OutputFormat was changed to 5.
13440485	[INFO]	XnProperty.cpp	151	Property Image1.BytesPerPixel was changed to 3.
13440504	[INFO]	XnProperty.cpp	151	Property Image1.RequiredDataSize was changed to 230400.
13440547	[INFO]	XnDeviceBase.cpp	1458	Stream 'Image1' was initialized.
13440567	[INFO]	XnDeviceBase.cpp	1463	'Image1' stream was created.
13440690	[INFO]	XnProperty.cpp	74	Setting Image1.InputFormat to 6...
13440718	[INFO]	XnProperty.cpp	151	Property Image1.InputFormat was changed to 6.
13440734	[INFO]	XnProperty.cpp	101	Image1.InputFormat was successfully set.
13441191	[INFO]	XnDeviceModule.cpp	431	Module 'Image1' configuration was loaded from file.
13441290	[INFO]	XnProperty.cpp	74	Setting Image1.FPS to 30...
13441307	[INFO]	XnProperty.cpp	86	Image1.FPS value did not change.
13441319	[INFO]	XnProperty.cpp	74	Setting Image1.YRes to 480...
13441337	[INFO]	XnProperty.cpp	151	Property Image1.Resolution was changed to 1.
13441352	[INFO]	XnProperty.cpp	151	Property Image1.XRes was changed to 640.
13441368	[INFO]	XnProperty.cpp	151	Property Image1.RequiredDataSize was changed to 460800.
13441386	[INFO]	XnProperty.cpp	151	Property Image1.YRes was changed to 480.
13441403	[INFO]	XnProperty.cpp	151	Property Image1.RequiredDataSize was changed to 921600.
13441419	[INFO]	XnProperty.cpp	101	Image1.YRes was successfully set.
13441431	[INFO]	XnProperty.cpp	74	Setting Image1.XRes to 640...
13441441	[INFO]	XnProperty.cpp	86	Image1.XRes value did not change.
13442347	[INFO]	XnUSBLinux-x86.cpp	1222	USB read thread was started.
13442377	[INFO]	XnProperty.cpp	151	Property Image1.ActualReadData was changed to 1.
13635220	[WARNING]	XnDepthProcessor.cpp	133	Read: Depth buffer is corrupt. Size is 554848 (!= 614400)
13635267	[WARNING]	XnFrameStreamProcessor.cpp	132	Depth frame is corrupt!
16539208	[WARNING]	XnDepthProcessor.cpp	133	Read: Depth buffer is corrupt. Size is 587264 (!= 614400)
16539261	[WARNING]	XnFrameStreamProcessor.cpp	132	Depth frame is corrupt!
16643548	[INFO]	XnProperty.cpp	151	Property Image1.State was changed to 1.
16643602	[INFO]	XnDeviceBase.cpp	370	Stream Image1 is open.
16643885	[INFO]	XnProperty.cpp	74	Setting Depth1.Registration to 1...
16795829	[INFO]	XnProperty.cpp	151	Property Depth1.Registration was changed to 1.
16795874	[INFO]	XnProperty.cpp	101	Depth1.Registration was successfully set.
16795922	[INFO]	XnProperty.cpp	74	Setting Image1.Mirror to 1...
16808457	[INFO]	XnProperty.cpp	151	Property Image1.FirmwareMirror was changed to 1.
16808498	[INFO]	XnProperty.cpp	151	Property Image1.Mirror was changed to 1.
16808511	[INFO]	XnProperty.cpp	101	Image1.Mirror was successfully set.
