    1705	[INFO]	XnLog.cpp	165	OpenNI version is 1.0.0 (Build 25)-MacOSX (Jan  7 2011 14:20:18)
    1749	[INFO]	XnLog.cpp	173	Log system initialized. Console: 1, File: 1, Severity: INFO, Masks: ALL
   34369	[INFO]	XnLog.cpp	173	Log system initialized. Console: 1, File: 1, Severity: INFO, Masks: ALL
   35911	[INFO]	XnUSBLinux-x86.cpp	98	USB is initialized.
 4071418	[INFO]	XnOpenNI.cpp	1261	Creating node 'Device1' of type Device...
 4072697	[INFO]	XnDeviceModule.cpp	431	Module 'Device' configuration was loaded from file.
 4526125	[INFO]	XnDeviceSensorIO.cpp	135	Connected to USB device
 4526179	[INFO]	XnProperty.cpp	151	Property Device.USBPath was changed to 045e/02ae@250/11.
 4533328	[INFO]	XnHostProtocol.cpp	825	Hardware versions: FW=5.1.4 (7) HW=4 Chip=2 Sensor=4 SYS=7
 5942747	[INFO]	XnProperty.cpp	151	Property Device.ID was changed to 0.
 5942831	[INFO]	XnSensor.cpp	182	Device sensor initialized
 5943028	[INFO]	XnOpenNI.cpp	1261	Creating node 'Depth1' of type Depth...
 5943118	[INFO]	XnDeviceBase.cpp	1383	Creating stream 'Depth1' of type 'Depth'...
 5943166	[INFO]	XnProperty.cpp	74	Setting Device.ReadData to 1...
 5943241	[INFO]	XnDeviceSensorIO.cpp	298	Endpoints open
 5955664	[INFO]	XnProperty.cpp	151	Property Device.ReadData was changed to 1.
 5955705	[INFO]	XnProperty.cpp	101	Device.ReadData was successfully set.
 5956442	[INFO]	XnProperty.cpp	151	Property Depth1.Resolution was changed to 0.
 5956490	[INFO]	XnProperty.cpp	151	Property Depth1.XRes was changed to 320.
 5956520	[INFO]	XnProperty.cpp	151	Property Depth1.YRes was changed to 240.
 5956542	[INFO]	XnProperty.cpp	151	Property Depth1.FPS was changed to 30.
 5956571	[INFO]	XnProperty.cpp	151	Property Depth1.OutputFormat was changed to 1.
 5956602	[INFO]	XnProperty.cpp	151	Property Depth1.BytesPerPixel was changed to 2.
 5956632	[INFO]	XnProperty.cpp	151	Property Depth1.RequiredDataSize was changed to 153600.
 5956670	[INFO]	XnProperty.cpp	151	Property Depth1.ParamCoeff was changed to 4.
 5956791	[INFO]	XnProperty.cpp	151	Property Depth1.ShiftScale was changed to 10.
 5969271	[INFO]	XnProperty.cpp	151	Property Depth1.ConstShift was changed to 200.
 5969372	[INFO]	XnProperty.cpp	151	Property Depth1.ZPD was changed to 120.
 5969562	[INFO]	XnProperty.cpp	151	Property Depth1.ZPPS was changed to 0.104200.
 5969601	[INFO]	XnProperty.cpp	151	Property Depth1.LDDIS was changed to 7.500000.
 5969781	[INFO]	XnProperty.cpp	151	Property Depth1.Gain was changed to 30.
 5969834	[INFO]	XnDeviceBase.cpp	1458	Stream 'Depth1' was initialized.
 5969867	[INFO]	XnDeviceBase.cpp	1463	'Depth1' stream was created.
 5970163	[INFO]	XnProperty.cpp	74	Setting Depth1.InputFormat to 3...
 5970211	[INFO]	XnProperty.cpp	151	Property Depth1.InputFormat was changed to 3.
 5970244	[INFO]	XnProperty.cpp	101	Depth1.InputFormat was successfully set.
 5971153	[INFO]	XnProperty.cpp	74	Setting Depth1.RegistrationType to 2...
 5971184	[INFO]	XnProperty.cpp	151	Property Depth1.RegistrationType was changed to 2.
 5971203	[INFO]	XnProperty.cpp	101	Depth1.RegistrationType was successfully set.
 5972021	[INFO]	XnDeviceModule.cpp	431	Module 'Depth1' configuration was loaded from file.
 5972264	[INFO]	XnProperty.cpp	74	Setting Depth1.FPS to 30...
 5972295	[INFO]	XnProperty.cpp	86	Depth1.FPS value did not change.
 5972322	[INFO]	XnProperty.cpp	74	Setting Depth1.YRes to 480...
 5972351	[INFO]	XnProperty.cpp	151	Property Depth1.Resolution was changed to 1.
 5972378	[INFO]	XnProperty.cpp	151	Property Depth1.XRes was changed to 640.
 5972402	[INFO]	XnProperty.cpp	151	Property Depth1.RequiredDataSize was changed to 307200.
 5972430	[INFO]	XnProperty.cpp	151	Property Depth1.YRes was changed to 480.
 5972456	[INFO]	XnProperty.cpp	151	Property Depth1.RequiredDataSize was changed to 614400.
 5972484	[INFO]	XnProperty.cpp	101	Depth1.YRes was successfully set.
 5972510	[INFO]	XnProperty.cpp	74	Setting Depth1.XRes to 640...
 5972533	[INFO]	XnProperty.cpp	86	Depth1.XRes value did not change.
 5972611	[INFO]	XnProperty.cpp	74	Setting Depth1.Mirror to 1...
 5972641	[INFO]	XnProperty.cpp	151	Property Depth1.FirmwareMirror was changed to 1.
 5972707	[INFO]	XnProperty.cpp	151	Property Depth1.Mirror was changed to 1.
 5972733	[INFO]	XnProperty.cpp	101	Depth1.Mirror was successfully set.
 9401532	[INFO]	XnOpenNI.cpp	1261	Creating node 'User1' of type User...
 9427264	[WARNING]	Linux-x86Threads.cpp	173	Failed to set thread priority: Invalid argument
 9427311	[WARNING]	XnUSBLinux-x86.cpp	126	USB events thread: Failed to set thread priority to critical. This might cause loss of data...
 9428204	[INFO]	XnUSBLinux-x86.cpp	1222	USB read thread was started.
 9428230	[INFO]	XnProperty.cpp	151	Property Depth1.ActualReadData was changed to 1.
 9898405	[INFO]	XnProperty.cpp	151	Property Depth1.State was changed to 1.
 9898450	[INFO]	XnDeviceBase.cpp	370	Stream Depth1 is open.
13280018	[INFO]	XnOpenNI.cpp	1261	Creating node 'Image1' of type Image...
13280074	[INFO]	XnDeviceBase.cpp	1383	Creating stream 'Image1' of type 'Image'...
13280313	[INFO]	XnProperty.cpp	151	Property Image1.Resolution was changed to 0.
13280338	[INFO]	XnProperty.cpp	151	Property Image1.XRes was changed to 320.
13280359	[INFO]	XnProperty.cpp	151	Property Image1.YRes was changed to 240.
13280387	[INFO]	XnProperty.cpp	151	Property Image1.FPS was changed to 30.
13280406	[INFO]	XnProperty.cpp	151	Property Image1.OutputFormat was changed to 5.
13280425	[INFO]	XnProperty.cpp	151	Property Image1.BytesPerPixel was changed to 3.
13280443	[INFO]	XnProperty.cpp	151	Property Image1.RequiredDataSize was changed to 230400.
13280491	[INFO]	XnDeviceBase.cpp	1458	Stream 'Image1' was initialized.
13280512	[INFO]	XnDeviceBase.cpp	1463	'Image1' stream was created.
13280650	[INFO]	XnProperty.cpp	74	Setting Image1.InputFormat to 6...
13280682	[INFO]	XnProperty.cpp	151	Property Image1.InputFormat was changed to 6.
13280703	[INFO]	XnProperty.cpp	101	Image1.InputFormat was successfully set.
13281251	[INFO]	XnDeviceModule.cpp	431	Module 'Image1' configuration was loaded from file.
13281353	[INFO]	XnProperty.cpp	74	Setting Image1.FPS to 30...
13281377	[INFO]	XnProperty.cpp	86	Image1.FPS value did not change.
13281394	[INFO]	XnProperty.cpp	74	Setting Image1.YRes to 480...
13281411	[INFO]	XnProperty.cpp	151	Property Image1.Resolution was changed to 1.
13281427	[INFO]	XnProperty.cpp	151	Property Image1.XRes was changed to 640.
13281445	[INFO]	XnProperty.cpp	151	Property Image1.RequiredDataSize was changed to 460800.
13281463	[INFO]	XnProperty.cpp	151	Property Image1.YRes was changed to 480.
13281479	[INFO]	XnProperty.cpp	151	Property Image1.RequiredDataSize was changed to 921600.
13281493	[INFO]	XnProperty.cpp	101	Image1.YRes was successfully set.
13281505	[INFO]	XnProperty.cpp	74	Setting Image1.XRes to 640...
13281516	[INFO]	XnProperty.cpp	86	Image1.XRes value did not change.
13282462	[INFO]	XnUSBLinux-x86.cpp	1222	USB read thread was started.
13282488	[INFO]	XnProperty.cpp	151	Property Image1.ActualReadData was changed to 1.
13467489	[WARNING]	XnDepthProcessor.cpp	133	Read: Depth buffer is corrupt. Size is 533440 (!= 614400)
13467539	[WARNING]	XnFrameStreamProcessor.cpp	132	Depth frame is corrupt!
13499513	[WARNING]	XnDepthProcessor.cpp	133	Read: Depth buffer is corrupt. Size is 592528 (!= 614400)
13499538	[WARNING]	XnFrameStreamProcessor.cpp	132	Depth frame is corrupt!
16367593	[WARNING]	XnDepthProcessor.cpp	133	Read: Depth buffer is corrupt. Size is 563664 (!= 614400)
16367639	[WARNING]	XnFrameStreamProcessor.cpp	132	Depth frame is corrupt!
16483133	[INFO]	XnProperty.cpp	151	Property Image1.State was changed to 1.
16483177	[INFO]	XnDeviceBase.cpp	370	Stream Image1 is open.
16483392	[INFO]	XnProperty.cpp	74	Setting Depth1.Registration to 1...
16503556	[WARNING]	XnDepthProcessor.cpp	133	Read: Depth buffer is corrupt. Size is 591808 (!= 614400)
16503602	[WARNING]	XnFrameStreamProcessor.cpp	132	Depth frame is corrupt!
16535556	[WARNING]	XnDepthProcessor.cpp	133	Read: Depth buffer is corrupt. Size is 589328 (!= 614400)
16535615	[WARNING]	XnFrameStreamProcessor.cpp	132	Depth frame is corrupt!
16635376	[INFO]	XnProperty.cpp	151	Property Depth1.Registration was changed to 1.
16635429	[INFO]	XnProperty.cpp	101	Depth1.Registration was successfully set.
16635528	[INFO]	XnProperty.cpp	74	Setting Image1.Mirror to 1...
16647910	[INFO]	XnProperty.cpp	151	Property Image1.FirmwareMirror was changed to 1.
16647942	[INFO]	XnProperty.cpp	151	Property Image1.Mirror was changed to 1.
16647955	[INFO]	XnProperty.cpp	101	Image1.Mirror was successfully set.
114590202	[INFO]	XnOpenNI.cpp	1459	Destroying node 'User1'
114596778	[INFO]	XnOpenNI.cpp	1459	Destroying node 'Depth1'
114596877	[INFO]	XnDeviceBase.cpp	1507	Destroying stream 'Depth1'...
114598035	[INFO]	XnOpenNI.cpp	1459	Destroying node 'Image1'
114598072	[INFO]	XnDeviceBase.cpp	1507	Destroying stream 'Image1'...
114599029	[INFO]	XnOpenNI.cpp	1459	Destroying node 'Device1'
