   32825	[INFO]	XnLog.cpp	165	OpenNI version is 1.0.0 (Build 25)-MacOSX (Jan  7 2011 14:20:18)
   32889	[INFO]	XnLog.cpp	173	Log system initialized. Console: 1, File: 1, Severity: INFO, Masks: ALL
   32924	[INFO]	XnLog.cpp	173	Log system initialized. Console: 1, File: 1, Severity: INFO, Masks: ALL
   39711	[INFO]	XnUSBLinux-x86.cpp	98	USB is initialized.
 4070312	[INFO]	XnOpenNI.cpp	1261	Creating node 'Device1' of type Device...
 4071540	[INFO]	XnDeviceModule.cpp	431	Module 'Device' configuration was loaded from file.
 4529373	[INFO]	XnDeviceSensorIO.cpp	135	Connected to USB device
 4529435	[INFO]	XnProperty.cpp	151	Property Device.USBPath was changed to 045e/02ae@250/11.
 4537845	[INFO]	XnHostProtocol.cpp	825	Hardware versions: FW=5.1.4 (7) HW=4 Chip=2 Sensor=4 SYS=7
 5951348	[INFO]	XnProperty.cpp	151	Property Device.ID was changed to 0.
 5951436	[INFO]	XnSensor.cpp	182	Device sensor initialized
 5951575	[INFO]	XnOpenNI.cpp	1261	Creating node 'Depth1' of type Depth...
 5951662	[INFO]	XnDeviceBase.cpp	1383	Creating stream 'Depth1' of type 'Depth'...
 5951709	[INFO]	XnProperty.cpp	74	Setting Device.ReadData to 1...
 5951785	[INFO]	XnDeviceSensorIO.cpp	298	Endpoints open
 5964407	[INFO]	XnProperty.cpp	151	Property Device.ReadData was changed to 1.
 5964440	[INFO]	XnProperty.cpp	101	Device.ReadData was successfully set.
 5964997	[INFO]	XnProperty.cpp	151	Property Depth1.Resolution was changed to 0.
 5965030	[INFO]	XnProperty.cpp	151	Property Depth1.XRes was changed to 320.
 5965051	[INFO]	XnProperty.cpp	151	Property Depth1.YRes was changed to 240.
 5965074	[INFO]	XnProperty.cpp	151	Property Depth1.FPS was changed to 30.
 5965103	[INFO]	XnProperty.cpp	151	Property Depth1.OutputFormat was changed to 1.
 5965133	[INFO]	XnProperty.cpp	151	Property Depth1.BytesPerPixel was changed to 2.
 5965163	[INFO]	XnProperty.cpp	151	Property Depth1.RequiredDataSize was changed to 153600.
 5965199	[INFO]	XnProperty.cpp	151	Property Depth1.ParamCoeff was changed to 4.
 5965322	[INFO]	XnProperty.cpp	151	Property Depth1.ShiftScale was changed to 10.
 5977917	[INFO]	XnProperty.cpp	151	Property Depth1.ConstShift was changed to 200.
 5978022	[INFO]	XnProperty.cpp	151	Property Depth1.ZPD was changed to 120.
 5978193	[INFO]	XnProperty.cpp	151	Property Depth1.ZPPS was changed to 0.104200.
 5978232	[INFO]	XnProperty.cpp	151	Property Depth1.LDDIS was changed to 7.500000.
 5978416	[INFO]	XnProperty.cpp	151	Property Depth1.Gain was changed to 30.
 5978469	[INFO]	XnDeviceBase.cpp	1458	Stream 'Depth1' was initialized.
 5978503	[INFO]	XnDeviceBase.cpp	1463	'Depth1' stream was created.
 5978792	[INFO]	XnProperty.cpp	74	Setting Depth1.InputFormat to 3...
 5978834	[INFO]	XnProperty.cpp	151	Property Depth1.InputFormat was changed to 3.
 5978862	[INFO]	XnProperty.cpp	101	Depth1.InputFormat was successfully set.
 5979737	[INFO]	XnProperty.cpp	74	Setting Depth1.RegistrationType to 2...
 5979763	[INFO]	XnProperty.cpp	151	Property Depth1.RegistrationType was changed to 2.
 5979778	[INFO]	XnProperty.cpp	101	Depth1.RegistrationType was successfully set.
 5980579	[INFO]	XnDeviceModule.cpp	431	Module 'Depth1' configuration was loaded from file.
 5980831	[INFO]	XnProperty.cpp	74	Setting Depth1.FPS to 30...
 5980864	[INFO]	XnProperty.cpp	86	Depth1.FPS value did not change.
 5980890	[INFO]	XnProperty.cpp	74	Setting Depth1.YRes to 480...
 5980919	[INFO]	XnProperty.cpp	151	Property Depth1.Resolution was changed to 1.
 5980946	[INFO]	XnProperty.cpp	151	Property Depth1.XRes was changed to 640.
 5980969	[INFO]	XnProperty.cpp	151	Property Depth1.RequiredDataSize was changed to 307200.
 5980996	[INFO]	XnProperty.cpp	151	Property Depth1.YRes was changed to 480.
 5981022	[INFO]	XnProperty.cpp	151	Property Depth1.RequiredDataSize was changed to 614400.
 5981050	[INFO]	XnProperty.cpp	101	Depth1.YRes was successfully set.
 5981076	[INFO]	XnProperty.cpp	74	Setting Depth1.XRes to 640...
 5981099	[INFO]	XnProperty.cpp	86	Depth1.XRes value did not change.
 5981173	[INFO]	XnProperty.cpp	74	Setting Depth1.Mirror to 1...
 5981203	[INFO]	XnProperty.cpp	151	Property Depth1.FirmwareMirror was changed to 1.
 5981274	[INFO]	XnProperty.cpp	151	Property Depth1.Mirror was changed to 1.
 5981299	[INFO]	XnProperty.cpp	101	Depth1.Mirror was successfully set.
 9405412	[INFO]	XnOpenNI.cpp	1261	Creating node 'User1' of type User...
 9430852	[WARNING]	Linux-x86Threads.cpp	173	Failed to set thread priority: Invalid argument
 9430900	[WARNING]	XnUSBLinux-x86.cpp	126	USB events thread: Failed to set thread priority to critical. This might cause loss of data...
 9431788	[INFO]	XnUSBLinux-x86.cpp	1222	USB read thread was started.
 9431812	[INFO]	XnProperty.cpp	151	Property Depth1.ActualReadData was changed to 1.
 9902159	[INFO]	XnProperty.cpp	151	Property Depth1.State was changed to 1.
 9902205	[INFO]	XnDeviceBase.cpp	370	Stream Depth1 is open.
13284114	[INFO]	XnOpenNI.cpp	1261	Creating node 'Image1' of type Image...
13284168	[INFO]	XnDeviceBase.cpp	1383	Creating stream 'Image1' of type 'Image'...
13284383	[INFO]	XnProperty.cpp	151	Property Image1.Resolution was changed to 0.
13284402	[INFO]	XnProperty.cpp	151	Property Image1.XRes was changed to 320.
13284415	[INFO]	XnProperty.cpp	151	Property Image1.YRes was changed to 240.
13284429	[INFO]	XnProperty.cpp	151	Property Image1.FPS was changed to 30.
13284445	[INFO]	XnProperty.cpp	151	Property Image1.OutputFormat was changed to 5.
13284463	[INFO]	XnProperty.cpp	151	Property Image1.BytesPerPixel was changed to 3.
13284480	[INFO]	XnProperty.cpp	151	Property Image1.RequiredDataSize was changed to 230400.
13284517	[INFO]	XnDeviceBase.cpp	1458	Stream 'Image1' was initialized.
13284531	[INFO]	XnDeviceBase.cpp	1463	'Image1' stream was created.
13284629	[INFO]	XnProperty.cpp	74	Setting Image1.InputFormat to 6...
13284647	[INFO]	XnProperty.cpp	151	Property Image1.InputFormat was changed to 6.
13284658	[INFO]	XnProperty.cpp	101	Image1.InputFormat was successfully set.
13285103	[INFO]	XnDeviceModule.cpp	431	Module 'Image1' configuration was loaded from file.
13285208	[INFO]	XnProperty.cpp	74	Setting Image1.FPS to 30...
13285230	[INFO]	XnProperty.cpp	86	Image1.FPS value did not change.
13285248	[INFO]	XnProperty.cpp	74	Setting Image1.YRes to 480...
13285268	[INFO]	XnProperty.cpp	151	Property Image1.Resolution was changed to 1.
13285286	[INFO]	XnProperty.cpp	151	Property Image1.XRes was changed to 640.
13285305	[INFO]	XnProperty.cpp	151	Property Image1.RequiredDataSize was changed to 460800.
13285326	[INFO]	XnProperty.cpp	151	Property Image1.YRes was changed to 480.
13285355	[INFO]	XnProperty.cpp	151	Property Image1.RequiredDataSize was changed to 921600.
13285375	[INFO]	XnProperty.cpp	101	Image1.YRes was successfully set.
13285395	[INFO]	XnProperty.cpp	74	Setting Image1.XRes to 640...
13285411	[INFO]	XnProperty.cpp	86	Image1.XRes value did not change.
13286297	[INFO]	XnUSBLinux-x86.cpp	1222	USB read thread was started.
13286323	[INFO]	XnProperty.cpp	151	Property Image1.ActualReadData was changed to 1.
13447515	[WARNING]	XnFirmwareStreams.cpp	324	Unknown packet type (0x4948)!!!
13451421	[WARNING]	XnFirmwareStreams.cpp	324	Unknown packet type (0x4948)!!!
13467498	[WARNING]	XnDepthProcessor.cpp	133	Read: Depth buffer is corrupt. Size is 520720 (!= 614400)
13467551	[WARNING]	XnFrameStreamProcessor.cpp	132	Depth frame is corrupt!
13503462	[WARNING]	XnDepthProcessor.cpp	133	Read: Depth buffer is corrupt. Size is 597616 (!= 614400)
13503525	[WARNING]	XnFrameStreamProcessor.cpp	132	Depth frame is corrupt!
16371558	[WARNING]	XnDepthProcessor.cpp	133	Read: Depth buffer is corrupt. Size is 571328 (!= 614400)
16371604	[WARNING]	XnFrameStreamProcessor.cpp	132	Depth frame is corrupt!
16486573	[INFO]	XnProperty.cpp	151	Property Image1.State was changed to 1.
16486619	[INFO]	XnDeviceBase.cpp	370	Stream Image1 is open.
16486826	[INFO]	XnProperty.cpp	74	Setting Depth1.Registration to 1...
16507534	[WARNING]	XnDepthProcessor.cpp	133	Read: Depth buffer is corrupt. Size is 590096 (!= 614400)
16507580	[WARNING]	XnFrameStreamProcessor.cpp	132	Depth frame is corrupt!
16539513	[WARNING]	XnDepthProcessor.cpp	133	Read: Depth buffer is corrupt. Size is 584240 (!= 614400)
16539577	[WARNING]	XnFrameStreamProcessor.cpp	132	Depth frame is corrupt!
16639244	[INFO]	XnProperty.cpp	151	Property Depth1.Registration was changed to 1.
16639289	[INFO]	XnProperty.cpp	101	Depth1.Registration was successfully set.
16639341	[INFO]	XnProperty.cpp	74	Setting Image1.Mirror to 1...
16651571	[INFO]	XnProperty.cpp	151	Property Image1.FirmwareMirror was changed to 1.
16651603	[INFO]	XnProperty.cpp	151	Property Image1.Mirror was changed to 1.
16651622	[INFO]	XnProperty.cpp	101	Image1.Mirror was successfully set.
49778694	[INFO]	XnOpenNI.cpp	1459	Destroying node 'User1'
49785787	[INFO]	XnOpenNI.cpp	1459	Destroying node 'Depth1'
49785878	[INFO]	XnDeviceBase.cpp	1507	Destroying stream 'Depth1'...
49787056	[INFO]	XnOpenNI.cpp	1459	Destroying node 'Image1'
49787093	[INFO]	XnDeviceBase.cpp	1507	Destroying stream 'Image1'...
49788028	[INFO]	XnOpenNI.cpp	1459	Destroying node 'Device1'
