   22155	[INFO]	XnLog.cpp	165	OpenNI version is 1.0.0 (Build 25)-MacOSX (Jan  7 2011 14:20:18)
   22219	[INFO]	XnLog.cpp	173	Log system initialized. Console: 1, File: 1, Severity: INFO, Masks: ALL
   22252	[INFO]	XnLog.cpp	173	Log system initialized. Console: 1, File: 1, Severity: INFO, Masks: ALL
   23585	[INFO]	XnUSBLinux-x86.cpp	98	USB is initialized.
 4059485	[INFO]	XnOpenNI.cpp	1261	Creating node 'Device1' of type Device...
 4060507	[INFO]	XnDeviceModule.cpp	431	Module 'Device' configuration was loaded from file.
 4514382	[INFO]	XnDeviceSensorIO.cpp	135	Connected to USB device
 4514436	[INFO]	XnProperty.cpp	151	Property Device.USBPath was changed to 045e/02ae@250/11.
 4521845	[INFO]	XnHostProtocol.cpp	825	Hardware versions: FW=5.1.4 (7) HW=4 Chip=2 Sensor=4 SYS=7
 5932558	[INFO]	XnProperty.cpp	151	Property Device.ID was changed to 0.
 5932655	[INFO]	XnSensor.cpp	182	Device sensor initialized
 5932859	[INFO]	XnOpenNI.cpp	1261	Creating node 'Depth1' of type Depth...
 5932943	[INFO]	XnDeviceBase.cpp	1383	Creating stream 'Depth1' of type 'Depth'...
 5932976	[INFO]	XnProperty.cpp	74	Setting Device.ReadData to 1...
 5933040	[INFO]	XnDeviceSensorIO.cpp	298	Endpoints open
 5945397	[INFO]	XnProperty.cpp	151	Property Device.ReadData was changed to 1.
 5945445	[INFO]	XnProperty.cpp	101	Device.ReadData was successfully set.
 5946153	[INFO]	XnProperty.cpp	151	Property Depth1.Resolution was changed to 0.
 5946198	[INFO]	XnProperty.cpp	151	Property Depth1.XRes was changed to 320.
 5946239	[INFO]	XnProperty.cpp	151	Property Depth1.YRes was changed to 240.
 5946279	[INFO]	XnProperty.cpp	151	Property Depth1.FPS was changed to 30.
 5946317	[INFO]	XnProperty.cpp	151	Property Depth1.OutputFormat was changed to 1.
 5946355	[INFO]	XnProperty.cpp	151	Property Depth1.BytesPerPixel was changed to 2.
 5946392	[INFO]	XnProperty.cpp	151	Property Depth1.RequiredDataSize was changed to 153600.
 5946439	[INFO]	XnProperty.cpp	151	Property Depth1.ParamCoeff was changed to 4.
 5946593	[INFO]	XnProperty.cpp	151	Property Depth1.ShiftScale was changed to 10.
 5959252	[INFO]	XnProperty.cpp	151	Property Depth1.ConstShift was changed to 200.
 5959408	[INFO]	XnProperty.cpp	151	Property Depth1.ZPD was changed to 120.
 5959679	[INFO]	XnProperty.cpp	151	Property Depth1.ZPPS was changed to 0.104200.
 5959727	[INFO]	XnProperty.cpp	151	Property Depth1.LDDIS was changed to 7.500000.
 5959955	[INFO]	XnProperty.cpp	151	Property Depth1.Gain was changed to 30.
 5960021	[INFO]	XnDeviceBase.cpp	1458	Stream 'Depth1' was initialized.
 5960064	[INFO]	XnDeviceBase.cpp	1463	'Depth1' stream was created.
 5960450	[INFO]	XnProperty.cpp	74	Setting Depth1.InputFormat to 3...
 5960508	[INFO]	XnProperty.cpp	151	Property Depth1.InputFormat was changed to 3.
 5960551	[INFO]	XnProperty.cpp	101	Depth1.InputFormat was successfully set.
 5961724	[INFO]	XnProperty.cpp	74	Setting Depth1.RegistrationType to 2...
 5961762	[INFO]	XnProperty.cpp	151	Property Depth1.RegistrationType was changed to 2.
 5961787	[INFO]	XnProperty.cpp	101	Depth1.RegistrationType was successfully set.
 5962792	[INFO]	XnDeviceModule.cpp	431	Module 'Depth1' configuration was loaded from file.
 5963104	[INFO]	XnProperty.cpp	74	Setting Depth1.FPS to 30...
 5963144	[INFO]	XnProperty.cpp	86	Depth1.FPS value did not change.
 5963176	[INFO]	XnProperty.cpp	74	Setting Depth1.YRes to 480...
 5963211	[INFO]	XnProperty.cpp	151	Property Depth1.Resolution was changed to 1.
 5963243	[INFO]	XnProperty.cpp	151	Property Depth1.XRes was changed to 640.
 5963273	[INFO]	XnProperty.cpp	151	Property Depth1.RequiredDataSize was changed to 307200.
 5963308	[INFO]	XnProperty.cpp	151	Property Depth1.YRes was changed to 480.
 5963340	[INFO]	XnProperty.cpp	151	Property Depth1.RequiredDataSize was changed to 614400.
 5963373	[INFO]	XnProperty.cpp	101	Depth1.YRes was successfully set.
 5963405	[INFO]	XnProperty.cpp	74	Setting Depth1.XRes to 640...
 5963433	[INFO]	XnProperty.cpp	86	Depth1.XRes value did not change.
 5963522	[INFO]	XnProperty.cpp	74	Setting Depth1.Mirror to 1...
 5963558	[INFO]	XnProperty.cpp	151	Property Depth1.FirmwareMirror was changed to 1.
 5963634	[INFO]	XnProperty.cpp	151	Property Depth1.Mirror was changed to 1.
 5963665	[INFO]	XnProperty.cpp	101	Depth1.Mirror was successfully set.
 9287480	[INFO]	XnOpenNI.cpp	1261	Creating node 'User1' of type User...
 9312953	[WARNING]	Linux-x86Threads.cpp	173	Failed to set thread priority: Invalid argument
 9313000	[WARNING]	XnUSBLinux-x86.cpp	126	USB events thread: Failed to set thread priority to critical. This might cause loss of data...
 9313850	[INFO]	XnUSBLinux-x86.cpp	1222	USB read thread was started.
 9313874	[INFO]	XnProperty.cpp	151	Property Depth1.ActualReadData was changed to 1.
 9784444	[INFO]	XnProperty.cpp	151	Property Depth1.State was changed to 1.
 9784488	[INFO]	XnDeviceBase.cpp	370	Stream Depth1 is open.
12299055	[INFO]	XnOpenNI.cpp	1261	Creating node 'Image1' of type Image...
12299110	[INFO]	XnDeviceBase.cpp	1383	Creating stream 'Image1' of type 'Image'...
12299318	[INFO]	XnProperty.cpp	151	Property Image1.Resolution was changed to 0.
12299338	[INFO]	XnProperty.cpp	151	Property Image1.XRes was changed to 320.
12299355	[INFO]	XnProperty.cpp	151	Property Image1.YRes was changed to 240.
12299372	[INFO]	XnProperty.cpp	151	Property Image1.FPS was changed to 30.
12299387	[INFO]	XnProperty.cpp	151	Property Image1.OutputFormat was changed to 5.
12299405	[INFO]	XnProperty.cpp	151	Property Image1.BytesPerPixel was changed to 3.
12299422	[INFO]	XnProperty.cpp	151	Property Image1.RequiredDataSize was changed to 230400.
12299459	[INFO]	XnDeviceBase.cpp	1458	Stream 'Image1' was initialized.
12299473	[INFO]	XnDeviceBase.cpp	1463	'Image1' stream was created.
12299582	[INFO]	XnProperty.cpp	74	Setting Image1.InputFormat to 6...
12299602	[INFO]	XnProperty.cpp	151	Property Image1.InputFormat was changed to 6.
12299620	[INFO]	XnProperty.cpp	101	Image1.InputFormat was successfully set.
12300152	[INFO]	XnDeviceModule.cpp	431	Module 'Image1' configuration was loaded from file.
12300264	[INFO]	XnProperty.cpp	74	Setting Image1.FPS to 30...
12300282	[INFO]	XnProperty.cpp	86	Image1.FPS value did not change.
12300300	[INFO]	XnProperty.cpp	74	Setting Image1.YRes to 480...
12300316	[INFO]	XnProperty.cpp	151	Property Image1.Resolution was changed to 1.
12300334	[INFO]	XnProperty.cpp	151	Property Image1.XRes was changed to 640.
12300351	[INFO]	XnProperty.cpp	151	Property Image1.RequiredDataSize was changed to 460800.
12300370	[INFO]	XnProperty.cpp	151	Property Image1.YRes was changed to 480.
12300384	[INFO]	XnProperty.cpp	151	Property Image1.RequiredDataSize was changed to 921600.
12300397	[INFO]	XnProperty.cpp	101	Image1.YRes was successfully set.
12300408	[INFO]	XnProperty.cpp	74	Setting Image1.XRes to 640...
12300418	[INFO]	XnProperty.cpp	86	Image1.XRes value did not change.
12301297	[INFO]	XnUSBLinux-x86.cpp	1222	USB read thread was started.
12301322	[INFO]	XnProperty.cpp	151	Property Image1.ActualReadData was changed to 1.
12349852	[WARNING]	XnDepthProcessor.cpp	133	Read: Depth buffer is corrupt. Size is 594640 (!= 614400)
12349895	[WARNING]	XnFrameStreamProcessor.cpp	132	Depth frame is corrupt!
12485863	[WARNING]	XnDepthProcessor.cpp	133	Read: Depth buffer is corrupt. Size is 552144 (!= 614400)
12485912	[WARNING]	XnFrameStreamProcessor.cpp	132	Depth frame is corrupt!
12517882	[WARNING]	XnDepthProcessor.cpp	133	Read: Depth buffer is corrupt. Size is 595024 (!= 614400)
12517907	[WARNING]	XnFrameStreamProcessor.cpp	132	Depth frame is corrupt!
15385960	[WARNING]	XnDepthProcessor.cpp	133	Read: Depth buffer is corrupt. Size is 573808 (!= 614400)
15386007	[WARNING]	XnFrameStreamProcessor.cpp	132	Depth frame is corrupt!
15501512	[INFO]	XnProperty.cpp	151	Property Image1.State was changed to 1.
15501557	[INFO]	XnDeviceBase.cpp	370	Stream Image1 is open.
15501758	[INFO]	XnProperty.cpp	74	Setting Depth1.Registration to 1...
15553956	[WARNING]	XnDepthProcessor.cpp	133	Read: Depth buffer is corrupt. Size is 592000 (!= 614400)
15554017	[WARNING]	XnFrameStreamProcessor.cpp	132	Depth frame is corrupt!
15653396	[INFO]	XnProperty.cpp	151	Property Depth1.Registration was changed to 1.
15653448	[INFO]	XnProperty.cpp	101	Depth1.Registration was successfully set.
15653543	[INFO]	XnProperty.cpp	74	Setting Image1.Mirror to 1...
15666289	[INFO]	XnProperty.cpp	151	Property Image1.FirmwareMirror was changed to 1.
15666319	[INFO]	XnProperty.cpp	151	Property Image1.Mirror was changed to 1.
15666336	[INFO]	XnProperty.cpp	101	Image1.Mirror was successfully set.
58470284	[INFO]	XnOpenNI.cpp	1459	Destroying node 'User1'
58476728	[INFO]	XnOpenNI.cpp	1459	Destroying node 'Depth1'
58476822	[INFO]	XnDeviceBase.cpp	1507	Destroying stream 'Depth1'...
58478020	[INFO]	XnOpenNI.cpp	1459	Destroying node 'Image1'
58478058	[INFO]	XnDeviceBase.cpp	1507	Destroying stream 'Image1'...
58478985	[INFO]	XnOpenNI.cpp	1459	Destroying node 'Device1'
