   45723	[INFO]	XnLog.cpp	165	OpenNI version is 1.0.0 (Build 25)-MacOSX (Jan  7 2011 14:20:18)
   45775	[INFO]	XnLog.cpp	173	Log system initialized. Console: 1, File: 1, Severity: INFO, Masks: ALL
   45800	[INFO]	XnLog.cpp	173	Log system initialized. Console: 1, File: 1, Severity: INFO, Masks: ALL
   47421	[INFO]	XnUSBLinux-x86.cpp	98	USB is initialized.
 4150620	[INFO]	XnOpenNI.cpp	1261	Creating node 'Device1' of type Device...
 4151468	[INFO]	XnDeviceModule.cpp	431	Module 'Device' configuration was loaded from file.
 4602196	[INFO]	XnDeviceSensorIO.cpp	135	Connected to USB device
 4602240	[INFO]	XnProperty.cpp	151	Property Device.USBPath was changed to 045e/02ae@250/11.
 4609754	[INFO]	XnHostProtocol.cpp	825	Hardware versions: FW=5.1.4 (7) HW=4 Chip=2 Sensor=4 SYS=7
 6019793	[INFO]	XnProperty.cpp	151	Property Device.ID was changed to 0.
 6019883	[INFO]	XnSensor.cpp	182	Device sensor initialized
 6020020	[INFO]	XnOpenNI.cpp	1261	Creating node 'Depth1' of type Depth...
 6020107	[INFO]	XnDeviceBase.cpp	1383	Creating stream 'Depth1' of type 'Depth'...
 6020154	[INFO]	XnProperty.cpp	74	Setting Device.ReadData to 1...
 6020230	[INFO]	XnDeviceSensorIO.cpp	298	Endpoints open
 6032722	[INFO]	XnProperty.cpp	151	Property Device.ReadData was changed to 1.
 6032776	[INFO]	XnProperty.cpp	101	Device.ReadData was successfully set.
 6033389	[INFO]	XnProperty.cpp	151	Property Depth1.Resolution was changed to 0.
 6033429	[INFO]	XnProperty.cpp	151	Property Depth1.XRes was changed to 320.
 6033462	[INFO]	XnProperty.cpp	151	Property Depth1.YRes was changed to 240.
 6033500	[INFO]	XnProperty.cpp	151	Property Depth1.FPS was changed to 30.
 6033534	[INFO]	XnProperty.cpp	151	Property Depth1.OutputFormat was changed to 1.
 6033568	[INFO]	XnProperty.cpp	151	Property Depth1.BytesPerPixel was changed to 2.
 6033596	[INFO]	XnProperty.cpp	151	Property Depth1.RequiredDataSize was changed to 153600.
 6033632	[INFO]	XnProperty.cpp	151	Property Depth1.ParamCoeff was changed to 4.
 6033775	[INFO]	XnProperty.cpp	151	Property Depth1.ShiftScale was changed to 10.
 6046506	[INFO]	XnProperty.cpp	151	Property Depth1.ConstShift was changed to 200.
 6046620	[INFO]	XnProperty.cpp	151	Property Depth1.ZPD was changed to 120.
 6046799	[INFO]	XnProperty.cpp	151	Property Depth1.ZPPS was changed to 0.104200.
 6046837	[INFO]	XnProperty.cpp	151	Property Depth1.LDDIS was changed to 7.500000.
 6047035	[INFO]	XnProperty.cpp	151	Property Depth1.Gain was changed to 30.
 6047089	[INFO]	XnDeviceBase.cpp	1458	Stream 'Depth1' was initialized.
 6047129	[INFO]	XnDeviceBase.cpp	1463	'Depth1' stream was created.
 6047443	[INFO]	XnProperty.cpp	74	Setting Depth1.InputFormat to 3...
 6047491	[INFO]	XnProperty.cpp	151	Property Depth1.InputFormat was changed to 3.
 6047524	[INFO]	XnProperty.cpp	101	Depth1.InputFormat was successfully set.
 6048433	[INFO]	XnProperty.cpp	74	Setting Depth1.RegistrationType to 2...
 6048464	[INFO]	XnProperty.cpp	151	Property Depth1.RegistrationType was changed to 2.
 6048483	[INFO]	XnProperty.cpp	101	Depth1.RegistrationType was successfully set.
 6049304	[INFO]	XnDeviceModule.cpp	431	Module 'Depth1' configuration was loaded from file.
 6049607	[INFO]	XnProperty.cpp	74	Setting Depth1.FPS to 30...
 6049646	[INFO]	XnProperty.cpp	86	Depth1.FPS value did not change.
 6049678	[INFO]	XnProperty.cpp	74	Setting Depth1.YRes to 480...
 6049712	[INFO]	XnProperty.cpp	151	Property Depth1.Resolution was changed to 1.
 6049744	[INFO]	XnProperty.cpp	151	Property Depth1.XRes was changed to 640.
 6049773	[INFO]	XnProperty.cpp	151	Property Depth1.RequiredDataSize was changed to 307200.
 6049806	[INFO]	XnProperty.cpp	151	Property Depth1.YRes was changed to 480.
 6049837	[INFO]	XnProperty.cpp	151	Property Depth1.RequiredDataSize was changed to 614400.
 6049870	[INFO]	XnProperty.cpp	101	Depth1.YRes was successfully set.
 6049901	[INFO]	XnProperty.cpp	74	Setting Depth1.XRes to 640...
 6049927	[INFO]	XnProperty.cpp	86	Depth1.XRes value did not change.
 6050015	[INFO]	XnProperty.cpp	74	Setting Depth1.Mirror to 1...
 6050050	[INFO]	XnProperty.cpp	151	Property Depth1.FirmwareMirror was changed to 1.
 6050136	[INFO]	XnProperty.cpp	151	Property Depth1.Mirror was changed to 1.
 6050167	[INFO]	XnProperty.cpp	101	Depth1.Mirror was successfully set.
 9466193	[INFO]	XnOpenNI.cpp	1261	Creating node 'User1' of type User...
 9493175	[WARNING]	Linux-x86Threads.cpp	173	Failed to set thread priority: Invalid argument
 9493227	[WARNING]	XnUSBLinux-x86.cpp	126	USB events thread: Failed to set thread priority to critical. This might cause loss of data...
 9494112	[INFO]	XnUSBLinux-x86.cpp	1222	USB read thread was started.
 9494146	[INFO]	XnProperty.cpp	151	Property Depth1.ActualReadData was changed to 1.
 9964839	[INFO]	XnProperty.cpp	151	Property Depth1.State was changed to 1.
 9964884	[INFO]	XnDeviceBase.cpp	370	Stream Depth1 is open.
13365849	[INFO]	XnOpenNI.cpp	1261	Creating node 'Image1' of type Image...
13365902	[INFO]	XnDeviceBase.cpp	1383	Creating stream 'Image1' of type 'Image'...
13366120	[INFO]	XnProperty.cpp	151	Property Image1.Resolution was changed to 0.
13366146	[INFO]	XnProperty.cpp	151	Property Image1.XRes was changed to 320.
13366166	[INFO]	XnProperty.cpp	151	Property Image1.YRes was changed to 240.
13366186	[INFO]	XnProperty.cpp	151	Property Image1.FPS was changed to 30.
13366203	[INFO]	XnProperty.cpp	151	Property Image1.OutputFormat was changed to 5.
13366221	[INFO]	XnProperty.cpp	151	Property Image1.BytesPerPixel was changed to 3.
13366240	[INFO]	XnProperty.cpp	151	Property Image1.RequiredDataSize was changed to 230400.
13366281	[INFO]	XnDeviceBase.cpp	1458	Stream 'Image1' was initialized.
13366302	[INFO]	XnDeviceBase.cpp	1463	'Image1' stream was created.
13366448	[INFO]	XnProperty.cpp	74	Setting Image1.InputFormat to 6...
13366479	[INFO]	XnProperty.cpp	151	Property Image1.InputFormat was changed to 6.
13366500	[INFO]	XnProperty.cpp	101	Image1.InputFormat was successfully set.
13367076	[INFO]	XnDeviceModule.cpp	431	Module 'Image1' configuration was loaded from file.
13367174	[INFO]	XnProperty.cpp	74	Setting Image1.FPS to 30...
13367192	[INFO]	XnProperty.cpp	86	Image1.FPS value did not change.
13367204	[INFO]	XnProperty.cpp	74	Setting Image1.YRes to 480...
13367216	[INFO]	XnProperty.cpp	151	Property Image1.Resolution was changed to 1.
13367230	[INFO]	XnProperty.cpp	151	Property Image1.XRes was changed to 640.
13367247	[INFO]	XnProperty.cpp	151	Property Image1.RequiredDataSize was changed to 460800.
13367264	[INFO]	XnProperty.cpp	151	Property Image1.YRes was changed to 480.
13367281	[INFO]	XnProperty.cpp	151	Property Image1.RequiredDataSize was changed to 921600.
13367298	[INFO]	XnProperty.cpp	101	Image1.YRes was successfully set.
13367315	[INFO]	XnProperty.cpp	74	Setting Image1.XRes to 640...
13367329	[INFO]	XnProperty.cpp	86	Image1.XRes value did not change.
13368207	[INFO]	XnUSBLinux-x86.cpp	1222	USB read thread was started.
13368232	[INFO]	XnProperty.cpp	151	Property Image1.ActualReadData was changed to 1.
13566178	[WARNING]	XnDepthProcessor.cpp	133	Read: Depth buffer is corrupt. Size is 586688 (!= 614400)
13566226	[WARNING]	XnFrameStreamProcessor.cpp	132	Depth frame is corrupt!
16470206	[WARNING]	XnDepthProcessor.cpp	133	Read: Depth buffer is corrupt. Size is 596544 (!= 614400)
16470255	[WARNING]	XnFrameStreamProcessor.cpp	132	Depth frame is corrupt!
16568699	[INFO]	XnProperty.cpp	151	Property Image1.State was changed to 1.
16568743	[INFO]	XnDeviceBase.cpp	370	Stream Image1 is open.
16568948	[INFO]	XnProperty.cpp	74	Setting Depth1.Registration to 1...
16720268	[INFO]	XnProperty.cpp	151	Property Depth1.Registration was changed to 1.
16720315	[INFO]	XnProperty.cpp	101	Depth1.Registration was successfully set.
16720372	[INFO]	XnProperty.cpp	74	Setting Image1.Mirror to 1...
16733047	[INFO]	XnProperty.cpp	151	Property Image1.FirmwareMirror was changed to 1.
16733099	[INFO]	XnProperty.cpp	151	Property Image1.Mirror was changed to 1.
16733117	[INFO]	XnProperty.cpp	101	Image1.Mirror was successfully set.
