   27915	[INFO]	XnLog.cpp	165	OpenNI version is 1.0.0 (Build 25)-MacOSX (Jan  7 2011 14:20:18)
   27963	[INFO]	XnLog.cpp	173	Log system initialized. Console: 1, File: 1, Severity: INFO, Masks: ALL
   27988	[INFO]	XnLog.cpp	173	Log system initialized. Console: 1, File: 1, Severity: INFO, Masks: ALL
   29406	[INFO]	XnUSBLinux-x86.cpp	98	USB is initialized.
 4049136	[INFO]	XnOpenNI.cpp	1261	Creating node 'Device1' of type Device...
 4050030	[INFO]	XnDeviceModule.cpp	431	Module 'Device' configuration was loaded from file.
 4501280	[INFO]	XnDeviceSensorIO.cpp	135	Connected to USB device
 4501335	[INFO]	XnProperty.cpp	151	Property Device.USBPath was changed to 045e/02ae@250/11.
 4540150	[INFO]	XnHostProtocol.cpp	825	Hardware versions: FW=5.1.4 (7) HW=4 Chip=2 Sensor=4 SYS=7
 5949888	[INFO]	XnProperty.cpp	151	Property Device.ID was changed to 0.
 5949990	[INFO]	XnSensor.cpp	182	Device sensor initialized
 5950092	[INFO]	XnOpenNI.cpp	1261	Creating node 'Depth1' of type Depth...
 5950142	[INFO]	XnDeviceBase.cpp	1383	Creating stream 'Depth1' of type 'Depth'...
 5950165	[INFO]	XnProperty.cpp	74	Setting Device.ReadData to 1...
 5950194	[INFO]	XnDeviceSensorIO.cpp	298	Endpoints open
 5962574	[INFO]	XnProperty.cpp	151	Property Device.ReadData was changed to 1.
 5962605	[INFO]	XnProperty.cpp	101	Device.ReadData was successfully set.
 5963043	[INFO]	XnProperty.cpp	151	Property Depth1.Resolution was changed to 0.
 5963066	[INFO]	XnProperty.cpp	151	Property Depth1.XRes was changed to 320.
 5963080	[INFO]	XnProperty.cpp	151	Property Depth1.YRes was changed to 240.
 5963093	[INFO]	XnProperty.cpp	151	Property Depth1.FPS was changed to 30.
 5963110	[INFO]	XnProperty.cpp	151	Property Depth1.OutputFormat was changed to 1.
 5963129	[INFO]	XnProperty.cpp	151	Property Depth1.BytesPerPixel was changed to 2.
 5963148	[INFO]	XnProperty.cpp	151	Property Depth1.RequiredDataSize was changed to 153600.
 5963172	[INFO]	XnProperty.cpp	151	Property Depth1.ParamCoeff was changed to 4.
 5963247	[INFO]	XnProperty.cpp	151	Property Depth1.ShiftScale was changed to 10.
 5975356	[INFO]	XnProperty.cpp	151	Property Depth1.ConstShift was changed to 200.
 5975442	[INFO]	XnProperty.cpp	151	Property Depth1.ZPD was changed to 120.
 5975551	[INFO]	XnProperty.cpp	151	Property Depth1.ZPPS was changed to 0.104200.
 5975573	[INFO]	XnProperty.cpp	151	Property Depth1.LDDIS was changed to 7.500000.
 5975684	[INFO]	XnProperty.cpp	151	Property Depth1.Gain was changed to 30.
 5975715	[INFO]	XnDeviceBase.cpp	1458	Stream 'Depth1' was initialized.
 5975728	[INFO]	XnDeviceBase.cpp	1463	'Depth1' stream was created.
 5975894	[INFO]	XnProperty.cpp	74	Setting Depth1.InputFormat to 3...
 5975923	[INFO]	XnProperty.cpp	151	Property Depth1.InputFormat was changed to 3.
 5975943	[INFO]	XnProperty.cpp	101	Depth1.InputFormat was successfully set.
 5976532	[INFO]	XnProperty.cpp	74	Setting Depth1.RegistrationType to 2...
 5976552	[INFO]	XnProperty.cpp	151	Property Depth1.RegistrationType was changed to 2.
 5976567	[INFO]	XnProperty.cpp	101	Depth1.RegistrationType was successfully set.
 5977103	[INFO]	XnDeviceModule.cpp	431	Module 'Depth1' configuration was loaded from file.
 5977306	[INFO]	XnProperty.cpp	74	Setting Depth1.FPS to 30...
 5977327	[INFO]	XnProperty.cpp	86	Depth1.FPS value did not change.
 5977345	[INFO]	XnProperty.cpp	74	Setting Depth1.YRes to 480...
 5977366	[INFO]	XnProperty.cpp	151	Property Depth1.Resolution was changed to 1.
 5977387	[INFO]	XnProperty.cpp	151	Property Depth1.XRes was changed to 640.
 5977403	[INFO]	XnProperty.cpp	151	Property Depth1.RequiredDataSize was changed to 307200.
 5977419	[INFO]	XnProperty.cpp	151	Property Depth1.YRes was changed to 480.
 5977436	[INFO]	XnProperty.cpp	151	Property Depth1.RequiredDataSize was changed to 614400.
 5977454	[INFO]	XnProperty.cpp	101	Depth1.YRes was successfully set.
 5977473	[INFO]	XnProperty.cpp	74	Setting Depth1.XRes to 640...
 5977494	[INFO]	XnProperty.cpp	86	Depth1.XRes value did not change.
 5977555	[INFO]	XnProperty.cpp	74	Setting Depth1.Mirror to 1...
 5977575	[INFO]	XnProperty.cpp	151	Property Depth1.FirmwareMirror was changed to 1.
 5977630	[INFO]	XnProperty.cpp	151	Property Depth1.Mirror was changed to 1.
 5977649	[INFO]	XnProperty.cpp	101	Depth1.Mirror was successfully set.
 9369706	[INFO]	XnOpenNI.cpp	1261	Creating node 'User1' of type User...
 9394120	[WARNING]	Linux-x86Threads.cpp	173	Failed to set thread priority: Invalid argument
 9394169	[WARNING]	XnUSBLinux-x86.cpp	126	USB events thread: Failed to set thread priority to critical. This might cause loss of data...
 9394977	[INFO]	XnUSBLinux-x86.cpp	1222	USB read thread was started.
 9395001	[INFO]	XnProperty.cpp	151	Property Depth1.ActualReadData was changed to 1.
 9866448	[INFO]	XnProperty.cpp	151	Property Depth1.State was changed to 1.
 9866495	[INFO]	XnDeviceBase.cpp	370	Stream Depth1 is open.
13268818	[INFO]	XnOpenNI.cpp	1261	Creating node 'Image1' of type Image...
13268872	[INFO]	XnDeviceBase.cpp	1383	Creating stream 'Image1' of type 'Image'...
13269096	[INFO]	XnProperty.cpp	151	Property Image1.Resolution was changed to 0.
13269122	[INFO]	XnProperty.cpp	151	Property Image1.XRes was changed to 320.
13269143	[INFO]	XnProperty.cpp	151	Property Image1.YRes was changed to 240.
13269163	[INFO]	XnProperty.cpp	151	Property Image1.FPS was changed to 30.
13269180	[INFO]	XnProperty.cpp	151	Property Image1.OutputFormat was changed to 5.
13269207	[INFO]	XnProperty.cpp	151	Property Image1.BytesPerPixel was changed to 3.
13269226	[INFO]	XnProperty.cpp	151	Property Image1.RequiredDataSize was changed to 230400.
13269268	[INFO]	XnDeviceBase.cpp	1458	Stream 'Image1' was initialized.
13269287	[INFO]	XnDeviceBase.cpp	1463	'Image1' stream was created.
13269426	[INFO]	XnProperty.cpp	74	Setting Image1.InputFormat to 6...
13269458	[INFO]	XnProperty.cpp	151	Property Image1.InputFormat was changed to 6.
13269478	[INFO]	XnProperty.cpp	101	Image1.InputFormat was successfully set.
13270029	[INFO]	XnDeviceModule.cpp	431	Module 'Image1' configuration was loaded from file.
13270120	[INFO]	XnProperty.cpp	74	Setting Image1.FPS to 30...
13270138	[INFO]	XnProperty.cpp	86	Image1.FPS value did not change.
13270150	[INFO]	XnProperty.cpp	74	Setting Image1.YRes to 480...
13270162	[INFO]	XnProperty.cpp	151	Property Image1.Resolution was changed to 1.
13270177	[INFO]	XnProperty.cpp	151	Property Image1.XRes was changed to 640.
13270196	[INFO]	XnProperty.cpp	151	Property Image1.RequiredDataSize was changed to 460800.
13270217	[INFO]	XnProperty.cpp	151	Property Image1.YRes was changed to 480.
13270236	[INFO]	XnProperty.cpp	151	Property Image1.RequiredDataSize was changed to 921600.
13270256	[INFO]	XnProperty.cpp	101	Image1.YRes was successfully set.
13270275	[INFO]	XnProperty.cpp	74	Setting Image1.XRes to 640...
13270292	[INFO]	XnProperty.cpp	86	Image1.XRes value did not change.
13271191	[INFO]	XnUSBLinux-x86.cpp	1222	USB read thread was started.
13271222	[INFO]	XnProperty.cpp	151	Property Image1.ActualReadData was changed to 1.
13466462	[WARNING]	XnDepthProcessor.cpp	133	Read: Depth buffer is corrupt. Size is 577040 (!= 614400)
13466513	[WARNING]	XnFrameStreamProcessor.cpp	132	Depth frame is corrupt!
16472291	[INFO]	XnProperty.cpp	151	Property Image1.State was changed to 1.
16472344	[INFO]	XnDeviceBase.cpp	370	Stream Image1 is open.
16472539	[INFO]	XnProperty.cpp	74	Setting Depth1.Registration to 1...
16624927	[INFO]	XnProperty.cpp	151	Property Depth1.Registration was changed to 1.
16624972	[INFO]	XnProperty.cpp	101	Depth1.Registration was successfully set.
16625023	[INFO]	XnProperty.cpp	74	Setting Image1.Mirror to 1...
16637799	[INFO]	XnProperty.cpp	151	Property Image1.FirmwareMirror was changed to 1.
16637834	[INFO]	XnProperty.cpp	151	Property Image1.Mirror was changed to 1.
16637847	[INFO]	XnProperty.cpp	101	Image1.Mirror was successfully set.
47688067	[INFO]	XnOpenNI.cpp	1459	Destroying node 'User1'
47695660	[INFO]	XnOpenNI.cpp	1459	Destroying node 'Depth1'
47695789	[INFO]	XnDeviceBase.cpp	1507	Destroying stream 'Depth1'...
47697069	[INFO]	XnOpenNI.cpp	1459	Destroying node 'Image1'
47697115	[INFO]	XnDeviceBase.cpp	1507	Destroying stream 'Image1'...
47698019	[INFO]	XnOpenNI.cpp	1459	Destroying node 'Device1'
