   31131	[INFO]	XnLog.cpp	165	OpenNI version is 1.0.0 (Build 25)-MacOSX (Jan  7 2011 14:20:18)
   31197	[INFO]	XnLog.cpp	173	Log system initialized. Console: 1, File: 1, Severity: INFO, Masks: ALL
   31231	[INFO]	XnLog.cpp	173	Log system initialized. Console: 1, File: 1, Severity: INFO, Masks: ALL
   32905	[INFO]	XnUSBLinux-x86.cpp	98	USB is initialized.
 4455316	[INFO]	XnOpenNI.cpp	1261	Creating node 'Device1' of type Device...
 4456702	[INFO]	XnDeviceModule.cpp	431	Module 'Device' configuration was loaded from file.
 5068215	[INFO]	XnDeviceSensorIO.cpp	135	Connected to USB device
 5068268	[INFO]	XnProperty.cpp	151	Property Device.USBPath was changed to 045e/02ae@250/11.
 5075643	[INFO]	XnHostProtocol.cpp	825	Hardware versions: FW=5.1.4 (7) HW=4 Chip=2 Sensor=4 SYS=7
 6490258	[INFO]	XnProperty.cpp	151	Property Device.ID was changed to 0.
 6490355	[INFO]	XnSensor.cpp	182	Device sensor initialized
 6490530	[INFO]	XnOpenNI.cpp	1261	Creating node 'Depth1' of type Depth...
 6490603	[INFO]	XnDeviceBase.cpp	1383	Creating stream 'Depth1' of type 'Depth'...
 6490647	[INFO]	XnProperty.cpp	74	Setting Device.ReadData to 1...
 6490708	[INFO]	XnDeviceSensorIO.cpp	298	Endpoints open
 6502995	[INFO]	XnProperty.cpp	151	Property Device.ReadData was changed to 1.
 6503052	[INFO]	XnProperty.cpp	101	Device.ReadData was successfully set.
 6503611	[INFO]	XnProperty.cpp	151	Property Depth1.Resolution was changed to 0.
 6503650	[INFO]	XnProperty.cpp	151	Property Depth1.XRes was changed to 320.
 6503682	[INFO]	XnProperty.cpp	151	Property Depth1.YRes was changed to 240.
 6503721	[INFO]	XnProperty.cpp	151	Property Depth1.FPS was changed to 30.
 6503755	[INFO]	XnProperty.cpp	151	Property Depth1.OutputFormat was changed to 1.
 6503789	[INFO]	XnProperty.cpp	151	Property Depth1.BytesPerPixel was changed to 2.
 6503816	[INFO]	XnProperty.cpp	151	Property Depth1.RequiredDataSize was changed to 153600.
 6503850	[INFO]	XnProperty.cpp	151	Property Depth1.ParamCoeff was changed to 4.
 6503989	[INFO]	XnProperty.cpp	151	Property Depth1.ShiftScale was changed to 10.
 6516367	[INFO]	XnProperty.cpp	151	Property Depth1.ConstShift was changed to 200.
 6516496	[INFO]	XnProperty.cpp	151	Property Depth1.ZPD was changed to 120.
 6516731	[INFO]	XnProperty.cpp	151	Property Depth1.ZPPS was changed to 0.104200.
 6516771	[INFO]	XnProperty.cpp	151	Property Depth1.LDDIS was changed to 7.500000.
 6516954	[INFO]	XnProperty.cpp	151	Property Depth1.Gain was changed to 30.
 6517007	[INFO]	XnDeviceBase.cpp	1458	Stream 'Depth1' was initialized.
 6517041	[INFO]	XnDeviceBase.cpp	1463	'Depth1' stream was created.
 6517334	[INFO]	XnProperty.cpp	74	Setting Depth1.InputFormat to 3...
 6517378	[INFO]	XnProperty.cpp	151	Property Depth1.InputFormat was changed to 3.
 6517409	[INFO]	XnProperty.cpp	101	Depth1.InputFormat was successfully set.
 6518267	[INFO]	XnProperty.cpp	74	Setting Depth1.RegistrationType to 2...
 6518297	[INFO]	XnProperty.cpp	151	Property Depth1.RegistrationType was changed to 2.
 6518316	[INFO]	XnProperty.cpp	101	Depth1.RegistrationType was successfully set.
 6519263	[INFO]	XnDeviceModule.cpp	431	Module 'Depth1' configuration was loaded from file.
 6519537	[INFO]	XnProperty.cpp	74	Setting Depth1.FPS to 30...
 6519577	[INFO]	XnProperty.cpp	86	Depth1.FPS value did not change.
 6519609	[INFO]	XnProperty.cpp	74	Setting Depth1.YRes to 480...
 6519645	[INFO]	XnProperty.cpp	151	Property Depth1.Resolution was changed to 1.
 6519676	[INFO]	XnProperty.cpp	151	Property Depth1.XRes was changed to 640.
 6519706	[INFO]	XnProperty.cpp	151	Property Depth1.RequiredDataSize was changed to 307200.
 6519739	[INFO]	XnProperty.cpp	151	Property Depth1.YRes was changed to 480.
 6519769	[INFO]	XnProperty.cpp	151	Property Depth1.RequiredDataSize was changed to 614400.
 6519802	[INFO]	XnProperty.cpp	101	Depth1.YRes was successfully set.
 6519834	[INFO]	XnProperty.cpp	74	Setting Depth1.XRes to 640...
 6519861	[INFO]	XnProperty.cpp	86	Depth1.XRes value did not change.
 6519949	[INFO]	XnProperty.cpp	74	Setting Depth1.Mirror to 1...
 6519986	[INFO]	XnProperty.cpp	151	Property Depth1.FirmwareMirror was changed to 1.
 6520065	[INFO]	XnProperty.cpp	151	Property Depth1.Mirror was changed to 1.
 6520096	[INFO]	XnProperty.cpp	101	Depth1.Mirror was successfully set.
 9943357	[INFO]	XnOpenNI.cpp	1261	Creating node 'User1' of type User...
 9968645	[WARNING]	Linux-x86Threads.cpp	173	Failed to set thread priority: Invalid argument
 9968693	[WARNING]	XnUSBLinux-x86.cpp	126	USB events thread: Failed to set thread priority to critical. This might cause loss of data...
 9969587	[INFO]	XnUSBLinux-x86.cpp	1222	USB read thread was started.
 9969613	[INFO]	XnProperty.cpp	151	Property Depth1.ActualReadData was changed to 1.
10439989	[INFO]	XnProperty.cpp	151	Property Depth1.State was changed to 1.
10440033	[INFO]	XnDeviceBase.cpp	370	Stream Depth1 is open.
13822594	[INFO]	XnOpenNI.cpp	1261	Creating node 'Image1' of type Image...
13822648	[INFO]	XnDeviceBase.cpp	1383	Creating stream 'Image1' of type 'Image'...
13822866	[INFO]	XnProperty.cpp	151	Property Image1.Resolution was changed to 0.
13822890	[INFO]	XnProperty.cpp	151	Property Image1.XRes was changed to 320.
13822909	[INFO]	XnProperty.cpp	151	Property Image1.YRes was changed to 240.
13822928	[INFO]	XnProperty.cpp	151	Property Image1.FPS was changed to 30.
13822946	[INFO]	XnProperty.cpp	151	Property Image1.OutputFormat was changed to 5.
13822965	[INFO]	XnProperty.cpp	151	Property Image1.BytesPerPixel was changed to 3.
13822986	[INFO]	XnProperty.cpp	151	Property Image1.RequiredDataSize was changed to 230400.
13823026	[INFO]	XnDeviceBase.cpp	1458	Stream 'Image1' was initialized.
13823048	[INFO]	XnDeviceBase.cpp	1463	'Image1' stream was created.
13823186	[INFO]	XnProperty.cpp	74	Setting Image1.InputFormat to 6...
13823217	[INFO]	XnProperty.cpp	151	Property Image1.InputFormat was changed to 6.
13823238	[INFO]	XnProperty.cpp	101	Image1.InputFormat was successfully set.
13823809	[INFO]	XnDeviceModule.cpp	431	Module 'Image1' configuration was loaded from file.
13823912	[INFO]	XnProperty.cpp	74	Setting Image1.FPS to 30...
13823929	[INFO]	XnProperty.cpp	86	Image1.FPS value did not change.
13823941	[INFO]	XnProperty.cpp	74	Setting Image1.YRes to 480...
13823959	[INFO]	XnProperty.cpp	151	Property Image1.Resolution was changed to 1.
13823974	[INFO]	XnProperty.cpp	151	Property Image1.XRes was changed to 640.
13823991	[INFO]	XnProperty.cpp	151	Property Image1.RequiredDataSize was changed to 460800.
13824010	[INFO]	XnProperty.cpp	151	Property Image1.YRes was changed to 480.
13824027	[INFO]	XnProperty.cpp	151	Property Image1.RequiredDataSize was changed to 921600.
13824042	[INFO]	XnProperty.cpp	101	Image1.YRes was successfully set.
13824055	[INFO]	XnProperty.cpp	74	Setting Image1.XRes to 640...
13824065	[INFO]	XnProperty.cpp	86	Image1.XRes value did not change.
13825027	[INFO]	XnUSBLinux-x86.cpp	1222	USB read thread was started.
13825061	[INFO]	XnProperty.cpp	151	Property Image1.ActualReadData was changed to 1.
14008948	[WARNING]	XnDepthProcessor.cpp	133	Read: Depth buffer is corrupt. Size is 538944 (!= 614400)
14009007	[WARNING]	XnFrameStreamProcessor.cpp	132	Depth frame is corrupt!
17025579	[INFO]	XnProperty.cpp	151	Property Image1.State was changed to 1.
17025624	[INFO]	XnDeviceBase.cpp	370	Stream Image1 is open.
17025825	[INFO]	XnProperty.cpp	74	Setting Depth1.Registration to 1...
17044997	[WARNING]	XnDepthProcessor.cpp	133	Read: Depth buffer is corrupt. Size is 586160 (!= 614400)
17045054	[WARNING]	XnFrameStreamProcessor.cpp	132	Depth frame is corrupt!
17177941	[INFO]	XnProperty.cpp	151	Property Depth1.Registration was changed to 1.
17177986	[INFO]	XnProperty.cpp	101	Depth1.Registration was successfully set.
17178036	[INFO]	XnProperty.cpp	74	Setting Image1.Mirror to 1...
17190605	[INFO]	XnProperty.cpp	151	Property Image1.FirmwareMirror was changed to 1.
17190636	[INFO]	XnProperty.cpp	151	Property Image1.Mirror was changed to 1.
17190650	[INFO]	XnProperty.cpp	101	Image1.Mirror was successfully set.
35558068	[INFO]	XnOpenNI.cpp	1459	Destroying node 'User1'
35564219	[INFO]	XnOpenNI.cpp	1459	Destroying node 'Depth1'
35564316	[INFO]	XnDeviceBase.cpp	1507	Destroying stream 'Depth1'...
35565392	[INFO]	XnOpenNI.cpp	1459	Destroying node 'Image1'
35565468	[INFO]	XnDeviceBase.cpp	1507	Destroying stream 'Image1'...
35566390	[INFO]	XnOpenNI.cpp	1459	Destroying node 'Device1'
