   88964	[INFO]	XnLog.cpp	165	OpenNI version is 1.0.0 (Build 25)-MacOSX (Jan  7 2011 14:20:18)
   89300	[INFO]	XnLog.cpp	173	Log system initialized. Console: 1, File: 1, Severity: INFO, Masks: ALL
   89348	[INFO]	XnLog.cpp	173	Log system initialized. Console: 1, File: 1, Severity: INFO, Masks: ALL
   91070	[INFO]	XnUSBLinux-x86.cpp	98	USB is initialized.
 4107790	[INFO]	XnOpenNI.cpp	1261	Creating node 'Device1' of type Device...
 4109089	[INFO]	XnDeviceModule.cpp	431	Module 'Device' configuration was loaded from file.
 4565735	[INFO]	XnDeviceSensorIO.cpp	135	Connected to USB device
 4565789	[INFO]	XnProperty.cpp	151	Property Device.USBPath was changed to 045e/02ae@250/11.
 4573069	[INFO]	XnHostProtocol.cpp	825	Hardware versions: FW=5.1.4 (7) HW=4 Chip=2 Sensor=4 SYS=7
 5984222	[INFO]	XnProperty.cpp	151	Property Device.ID was changed to 0.
 5984312	[INFO]	XnSensor.cpp	182	Device sensor initialized
 5984457	[INFO]	XnOpenNI.cpp	1261	Creating node 'Depth1' of type Depth...
 5984547	[INFO]	XnDeviceBase.cpp	1383	Creating stream 'Depth1' of type 'Depth'...
 5984594	[INFO]	XnProperty.cpp	74	Setting Device.ReadData to 1...
 5984667	[INFO]	XnDeviceSensorIO.cpp	298	Endpoints open
 5997179	[INFO]	XnProperty.cpp	151	Property Device.ReadData was changed to 1.
 5997231	[INFO]	XnProperty.cpp	101	Device.ReadData was successfully set.
 5997859	[INFO]	XnProperty.cpp	151	Property Depth1.Resolution was changed to 0.
 5997898	[INFO]	XnProperty.cpp	151	Property Depth1.XRes was changed to 320.
 5997931	[INFO]	XnProperty.cpp	151	Property Depth1.YRes was changed to 240.
 5997970	[INFO]	XnProperty.cpp	151	Property Depth1.FPS was changed to 30.
 5998004	[INFO]	XnProperty.cpp	151	Property Depth1.OutputFormat was changed to 1.
 5998039	[INFO]	XnProperty.cpp	151	Property Depth1.BytesPerPixel was changed to 2.
 5998066	[INFO]	XnProperty.cpp	151	Property Depth1.RequiredDataSize was changed to 153600.
 5998102	[INFO]	XnProperty.cpp	151	Property Depth1.ParamCoeff was changed to 4.
 5998240	[INFO]	XnProperty.cpp	151	Property Depth1.ShiftScale was changed to 10.
 6010859	[INFO]	XnProperty.cpp	151	Property Depth1.ConstShift was changed to 200.
 6010984	[INFO]	XnProperty.cpp	151	Property Depth1.ZPD was changed to 120.
 6011205	[INFO]	XnProperty.cpp	151	Property Depth1.ZPPS was changed to 0.104200.
 6011254	[INFO]	XnProperty.cpp	151	Property Depth1.LDDIS was changed to 7.500000.
 6011485	[INFO]	XnProperty.cpp	151	Property Depth1.Gain was changed to 30.
 6011550	[INFO]	XnDeviceBase.cpp	1458	Stream 'Depth1' was initialized.
 6011591	[INFO]	XnDeviceBase.cpp	1463	'Depth1' stream was created.
 6011970	[INFO]	XnProperty.cpp	74	Setting Depth1.InputFormat to 3...
 6012028	[INFO]	XnProperty.cpp	151	Property Depth1.InputFormat was changed to 3.
 6012068	[INFO]	XnProperty.cpp	101	Depth1.InputFormat was successfully set.
 6013008	[INFO]	XnProperty.cpp	74	Setting Depth1.RegistrationType to 2...
 6013038	[INFO]	XnProperty.cpp	151	Property Depth1.RegistrationType was changed to 2.
 6013057	[INFO]	XnProperty.cpp	101	Depth1.RegistrationType was successfully set.
 6013878	[INFO]	XnDeviceModule.cpp	431	Module 'Depth1' configuration was loaded from file.
 6014148	[INFO]	XnProperty.cpp	74	Setting Depth1.FPS to 30...
 6014179	[INFO]	XnProperty.cpp	86	Depth1.FPS value did not change.
 6014206	[INFO]	XnProperty.cpp	74	Setting Depth1.YRes to 480...
 6014238	[INFO]	XnProperty.cpp	151	Property Depth1.Resolution was changed to 1.
 6014267	[INFO]	XnProperty.cpp	151	Property Depth1.XRes was changed to 640.
 6014293	[INFO]	XnProperty.cpp	151	Property Depth1.RequiredDataSize was changed to 307200.
 6014314	[INFO]	XnProperty.cpp	151	Property Depth1.YRes was changed to 480.
 6014332	[INFO]	XnProperty.cpp	151	Property Depth1.RequiredDataSize was changed to 614400.
 6014352	[INFO]	XnProperty.cpp	101	Depth1.YRes was successfully set.
 6014375	[INFO]	XnProperty.cpp	74	Setting Depth1.XRes to 640...
 6014398	[INFO]	XnProperty.cpp	86	Depth1.XRes value did not change.
 6014479	[INFO]	XnProperty.cpp	74	Setting Depth1.Mirror to 1...
 6014506	[INFO]	XnProperty.cpp	151	Property Depth1.FirmwareMirror was changed to 1.
 6014560	[INFO]	XnProperty.cpp	151	Property Depth1.Mirror was changed to 1.
 6014586	[INFO]	XnProperty.cpp	101	Depth1.Mirror was successfully set.
 9436216	[INFO]	XnOpenNI.cpp	1261	Creating node 'User1' of type User...
 9461601	[WARNING]	Linux-x86Threads.cpp	173	Failed to set thread priority: Invalid argument
 9461647	[WARNING]	XnUSBLinux-x86.cpp	126	USB events thread: Failed to set thread priority to critical. This might cause loss of data...
 9462508	[INFO]	XnUSBLinux-x86.cpp	1222	USB read thread was started.
 9462532	[INFO]	XnProperty.cpp	151	Property Depth1.ActualReadData was changed to 1.
 9933249	[INFO]	XnProperty.cpp	151	Property Depth1.State was changed to 1.
 9933294	[INFO]	XnDeviceBase.cpp	370	Stream Depth1 is open.
13315757	[INFO]	XnOpenNI.cpp	1261	Creating node 'Image1' of type Image...
13315809	[INFO]	XnDeviceBase.cpp	1383	Creating stream 'Image1' of type 'Image'...
13316023	[INFO]	XnProperty.cpp	151	Property Image1.Resolution was changed to 0.
13316044	[INFO]	XnProperty.cpp	151	Property Image1.XRes was changed to 320.
13316058	[INFO]	XnProperty.cpp	151	Property Image1.YRes was changed to 240.
13316076	[INFO]	XnProperty.cpp	151	Property Image1.FPS was changed to 30.
13316094	[INFO]	XnProperty.cpp	151	Property Image1.OutputFormat was changed to 5.
13316111	[INFO]	XnProperty.cpp	151	Property Image1.BytesPerPixel was changed to 3.
13316129	[INFO]	XnProperty.cpp	151	Property Image1.RequiredDataSize was changed to 230400.
13316163	[INFO]	XnDeviceBase.cpp	1458	Stream 'Image1' was initialized.
13316177	[INFO]	XnDeviceBase.cpp	1463	'Image1' stream was created.
13316283	[INFO]	XnProperty.cpp	74	Setting Image1.InputFormat to 6...
13316310	[INFO]	XnProperty.cpp	151	Property Image1.InputFormat was changed to 6.
13316328	[INFO]	XnProperty.cpp	101	Image1.InputFormat was successfully set.
13316782	[INFO]	XnDeviceModule.cpp	431	Module 'Image1' configuration was loaded from file.
13316895	[INFO]	XnProperty.cpp	74	Setting Image1.FPS to 30...
13316918	[INFO]	XnProperty.cpp	86	Image1.FPS value did not change.
13316938	[INFO]	XnProperty.cpp	74	Setting Image1.YRes to 480...
13316958	[INFO]	XnProperty.cpp	151	Property Image1.Resolution was changed to 1.
13316977	[INFO]	XnProperty.cpp	151	Property Image1.XRes was changed to 640.
13316994	[INFO]	XnProperty.cpp	151	Property Image1.RequiredDataSize was changed to 460800.
13317015	[INFO]	XnProperty.cpp	151	Property Image1.YRes was changed to 480.
13317034	[INFO]	XnProperty.cpp	151	Property Image1.RequiredDataSize was changed to 921600.
13317053	[INFO]	XnProperty.cpp	101	Image1.YRes was successfully set.
13317072	[INFO]	XnProperty.cpp	74	Setting Image1.XRes to 640...
13317088	[INFO]	XnProperty.cpp	86	Image1.XRes value did not change.
13318081	[INFO]	XnUSBLinux-x86.cpp	1222	USB read thread was started.
13318114	[INFO]	XnProperty.cpp	151	Property Image1.ActualReadData was changed to 1.
13501985	[WARNING]	XnDepthProcessor.cpp	133	Read: Depth buffer is corrupt. Size is 559200 (!= 614400)
13502033	[WARNING]	XnFrameStreamProcessor.cpp	132	Depth frame is corrupt!
16518473	[INFO]	XnProperty.cpp	151	Property Image1.State was changed to 1.
16518517	[INFO]	XnDeviceBase.cpp	370	Stream Image1 is open.
16518713	[INFO]	XnProperty.cpp	74	Setting Depth1.Registration to 1...
16538045	[WARNING]	XnDepthProcessor.cpp	133	Read: Depth buffer is corrupt. Size is 597664 (!= 614400)
16538100	[WARNING]	XnFrameStreamProcessor.cpp	132	Depth frame is corrupt!
16670858	[INFO]	XnProperty.cpp	151	Property Depth1.Registration was changed to 1.
16670910	[INFO]	XnProperty.cpp	101	Depth1.Registration was successfully set.
16670959	[INFO]	XnProperty.cpp	74	Setting Image1.Mirror to 1...
16683351	[INFO]	XnProperty.cpp	151	Property Image1.FirmwareMirror was changed to 1.
16683376	[INFO]	XnProperty.cpp	151	Property Image1.Mirror was changed to 1.
16683390	[INFO]	XnProperty.cpp	101	Image1.Mirror was successfully set.
44440622	[INFO]	XnOpenNI.cpp	1459	Destroying node 'User1'
44447181	[INFO]	XnOpenNI.cpp	1459	Destroying node 'Depth1'
44447294	[INFO]	XnDeviceBase.cpp	1507	Destroying stream 'Depth1'...
44448751	[INFO]	XnOpenNI.cpp	1459	Destroying node 'Image1'
44448956	[INFO]	XnDeviceBase.cpp	1507	Destroying stream 'Image1'...
44449910	[INFO]	XnOpenNI.cpp	1459	Destroying node 'Device1'
