   77952	[INFO]	XnLog.cpp	165	OpenNI version is 1.0.0 (Build 25)-MacOSX (Jan  7 2011 14:20:18)
   78003	[INFO]	XnLog.cpp	173	Log system initialized. Console: 1, File: 1, Severity: INFO, Masks: ALL
   78027	[INFO]	XnLog.cpp	173	Log system initialized. Console: 1, File: 1, Severity: INFO, Masks: ALL
   83651	[INFO]	XnUSBLinux-x86.cpp	98	USB is initialized.
 4106004	[INFO]	XnOpenNI.cpp	1261	Creating node 'Device1' of type Device...
 4106924	[INFO]	XnDeviceModule.cpp	431	Module 'Device' configuration was loaded from file.
 4560173	[INFO]	XnDeviceSensorIO.cpp	135	Connected to USB device
 4560232	[INFO]	XnProperty.cpp	151	Property Device.USBPath was changed to 045e/02ae@250/11.
 4567433	[INFO]	XnHostProtocol.cpp	825	Hardware versions: FW=5.1.4 (7) HW=4 Chip=2 Sensor=4 SYS=7
 5977891	[INFO]	XnProperty.cpp	151	Property Device.ID was changed to 0.
 5977952	[INFO]	XnSensor.cpp	182	Device sensor initialized
 5978065	[INFO]	XnOpenNI.cpp	1261	Creating node 'Depth1' of type Depth...
 5978132	[INFO]	XnDeviceBase.cpp	1383	Creating stream 'Depth1' of type 'Depth'...
 5978164	[INFO]	XnProperty.cpp	74	Setting Device.ReadData to 1...
 5978215	[INFO]	XnDeviceSensorIO.cpp	298	Endpoints open
 5990781	[INFO]	XnProperty.cpp	151	Property Device.ReadData was changed to 1.
 5990806	[INFO]	XnProperty.cpp	101	Device.ReadData was successfully set.
 5991269	[INFO]	XnProperty.cpp	151	Property Depth1.Resolution was changed to 0.
 5991294	[INFO]	XnProperty.cpp	151	Property Depth1.XRes was changed to 320.
 5991309	[INFO]	XnProperty.cpp	151	Property Depth1.YRes was changed to 240.
 5991324	[INFO]	XnProperty.cpp	151	Property Depth1.FPS was changed to 30.
 5991344	[INFO]	XnProperty.cpp	151	Property Depth1.OutputFormat was changed to 1.
 5991365	[INFO]	XnProperty.cpp	151	Property Depth1.BytesPerPixel was changed to 2.
 5991387	[INFO]	XnProperty.cpp	151	Property Depth1.RequiredDataSize was changed to 153600.
 5991413	[INFO]	XnProperty.cpp	151	Property Depth1.ParamCoeff was changed to 4.
 5991499	[INFO]	XnProperty.cpp	151	Property Depth1.ShiftScale was changed to 10.
 6003710	[INFO]	XnProperty.cpp	151	Property Depth1.ConstShift was changed to 200.
 6003783	[INFO]	XnProperty.cpp	151	Property Depth1.ZPD was changed to 120.
 6003900	[INFO]	XnProperty.cpp	151	Property Depth1.ZPPS was changed to 0.104200.
 6003926	[INFO]	XnProperty.cpp	151	Property Depth1.LDDIS was changed to 7.500000.
 6004052	[INFO]	XnProperty.cpp	151	Property Depth1.Gain was changed to 30.
 6004092	[INFO]	XnDeviceBase.cpp	1458	Stream 'Depth1' was initialized.
 6004115	[INFO]	XnDeviceBase.cpp	1463	'Depth1' stream was created.
 6004320	[INFO]	XnProperty.cpp	74	Setting Depth1.InputFormat to 3...
 6004353	[INFO]	XnProperty.cpp	151	Property Depth1.InputFormat was changed to 3.
 6004374	[INFO]	XnProperty.cpp	101	Depth1.InputFormat was successfully set.
 6004970	[INFO]	XnProperty.cpp	74	Setting Depth1.RegistrationType to 2...
 6004991	[INFO]	XnProperty.cpp	151	Property Depth1.RegistrationType was changed to 2.
 6005005	[INFO]	XnProperty.cpp	101	Depth1.RegistrationType was successfully set.
 6005619	[INFO]	XnDeviceModule.cpp	431	Module 'Depth1' configuration was loaded from file.
 6005844	[INFO]	XnProperty.cpp	74	Setting Depth1.FPS to 30...
 6005871	[INFO]	XnProperty.cpp	86	Depth1.FPS value did not change.
 6005890	[INFO]	XnProperty.cpp	74	Setting Depth1.YRes to 480...
 6005911	[INFO]	XnProperty.cpp	151	Property Depth1.Resolution was changed to 1.
 6005933	[INFO]	XnProperty.cpp	151	Property Depth1.XRes was changed to 640.
 6005951	[INFO]	XnProperty.cpp	151	Property Depth1.RequiredDataSize was changed to 307200.
 6005973	[INFO]	XnProperty.cpp	151	Property Depth1.YRes was changed to 480.
 6005992	[INFO]	XnProperty.cpp	151	Property Depth1.RequiredDataSize was changed to 614400.
 6006014	[INFO]	XnProperty.cpp	101	Depth1.YRes was successfully set.
 6006035	[INFO]	XnProperty.cpp	74	Setting Depth1.XRes to 640...
 6006052	[INFO]	XnProperty.cpp	86	Depth1.XRes value did not change.
 6006114	[INFO]	XnProperty.cpp	74	Setting Depth1.Mirror to 1...
 6006139	[INFO]	XnProperty.cpp	151	Property Depth1.FirmwareMirror was changed to 1.
 6006200	[INFO]	XnProperty.cpp	151	Property Depth1.Mirror was changed to 1.
 6006220	[INFO]	XnProperty.cpp	101	Depth1.Mirror was successfully set.
 9400785	[INFO]	XnOpenNI.cpp	1261	Creating node 'User1' of type User...
 9427241	[WARNING]	Linux-x86Threads.cpp	173	Failed to set thread priority: Invalid argument
 9427297	[WARNING]	XnUSBLinux-x86.cpp	126	USB events thread: Failed to set thread priority to critical. This might cause loss of data...
 9428175	[INFO]	XnUSBLinux-x86.cpp	1222	USB read thread was started.
 9428199	[INFO]	XnProperty.cpp	151	Property Depth1.ActualReadData was changed to 1.
 9898254	[INFO]	XnProperty.cpp	151	Property Depth1.State was changed to 1.
 9898299	[INFO]	XnDeviceBase.cpp	370	Stream Depth1 is open.
13286621	[INFO]	XnOpenNI.cpp	1261	Creating node 'Image1' of type Image...
13286675	[INFO]	XnDeviceBase.cpp	1383	Creating stream 'Image1' of type 'Image'...
13286910	[INFO]	XnProperty.cpp	151	Property Image1.Resolution was changed to 0.
13286937	[INFO]	XnProperty.cpp	151	Property Image1.XRes was changed to 320.
13286958	[INFO]	XnProperty.cpp	151	Property Image1.YRes was changed to 240.
13286977	[INFO]	XnProperty.cpp	151	Property Image1.FPS was changed to 30.
13286994	[INFO]	XnProperty.cpp	151	Property Image1.OutputFormat was changed to 5.
13287013	[INFO]	XnProperty.cpp	151	Property Image1.BytesPerPixel was changed to 3.
13287033	[INFO]	XnProperty.cpp	151	Property Image1.RequiredDataSize was changed to 230400.
13287078	[INFO]	XnDeviceBase.cpp	1458	Stream 'Image1' was initialized.
13287099	[INFO]	XnDeviceBase.cpp	1463	'Image1' stream was created.
13287240	[INFO]	XnProperty.cpp	74	Setting Image1.InputFormat to 6...
13287273	[INFO]	XnProperty.cpp	151	Property Image1.InputFormat was changed to 6.
13287293	[INFO]	XnProperty.cpp	101	Image1.InputFormat was successfully set.
13287879	[INFO]	XnDeviceModule.cpp	431	Module 'Image1' configuration was loaded from file.
13287983	[INFO]	XnProperty.cpp	74	Setting Image1.FPS to 30...
13288007	[INFO]	XnProperty.cpp	86	Image1.FPS value did not change.
13288027	[INFO]	XnProperty.cpp	74	Setting Image1.YRes to 480...
13288047	[INFO]	XnProperty.cpp	151	Property Image1.Resolution was changed to 1.
13288067	[INFO]	XnProperty.cpp	151	Property Image1.XRes was changed to 640.
13288086	[INFO]	XnProperty.cpp	151	Property Image1.RequiredDataSize was changed to 460800.
13288108	[INFO]	XnProperty.cpp	151	Property Image1.YRes was changed to 480.
13288127	[INFO]	XnProperty.cpp	151	Property Image1.RequiredDataSize was changed to 921600.
13288146	[INFO]	XnProperty.cpp	101	Image1.YRes was successfully set.
13288165	[INFO]	XnProperty.cpp	74	Setting Image1.XRes to 640...
13288183	[INFO]	XnProperty.cpp	86	Image1.XRes value did not change.
13289173	[INFO]	XnUSBLinux-x86.cpp	1222	USB read thread was started.
13289201	[INFO]	XnProperty.cpp	151	Property Image1.ActualReadData was changed to 1.
13451611	[WARNING]	XnFirmwareStreams.cpp	324	Unknown packet type (0x4848)!!!
13467599	[WARNING]	XnDepthProcessor.cpp	133	Read: Depth buffer is corrupt. Size is 543808 (!= 614400)
13467624	[WARNING]	XnFrameStreamProcessor.cpp	132	Depth frame is corrupt!
13499607	[WARNING]	XnDepthProcessor.cpp	133	Read: Depth buffer is corrupt. Size is 594144 (!= 614400)
13499638	[WARNING]	XnFrameStreamProcessor.cpp	132	Depth frame is corrupt!
16367692	[WARNING]	XnDepthProcessor.cpp	133	Read: Depth buffer is corrupt. Size is 596016 (!= 614400)
16367738	[WARNING]	XnFrameStreamProcessor.cpp	132	Depth frame is corrupt!
16489982	[INFO]	XnProperty.cpp	151	Property Image1.State was changed to 1.
16490027	[INFO]	XnDeviceBase.cpp	370	Stream Image1 is open.
16490236	[INFO]	XnProperty.cpp	74	Setting Depth1.Registration to 1...
16503648	[WARNING]	XnDepthProcessor.cpp	133	Read: Depth buffer is corrupt. Size is 588688 (!= 614400)
16503692	[WARNING]	XnFrameStreamProcessor.cpp	132	Depth frame is corrupt!
16535669	[WARNING]	XnDepthProcessor.cpp	133	Read: Depth buffer is corrupt. Size is 584208 (!= 614400)
16535718	[WARNING]	XnFrameStreamProcessor.cpp	132	Depth frame is corrupt!
16642979	[INFO]	XnProperty.cpp	151	Property Depth1.Registration was changed to 1.
16643058	[INFO]	XnProperty.cpp	101	Depth1.Registration was successfully set.
16643108	[INFO]	XnProperty.cpp	74	Setting Image1.Mirror to 1...
16655517	[INFO]	XnProperty.cpp	151	Property Image1.FirmwareMirror was changed to 1.
16655555	[INFO]	XnProperty.cpp	151	Property Image1.Mirror was changed to 1.
16655573	[INFO]	XnProperty.cpp	101	Image1.Mirror was successfully set.
141371883	[INFO]	XnOpenNI.cpp	1459	Destroying node 'User1'
141378834	[INFO]	XnOpenNI.cpp	1459	Destroying node 'Depth1'
141378932	[INFO]	XnDeviceBase.cpp	1507	Destroying stream 'Depth1'...
141379999	[INFO]	XnOpenNI.cpp	1459	Destroying node 'Image1'
141380034	[INFO]	XnDeviceBase.cpp	1507	Destroying stream 'Image1'...
141380983	[INFO]	XnOpenNI.cpp	1459	Destroying node 'Device1'
