   51404	[INFO]	XnLog.cpp	165	OpenNI version is 1.0.0 (Build 25)-MacOSX (Jan  7 2011 14:20:18)
   51457	[INFO]	XnLog.cpp	173	Log system initialized. Console: 1, File: 1, Severity: INFO, Masks: ALL
   51481	[INFO]	XnLog.cpp	173	Log system initialized. Console: 1, File: 1, Severity: INFO, Masks: ALL
   56657	[INFO]	XnUSBLinux-x86.cpp	98	USB is initialized.
 4414276	[INFO]	XnOpenNI.cpp	1261	Creating node 'Device1' of type Device...
 4415754	[INFO]	XnDeviceModule.cpp	431	Module 'Device' configuration was loaded from file.
 5028297	[INFO]	XnDeviceSensorIO.cpp	135	Connected to USB device
 5028354	[INFO]	XnProperty.cpp	151	Property Device.USBPath was changed to 045e/02ae@250/11.
 5035831	[INFO]	XnHostProtocol.cpp	825	Hardware versions: FW=5.1.4 (7) HW=4 Chip=2 Sensor=4 SYS=7
 6447014	[INFO]	XnProperty.cpp	151	Property Device.ID was changed to 0.
 6447092	[INFO]	XnSensor.cpp	182	Device sensor initialized
 6447237	[INFO]	XnOpenNI.cpp	1261	Creating node 'Depth1' of type Depth...
 6447312	[INFO]	XnDeviceBase.cpp	1383	Creating stream 'Depth1' of type 'Depth'...
 6447349	[INFO]	XnProperty.cpp	74	Setting Device.ReadData to 1...
 6447408	[INFO]	XnDeviceSensorIO.cpp	298	Endpoints open
 6459820	[INFO]	XnProperty.cpp	151	Property Device.ReadData was changed to 1.
 6459859	[INFO]	XnProperty.cpp	101	Device.ReadData was successfully set.
 6460465	[INFO]	XnProperty.cpp	151	Property Depth1.Resolution was changed to 0.
 6460498	[INFO]	XnProperty.cpp	151	Property Depth1.XRes was changed to 320.
 6460519	[INFO]	XnProperty.cpp	151	Property Depth1.YRes was changed to 240.
 6460539	[INFO]	XnProperty.cpp	151	Property Depth1.FPS was changed to 30.
 6460567	[INFO]	XnProperty.cpp	151	Property Depth1.OutputFormat was changed to 1.
 6460597	[INFO]	XnProperty.cpp	151	Property Depth1.BytesPerPixel was changed to 2.
 6460627	[INFO]	XnProperty.cpp	151	Property Depth1.RequiredDataSize was changed to 153600.
 6460664	[INFO]	XnProperty.cpp	151	Property Depth1.ParamCoeff was changed to 4.
 6460785	[INFO]	XnProperty.cpp	151	Property Depth1.ShiftScale was changed to 10.
 6473426	[INFO]	XnProperty.cpp	151	Property Depth1.ConstShift was changed to 200.
 6473564	[INFO]	XnProperty.cpp	151	Property Depth1.ZPD was changed to 120.
 6474143	[INFO]	XnProperty.cpp	151	Property Depth1.ZPPS was changed to 0.104200.
 6474396	[INFO]	XnProperty.cpp	151	Property Depth1.LDDIS was changed to 7.500000.
 6475147	[INFO]	XnProperty.cpp	151	Property Depth1.Gain was changed to 30.
 6475416	[INFO]	XnDeviceBase.cpp	1458	Stream 'Depth1' was initialized.
 6475572	[INFO]	XnDeviceBase.cpp	1463	'Depth1' stream was created.
 6476666	[INFO]	XnProperty.cpp	74	Setting Depth1.InputFormat to 3...
 6476704	[INFO]	XnProperty.cpp	151	Property Depth1.InputFormat was changed to 3.
 6476732	[INFO]	XnProperty.cpp	101	Depth1.InputFormat was successfully set.
 6477536	[INFO]	XnProperty.cpp	74	Setting Depth1.RegistrationType to 2...
 6477561	[INFO]	XnProperty.cpp	151	Property Depth1.RegistrationType was changed to 2.
 6477584	[INFO]	XnProperty.cpp	101	Depth1.RegistrationType was successfully set.
 6478275	[INFO]	XnDeviceModule.cpp	431	Module 'Depth1' configuration was loaded from file.
 6478513	[INFO]	XnProperty.cpp	74	Setting Depth1.FPS to 30...
 6478546	[INFO]	XnProperty.cpp	86	Depth1.FPS value did not change.
 6478573	[INFO]	XnProperty.cpp	74	Setting Depth1.YRes to 480...
 6478602	[INFO]	XnProperty.cpp	151	Property Depth1.Resolution was changed to 1.
 6478628	[INFO]	XnProperty.cpp	151	Property Depth1.XRes was changed to 640.
 6478653	[INFO]	XnProperty.cpp	151	Property Depth1.RequiredDataSize was changed to 307200.
 6478682	[INFO]	XnProperty.cpp	151	Property Depth1.YRes was changed to 480.
 6478707	[INFO]	XnProperty.cpp	151	Property Depth1.RequiredDataSize was changed to 614400.
 6478734	[INFO]	XnProperty.cpp	101	Depth1.YRes was successfully set.
 6478760	[INFO]	XnProperty.cpp	74	Setting Depth1.XRes to 640...
 6478783	[INFO]	XnProperty.cpp	86	Depth1.XRes value did not change.
 6478859	[INFO]	XnProperty.cpp	74	Setting Depth1.Mirror to 1...
 6478890	[INFO]	XnProperty.cpp	151	Property Depth1.FirmwareMirror was changed to 1.
 6478957	[INFO]	XnProperty.cpp	151	Property Depth1.Mirror was changed to 1.
 6478982	[INFO]	XnProperty.cpp	101	Depth1.Mirror was successfully set.
 9354914	[INFO]	XnOpenNI.cpp	1261	Creating node 'User1' of type User...
 9380354	[WARNING]	Linux-x86Threads.cpp	173	Failed to set thread priority: Invalid argument
 9380404	[WARNING]	XnUSBLinux-x86.cpp	126	USB events thread: Failed to set thread priority to critical. This might cause loss of data...
 9381281	[INFO]	XnUSBLinux-x86.cpp	1222	USB read thread was started.
 9381306	[INFO]	XnProperty.cpp	151	Property Depth1.ActualReadData was changed to 1.
 9851507	[INFO]	XnProperty.cpp	151	Property Depth1.State was changed to 1.
 9851551	[INFO]	XnDeviceBase.cpp	370	Stream Depth1 is open.
12366681	[INFO]	XnOpenNI.cpp	1261	Creating node 'Image1' of type Image...
12366734	[INFO]	XnDeviceBase.cpp	1383	Creating stream 'Image1' of type 'Image'...
12366971	[INFO]	XnProperty.cpp	151	Property Image1.Resolution was changed to 0.
12366997	[INFO]	XnProperty.cpp	151	Property Image1.XRes was changed to 320.
12367017	[INFO]	XnProperty.cpp	151	Property Image1.YRes was changed to 240.
12367037	[INFO]	XnProperty.cpp	151	Property Image1.FPS was changed to 30.
12367055	[INFO]	XnProperty.cpp	151	Property Image1.OutputFormat was changed to 5.
12367073	[INFO]	XnProperty.cpp	151	Property Image1.BytesPerPixel was changed to 3.
12367089	[INFO]	XnProperty.cpp	151	Property Image1.RequiredDataSize was changed to 230400.
12367130	[INFO]	XnDeviceBase.cpp	1458	Stream 'Image1' was initialized.
12367151	[INFO]	XnDeviceBase.cpp	1463	'Image1' stream was created.
12367287	[INFO]	XnProperty.cpp	74	Setting Image1.InputFormat to 6...
12367318	[INFO]	XnProperty.cpp	151	Property Image1.InputFormat was changed to 6.
12367339	[INFO]	XnProperty.cpp	101	Image1.InputFormat was successfully set.
12367908	[INFO]	XnDeviceModule.cpp	431	Module 'Image1' configuration was loaded from file.
12368025	[INFO]	XnProperty.cpp	74	Setting Image1.FPS to 30...
12368048	[INFO]	XnProperty.cpp	86	Image1.FPS value did not change.
12368068	[INFO]	XnProperty.cpp	74	Setting Image1.YRes to 480...
12368087	[INFO]	XnProperty.cpp	151	Property Image1.Resolution was changed to 1.
12368107	[INFO]	XnProperty.cpp	151	Property Image1.XRes was changed to 640.
12368126	[INFO]	XnProperty.cpp	151	Property Image1.RequiredDataSize was changed to 460800.
12368146	[INFO]	XnProperty.cpp	151	Property Image1.YRes was changed to 480.
12368165	[INFO]	XnProperty.cpp	151	Property Image1.RequiredDataSize was changed to 921600.
12368183	[INFO]	XnProperty.cpp	101	Image1.YRes was successfully set.
12368203	[INFO]	XnProperty.cpp	74	Setting Image1.XRes to 640...
12368220	[INFO]	XnProperty.cpp	86	Image1.XRes value did not change.
12369231	[INFO]	XnUSBLinux-x86.cpp	1222	USB read thread was started.
12369265	[INFO]	XnProperty.cpp	151	Property Image1.ActualReadData was changed to 1.
12552943	[WARNING]	XnDepthProcessor.cpp	133	Read: Depth buffer is corrupt. Size is 528560 (!= 614400)
12552994	[WARNING]	XnFrameStreamProcessor.cpp	132	Depth frame is corrupt!
15569442	[INFO]	XnProperty.cpp	151	Property Image1.State was changed to 1.
15569487	[INFO]	XnDeviceBase.cpp	370	Stream Image1 is open.
15569688	[INFO]	XnProperty.cpp	74	Setting Depth1.Registration to 1...
15589001	[WARNING]	XnDepthProcessor.cpp	133	Read: Depth buffer is corrupt. Size is 586528 (!= 614400)
15589059	[WARNING]	XnFrameStreamProcessor.cpp	132	Depth frame is corrupt!
15721432	[INFO]	XnProperty.cpp	151	Property Depth1.Registration was changed to 1.
15721477	[INFO]	XnProperty.cpp	101	Depth1.Registration was successfully set.
15721523	[INFO]	XnProperty.cpp	74	Setting Image1.Mirror to 1...
15734277	[INFO]	XnProperty.cpp	151	Property Image1.FirmwareMirror was changed to 1.
15734306	[INFO]	XnProperty.cpp	151	Property Image1.Mirror was changed to 1.
15734319	[INFO]	XnProperty.cpp	101	Image1.Mirror was successfully set.
32920327	[INFO]	XnOpenNI.cpp	1459	Destroying node 'User1'
32927123	[INFO]	XnOpenNI.cpp	1459	Destroying node 'Depth1'
32927219	[INFO]	XnDeviceBase.cpp	1507	Destroying stream 'Depth1'...
32928361	[INFO]	XnOpenNI.cpp	1459	Destroying node 'Image1'
32928583	[INFO]	XnDeviceBase.cpp	1507	Destroying stream 'Image1'...
32929559	[INFO]	XnOpenNI.cpp	1459	Destroying node 'Device1'
