   31858	[INFO]	XnLog.cpp	165	OpenNI version is 1.0.0 (Build 25)-MacOSX (Jan  7 2011 14:20:18)
   31914	[INFO]	XnLog.cpp	173	Log system initialized. Console: 1, File: 1, Severity: INFO, Masks: ALL
   31940	[INFO]	XnLog.cpp	173	Log system initialized. Console: 1, File: 1, Severity: INFO, Masks: ALL
   42445	[INFO]	XnUSBLinux-x86.cpp	98	USB is initialized.
 4072117	[INFO]	XnOpenNI.cpp	1261	Creating node 'Device1' of type Device...
 4073120	[INFO]	XnDeviceModule.cpp	431	Module 'Device' configuration was loaded from file.
 4527750	[INFO]	XnDeviceSensorIO.cpp	135	Connected to USB device
 4527804	[INFO]	XnProperty.cpp	151	Property Device.USBPath was changed to 045e/02ae@250/11.
 4603814	[INFO]	XnHostProtocol.cpp	825	Hardware versions: FW=5.1.4 (7) HW=4 Chip=2 Sensor=4 SYS=7
 6013954	[INFO]	XnProperty.cpp	151	Property Device.ID was changed to 0.
 6014043	[INFO]	XnSensor.cpp	182	Device sensor initialized
 6014232	[INFO]	XnOpenNI.cpp	1261	Creating node 'Depth1' of type Depth...
 6014325	[INFO]	XnDeviceBase.cpp	1383	Creating stream 'Depth1' of type 'Depth'...
 6014371	[INFO]	XnProperty.cpp	74	Setting Device.ReadData to 1...
 6014447	[INFO]	XnDeviceSensorIO.cpp	298	Endpoints open
 6026813	[INFO]	XnProperty.cpp	151	Property Device.ReadData was changed to 1.
 6026858	[INFO]	XnProperty.cpp	101	Device.ReadData was successfully set.
 6027577	[INFO]	XnProperty.cpp	151	Property Depth1.Resolution was changed to 0.
 6027617	[INFO]	XnProperty.cpp	151	Property Depth1.XRes was changed to 320.
 6027646	[INFO]	XnProperty.cpp	151	Property Depth1.YRes was changed to 240.
 6027676	[INFO]	XnProperty.cpp	151	Property Depth1.FPS was changed to 30.
 6027705	[INFO]	XnProperty.cpp	151	Property Depth1.OutputFormat was changed to 1.
 6027731	[INFO]	XnProperty.cpp	151	Property Depth1.BytesPerPixel was changed to 2.
 6027751	[INFO]	XnProperty.cpp	151	Property Depth1.RequiredDataSize was changed to 153600.
 6027780	[INFO]	XnProperty.cpp	151	Property Depth1.ParamCoeff was changed to 4.
 6027891	[INFO]	XnProperty.cpp	151	Property Depth1.ShiftScale was changed to 10.
 6040513	[INFO]	XnProperty.cpp	151	Property Depth1.ConstShift was changed to 200.
 6040668	[INFO]	XnProperty.cpp	151	Property Depth1.ZPD was changed to 120.
 6040935	[INFO]	XnProperty.cpp	151	Property Depth1.ZPPS was changed to 0.104200.
 6040984	[INFO]	XnProperty.cpp	151	Property Depth1.LDDIS was changed to 7.500000.
 6041291	[INFO]	XnProperty.cpp	151	Property Depth1.Gain was changed to 30.
 6041358	[INFO]	XnDeviceBase.cpp	1458	Stream 'Depth1' was initialized.
 6041399	[INFO]	XnDeviceBase.cpp	1463	'Depth1' stream was created.
 6041772	[INFO]	XnProperty.cpp	74	Setting Depth1.InputFormat to 3...
 6041835	[INFO]	XnProperty.cpp	151	Property Depth1.InputFormat was changed to 3.
 6041876	[INFO]	XnProperty.cpp	101	Depth1.InputFormat was successfully set.
 6042988	[INFO]	XnProperty.cpp	74	Setting Depth1.RegistrationType to 2...
 6043019	[INFO]	XnProperty.cpp	151	Property Depth1.RegistrationType was changed to 2.
 6043039	[INFO]	XnProperty.cpp	101	Depth1.RegistrationType was successfully set.
 6043986	[INFO]	XnDeviceModule.cpp	431	Module 'Depth1' configuration was loaded from file.
 6044303	[INFO]	XnProperty.cpp	74	Setting Depth1.FPS to 30...
 6044343	[INFO]	XnProperty.cpp	86	Depth1.FPS value did not change.
 6044376	[INFO]	XnProperty.cpp	74	Setting Depth1.YRes to 480...
 6044407	[INFO]	XnProperty.cpp	151	Property Depth1.Resolution was changed to 1.
 6044437	[INFO]	XnProperty.cpp	151	Property Depth1.XRes was changed to 640.
 6044461	[INFO]	XnProperty.cpp	151	Property Depth1.RequiredDataSize was changed to 307200.
 6044482	[INFO]	XnProperty.cpp	151	Property Depth1.YRes was changed to 480.
 6044500	[INFO]	XnProperty.cpp	151	Property Depth1.RequiredDataSize was changed to 614400.
 6044522	[INFO]	XnProperty.cpp	101	Depth1.YRes was successfully set.
 6044552	[INFO]	XnProperty.cpp	74	Setting Depth1.XRes to 640...
 6044580	[INFO]	XnProperty.cpp	86	Depth1.XRes value did not change.
 6044672	[INFO]	XnProperty.cpp	74	Setting Depth1.Mirror to 1...
 6044708	[INFO]	XnProperty.cpp	151	Property Depth1.FirmwareMirror was changed to 1.
 6044777	[INFO]	XnProperty.cpp	151	Property Depth1.Mirror was changed to 1.
 6044809	[INFO]	XnProperty.cpp	101	Depth1.Mirror was successfully set.
 9470591	[INFO]	XnOpenNI.cpp	1261	Creating node 'User1' of type User...
 9495467	[WARNING]	Linux-x86Threads.cpp	173	Failed to set thread priority: Invalid argument
 9495516	[WARNING]	XnUSBLinux-x86.cpp	126	USB events thread: Failed to set thread priority to critical. This might cause loss of data...
 9496361	[INFO]	XnUSBLinux-x86.cpp	1222	USB read thread was started.
 9496385	[INFO]	XnProperty.cpp	151	Property Depth1.ActualReadData was changed to 1.
 9966755	[INFO]	XnProperty.cpp	151	Property Depth1.State was changed to 1.
 9966805	[INFO]	XnDeviceBase.cpp	370	Stream Depth1 is open.
13346606	[INFO]	XnOpenNI.cpp	1261	Creating node 'Image1' of type Image...
13346659	[INFO]	XnDeviceBase.cpp	1383	Creating stream 'Image1' of type 'Image'...
13346862	[INFO]	XnProperty.cpp	151	Property Image1.Resolution was changed to 0.
13346882	[INFO]	XnProperty.cpp	151	Property Image1.XRes was changed to 320.
13346895	[INFO]	XnProperty.cpp	151	Property Image1.YRes was changed to 240.
13346912	[INFO]	XnProperty.cpp	151	Property Image1.FPS was changed to 30.
13346928	[INFO]	XnProperty.cpp	151	Property Image1.OutputFormat was changed to 5.
13346944	[INFO]	XnProperty.cpp	151	Property Image1.BytesPerPixel was changed to 3.
13346962	[INFO]	XnProperty.cpp	151	Property Image1.RequiredDataSize was changed to 230400.
13347001	[INFO]	XnDeviceBase.cpp	1458	Stream 'Image1' was initialized.
13347018	[INFO]	XnDeviceBase.cpp	1463	'Image1' stream was created.
13347127	[INFO]	XnProperty.cpp	74	Setting Image1.InputFormat to 6...
13347148	[INFO]	XnProperty.cpp	151	Property Image1.InputFormat was changed to 6.
13347166	[INFO]	XnProperty.cpp	101	Image1.InputFormat was successfully set.
13347620	[INFO]	XnDeviceModule.cpp	431	Module 'Image1' configuration was loaded from file.
13347720	[INFO]	XnProperty.cpp	74	Setting Image1.FPS to 30...
13347737	[INFO]	XnProperty.cpp	86	Image1.FPS value did not change.
13347754	[INFO]	XnProperty.cpp	74	Setting Image1.YRes to 480...
13347770	[INFO]	XnProperty.cpp	151	Property Image1.Resolution was changed to 1.
13347787	[INFO]	XnProperty.cpp	151	Property Image1.XRes was changed to 640.
13347805	[INFO]	XnProperty.cpp	151	Property Image1.RequiredDataSize was changed to 460800.
13347824	[INFO]	XnProperty.cpp	151	Property Image1.YRes was changed to 480.
13347840	[INFO]	XnProperty.cpp	151	Property Image1.RequiredDataSize was changed to 921600.
13347853	[INFO]	XnProperty.cpp	101	Image1.YRes was successfully set.
13347865	[INFO]	XnProperty.cpp	74	Setting Image1.XRes to 640...
13347878	[INFO]	XnProperty.cpp	86	Image1.XRes value did not change.
13348818	[INFO]	XnUSBLinux-x86.cpp	1222	USB read thread was started.
13348846	[INFO]	XnProperty.cpp	151	Property Image1.ActualReadData was changed to 1.
13532424	[WARNING]	XnDepthProcessor.cpp	133	Read: Depth buffer is corrupt. Size is 534112 (!= 614400)
13532474	[WARNING]	XnFrameStreamProcessor.cpp	132	Depth frame is corrupt!
16549361	[INFO]	XnProperty.cpp	151	Property Image1.State was changed to 1.
16549406	[INFO]	XnDeviceBase.cpp	370	Stream Image1 is open.
16549605	[INFO]	XnProperty.cpp	74	Setting Depth1.Registration to 1...
16572407	[WARNING]	XnDepthProcessor.cpp	133	Read: Depth buffer is corrupt. Size is 592480 (!= 614400)
16572466	[WARNING]	XnFrameStreamProcessor.cpp	132	Depth frame is corrupt!
16701355	[INFO]	XnProperty.cpp	151	Property Depth1.Registration was changed to 1.
16701401	[INFO]	XnProperty.cpp	101	Depth1.Registration was successfully set.
16701454	[INFO]	XnProperty.cpp	74	Setting Image1.Mirror to 1...
16713883	[INFO]	XnProperty.cpp	151	Property Image1.FirmwareMirror was changed to 1.
16713913	[INFO]	XnProperty.cpp	151	Property Image1.Mirror was changed to 1.
16713925	[INFO]	XnProperty.cpp	101	Image1.Mirror was successfully set.
41170294	[INFO]	XnOpenNI.cpp	1459	Destroying node 'User1'
41176836	[INFO]	XnOpenNI.cpp	1459	Destroying node 'Depth1'
41176935	[INFO]	XnDeviceBase.cpp	1507	Destroying stream 'Depth1'...
41178226	[INFO]	XnOpenNI.cpp	1459	Destroying node 'Image1'
41178311	[INFO]	XnDeviceBase.cpp	1507	Destroying stream 'Image1'...
41179497	[INFO]	XnOpenNI.cpp	1459	Destroying node 'Device1'
