   22053	[INFO]	XnLog.cpp	165	OpenNI version is 1.0.0 (Build 25)-MacOSX (Jan  7 2011 14:20:18)
   22113	[INFO]	XnLog.cpp	173	Log system initialized. Console: 1, File: 1, Severity: INFO, Masks: ALL
   22147	[INFO]	XnLog.cpp	173	Log system initialized. Console: 1, File: 1, Severity: INFO, Masks: ALL
   23817	[INFO]	XnUSBLinux-x86.cpp	98	USB is initialized.
 4062389	[INFO]	XnOpenNI.cpp	1261	Creating node 'Device1' of type Device...
 4063220	[INFO]	XnDeviceModule.cpp	431	Module 'Device' configuration was loaded from file.
 4514716	[INFO]	XnDeviceSensorIO.cpp	135	Connected to USB device
 4514774	[INFO]	XnProperty.cpp	151	Property Device.USBPath was changed to 045e/02ae@250/11.
 4522125	[INFO]	XnHostProtocol.cpp	825	Hardware versions: FW=5.1.4 (7) HW=4 Chip=2 Sensor=4 SYS=7
 5930800	[INFO]	XnProperty.cpp	151	Property Device.ID was changed to 0.
 5930898	[INFO]	XnSensor.cpp	182	Device sensor initialized
 5931008	[INFO]	XnOpenNI.cpp	1261	Creating node 'Depth1' of type Depth...
 5931053	[INFO]	XnDeviceBase.cpp	1383	Creating stream 'Depth1' of type 'Depth'...
 5931080	[INFO]	XnProperty.cpp	74	Setting Device.ReadData to 1...
 5931119	[INFO]	XnDeviceSensorIO.cpp	298	Endpoints open
 5943160	[INFO]	XnProperty.cpp	151	Property Device.ReadData was changed to 1.
 5943188	[INFO]	XnProperty.cpp	101	Device.ReadData was successfully set.
 5943604	[INFO]	XnProperty.cpp	151	Property Depth1.Resolution was changed to 0.
 5943626	[INFO]	XnProperty.cpp	151	Property Depth1.XRes was changed to 320.
 5943645	[INFO]	XnProperty.cpp	151	Property Depth1.YRes was changed to 240.
 5943663	[INFO]	XnProperty.cpp	151	Property Depth1.FPS was changed to 30.
 5943680	[INFO]	XnProperty.cpp	151	Property Depth1.OutputFormat was changed to 1.
 5943700	[INFO]	XnProperty.cpp	151	Property Depth1.BytesPerPixel was changed to 2.
 5943719	[INFO]	XnProperty.cpp	151	Property Depth1.RequiredDataSize was changed to 153600.
 5943743	[INFO]	XnProperty.cpp	151	Property Depth1.ParamCoeff was changed to 4.
 5943816	[INFO]	XnProperty.cpp	151	Property Depth1.ShiftScale was changed to 10.
 5956434	[INFO]	XnProperty.cpp	151	Property Depth1.ConstShift was changed to 200.
 5956527	[INFO]	XnProperty.cpp	151	Property Depth1.ZPD was changed to 120.
 5956644	[INFO]	XnProperty.cpp	151	Property Depth1.ZPPS was changed to 0.104200.
 5956668	[INFO]	XnProperty.cpp	151	Property Depth1.LDDIS was changed to 7.500000.
 5956789	[INFO]	XnProperty.cpp	151	Property Depth1.Gain was changed to 30.
 5956830	[INFO]	XnDeviceBase.cpp	1458	Stream 'Depth1' was initialized.
 5956852	[INFO]	XnDeviceBase.cpp	1463	'Depth1' stream was created.
 5957082	[INFO]	XnProperty.cpp	74	Setting Depth1.InputFormat to 3...
 5957116	[INFO]	XnProperty.cpp	151	Property Depth1.InputFormat was changed to 3.
 5957135	[INFO]	XnProperty.cpp	101	Depth1.InputFormat was successfully set.
 5957710	[INFO]	XnProperty.cpp	74	Setting Depth1.RegistrationType to 2...
 5957730	[INFO]	XnProperty.cpp	151	Property Depth1.RegistrationType was changed to 2.
 5957742	[INFO]	XnProperty.cpp	101	Depth1.RegistrationType was successfully set.
 5958320	[INFO]	XnDeviceModule.cpp	431	Module 'Depth1' configuration was loaded from file.
 5958563	[INFO]	XnProperty.cpp	74	Setting Depth1.FPS to 30...
 5958587	[INFO]	XnProperty.cpp	86	Depth1.FPS value did not change.
 5958605	[INFO]	XnProperty.cpp	74	Setting Depth1.YRes to 480...
 5958626	[INFO]	XnProperty.cpp	151	Property Depth1.Resolution was changed to 1.
 5958645	[INFO]	XnProperty.cpp	151	Property Depth1.XRes was changed to 640.
 5958661	[INFO]	XnProperty.cpp	151	Property Depth1.RequiredDataSize was changed to 307200.
 5958676	[INFO]	XnProperty.cpp	151	Property Depth1.YRes was changed to 480.
 5958687	[INFO]	XnProperty.cpp	151	Property Depth1.RequiredDataSize was changed to 614400.
 5958700	[INFO]	XnProperty.cpp	101	Depth1.YRes was successfully set.
 5958718	[INFO]	XnProperty.cpp	74	Setting Depth1.XRes to 640...
 5958735	[INFO]	XnProperty.cpp	86	Depth1.XRes value did not change.
 5958798	[INFO]	XnProperty.cpp	74	Setting Depth1.Mirror to 1...
 5958821	[INFO]	XnProperty.cpp	151	Property Depth1.FirmwareMirror was changed to 1.
 5958883	[INFO]	XnProperty.cpp	151	Property Depth1.Mirror was changed to 1.
 5958903	[INFO]	XnProperty.cpp	101	Depth1.Mirror was successfully set.
 9358503	[INFO]	XnOpenNI.cpp	1261	Creating node 'User1' of type User...
 9382871	[WARNING]	Linux-x86Threads.cpp	173	Failed to set thread priority: Invalid argument
 9382919	[WARNING]	XnUSBLinux-x86.cpp	126	USB events thread: Failed to set thread priority to critical. This might cause loss of data...
 9383813	[INFO]	XnUSBLinux-x86.cpp	1222	USB read thread was started.
 9383837	[INFO]	XnProperty.cpp	151	Property Depth1.ActualReadData was changed to 1.
 9855068	[INFO]	XnProperty.cpp	151	Property Depth1.State was changed to 1.
 9855114	[INFO]	XnDeviceBase.cpp	370	Stream Depth1 is open.
13257481	[INFO]	XnOpenNI.cpp	1261	Creating node 'Image1' of type Image...
13257538	[INFO]	XnDeviceBase.cpp	1383	Creating stream 'Image1' of type 'Image'...
13257787	[INFO]	XnProperty.cpp	151	Property Image1.Resolution was changed to 0.
13257814	[INFO]	XnProperty.cpp	151	Property Image1.XRes was changed to 320.
13257835	[INFO]	XnProperty.cpp	151	Property Image1.YRes was changed to 240.
13257857	[INFO]	XnProperty.cpp	151	Property Image1.FPS was changed to 30.
13257874	[INFO]	XnProperty.cpp	151	Property Image1.OutputFormat was changed to 5.
13257893	[INFO]	XnProperty.cpp	151	Property Image1.BytesPerPixel was changed to 3.
13257913	[INFO]	XnProperty.cpp	151	Property Image1.RequiredDataSize was changed to 230400.
13257953	[INFO]	XnDeviceBase.cpp	1458	Stream 'Image1' was initialized.
13257975	[INFO]	XnDeviceBase.cpp	1463	'Image1' stream was created.
13258107	[INFO]	XnProperty.cpp	74	Setting Image1.InputFormat to 6...
13258138	[INFO]	XnProperty.cpp	151	Property Image1.InputFormat was changed to 6.
13258159	[INFO]	XnProperty.cpp	101	Image1.InputFormat was successfully set.
13258684	[INFO]	XnDeviceModule.cpp	431	Module 'Image1' configuration was loaded from file.
13258791	[INFO]	XnProperty.cpp	74	Setting Image1.FPS to 30...
13258814	[INFO]	XnProperty.cpp	86	Image1.FPS value did not change.
13258833	[INFO]	XnProperty.cpp	74	Setting Image1.YRes to 480...
13258853	[INFO]	XnProperty.cpp	151	Property Image1.Resolution was changed to 1.
13258873	[INFO]	XnProperty.cpp	151	Property Image1.XRes was changed to 640.
13258892	[INFO]	XnProperty.cpp	151	Property Image1.RequiredDataSize was changed to 460800.
13258913	[INFO]	XnProperty.cpp	151	Property Image1.YRes was changed to 480.
13258932	[INFO]	XnProperty.cpp	151	Property Image1.RequiredDataSize was changed to 921600.
13258950	[INFO]	XnProperty.cpp	101	Image1.YRes was successfully set.
13258970	[INFO]	XnProperty.cpp	74	Setting Image1.XRes to 640...
13258987	[INFO]	XnProperty.cpp	86	Image1.XRes value did not change.
13259950	[INFO]	XnUSBLinux-x86.cpp	1222	USB read thread was started.
13259980	[INFO]	XnProperty.cpp	151	Property Image1.ActualReadData was changed to 1.
13455568	[WARNING]	XnDepthProcessor.cpp	133	Read: Depth buffer is corrupt. Size is 562944 (!= 614400)
13455654	[WARNING]	XnFrameStreamProcessor.cpp	132	Depth frame is corrupt!
16460633	[INFO]	XnProperty.cpp	151	Property Image1.State was changed to 1.
16460688	[INFO]	XnDeviceBase.cpp	370	Stream Image1 is open.
16460883	[INFO]	XnProperty.cpp	74	Setting Depth1.Registration to 1...
16612651	[INFO]	XnProperty.cpp	151	Property Depth1.Registration was changed to 1.
16612699	[INFO]	XnProperty.cpp	101	Depth1.Registration was successfully set.
16612757	[INFO]	XnProperty.cpp	74	Setting Image1.Mirror to 1...
16625126	[INFO]	XnProperty.cpp	151	Property Image1.FirmwareMirror was changed to 1.
16625167	[INFO]	XnProperty.cpp	151	Property Image1.Mirror was changed to 1.
16625179	[INFO]	XnProperty.cpp	101	Image1.Mirror was successfully set.
70036738	[INFO]	XnOpenNI.cpp	1459	Destroying node 'User1'
70043630	[INFO]	XnOpenNI.cpp	1459	Destroying node 'Depth1'
70043753	[INFO]	XnDeviceBase.cpp	1507	Destroying stream 'Depth1'...
70045044	[INFO]	XnOpenNI.cpp	1459	Destroying node 'Image1'
70045089	[INFO]	XnDeviceBase.cpp	1507	Destroying stream 'Image1'...
70046083	[INFO]	XnOpenNI.cpp	1459	Destroying node 'Device1'
