    2767	[INFO]	XnLog.cpp	165	OpenNI version is 1.0.0 (Build 25)-MacOSX (Jan  7 2011 14:20:18)
    2823	[INFO]	XnLog.cpp	173	Log system initialized. Console: 1, File: 1, Severity: INFO, Masks: ALL
    2855	[INFO]	XnLog.cpp	173	Log system initialized. Console: 1, File: 1, Severity: INFO, Masks: ALL
   40564	[INFO]	XnUSBLinux-x86.cpp	98	USB is initialized.
 4057453	[INFO]	XnOpenNI.cpp	1261	Creating node 'Device1' of type Device...
 4058293	[INFO]	XnDeviceModule.cpp	431	Module 'Device' configuration was loaded from file.
 4512366	[INFO]	XnDeviceSensorIO.cpp	135	Connected to USB device
 4512417	[INFO]	XnProperty.cpp	151	Property Device.USBPath was changed to 045e/02ae@250/11.
 4519824	[INFO]	XnHostProtocol.cpp	825	Hardware versions: FW=5.1.4 (7) HW=4 Chip=2 Sensor=4 SYS=7
 5939730	[INFO]	XnProperty.cpp	151	Property Device.ID was changed to 0.
 5939815	[INFO]	XnSensor.cpp	182	Device sensor initialized
 5939975	[INFO]	XnOpenNI.cpp	1261	Creating node 'Depth1' of type Depth...
 5940065	[INFO]	XnDeviceBase.cpp	1383	Creating stream 'Depth1' of type 'Depth'...
 5940112	[INFO]	XnProperty.cpp	74	Setting Device.ReadData to 1...
 5940189	[INFO]	XnDeviceSensorIO.cpp	298	Endpoints open
 5952759	[INFO]	XnProperty.cpp	151	Property Device.ReadData was changed to 1.
 5952807	[INFO]	XnProperty.cpp	101	Device.ReadData was successfully set.
 5953559	[INFO]	XnProperty.cpp	151	Property Depth1.Resolution was changed to 0.
 5953601	[INFO]	XnProperty.cpp	151	Property Depth1.XRes was changed to 320.
 5953633	[INFO]	XnProperty.cpp	151	Property Depth1.YRes was changed to 240.
 5953673	[INFO]	XnProperty.cpp	151	Property Depth1.FPS was changed to 30.
 5953706	[INFO]	XnProperty.cpp	151	Property Depth1.OutputFormat was changed to 1.
 5953741	[INFO]	XnProperty.cpp	151	Property Depth1.BytesPerPixel was changed to 2.
 5953768	[INFO]	XnProperty.cpp	151	Property Depth1.RequiredDataSize was changed to 153600.
 5953799	[INFO]	XnProperty.cpp	151	Property Depth1.ParamCoeff was changed to 4.
 5953938	[INFO]	XnProperty.cpp	151	Property Depth1.ShiftScale was changed to 10.
 5966661	[INFO]	XnProperty.cpp	151	Property Depth1.ConstShift was changed to 200.
 5966822	[INFO]	XnProperty.cpp	151	Property Depth1.ZPD was changed to 120.
 5967085	[INFO]	XnProperty.cpp	151	Property Depth1.ZPPS was changed to 0.104200.
 5967132	[INFO]	XnProperty.cpp	151	Property Depth1.LDDIS was changed to 7.500000.
 5967362	[INFO]	XnProperty.cpp	151	Property Depth1.Gain was changed to 30.
 5967426	[INFO]	XnDeviceBase.cpp	1458	Stream 'Depth1' was initialized.
 5967467	[INFO]	XnDeviceBase.cpp	1463	'Depth1' stream was created.
 5967840	[INFO]	XnProperty.cpp	74	Setting Depth1.InputFormat to 3...
 5967899	[INFO]	XnProperty.cpp	151	Property Depth1.InputFormat was changed to 3.
 5967939	[INFO]	XnProperty.cpp	101	Depth1.InputFormat was successfully set.
 5969116	[INFO]	XnProperty.cpp	74	Setting Depth1.RegistrationType to 2...
 5969147	[INFO]	XnProperty.cpp	151	Property Depth1.RegistrationType was changed to 2.
 5969166	[INFO]	XnProperty.cpp	101	Depth1.RegistrationType was successfully set.
 5970032	[INFO]	XnDeviceModule.cpp	431	Module 'Depth1' configuration was loaded from file.
 5970324	[INFO]	XnProperty.cpp	74	Setting Depth1.FPS to 30...
 5970360	[INFO]	XnProperty.cpp	86	Depth1.FPS value did not change.
 5970392	[INFO]	XnProperty.cpp	74	Setting Depth1.YRes to 480...
 5970426	[INFO]	XnProperty.cpp	151	Property Depth1.Resolution was changed to 1.
 5970459	[INFO]	XnProperty.cpp	151	Property Depth1.XRes was changed to 640.
 5970488	[INFO]	XnProperty.cpp	151	Property Depth1.RequiredDataSize was changed to 307200.
 5970519	[INFO]	XnProperty.cpp	151	Property Depth1.YRes was changed to 480.
 5970549	[INFO]	XnProperty.cpp	151	Property Depth1.RequiredDataSize was changed to 614400.
 5970581	[INFO]	XnProperty.cpp	101	Depth1.YRes was successfully set.
 5970615	[INFO]	XnProperty.cpp	74	Setting Depth1.XRes to 640...
 5970642	[INFO]	XnProperty.cpp	86	Depth1.XRes value did not change.
 5970734	[INFO]	XnProperty.cpp	74	Setting Depth1.Mirror to 1...
 5970770	[INFO]	XnProperty.cpp	151	Property Depth1.FirmwareMirror was changed to 1.
 5970843	[INFO]	XnProperty.cpp	151	Property Depth1.Mirror was changed to 1.
 5970873	[INFO]	XnProperty.cpp	101	Depth1.Mirror was successfully set.
 9387922	[INFO]	XnOpenNI.cpp	1261	Creating node 'User1' of type User...
 9413436	[WARNING]	Linux-x86Threads.cpp	173	Failed to set thread priority: Invalid argument
 9413482	[WARNING]	XnUSBLinux-x86.cpp	126	USB events thread: Failed to set thread priority to critical. This might cause loss of data...
 9414361	[INFO]	XnUSBLinux-x86.cpp	1222	USB read thread was started.
 9414384	[INFO]	XnProperty.cpp	151	Property Depth1.ActualReadData was changed to 1.
 9884528	[INFO]	XnProperty.cpp	151	Property Depth1.State was changed to 1.
 9884571	[INFO]	XnDeviceBase.cpp	370	Stream Depth1 is open.
13266491	[INFO]	XnOpenNI.cpp	1261	Creating node 'Image1' of type Image...
13266547	[INFO]	XnDeviceBase.cpp	1383	Creating stream 'Image1' of type 'Image'...
13266750	[INFO]	XnProperty.cpp	151	Property Image1.Resolution was changed to 0.
13266770	[INFO]	XnProperty.cpp	151	Property Image1.XRes was changed to 320.
13266783	[INFO]	XnProperty.cpp	151	Property Image1.YRes was changed to 240.
13266795	[INFO]	XnProperty.cpp	151	Property Image1.FPS was changed to 30.
13266806	[INFO]	XnProperty.cpp	151	Property Image1.OutputFormat was changed to 5.
13266817	[INFO]	XnProperty.cpp	151	Property Image1.BytesPerPixel was changed to 3.
13266829	[INFO]	XnProperty.cpp	151	Property Image1.RequiredDataSize was changed to 230400.
13266870	[INFO]	XnDeviceBase.cpp	1458	Stream 'Image1' was initialized.
13266894	[INFO]	XnDeviceBase.cpp	1463	'Image1' stream was created.
13267003	[INFO]	XnProperty.cpp	74	Setting Image1.InputFormat to 6...
13267023	[INFO]	XnProperty.cpp	151	Property Image1.InputFormat was changed to 6.
13267035	[INFO]	XnProperty.cpp	101	Image1.InputFormat was successfully set.
13267498	[INFO]	XnDeviceModule.cpp	431	Module 'Image1' configuration was loaded from file.
13267592	[INFO]	XnProperty.cpp	74	Setting Image1.FPS to 30...
13267614	[INFO]	XnProperty.cpp	86	Image1.FPS value did not change.
13267632	[INFO]	XnProperty.cpp	74	Setting Image1.YRes to 480...
13267651	[INFO]	XnProperty.cpp	151	Property Image1.Resolution was changed to 1.
13267670	[INFO]	XnProperty.cpp	151	Property Image1.XRes was changed to 640.
13267689	[INFO]	XnProperty.cpp	151	Property Image1.RequiredDataSize was changed to 460800.
13267709	[INFO]	XnProperty.cpp	151	Property Image1.YRes was changed to 480.
13267727	[INFO]	XnProperty.cpp	151	Property Image1.RequiredDataSize was changed to 921600.
13267747	[INFO]	XnProperty.cpp	101	Image1.YRes was successfully set.
13267767	[INFO]	XnProperty.cpp	74	Setting Image1.XRes to 640...
13267783	[INFO]	XnProperty.cpp	86	Image1.XRes value did not change.
13268772	[INFO]	XnUSBLinux-x86.cpp	1222	USB read thread was started.
13268798	[INFO]	XnProperty.cpp	151	Property Image1.ActualReadData was changed to 1.
13450291	[WARNING]	XnDepthProcessor.cpp	133	Read: Depth buffer is corrupt. Size is 544224 (!= 614400)
13450342	[WARNING]	XnFrameStreamProcessor.cpp	132	Depth frame is corrupt!
16469622	[INFO]	XnProperty.cpp	151	Property Image1.State was changed to 1.
16469666	[INFO]	XnDeviceBase.cpp	370	Stream Image1 is open.
16469858	[INFO]	XnProperty.cpp	74	Setting Depth1.Registration to 1...
16490284	[WARNING]	XnDepthProcessor.cpp	133	Read: Depth buffer is corrupt. Size is 599056 (!= 614400)
16490329	[WARNING]	XnFrameStreamProcessor.cpp	132	Depth frame is corrupt!
16621609	[INFO]	XnProperty.cpp	151	Property Depth1.Registration was changed to 1.
16621664	[INFO]	XnProperty.cpp	101	Depth1.Registration was successfully set.
16621724	[INFO]	XnProperty.cpp	74	Setting Image1.Mirror to 1...
16634127	[INFO]	XnProperty.cpp	151	Property Image1.FirmwareMirror was changed to 1.
16634175	[INFO]	XnProperty.cpp	151	Property Image1.Mirror was changed to 1.
16634193	[INFO]	XnProperty.cpp	101	Image1.Mirror was successfully set.
44804653	[INFO]	XnOpenNI.cpp	1459	Destroying node 'User1'
44810888	[INFO]	XnOpenNI.cpp	1459	Destroying node 'Depth1'
44810982	[INFO]	XnDeviceBase.cpp	1507	Destroying stream 'Depth1'...
44812202	[INFO]	XnOpenNI.cpp	1459	Destroying node 'Image1'
44812280	[INFO]	XnDeviceBase.cpp	1507	Destroying stream 'Image1'...
44813267	[INFO]	XnOpenNI.cpp	1459	Destroying node 'Device1'
