   47637	[INFO]	XnLog.cpp	165	OpenNI version is 1.0.0 (Build 25)-MacOSX (Jan  7 2011 14:20:18)
   47690	[INFO]	XnLog.cpp	173	Log system initialized. Console: 1, File: 1, Severity: INFO, Masks: ALL
   47729	[INFO]	XnLog.cpp	173	Log system initialized. Console: 1, File: 1, Severity: INFO, Masks: ALL
   50386	[INFO]	XnUSBLinux-x86.cpp	98	USB is initialized.
 4241483	[INFO]	XnOpenNI.cpp	1261	Creating node 'Device1' of type Device...
 4242311	[INFO]	XnDeviceModule.cpp	431	Module 'Device' configuration was loaded from file.
 4687820	[INFO]	XnDeviceSensorIO.cpp	135	Connected to USB device
 4687879	[INFO]	XnProperty.cpp	151	Property Device.USBPath was changed to 045e/02ae@250/11.
 4695765	[INFO]	XnHostProtocol.cpp	825	Hardware versions: FW=5.1.4 (7) HW=4 Chip=2 Sensor=4 SYS=7
 6091020	[INFO]	XnProperty.cpp	151	Property Device.ID was changed to 0.
 6091086	[INFO]	XnSensor.cpp	182	Device sensor initialized
 6091221	[INFO]	XnOpenNI.cpp	1261	Creating node 'Depth1' of type Depth...
 6091281	[INFO]	XnDeviceBase.cpp	1383	Creating stream 'Depth1' of type 'Depth'...
 6091306	[INFO]	XnProperty.cpp	74	Setting Device.ReadData to 1...
 6091350	[INFO]	XnDeviceSensorIO.cpp	298	Endpoints open
 6103525	[INFO]	XnProperty.cpp	151	Property Device.ReadData was changed to 1.
 6103559	[INFO]	XnProperty.cpp	101	Device.ReadData was successfully set.
 6104145	[INFO]	XnProperty.cpp	151	Property Depth1.Resolution was changed to 0.
 6104174	[INFO]	XnProperty.cpp	151	Property Depth1.XRes was changed to 320.
 6104198	[INFO]	XnProperty.cpp	151	Property Depth1.YRes was changed to 240.
 6104223	[INFO]	XnProperty.cpp	151	Property Depth1.FPS was changed to 30.
 6104245	[INFO]	XnProperty.cpp	151	Property Depth1.OutputFormat was changed to 1.
 6104268	[INFO]	XnProperty.cpp	151	Property Depth1.BytesPerPixel was changed to 2.
 6104286	[INFO]	XnProperty.cpp	151	Property Depth1.RequiredDataSize was changed to 153600.
 6104308	[INFO]	XnProperty.cpp	151	Property Depth1.ParamCoeff was changed to 4.
 6104400	[INFO]	XnProperty.cpp	151	Property Depth1.ShiftScale was changed to 10.
 6116627	[INFO]	XnProperty.cpp	151	Property Depth1.ConstShift was changed to 200.
 6116713	[INFO]	XnProperty.cpp	151	Property Depth1.ZPD was changed to 120.
 6116870	[INFO]	XnProperty.cpp	151	Property Depth1.ZPPS was changed to 0.104200.
 6116903	[INFO]	XnProperty.cpp	151	Property Depth1.LDDIS was changed to 7.500000.
 6117057	[INFO]	XnProperty.cpp	151	Property Depth1.Gain was changed to 30.
 6117105	[INFO]	XnDeviceBase.cpp	1458	Stream 'Depth1' was initialized.
 6117133	[INFO]	XnDeviceBase.cpp	1463	'Depth1' stream was created.
 6117382	[INFO]	XnProperty.cpp	74	Setting Depth1.InputFormat to 3...
 6117420	[INFO]	XnProperty.cpp	151	Property Depth1.InputFormat was changed to 3.
 6117448	[INFO]	XnProperty.cpp	101	Depth1.InputFormat was successfully set.
 6118232	[INFO]	XnProperty.cpp	74	Setting Depth1.RegistrationType to 2...
 6118258	[INFO]	XnProperty.cpp	151	Property Depth1.RegistrationType was changed to 2.
 6118274	[INFO]	XnProperty.cpp	101	Depth1.RegistrationType was successfully set.
 6118963	[INFO]	XnDeviceModule.cpp	431	Module 'Depth1' configuration was loaded from file.
 6119154	[INFO]	XnProperty.cpp	74	Setting Depth1.FPS to 30...
 6119183	[INFO]	XnProperty.cpp	86	Depth1.FPS value did not change.
 6119206	[INFO]	XnProperty.cpp	74	Setting Depth1.YRes to 480...
 6119231	[INFO]	XnProperty.cpp	151	Property Depth1.Resolution was changed to 1.
 6119255	[INFO]	XnProperty.cpp	151	Property Depth1.XRes was changed to 640.
 6119276	[INFO]	XnProperty.cpp	151	Property Depth1.RequiredDataSize was changed to 307200.
 6119300	[INFO]	XnProperty.cpp	151	Property Depth1.YRes was changed to 480.
 6119321	[INFO]	XnProperty.cpp	151	Property Depth1.RequiredDataSize was changed to 614400.
 6119343	[INFO]	XnProperty.cpp	101	Depth1.YRes was successfully set.
 6119367	[INFO]	XnProperty.cpp	74	Setting Depth1.XRes to 640...
 6119387	[INFO]	XnProperty.cpp	86	Depth1.XRes value did not change.
 6119454	[INFO]	XnProperty.cpp	74	Setting Depth1.Mirror to 1...
 6119482	[INFO]	XnProperty.cpp	151	Property Depth1.FirmwareMirror was changed to 1.
 6119547	[INFO]	XnProperty.cpp	151	Property Depth1.Mirror was changed to 1.
 6119569	[INFO]	XnProperty.cpp	101	Depth1.Mirror was successfully set.
 9487538	[INFO]	XnOpenNI.cpp	1261	Creating node 'User1' of type User...
 9512553	[WARNING]	Linux-x86Threads.cpp	173	Failed to set thread priority: Invalid argument
 9512601	[WARNING]	XnUSBLinux-x86.cpp	126	USB events thread: Failed to set thread priority to critical. This might cause loss of data...
 9513492	[INFO]	XnUSBLinux-x86.cpp	1222	USB read thread was started.
 9513516	[INFO]	XnProperty.cpp	151	Property Depth1.ActualReadData was changed to 1.
 9983982	[INFO]	XnProperty.cpp	151	Property Depth1.State was changed to 1.
 9984023	[INFO]	XnDeviceBase.cpp	370	Stream Depth1 is open.
13372715	[INFO]	XnOpenNI.cpp	1261	Creating node 'Image1' of type Image...
13372770	[INFO]	XnDeviceBase.cpp	1383	Creating stream 'Image1' of type 'Image'...
13372996	[INFO]	XnProperty.cpp	151	Property Image1.Resolution was changed to 0.
13373022	[INFO]	XnProperty.cpp	151	Property Image1.XRes was changed to 320.
13373042	[INFO]	XnProperty.cpp	151	Property Image1.YRes was changed to 240.
13373061	[INFO]	XnProperty.cpp	151	Property Image1.FPS was changed to 30.
13373080	[INFO]	XnProperty.cpp	151	Property Image1.OutputFormat was changed to 5.
13373099	[INFO]	XnProperty.cpp	151	Property Image1.BytesPerPixel was changed to 3.
13373118	[INFO]	XnProperty.cpp	151	Property Image1.RequiredDataSize was changed to 230400.
13373161	[INFO]	XnDeviceBase.cpp	1458	Stream 'Image1' was initialized.
13373183	[INFO]	XnDeviceBase.cpp	1463	'Image1' stream was created.
13373322	[INFO]	XnProperty.cpp	74	Setting Image1.InputFormat to 6...
13373354	[INFO]	XnProperty.cpp	151	Property Image1.InputFormat was changed to 6.
13373374	[INFO]	XnProperty.cpp	101	Image1.InputFormat was successfully set.
13373928	[INFO]	XnDeviceModule.cpp	431	Module 'Image1' configuration was loaded from file.
13374034	[INFO]	XnProperty.cpp	74	Setting Image1.FPS to 30...
13374055	[INFO]	XnProperty.cpp	86	Image1.FPS value did not change.
13374072	[INFO]	XnProperty.cpp	74	Setting Image1.YRes to 480...
13374088	[INFO]	XnProperty.cpp	151	Property Image1.Resolution was changed to 1.
13374105	[INFO]	XnProperty.cpp	151	Property Image1.XRes was changed to 640.
13374122	[INFO]	XnProperty.cpp	151	Property Image1.RequiredDataSize was changed to 460800.
13374143	[INFO]	XnProperty.cpp	151	Property Image1.YRes was changed to 480.
13374162	[INFO]	XnProperty.cpp	151	Property Image1.RequiredDataSize was changed to 921600.
13374180	[INFO]	XnProperty.cpp	101	Image1.YRes was successfully set.
13374195	[INFO]	XnProperty.cpp	74	Setting Image1.XRes to 640...
13374206	[INFO]	XnProperty.cpp	86	Image1.XRes value did not change.
13375147	[INFO]	XnUSBLinux-x86.cpp	1222	USB read thread was started.
13375178	[INFO]	XnProperty.cpp	151	Property Image1.ActualReadData was changed to 1.
13549083	[WARNING]	XnDepthProcessor.cpp	133	Read: Depth buffer is corrupt. Size is 532656 (!= 614400)
13549133	[WARNING]	XnFrameStreamProcessor.cpp	132	Depth frame is corrupt!
16574804	[INFO]	XnProperty.cpp	151	Property Image1.State was changed to 1.
16574850	[INFO]	XnDeviceBase.cpp	370	Stream Image1 is open.
16575080	[INFO]	XnProperty.cpp	74	Setting Depth1.Registration to 1...
16727088	[INFO]	XnProperty.cpp	151	Property Depth1.Registration was changed to 1.
16727142	[INFO]	XnProperty.cpp	101	Depth1.Registration was successfully set.
16727197	[INFO]	XnProperty.cpp	74	Setting Image1.Mirror to 1...
16739405	[INFO]	XnProperty.cpp	151	Property Image1.FirmwareMirror was changed to 1.
16739441	[INFO]	XnProperty.cpp	151	Property Image1.Mirror was changed to 1.
16739453	[INFO]	XnProperty.cpp	101	Image1.Mirror was successfully set.
