    1975	[INFO]	XnLog.cpp	165	OpenNI version is 1.0.0 (Build 25)-MacOSX (Jan  7 2011 14:20:18)
    2030	[INFO]	XnLog.cpp	173	Log system initialized. Console: 1, File: 1, Severity: INFO, Masks: ALL
    2057	[INFO]	XnLog.cpp	173	Log system initialized. Console: 1, File: 1, Severity: INFO, Masks: ALL
    3580	[INFO]	XnUSBLinux-x86.cpp	98	USB is initialized.
 3822037	[INFO]	XnOpenNI.cpp	1261	Creating node 'Device1' of type Device...
 3823271	[INFO]	XnDeviceModule.cpp	431	Module 'Device' configuration was loaded from file.
 4170870	[INFO]	XnDeviceSensorIO.cpp	135	Connected to USB device
 4170927	[INFO]	XnProperty.cpp	151	Property Device.USBPath was changed to 045e/02ae@250/11.
 4178592	[INFO]	XnHostProtocol.cpp	825	Hardware versions: FW=5.1.4 (7) HW=4 Chip=2 Sensor=4 SYS=7
 5588059	[INFO]	XnProperty.cpp	151	Property Device.ID was changed to 0.
 5588143	[INFO]	XnSensor.cpp	182	Device sensor initialized
 5588301	[INFO]	XnOpenNI.cpp	1261	Creating node 'Depth1' of type Depth...
 5588401	[INFO]	XnDeviceBase.cpp	1383	Creating stream 'Depth1' of type 'Depth'...
 5588448	[INFO]	XnProperty.cpp	74	Setting Device.ReadData to 1...
 5588525	[INFO]	XnDeviceSensorIO.cpp	298	Endpoints open
 5600900	[INFO]	XnProperty.cpp	151	Property Device.ReadData was changed to 1.
 5600932	[INFO]	XnProperty.cpp	101	Device.ReadData was successfully set.
 5601499	[INFO]	XnProperty.cpp	151	Property Depth1.Resolution was changed to 0.
 5601533	[INFO]	XnProperty.cpp	151	Property Depth1.XRes was changed to 320.
 5601555	[INFO]	XnProperty.cpp	151	Property Depth1.YRes was changed to 240.
 5601578	[INFO]	XnProperty.cpp	151	Property Depth1.FPS was changed to 30.
 5601607	[INFO]	XnProperty.cpp	151	Property Depth1.OutputFormat was changed to 1.
 5601637	[INFO]	XnProperty.cpp	151	Property Depth1.BytesPerPixel was changed to 2.
 5601667	[INFO]	XnProperty.cpp	151	Property Depth1.RequiredDataSize was changed to 153600.
 5601704	[INFO]	XnProperty.cpp	151	Property Depth1.ParamCoeff was changed to 4.
 5601828	[INFO]	XnProperty.cpp	151	Property Depth1.ShiftScale was changed to 10.
 5614389	[INFO]	XnProperty.cpp	151	Property Depth1.ConstShift was changed to 200.
 5614474	[INFO]	XnProperty.cpp	151	Property Depth1.ZPD was changed to 120.
 5614630	[INFO]	XnProperty.cpp	151	Property Depth1.ZPPS was changed to 0.104200.
 5614663	[INFO]	XnProperty.cpp	151	Property Depth1.LDDIS was changed to 7.500000.
 5614816	[INFO]	XnProperty.cpp	151	Property Depth1.Gain was changed to 30.
 5614861	[INFO]	XnDeviceBase.cpp	1458	Stream 'Depth1' was initialized.
 5614889	[INFO]	XnDeviceBase.cpp	1463	'Depth1' stream was created.
 5615153	[INFO]	XnProperty.cpp	74	Setting Depth1.InputFormat to 3...
 5615198	[INFO]	XnProperty.cpp	151	Property Depth1.InputFormat was changed to 3.
 5615225	[INFO]	XnProperty.cpp	101	Depth1.InputFormat was successfully set.
 5615943	[INFO]	XnProperty.cpp	74	Setting Depth1.RegistrationType to 2...
 5615969	[INFO]	XnProperty.cpp	151	Property Depth1.RegistrationType was changed to 2.
 5615985	[INFO]	XnProperty.cpp	101	Depth1.RegistrationType was successfully set.
 5616765	[INFO]	XnDeviceModule.cpp	431	Module 'Depth1' configuration was loaded from file.
 5617037	[INFO]	XnProperty.cpp	74	Setting Depth1.FPS to 30...
 5617070	[INFO]	XnProperty.cpp	86	Depth1.FPS value did not change.
 5617094	[INFO]	XnProperty.cpp	74	Setting Depth1.YRes to 480...
 5617122	[INFO]	XnProperty.cpp	151	Property Depth1.Resolution was changed to 1.
 5617146	[INFO]	XnProperty.cpp	151	Property Depth1.XRes was changed to 640.
 5617167	[INFO]	XnProperty.cpp	151	Property Depth1.RequiredDataSize was changed to 307200.
 5617185	[INFO]	XnProperty.cpp	151	Property Depth1.YRes was changed to 480.
 5617200	[INFO]	XnProperty.cpp	151	Property Depth1.RequiredDataSize was changed to 614400.
 5617219	[INFO]	XnProperty.cpp	101	Depth1.YRes was successfully set.
 5617244	[INFO]	XnProperty.cpp	74	Setting Depth1.XRes to 640...
 5617267	[INFO]	XnProperty.cpp	86	Depth1.XRes value did not change.
 5617343	[INFO]	XnProperty.cpp	74	Setting Depth1.Mirror to 1...
 5617373	[INFO]	XnProperty.cpp	151	Property Depth1.FirmwareMirror was changed to 1.
 5617442	[INFO]	XnProperty.cpp	151	Property Depth1.Mirror was changed to 1.
 5617467	[INFO]	XnProperty.cpp	101	Depth1.Mirror was successfully set.
 8164105	[INFO]	XnOpenNI.cpp	1261	Creating node 'User1' of type User...
 8189905	[WARNING]	Linux-x86Threads.cpp	173	Failed to set thread priority: Invalid argument
 8189953	[WARNING]	XnUSBLinux-x86.cpp	126	USB events thread: Failed to set thread priority to critical. This might cause loss of data...
 8190736	[INFO]	XnUSBLinux-x86.cpp	1222	USB read thread was started.
 8190762	[INFO]	XnProperty.cpp	151	Property Depth1.ActualReadData was changed to 1.
 8660906	[INFO]	XnProperty.cpp	151	Property Depth1.State was changed to 1.
 8660951	[INFO]	XnDeviceBase.cpp	370	Stream Depth1 is open.
11830492	[INFO]	XnOpenNI.cpp	1261	Creating node 'Image1' of type Image...
11830549	[INFO]	XnDeviceBase.cpp	1383	Creating stream 'Image1' of type 'Image'...
11830743	[INFO]	XnProperty.cpp	151	Property Image1.Resolution was changed to 0.
11830765	[INFO]	XnProperty.cpp	151	Property Image1.XRes was changed to 320.
11830783	[INFO]	XnProperty.cpp	151	Property Image1.YRes was changed to 240.
11830799	[INFO]	XnProperty.cpp	151	Property Image1.FPS was changed to 30.
11830817	[INFO]	XnProperty.cpp	151	Property Image1.OutputFormat was changed to 5.
11830833	[INFO]	XnProperty.cpp	151	Property Image1.BytesPerPixel was changed to 3.
11830850	[INFO]	XnProperty.cpp	151	Property Image1.RequiredDataSize was changed to 230400.
11830883	[INFO]	XnDeviceBase.cpp	1458	Stream 'Image1' was initialized.
11830896	[INFO]	XnDeviceBase.cpp	1463	'Image1' stream was created.
11831002	[INFO]	XnProperty.cpp	74	Setting Image1.InputFormat to 6...
11831029	[INFO]	XnProperty.cpp	151	Property Image1.InputFormat was changed to 6.
11831048	[INFO]	XnProperty.cpp	101	Image1.InputFormat was successfully set.
11831604	[INFO]	XnDeviceModule.cpp	431	Module 'Image1' configuration was loaded from file.
11831711	[INFO]	XnProperty.cpp	74	Setting Image1.FPS to 30...
11831731	[INFO]	XnProperty.cpp	86	Image1.FPS value did not change.
11831747	[INFO]	XnProperty.cpp	74	Setting Image1.YRes to 480...
11831763	[INFO]	XnProperty.cpp	151	Property Image1.Resolution was changed to 1.
11831781	[INFO]	XnProperty.cpp	151	Property Image1.XRes was changed to 640.
11831797	[INFO]	XnProperty.cpp	151	Property Image1.RequiredDataSize was changed to 460800.
11831815	[INFO]	XnProperty.cpp	151	Property Image1.YRes was changed to 480.
11831835	[INFO]	XnProperty.cpp	151	Property Image1.RequiredDataSize was changed to 921600.
11831847	[INFO]	XnProperty.cpp	101	Image1.YRes was successfully set.
11831859	[INFO]	XnProperty.cpp	74	Setting Image1.XRes to 640...
11831871	[INFO]	XnProperty.cpp	101	Image1.XRes was successfully set.
11832821	[INFO]	XnUSBLinux-x86.cpp	1222	USB read thread was started.
11832848	[INFO]	XnProperty.cpp	151	Property Image1.ActualReadData was changed to 1.
11994382	[WARNING]	XnDepthProcessor.cpp	133	Read: Depth buffer is corrupt. Size is 599232 (!= 614400)
11994432	[WARNING]	XnFrameStreamProcessor.cpp	132	Depth frame is corrupt!
12026405	[WARNING]	XnDepthProcessor.cpp	133	Read: Depth buffer is corrupt. Size is 553984 (!= 614400)
12026434	[WARNING]	XnFrameStreamProcessor.cpp	132	Depth frame is corrupt!
15033479	[INFO]	XnProperty.cpp	151	Property Image1.State was changed to 1.
15033524	[INFO]	XnDeviceBase.cpp	370	Stream Image1 is open.
15033717	[INFO]	XnProperty.cpp	74	Setting Depth1.Registration to 1...
15066346	[WARNING]	XnDepthProcessor.cpp	133	Read: Depth buffer is corrupt. Size is 577744 (!= 614400)
15066396	[WARNING]	XnFrameStreamProcessor.cpp	132	Depth frame is corrupt!
15185487	[INFO]	XnProperty.cpp	151	Property Depth1.Registration was changed to 1.
15185532	[INFO]	XnProperty.cpp	101	Depth1.Registration was successfully set.
15185580	[INFO]	XnProperty.cpp	74	Setting Image1.Mirror to 1...
15197981	[INFO]	XnProperty.cpp	151	Property Image1.FirmwareMirror was changed to 1.
15198024	[INFO]	XnProperty.cpp	151	Property Image1.Mirror was changed to 1.
15198036	[INFO]	XnProperty.cpp	101	Image1.Mirror was successfully set.
