    2155	[INFO]	XnLog.cpp	165	OpenNI version is 1.0.0 (Build 25)-MacOSX (Jan  7 2011 14:20:18)
    2216	[INFO]	XnLog.cpp	173	Log system initialized. Console: 1, File: 1, Severity: INFO, Masks: ALL
    2252	[INFO]	XnLog.cpp	173	Log system initialized. Console: 1, File: 1, Severity: INFO, Masks: ALL
    3823	[INFO]	XnUSBLinux-x86.cpp	98	USB is initialized.
 4033359	[INFO]	XnOpenNI.cpp	1261	Creating node 'Device1' of type Device...
 4034425	[INFO]	XnDeviceModule.cpp	431	Module 'Device' configuration was loaded from file.
 4481437	[INFO]	XnDeviceSensorIO.cpp	135	Connected to USB device
 4481496	[INFO]	XnProperty.cpp	151	Property Device.USBPath was changed to 045e/02ae@250/11.
 4489084	[INFO]	XnHostProtocol.cpp	825	Hardware versions: FW=5.1.4 (7) HW=4 Chip=2 Sensor=4 SYS=7
 5882039	[INFO]	XnProperty.cpp	151	Property Device.ID was changed to 0.
 5882139	[INFO]	XnSensor.cpp	182	Device sensor initialized
 5882264	[INFO]	XnOpenNI.cpp	1261	Creating node 'Depth1' of type Depth...
 5882321	[INFO]	XnDeviceBase.cpp	1383	Creating stream 'Depth1' of type 'Depth'...
 5882349	[INFO]	XnProperty.cpp	74	Setting Device.ReadData to 1...
 5882395	[INFO]	XnDeviceSensorIO.cpp	298	Endpoints open
 5894435	[INFO]	XnProperty.cpp	151	Property Device.ReadData was changed to 1.
 5894489	[INFO]	XnProperty.cpp	101	Device.ReadData was successfully set.
 5894903	[INFO]	XnProperty.cpp	151	Property Depth1.Resolution was changed to 0.
 5894924	[INFO]	XnProperty.cpp	151	Property Depth1.XRes was changed to 320.
 5894938	[INFO]	XnProperty.cpp	151	Property Depth1.YRes was changed to 240.
 5894950	[INFO]	XnProperty.cpp	151	Property Depth1.FPS was changed to 30.
 5894961	[INFO]	XnProperty.cpp	151	Property Depth1.OutputFormat was changed to 1.
 5894972	[INFO]	XnProperty.cpp	151	Property Depth1.BytesPerPixel was changed to 2.
 5894984	[INFO]	XnProperty.cpp	151	Property Depth1.RequiredDataSize was changed to 153600.
 5894999	[INFO]	XnProperty.cpp	151	Property Depth1.ParamCoeff was changed to 4.
 5895057	[INFO]	XnProperty.cpp	151	Property Depth1.ShiftScale was changed to 10.
 5907302	[INFO]	XnProperty.cpp	151	Property Depth1.ConstShift was changed to 200.
 5907445	[INFO]	XnProperty.cpp	151	Property Depth1.ZPD was changed to 120.
 5907613	[INFO]	XnProperty.cpp	151	Property Depth1.ZPPS was changed to 0.104200.
 5907643	[INFO]	XnProperty.cpp	151	Property Depth1.LDDIS was changed to 7.500000.
 5907773	[INFO]	XnProperty.cpp	151	Property Depth1.Gain was changed to 30.
 5907817	[INFO]	XnDeviceBase.cpp	1458	Stream 'Depth1' was initialized.
 5907838	[INFO]	XnDeviceBase.cpp	1463	'Depth1' stream was created.
 5908060	[INFO]	XnProperty.cpp	74	Setting Depth1.InputFormat to 3...
 5908093	[INFO]	XnProperty.cpp	151	Property Depth1.InputFormat was changed to 3.
 5908111	[INFO]	XnProperty.cpp	101	Depth1.InputFormat was successfully set.
 5908731	[INFO]	XnProperty.cpp	74	Setting Depth1.RegistrationType to 2...
 5908757	[INFO]	XnProperty.cpp	151	Property Depth1.RegistrationType was changed to 2.
 5908775	[INFO]	XnProperty.cpp	101	Depth1.RegistrationType was successfully set.
 5909461	[INFO]	XnDeviceModule.cpp	431	Module 'Depth1' configuration was loaded from file.
 5909702	[INFO]	XnProperty.cpp	74	Setting Depth1.FPS to 30...
 5909726	[INFO]	XnProperty.cpp	86	Depth1.FPS value did not change.
 5909743	[INFO]	XnProperty.cpp	74	Setting Depth1.YRes to 480...
 5909765	[INFO]	XnProperty.cpp	151	Property Depth1.Resolution was changed to 1.
 5909784	[INFO]	XnProperty.cpp	151	Property Depth1.XRes was changed to 640.
 5909801	[INFO]	XnProperty.cpp	151	Property Depth1.RequiredDataSize was changed to 307200.
 5909822	[INFO]	XnProperty.cpp	151	Property Depth1.YRes was changed to 480.
 5909839	[INFO]	XnProperty.cpp	151	Property Depth1.RequiredDataSize was changed to 614400.
 5909857	[INFO]	XnProperty.cpp	101	Depth1.YRes was successfully set.
 5909874	[INFO]	XnProperty.cpp	74	Setting Depth1.XRes to 640...
 5909889	[INFO]	XnProperty.cpp	86	Depth1.XRes value did not change.
 5909947	[INFO]	XnProperty.cpp	74	Setting Depth1.Mirror to 1...
 5909968	[INFO]	XnProperty.cpp	151	Property Depth1.FirmwareMirror was changed to 1.
 5910025	[INFO]	XnProperty.cpp	151	Property Depth1.Mirror was changed to 1.
 5910042	[INFO]	XnProperty.cpp	101	Depth1.Mirror was successfully set.
 9293359	[INFO]	XnOpenNI.cpp	1261	Creating node 'User1' of type User...
 9317933	[WARNING]	Linux-x86Threads.cpp	173	Failed to set thread priority: Invalid argument
 9317981	[WARNING]	XnUSBLinux-x86.cpp	126	USB events thread: Failed to set thread priority to critical. This might cause loss of data...
 9318846	[INFO]	XnUSBLinux-x86.cpp	1222	USB read thread was started.
 9318870	[INFO]	XnProperty.cpp	151	Property Depth1.ActualReadData was changed to 1.
 9789075	[INFO]	XnProperty.cpp	151	Property Depth1.State was changed to 1.
 9789130	[INFO]	XnDeviceBase.cpp	370	Stream Depth1 is open.
13192825	[INFO]	XnOpenNI.cpp	1261	Creating node 'Image1' of type Image...
13192879	[INFO]	XnDeviceBase.cpp	1383	Creating stream 'Image1' of type 'Image'...
13193104	[INFO]	XnProperty.cpp	151	Property Image1.Resolution was changed to 0.
13193129	[INFO]	XnProperty.cpp	151	Property Image1.XRes was changed to 320.
13193149	[INFO]	XnProperty.cpp	151	Property Image1.YRes was changed to 240.
13193170	[INFO]	XnProperty.cpp	151	Property Image1.FPS was changed to 30.
13193188	[INFO]	XnProperty.cpp	151	Property Image1.OutputFormat was changed to 5.
13193206	[INFO]	XnProperty.cpp	151	Property Image1.BytesPerPixel was changed to 3.
13193226	[INFO]	XnProperty.cpp	151	Property Image1.RequiredDataSize was changed to 230400.
13193266	[INFO]	XnDeviceBase.cpp	1458	Stream 'Image1' was initialized.
13193288	[INFO]	XnDeviceBase.cpp	1463	'Image1' stream was created.
13193422	[INFO]	XnProperty.cpp	74	Setting Image1.InputFormat to 6...
13193452	[INFO]	XnProperty.cpp	151	Property Image1.InputFormat was changed to 6.
13193472	[INFO]	XnProperty.cpp	101	Image1.InputFormat was successfully set.
13194054	[INFO]	XnDeviceModule.cpp	431	Module 'Image1' configuration was loaded from file.
13194150	[INFO]	XnProperty.cpp	74	Setting Image1.FPS to 30...
13194173	[INFO]	XnProperty.cpp	86	Image1.FPS value did not change.
13194192	[INFO]	XnProperty.cpp	74	Setting Image1.YRes to 480...
13194212	[INFO]	XnProperty.cpp	151	Property Image1.Resolution was changed to 1.
13194231	[INFO]	XnProperty.cpp	151	Property Image1.XRes was changed to 640.
13194250	[INFO]	XnProperty.cpp	151	Property Image1.RequiredDataSize was changed to 460800.
13194271	[INFO]	XnProperty.cpp	151	Property Image1.YRes was changed to 480.
13194290	[INFO]	XnProperty.cpp	151	Property Image1.RequiredDataSize was changed to 921600.
13194310	[INFO]	XnProperty.cpp	101	Image1.YRes was successfully set.
13194330	[INFO]	XnProperty.cpp	74	Setting Image1.XRes to 640...
13194348	[INFO]	XnProperty.cpp	86	Image1.XRes value did not change.
13195506	[INFO]	XnUSBLinux-x86.cpp	1222	USB read thread was started.
13195542	[INFO]	XnProperty.cpp	151	Property Image1.ActualReadData was changed to 1.
13390750	[WARNING]	XnDepthProcessor.cpp	133	Read: Depth buffer is corrupt. Size is 572976 (!= 614400)
13390811	[WARNING]	XnFrameStreamProcessor.cpp	132	Depth frame is corrupt!
16396165	[INFO]	XnProperty.cpp	151	Property Image1.State was changed to 1.
16396210	[INFO]	XnDeviceBase.cpp	370	Stream Image1 is open.
16396417	[INFO]	XnProperty.cpp	74	Setting Depth1.Registration to 1...
16549422	[INFO]	XnProperty.cpp	151	Property Depth1.Registration was changed to 1.
16549468	[INFO]	XnProperty.cpp	101	Depth1.Registration was successfully set.
16549516	[INFO]	XnProperty.cpp	74	Setting Image1.Mirror to 1...
16561920	[INFO]	XnProperty.cpp	151	Property Image1.FirmwareMirror was changed to 1.
16561959	[INFO]	XnProperty.cpp	151	Property Image1.Mirror was changed to 1.
16561972	[INFO]	XnProperty.cpp	101	Image1.Mirror was successfully set.
49819423	[INFO]	XnOpenNI.cpp	1459	Destroying node 'User1'
49825685	[INFO]	XnOpenNI.cpp	1459	Destroying node 'Depth1'
49825779	[INFO]	XnDeviceBase.cpp	1507	Destroying stream 'Depth1'...
49826920	[INFO]	XnOpenNI.cpp	1459	Destroying node 'Image1'
49826956	[INFO]	XnDeviceBase.cpp	1507	Destroying stream 'Image1'...
49827962	[INFO]	XnOpenNI.cpp	1459	Destroying node 'Device1'
