   49466	[INFO]	XnLog.cpp	165	OpenNI version is 1.0.0 (Build 25)-MacOSX (Jan  7 2011 14:20:18)
   49535	[INFO]	XnLog.cpp	173	Log system initialized. Console: 1, File: 1, Severity: INFO, Masks: ALL
   49577	[INFO]	XnLog.cpp	173	Log system initialized. Console: 1, File: 1, Severity: INFO, Masks: ALL
   51280	[INFO]	XnUSBLinux-x86.cpp	98	USB is initialized.
 4079625	[INFO]	XnOpenNI.cpp	1261	Creating node 'Device1' of type Device...
 4080699	[INFO]	XnDeviceModule.cpp	431	Module 'Device' configuration was loaded from file.
 4530336	[INFO]	XnDeviceSensorIO.cpp	135	Connected to USB device
 4530388	[INFO]	XnProperty.cpp	151	Property Device.USBPath was changed to 045e/02ae@250/11.
 4537804	[INFO]	XnHostProtocol.cpp	825	Hardware versions: FW=5.1.4 (7) HW=4 Chip=2 Sensor=4 SYS=7
 5948178	[INFO]	XnProperty.cpp	151	Property Device.ID was changed to 0.
 5948263	[INFO]	XnSensor.cpp	182	Device sensor initialized
 5948414	[INFO]	XnOpenNI.cpp	1261	Creating node 'Depth1' of type Depth...
 5948498	[INFO]	XnDeviceBase.cpp	1383	Creating stream 'Depth1' of type 'Depth'...
 5948532	[INFO]	XnProperty.cpp	74	Setting Device.ReadData to 1...
 5948592	[INFO]	XnDeviceSensorIO.cpp	298	Endpoints open
 5961087	[INFO]	XnProperty.cpp	151	Property Device.ReadData was changed to 1.
 5961119	[INFO]	XnProperty.cpp	101	Device.ReadData was successfully set.
 5961659	[INFO]	XnProperty.cpp	151	Property Depth1.Resolution was changed to 0.
 5961691	[INFO]	XnProperty.cpp	151	Property Depth1.XRes was changed to 320.
 5961712	[INFO]	XnProperty.cpp	151	Property Depth1.YRes was changed to 240.
 5961736	[INFO]	XnProperty.cpp	151	Property Depth1.FPS was changed to 30.
 5961765	[INFO]	XnProperty.cpp	151	Property Depth1.OutputFormat was changed to 1.
 5961794	[INFO]	XnProperty.cpp	151	Property Depth1.BytesPerPixel was changed to 2.
 5961825	[INFO]	XnProperty.cpp	151	Property Depth1.RequiredDataSize was changed to 153600.
 5961861	[INFO]	XnProperty.cpp	151	Property Depth1.ParamCoeff was changed to 4.
 5961979	[INFO]	XnProperty.cpp	151	Property Depth1.ShiftScale was changed to 10.
 5974656	[INFO]	XnProperty.cpp	151	Property Depth1.ConstShift was changed to 200.
 5974832	[INFO]	XnProperty.cpp	151	Property Depth1.ZPD was changed to 120.
 5975052	[INFO]	XnProperty.cpp	151	Property Depth1.ZPPS was changed to 0.104200.
 5975086	[INFO]	XnProperty.cpp	151	Property Depth1.LDDIS was changed to 7.500000.
 5975283	[INFO]	XnProperty.cpp	151	Property Depth1.Gain was changed to 30.
 5975344	[INFO]	XnDeviceBase.cpp	1458	Stream 'Depth1' was initialized.
 5975382	[INFO]	XnDeviceBase.cpp	1463	'Depth1' stream was created.
 5975701	[INFO]	XnProperty.cpp	74	Setting Depth1.InputFormat to 3...
 5975743	[INFO]	XnProperty.cpp	151	Property Depth1.InputFormat was changed to 3.
 5975767	[INFO]	XnProperty.cpp	101	Depth1.InputFormat was successfully set.
 5976729	[INFO]	XnProperty.cpp	74	Setting Depth1.RegistrationType to 2...
 5976763	[INFO]	XnProperty.cpp	151	Property Depth1.RegistrationType was changed to 2.
 5976786	[INFO]	XnProperty.cpp	101	Depth1.RegistrationType was successfully set.
 5977631	[INFO]	XnDeviceModule.cpp	431	Module 'Depth1' configuration was loaded from file.
 5977908	[INFO]	XnProperty.cpp	74	Setting Depth1.FPS to 30...
 5977939	[INFO]	XnProperty.cpp	86	Depth1.FPS value did not change.
 5977961	[INFO]	XnProperty.cpp	74	Setting Depth1.YRes to 480...
 5977993	[INFO]	XnProperty.cpp	151	Property Depth1.Resolution was changed to 1.
 5978022	[INFO]	XnProperty.cpp	151	Property Depth1.XRes was changed to 640.
 5978049	[INFO]	XnProperty.cpp	151	Property Depth1.RequiredDataSize was changed to 307200.
 5978073	[INFO]	XnProperty.cpp	151	Property Depth1.YRes was changed to 480.
 5978091	[INFO]	XnProperty.cpp	151	Property Depth1.RequiredDataSize was changed to 614400.
 5978118	[INFO]	XnProperty.cpp	101	Depth1.YRes was successfully set.
 5978144	[INFO]	XnProperty.cpp	74	Setting Depth1.XRes to 640...
 5978165	[INFO]	XnProperty.cpp	86	Depth1.XRes value did not change.
 5978248	[INFO]	XnProperty.cpp	74	Setting Depth1.Mirror to 1...
 5978275	[INFO]	XnProperty.cpp	151	Property Depth1.FirmwareMirror was changed to 1.
 5978340	[INFO]	XnProperty.cpp	151	Property Depth1.Mirror was changed to 1.
 5978364	[INFO]	XnProperty.cpp	101	Depth1.Mirror was successfully set.
 8635364	[INFO]	XnOpenNI.cpp	1261	Creating node 'User1' of type User...
 8661033	[WARNING]	Linux-x86Threads.cpp	173	Failed to set thread priority: Invalid argument
 8661080	[WARNING]	XnUSBLinux-x86.cpp	126	USB events thread: Failed to set thread priority to critical. This might cause loss of data...
 8661971	[INFO]	XnUSBLinux-x86.cpp	1222	USB read thread was started.
 8661994	[INFO]	XnProperty.cpp	151	Property Depth1.ActualReadData was changed to 1.
 9132350	[INFO]	XnProperty.cpp	151	Property Depth1.State was changed to 1.
 9132394	[INFO]	XnDeviceBase.cpp	370	Stream Depth1 is open.
11650095	[INFO]	XnOpenNI.cpp	1261	Creating node 'Image1' of type Image...
11650150	[INFO]	XnDeviceBase.cpp	1383	Creating stream 'Image1' of type 'Image'...
11650395	[INFO]	XnProperty.cpp	151	Property Image1.Resolution was changed to 0.
11650420	[INFO]	XnProperty.cpp	151	Property Image1.XRes was changed to 320.
11650441	[INFO]	XnProperty.cpp	151	Property Image1.YRes was changed to 240.
11650458	[INFO]	XnProperty.cpp	151	Property Image1.FPS was changed to 30.
11650476	[INFO]	XnProperty.cpp	151	Property Image1.OutputFormat was changed to 5.
11650493	[INFO]	XnProperty.cpp	151	Property Image1.BytesPerPixel was changed to 3.
11650510	[INFO]	XnProperty.cpp	151	Property Image1.RequiredDataSize was changed to 230400.
11650551	[INFO]	XnDeviceBase.cpp	1458	Stream 'Image1' was initialized.
11650571	[INFO]	XnDeviceBase.cpp	1463	'Image1' stream was created.
11650711	[INFO]	XnProperty.cpp	74	Setting Image1.InputFormat to 6...
11650743	[INFO]	XnProperty.cpp	151	Property Image1.InputFormat was changed to 6.
11650763	[INFO]	XnProperty.cpp	101	Image1.InputFormat was successfully set.
11651326	[INFO]	XnDeviceModule.cpp	431	Module 'Image1' configuration was loaded from file.
11651434	[INFO]	XnProperty.cpp	74	Setting Image1.FPS to 30...
11651450	[INFO]	XnProperty.cpp	86	Image1.FPS value did not change.
11651466	[INFO]	XnProperty.cpp	74	Setting Image1.YRes to 480...
11651483	[INFO]	XnProperty.cpp	151	Property Image1.Resolution was changed to 1.
11651498	[INFO]	XnProperty.cpp	151	Property Image1.XRes was changed to 640.
11651515	[INFO]	XnProperty.cpp	151	Property Image1.RequiredDataSize was changed to 460800.
11651540	[INFO]	XnProperty.cpp	151	Property Image1.YRes was changed to 480.
11651557	[INFO]	XnProperty.cpp	151	Property Image1.RequiredDataSize was changed to 921600.
11651574	[INFO]	XnProperty.cpp	101	Image1.YRes was successfully set.
11651589	[INFO]	XnProperty.cpp	74	Setting Image1.XRes to 640...
11651599	[INFO]	XnProperty.cpp	86	Image1.XRes value did not change.
11652556	[INFO]	XnUSBLinux-x86.cpp	1222	USB read thread was started.
11652582	[INFO]	XnProperty.cpp	151	Property Image1.ActualReadData was changed to 1.
11733426	[WARNING]	XnDepthProcessor.cpp	133	Read: Depth buffer is corrupt. Size is 593024 (!= 614400)
11733475	[WARNING]	XnFrameStreamProcessor.cpp	132	Depth frame is corrupt!
11833435	[WARNING]	XnDepthProcessor.cpp	133	Read: Depth buffer is corrupt. Size is 549072 (!= 614400)
11833485	[WARNING]	XnFrameStreamProcessor.cpp	132	Depth frame is corrupt!
11865442	[WARNING]	XnDepthProcessor.cpp	133	Read: Depth buffer is corrupt. Size is 592224 (!= 614400)
11865468	[WARNING]	XnFrameStreamProcessor.cpp	132	Depth frame is corrupt!
14852931	[INFO]	XnProperty.cpp	151	Property Image1.State was changed to 1.
14852975	[INFO]	XnDeviceBase.cpp	370	Stream Image1 is open.
14853178	[INFO]	XnProperty.cpp	74	Setting Depth1.Registration to 1...
14869482	[WARNING]	XnDepthProcessor.cpp	133	Read: Depth buffer is corrupt. Size is 583712 (!= 614400)
14869525	[WARNING]	XnFrameStreamProcessor.cpp	132	Depth frame is corrupt!
14901482	[WARNING]	XnDepthProcessor.cpp	133	Read: Depth buffer is corrupt. Size is 584976 (!= 614400)
14901526	[WARNING]	XnFrameStreamProcessor.cpp	132	Depth frame is corrupt!
15004840	[INFO]	XnProperty.cpp	151	Property Depth1.Registration was changed to 1.
15004885	[INFO]	XnProperty.cpp	101	Depth1.Registration was successfully set.
15004981	[INFO]	XnProperty.cpp	74	Setting Image1.Mirror to 1...
15017935	[INFO]	XnProperty.cpp	151	Property Image1.FirmwareMirror was changed to 1.
15017969	[INFO]	XnProperty.cpp	151	Property Image1.Mirror was changed to 1.
15017981	[INFO]	XnProperty.cpp	101	Image1.Mirror was successfully set.
30351974	[INFO]	XnOpenNI.cpp	1459	Destroying node 'User1'
30358992	[INFO]	XnOpenNI.cpp	1459	Destroying node 'Depth1'
30359088	[INFO]	XnDeviceBase.cpp	1507	Destroying stream 'Depth1'...
30360148	[INFO]	XnOpenNI.cpp	1459	Destroying node 'Image1'
30360184	[INFO]	XnDeviceBase.cpp	1507	Destroying stream 'Image1'...
30361113	[INFO]	XnOpenNI.cpp	1459	Destroying node 'Device1'
