   52270	[INFO]	XnLog.cpp	165	OpenNI version is 1.0.0 (Build 25)-MacOSX (Jan  7 2011 14:20:18)
   52322	[INFO]	XnLog.cpp	173	Log system initialized. Console: 1, File: 1, Severity: INFO, Masks: ALL
   52348	[INFO]	XnLog.cpp	173	Log system initialized. Console: 1, File: 1, Severity: INFO, Masks: ALL
   53738	[INFO]	XnUSBLinux-x86.cpp	98	USB is initialized.
 4076852	[INFO]	XnOpenNI.cpp	1261	Creating node 'Device1' of type Device...
 4078097	[INFO]	XnDeviceModule.cpp	431	Module 'Device' configuration was loaded from file.
 4535503	[INFO]	XnDeviceSensorIO.cpp	135	Connected to USB device
 4535558	[INFO]	XnProperty.cpp	151	Property Device.USBPath was changed to 045e/02ae@250/11.
 4543019	[INFO]	XnHostProtocol.cpp	825	Hardware versions: FW=5.1.4 (7) HW=4 Chip=2 Sensor=4 SYS=7
 5953885	[INFO]	XnProperty.cpp	151	Property Device.ID was changed to 0.
 5953974	[INFO]	XnSensor.cpp	182	Device sensor initialized
 5954136	[INFO]	XnOpenNI.cpp	1261	Creating node 'Depth1' of type Depth...
 5954226	[INFO]	XnDeviceBase.cpp	1383	Creating stream 'Depth1' of type 'Depth'...
 5954273	[INFO]	XnProperty.cpp	74	Setting Device.ReadData to 1...
 5954349	[INFO]	XnDeviceSensorIO.cpp	298	Endpoints open
 5966838	[INFO]	XnProperty.cpp	151	Property Device.ReadData was changed to 1.
 5966884	[INFO]	XnProperty.cpp	101	Device.ReadData was successfully set.
 5967448	[INFO]	XnProperty.cpp	151	Property Depth1.Resolution was changed to 0.
 5967482	[INFO]	XnProperty.cpp	151	Property Depth1.XRes was changed to 320.
 5967504	[INFO]	XnProperty.cpp	151	Property Depth1.YRes was changed to 240.
 5967526	[INFO]	XnProperty.cpp	151	Property Depth1.FPS was changed to 30.
 5967556	[INFO]	XnProperty.cpp	151	Property Depth1.OutputFormat was changed to 1.
 5967587	[INFO]	XnProperty.cpp	151	Property Depth1.BytesPerPixel was changed to 2.
 5967617	[INFO]	XnProperty.cpp	151	Property Depth1.RequiredDataSize was changed to 153600.
 5967655	[INFO]	XnProperty.cpp	151	Property Depth1.ParamCoeff was changed to 4.
 5967773	[INFO]	XnProperty.cpp	151	Property Depth1.ShiftScale was changed to 10.
 5980341	[INFO]	XnProperty.cpp	151	Property Depth1.ConstShift was changed to 200.
 5980503	[INFO]	XnProperty.cpp	151	Property Depth1.ZPD was changed to 120.
 5980778	[INFO]	XnProperty.cpp	151	Property Depth1.ZPPS was changed to 0.104200.
 5980827	[INFO]	XnProperty.cpp	151	Property Depth1.LDDIS was changed to 7.500000.
 5981058	[INFO]	XnProperty.cpp	151	Property Depth1.Gain was changed to 30.
 5981124	[INFO]	XnDeviceBase.cpp	1458	Stream 'Depth1' was initialized.
 5981165	[INFO]	XnDeviceBase.cpp	1463	'Depth1' stream was created.
 5981520	[INFO]	XnProperty.cpp	74	Setting Depth1.InputFormat to 3...
 5981576	[INFO]	XnProperty.cpp	151	Property Depth1.InputFormat was changed to 3.
 5981616	[INFO]	XnProperty.cpp	101	Depth1.InputFormat was successfully set.
 5982765	[INFO]	XnProperty.cpp	74	Setting Depth1.RegistrationType to 2...
 5982802	[INFO]	XnProperty.cpp	151	Property Depth1.RegistrationType was changed to 2.
 5982827	[INFO]	XnProperty.cpp	101	Depth1.RegistrationType was successfully set.
 5983774	[INFO]	XnDeviceModule.cpp	431	Module 'Depth1' configuration was loaded from file.
 5984070	[INFO]	XnProperty.cpp	74	Setting Depth1.FPS to 30...
 5984109	[INFO]	XnProperty.cpp	86	Depth1.FPS value did not change.
 5984141	[INFO]	XnProperty.cpp	74	Setting Depth1.YRes to 480...
 5984176	[INFO]	XnProperty.cpp	151	Property Depth1.Resolution was changed to 1.
 5984209	[INFO]	XnProperty.cpp	151	Property Depth1.XRes was changed to 640.
 5984239	[INFO]	XnProperty.cpp	151	Property Depth1.RequiredDataSize was changed to 307200.
 5984273	[INFO]	XnProperty.cpp	151	Property Depth1.YRes was changed to 480.
 5984303	[INFO]	XnProperty.cpp	151	Property Depth1.RequiredDataSize was changed to 614400.
 5984336	[INFO]	XnProperty.cpp	101	Depth1.YRes was successfully set.
 5984368	[INFO]	XnProperty.cpp	74	Setting Depth1.XRes to 640...
 5984396	[INFO]	XnProperty.cpp	86	Depth1.XRes value did not change.
 5984485	[INFO]	XnProperty.cpp	74	Setting Depth1.Mirror to 1...
 5984521	[INFO]	XnProperty.cpp	151	Property Depth1.FirmwareMirror was changed to 1.
 5984604	[INFO]	XnProperty.cpp	151	Property Depth1.Mirror was changed to 1.
 5984634	[INFO]	XnProperty.cpp	101	Depth1.Mirror was successfully set.
 9407681	[INFO]	XnOpenNI.cpp	1261	Creating node 'User1' of type User...
 9432874	[WARNING]	Linux-x86Threads.cpp	173	Failed to set thread priority: Invalid argument
 9432924	[WARNING]	XnUSBLinux-x86.cpp	126	USB events thread: Failed to set thread priority to critical. This might cause loss of data...
 9433773	[INFO]	XnUSBLinux-x86.cpp	1222	USB read thread was started.
 9433799	[INFO]	XnProperty.cpp	151	Property Depth1.ActualReadData was changed to 1.
 9904630	[INFO]	XnProperty.cpp	151	Property Depth1.State was changed to 1.
 9904676	[INFO]	XnDeviceBase.cpp	370	Stream Depth1 is open.
13285761	[INFO]	XnOpenNI.cpp	1261	Creating node 'Image1' of type Image...
13285817	[INFO]	XnDeviceBase.cpp	1383	Creating stream 'Image1' of type 'Image'...
13286060	[INFO]	XnProperty.cpp	151	Property Image1.Resolution was changed to 0.
13286086	[INFO]	XnProperty.cpp	151	Property Image1.XRes was changed to 320.
13286106	[INFO]	XnProperty.cpp	151	Property Image1.YRes was changed to 240.
13286126	[INFO]	XnProperty.cpp	151	Property Image1.FPS was changed to 30.
13286145	[INFO]	XnProperty.cpp	151	Property Image1.OutputFormat was changed to 5.
13286162	[INFO]	XnProperty.cpp	151	Property Image1.BytesPerPixel was changed to 3.
13286181	[INFO]	XnProperty.cpp	151	Property Image1.RequiredDataSize was changed to 230400.
13286220	[INFO]	XnDeviceBase.cpp	1458	Stream 'Image1' was initialized.
13286240	[INFO]	XnDeviceBase.cpp	1463	'Image1' stream was created.
13286382	[INFO]	XnProperty.cpp	74	Setting Image1.InputFormat to 6...
13286414	[INFO]	XnProperty.cpp	151	Property Image1.InputFormat was changed to 6.
13286436	[INFO]	XnProperty.cpp	101	Image1.InputFormat was successfully set.
13286998	[INFO]	XnDeviceModule.cpp	431	Module 'Image1' configuration was loaded from file.
13287100	[INFO]	XnProperty.cpp	74	Setting Image1.FPS to 30...
13287117	[INFO]	XnProperty.cpp	86	Image1.FPS value did not change.
13287129	[INFO]	XnProperty.cpp	74	Setting Image1.YRes to 480...
13287148	[INFO]	XnProperty.cpp	151	Property Image1.Resolution was changed to 1.
13287164	[INFO]	XnProperty.cpp	151	Property Image1.XRes was changed to 640.
13287180	[INFO]	XnProperty.cpp	151	Property Image1.RequiredDataSize was changed to 460800.
13287199	[INFO]	XnProperty.cpp	151	Property Image1.YRes was changed to 480.
13287217	[INFO]	XnProperty.cpp	151	Property Image1.RequiredDataSize was changed to 921600.
13287233	[INFO]	XnProperty.cpp	101	Image1.YRes was successfully set.
13287247	[INFO]	XnProperty.cpp	74	Setting Image1.XRes to 640...
13287257	[INFO]	XnProperty.cpp	86	Image1.XRes value did not change.
13288202	[INFO]	XnUSBLinux-x86.cpp	1222	USB read thread was started.
13288228	[INFO]	XnProperty.cpp	151	Property Image1.ActualReadData was changed to 1.
13337074	[WARNING]	XnDepthProcessor.cpp	133	Read: Depth buffer is corrupt. Size is 592160 (!= 614400)
13337117	[WARNING]	XnFrameStreamProcessor.cpp	132	Depth frame is corrupt!
13473077	[WARNING]	XnDepthProcessor.cpp	133	Read: Depth buffer is corrupt. Size is 533568 (!= 614400)
13473126	[WARNING]	XnFrameStreamProcessor.cpp	132	Depth frame is corrupt!
13505100	[WARNING]	XnDepthProcessor.cpp	133	Read: Depth buffer is corrupt. Size is 595072 (!= 614400)
13505126	[WARNING]	XnFrameStreamProcessor.cpp	132	Depth frame is corrupt!
16373185	[WARNING]	XnDepthProcessor.cpp	133	Read: Depth buffer is corrupt. Size is 576544 (!= 614400)
16373232	[WARNING]	XnFrameStreamProcessor.cpp	132	Depth frame is corrupt!
16488460	[INFO]	XnProperty.cpp	151	Property Image1.State was changed to 1.
16488504	[INFO]	XnDeviceBase.cpp	370	Stream Image1 is open.
16488738	[INFO]	XnProperty.cpp	74	Setting Depth1.Registration to 1...
16541149	[WARNING]	XnDepthProcessor.cpp	133	Read: Depth buffer is corrupt. Size is 587264 (!= 614400)
16541209	[WARNING]	XnFrameStreamProcessor.cpp	132	Depth frame is corrupt!
16640844	[INFO]	XnProperty.cpp	151	Property Depth1.Registration was changed to 1.
16640888	[INFO]	XnProperty.cpp	101	Depth1.Registration was successfully set.
16640989	[INFO]	XnProperty.cpp	74	Setting Image1.Mirror to 1...
16653181	[INFO]	XnProperty.cpp	151	Property Image1.FirmwareMirror was changed to 1.
16653215	[INFO]	XnProperty.cpp	151	Property Image1.Mirror was changed to 1.
16653234	[INFO]	XnProperty.cpp	101	Image1.Mirror was successfully set.
43784182	[INFO]	XnOpenNI.cpp	1459	Destroying node 'User1'
43790884	[INFO]	XnOpenNI.cpp	1459	Destroying node 'Depth1'
43790978	[INFO]	XnDeviceBase.cpp	1507	Destroying stream 'Depth1'...
43792109	[INFO]	XnOpenNI.cpp	1459	Destroying node 'Image1'
43792145	[INFO]	XnDeviceBase.cpp	1507	Destroying stream 'Image1'...
43793093	[INFO]	XnOpenNI.cpp	1459	Destroying node 'Device1'
