    2111	[INFO]	XnLog.cpp	165	OpenNI version is 1.0.0 (Build 25)-MacOSX (Jan  7 2011 14:20:18)
    2171	[INFO]	XnLog.cpp	173	Log system initialized. Console: 1, File: 1, Severity: INFO, Masks: ALL
    2205	[INFO]	XnLog.cpp	173	Log system initialized. Console: 1, File: 1, Severity: INFO, Masks: ALL
   69075	[INFO]	XnUSBLinux-x86.cpp	98	USB is initialized.
 3953989	[INFO]	XnOpenNI.cpp	1261	Creating node 'Device1' of type Device...
 3954848	[INFO]	XnDeviceModule.cpp	431	Module 'Device' configuration was loaded from file.
 4190563	[INFO]	XnDeviceSensorIO.cpp	135	Connected to USB device
 4190626	[INFO]	XnProperty.cpp	151	Property Device.USBPath was changed to 045e/02ae@250/11.
 4198079	[INFO]	XnHostProtocol.cpp	825	Hardware versions: FW=5.1.4 (7) HW=4 Chip=2 Sensor=4 SYS=7
 5607337	[INFO]	XnProperty.cpp	151	Property Device.ID was changed to 0.
 5607401	[INFO]	XnSensor.cpp	182	Device sensor initialized
 5607517	[INFO]	XnOpenNI.cpp	1261	Creating node 'Depth1' of type Depth...
 5607571	[INFO]	XnDeviceBase.cpp	1383	Creating stream 'Depth1' of type 'Depth'...
 5607596	[INFO]	XnProperty.cpp	74	Setting Device.ReadData to 1...
 5607635	[INFO]	XnDeviceSensorIO.cpp	298	Endpoints open
 5620181	[INFO]	XnProperty.cpp	151	Property Device.ReadData was changed to 1.
 5620214	[INFO]	XnProperty.cpp	101	Device.ReadData was successfully set.
 5620631	[INFO]	XnProperty.cpp	151	Property Depth1.Resolution was changed to 0.
 5620654	[INFO]	XnProperty.cpp	151	Property Depth1.XRes was changed to 320.
 5620668	[INFO]	XnProperty.cpp	151	Property Depth1.YRes was changed to 240.
 5620682	[INFO]	XnProperty.cpp	151	Property Depth1.FPS was changed to 30.
 5620701	[INFO]	XnProperty.cpp	151	Property Depth1.OutputFormat was changed to 1.
 5620720	[INFO]	XnProperty.cpp	151	Property Depth1.BytesPerPixel was changed to 2.
 5620739	[INFO]	XnProperty.cpp	151	Property Depth1.RequiredDataSize was changed to 153600.
 5620762	[INFO]	XnProperty.cpp	151	Property Depth1.ParamCoeff was changed to 4.
 5620838	[INFO]	XnProperty.cpp	151	Property Depth1.ShiftScale was changed to 10.
 5633423	[INFO]	XnProperty.cpp	151	Property Depth1.ConstShift was changed to 200.
 5633494	[INFO]	XnProperty.cpp	151	Property Depth1.ZPD was changed to 120.
 5633602	[INFO]	XnProperty.cpp	151	Property Depth1.ZPPS was changed to 0.104200.
 5633626	[INFO]	XnProperty.cpp	151	Property Depth1.LDDIS was changed to 7.500000.
 5633741	[INFO]	XnProperty.cpp	151	Property Depth1.Gain was changed to 30.
 5633777	[INFO]	XnDeviceBase.cpp	1458	Stream 'Depth1' was initialized.
 5633799	[INFO]	XnDeviceBase.cpp	1463	'Depth1' stream was created.
 5634017	[INFO]	XnProperty.cpp	74	Setting Depth1.InputFormat to 3...
 5634049	[INFO]	XnProperty.cpp	151	Property Depth1.InputFormat was changed to 3.
 5634070	[INFO]	XnProperty.cpp	101	Depth1.InputFormat was successfully set.
 5634660	[INFO]	XnProperty.cpp	74	Setting Depth1.RegistrationType to 2...
 5634681	[INFO]	XnProperty.cpp	151	Property Depth1.RegistrationType was changed to 2.
 5634693	[INFO]	XnProperty.cpp	101	Depth1.RegistrationType was successfully set.
 5635293	[INFO]	XnDeviceModule.cpp	431	Module 'Depth1' configuration was loaded from file.
 5635494	[INFO]	XnProperty.cpp	74	Setting Depth1.FPS to 30...
 5635518	[INFO]	XnProperty.cpp	86	Depth1.FPS value did not change.
 5635536	[INFO]	XnProperty.cpp	74	Setting Depth1.YRes to 480...
 5635556	[INFO]	XnProperty.cpp	151	Property Depth1.Resolution was changed to 1.
 5635577	[INFO]	XnProperty.cpp	151	Property Depth1.XRes was changed to 640.
 5635596	[INFO]	XnProperty.cpp	151	Property Depth1.RequiredDataSize was changed to 307200.
 5635616	[INFO]	XnProperty.cpp	151	Property Depth1.YRes was changed to 480.
 5635636	[INFO]	XnProperty.cpp	151	Property Depth1.RequiredDataSize was changed to 614400.
 5635657	[INFO]	XnProperty.cpp	101	Depth1.YRes was successfully set.
 5635678	[INFO]	XnProperty.cpp	74	Setting Depth1.XRes to 640...
 5635695	[INFO]	XnProperty.cpp	86	Depth1.XRes value did not change.
 5635757	[INFO]	XnProperty.cpp	74	Setting Depth1.Mirror to 1...
 5635781	[INFO]	XnProperty.cpp	151	Property Depth1.FirmwareMirror was changed to 1.
 5635841	[INFO]	XnProperty.cpp	151	Property Depth1.Mirror was changed to 1.
 5635861	[INFO]	XnProperty.cpp	101	Depth1.Mirror was successfully set.
 7314310	[INFO]	XnOpenNI.cpp	1261	Creating node 'User1' of type User...
 7338632	[WARNING]	Linux-x86Threads.cpp	173	Failed to set thread priority: Invalid argument
 7338679	[WARNING]	XnUSBLinux-x86.cpp	126	USB events thread: Failed to set thread priority to critical. This might cause loss of data...
 7339602	[INFO]	XnUSBLinux-x86.cpp	1222	USB read thread was started.
 7339626	[INFO]	XnProperty.cpp	151	Property Depth1.ActualReadData was changed to 1.
 7811528	[INFO]	XnProperty.cpp	151	Property Depth1.State was changed to 1.
 7811573	[INFO]	XnDeviceBase.cpp	370	Stream Depth1 is open.
 9601641	[INFO]	XnOpenNI.cpp	1261	Creating node 'Image1' of type Image...
 9601694	[INFO]	XnDeviceBase.cpp	1383	Creating stream 'Image1' of type 'Image'...
 9601920	[INFO]	XnProperty.cpp	151	Property Image1.Resolution was changed to 0.
 9601946	[INFO]	XnProperty.cpp	151	Property Image1.XRes was changed to 320.
 9601968	[INFO]	XnProperty.cpp	151	Property Image1.YRes was changed to 240.
 9601986	[INFO]	XnProperty.cpp	151	Property Image1.FPS was changed to 30.
 9602005	[INFO]	XnProperty.cpp	151	Property Image1.OutputFormat was changed to 5.
 9602023	[INFO]	XnProperty.cpp	151	Property Image1.BytesPerPixel was changed to 3.
 9602041	[INFO]	XnProperty.cpp	151	Property Image1.RequiredDataSize was changed to 230400.
 9602082	[INFO]	XnDeviceBase.cpp	1458	Stream 'Image1' was initialized.
 9602102	[INFO]	XnDeviceBase.cpp	1463	'Image1' stream was created.
 9602243	[INFO]	XnProperty.cpp	74	Setting Image1.InputFormat to 6...
 9602275	[INFO]	XnProperty.cpp	151	Property Image1.InputFormat was changed to 6.
 9602295	[INFO]	XnProperty.cpp	101	Image1.InputFormat was successfully set.
 9602843	[INFO]	XnDeviceModule.cpp	431	Module 'Image1' configuration was loaded from file.
 9602945	[INFO]	XnProperty.cpp	74	Setting Image1.FPS to 30...
 9602962	[INFO]	XnProperty.cpp	86	Image1.FPS value did not change.
 9602974	[INFO]	XnProperty.cpp	74	Setting Image1.YRes to 480...
 9602987	[INFO]	XnProperty.cpp	151	Property Image1.Resolution was changed to 1.
 9603005	[INFO]	XnProperty.cpp	151	Property Image1.XRes was changed to 640.
 9603024	[INFO]	XnProperty.cpp	151	Property Image1.RequiredDataSize was changed to 460800.
 9603045	[INFO]	XnProperty.cpp	151	Property Image1.YRes was changed to 480.
 9603064	[INFO]	XnProperty.cpp	151	Property Image1.RequiredDataSize was changed to 921600.
 9603085	[INFO]	XnProperty.cpp	101	Image1.YRes was successfully set.
 9603105	[INFO]	XnProperty.cpp	74	Setting Image1.XRes to 640...
 9603123	[INFO]	XnProperty.cpp	86	Image1.XRes value did not change.
 9604022	[INFO]	XnUSBLinux-x86.cpp	1222	USB read thread was started.
 9604048	[INFO]	XnProperty.cpp	151	Property Image1.ActualReadData was changed to 1.
 9675192	[WARNING]	XnDepthProcessor.cpp	133	Read: Depth buffer is corrupt. Size is 593760 (!= 614400)
 9675243	[WARNING]	XnFrameStreamProcessor.cpp	132	Depth frame is corrupt!
 9775223	[WARNING]	XnDepthProcessor.cpp	133	Read: Depth buffer is corrupt. Size is 559696 (!= 614400)
 9775272	[WARNING]	XnFrameStreamProcessor.cpp	132	Depth frame is corrupt!
 9811205	[WARNING]	XnDepthProcessor.cpp	133	Read: Depth buffer is corrupt. Size is 593920 (!= 614400)
 9811247	[WARNING]	XnFrameStreamProcessor.cpp	132	Depth frame is corrupt!
12679295	[WARNING]	XnDepthProcessor.cpp	133	Read: Depth buffer is corrupt. Size is 592208 (!= 614400)
12679342	[WARNING]	XnFrameStreamProcessor.cpp	132	Depth frame is corrupt!
12804719	[INFO]	XnProperty.cpp	151	Property Image1.State was changed to 1.
12804764	[INFO]	XnDeviceBase.cpp	370	Stream Image1 is open.
12804965	[INFO]	XnProperty.cpp	74	Setting Depth1.Registration to 1...
12847200	[WARNING]	XnDepthProcessor.cpp	133	Read: Depth buffer is corrupt. Size is 592976 (!= 614400)
12847250	[WARNING]	XnFrameStreamProcessor.cpp	132	Depth frame is corrupt!
12956044	[INFO]	XnProperty.cpp	151	Property Depth1.Registration was changed to 1.
12956087	[INFO]	XnProperty.cpp	101	Depth1.Registration was successfully set.
12956193	[INFO]	XnProperty.cpp	74	Setting Image1.Mirror to 1...
12968719	[INFO]	XnProperty.cpp	151	Property Image1.FirmwareMirror was changed to 1.
12968757	[INFO]	XnProperty.cpp	151	Property Image1.Mirror was changed to 1.
12968770	[INFO]	XnProperty.cpp	101	Image1.Mirror was successfully set.
