    1924	[INFO]	XnLog.cpp	165	OpenNI version is 1.0.0 (Build 25)-MacOSX (Jan  7 2011 14:20:18)
    1978	[INFO]	XnLog.cpp	173	Log system initialized. Console: 1, File: 1, Severity: INFO, Masks: ALL
   30700	[INFO]	XnLog.cpp	173	Log system initialized. Console: 1, File: 1, Severity: INFO, Masks: ALL
   32195	[INFO]	XnUSBLinux-x86.cpp	98	USB is initialized.
 4063206	[INFO]	XnOpenNI.cpp	1261	Creating node 'Device1' of type Device...
 4064246	[INFO]	XnDeviceModule.cpp	431	Module 'Device' configuration was loaded from file.
 4519558	[INFO]	XnDeviceSensorIO.cpp	135	Connected to USB device
 4519613	[INFO]	XnProperty.cpp	151	Property Device.USBPath was changed to 045e/02ae@250/11.
 4527257	[INFO]	XnHostProtocol.cpp	825	Hardware versions: FW=5.1.4 (7) HW=4 Chip=2 Sensor=4 SYS=7
 5939583	[INFO]	XnProperty.cpp	151	Property Device.ID was changed to 0.
 5939679	[INFO]	XnSensor.cpp	182	Device sensor initialized
 5939865	[INFO]	XnOpenNI.cpp	1261	Creating node 'Depth1' of type Depth...
 5939954	[INFO]	XnDeviceBase.cpp	1383	Creating stream 'Depth1' of type 'Depth'...
 5939999	[INFO]	XnProperty.cpp	74	Setting Device.ReadData to 1...
 5940066	[INFO]	XnDeviceSensorIO.cpp	298	Endpoints open
 5952489	[INFO]	XnProperty.cpp	151	Property Device.ReadData was changed to 1.
 5952552	[INFO]	XnProperty.cpp	101	Device.ReadData was successfully set.
 5953252	[INFO]	XnProperty.cpp	151	Property Depth1.Resolution was changed to 0.
 5953294	[INFO]	XnProperty.cpp	151	Property Depth1.XRes was changed to 320.
 5953335	[INFO]	XnProperty.cpp	151	Property Depth1.YRes was changed to 240.
 5953374	[INFO]	XnProperty.cpp	151	Property Depth1.FPS was changed to 30.
 5953413	[INFO]	XnProperty.cpp	151	Property Depth1.OutputFormat was changed to 1.
 5953450	[INFO]	XnProperty.cpp	151	Property Depth1.BytesPerPixel was changed to 2.
 5953488	[INFO]	XnProperty.cpp	151	Property Depth1.RequiredDataSize was changed to 153600.
 5953535	[INFO]	XnProperty.cpp	151	Property Depth1.ParamCoeff was changed to 4.
 5953688	[INFO]	XnProperty.cpp	151	Property Depth1.ShiftScale was changed to 10.
 5966259	[INFO]	XnProperty.cpp	151	Property Depth1.ConstShift was changed to 200.
 5966393	[INFO]	XnProperty.cpp	151	Property Depth1.ZPD was changed to 120.
 5966633	[INFO]	XnProperty.cpp	151	Property Depth1.ZPPS was changed to 0.104200.
 5966689	[INFO]	XnProperty.cpp	151	Property Depth1.LDDIS was changed to 7.500000.
 5966880	[INFO]	XnProperty.cpp	151	Property Depth1.Gain was changed to 30.
 5966933	[INFO]	XnDeviceBase.cpp	1458	Stream 'Depth1' was initialized.
 5966967	[INFO]	XnDeviceBase.cpp	1463	'Depth1' stream was created.
 5967258	[INFO]	XnProperty.cpp	74	Setting Depth1.InputFormat to 3...
 5967304	[INFO]	XnProperty.cpp	151	Property Depth1.InputFormat was changed to 3.
 5967336	[INFO]	XnProperty.cpp	101	Depth1.InputFormat was successfully set.
 5968253	[INFO]	XnProperty.cpp	74	Setting Depth1.RegistrationType to 2...
 5968284	[INFO]	XnProperty.cpp	151	Property Depth1.RegistrationType was changed to 2.
 5968303	[INFO]	XnProperty.cpp	101	Depth1.RegistrationType was successfully set.
 5969267	[INFO]	XnDeviceModule.cpp	431	Module 'Depth1' configuration was loaded from file.
 5969616	[INFO]	XnProperty.cpp	74	Setting Depth1.FPS to 30...
 5969656	[INFO]	XnProperty.cpp	86	Depth1.FPS value did not change.
 5969686	[INFO]	XnProperty.cpp	74	Setting Depth1.YRes to 480...
 5969717	[INFO]	XnProperty.cpp	151	Property Depth1.Resolution was changed to 1.
 5969749	[INFO]	XnProperty.cpp	151	Property Depth1.XRes was changed to 640.
 5969772	[INFO]	XnProperty.cpp	151	Property Depth1.RequiredDataSize was changed to 307200.
 5969793	[INFO]	XnProperty.cpp	151	Property Depth1.YRes was changed to 480.
 5969811	[INFO]	XnProperty.cpp	151	Property Depth1.RequiredDataSize was changed to 614400.
 5969831	[INFO]	XnProperty.cpp	101	Depth1.YRes was successfully set.
 5969851	[INFO]	XnProperty.cpp	74	Setting Depth1.XRes to 640...
 5969876	[INFO]	XnProperty.cpp	86	Depth1.XRes value did not change.
 5969961	[INFO]	XnProperty.cpp	74	Setting Depth1.Mirror to 1...
 5969991	[INFO]	XnProperty.cpp	151	Property Depth1.FirmwareMirror was changed to 1.
 5970050	[INFO]	XnProperty.cpp	151	Property Depth1.Mirror was changed to 1.
 5970078	[INFO]	XnProperty.cpp	101	Depth1.Mirror was successfully set.
 9377132	[INFO]	XnOpenNI.cpp	1261	Creating node 'User1' of type User...
 9408829	[WARNING]	Linux-x86Threads.cpp	173	Failed to set thread priority: Invalid argument
 9408880	[WARNING]	XnUSBLinux-x86.cpp	126	USB events thread: Failed to set thread priority to critical. This might cause loss of data...
 9409844	[INFO]	XnUSBLinux-x86.cpp	1222	USB read thread was started.
 9409872	[INFO]	XnProperty.cpp	151	Property Depth1.ActualReadData was changed to 1.
 9880075	[INFO]	XnProperty.cpp	151	Property Depth1.State was changed to 1.
 9880120	[INFO]	XnDeviceBase.cpp	370	Stream Depth1 is open.
13266494	[INFO]	XnOpenNI.cpp	1261	Creating node 'Image1' of type Image...
13266551	[INFO]	XnDeviceBase.cpp	1383	Creating stream 'Image1' of type 'Image'...
13266760	[INFO]	XnProperty.cpp	151	Property Image1.Resolution was changed to 0.
13266779	[INFO]	XnProperty.cpp	151	Property Image1.XRes was changed to 320.
13266792	[INFO]	XnProperty.cpp	151	Property Image1.YRes was changed to 240.
13266804	[INFO]	XnProperty.cpp	151	Property Image1.FPS was changed to 30.
13266822	[INFO]	XnProperty.cpp	151	Property Image1.OutputFormat was changed to 5.
13266841	[INFO]	XnProperty.cpp	151	Property Image1.BytesPerPixel was changed to 3.
13266858	[INFO]	XnProperty.cpp	151	Property Image1.RequiredDataSize was changed to 230400.
13266898	[INFO]	XnDeviceBase.cpp	1458	Stream 'Image1' was initialized.
13266914	[INFO]	XnDeviceBase.cpp	1463	'Image1' stream was created.
13267020	[INFO]	XnProperty.cpp	74	Setting Image1.InputFormat to 6...
13267040	[INFO]	XnProperty.cpp	151	Property Image1.InputFormat was changed to 6.
13267052	[INFO]	XnProperty.cpp	101	Image1.InputFormat was successfully set.
13267497	[INFO]	XnDeviceModule.cpp	431	Module 'Image1' configuration was loaded from file.
13267597	[INFO]	XnProperty.cpp	74	Setting Image1.FPS to 30...
13267619	[INFO]	XnProperty.cpp	86	Image1.FPS value did not change.
13267638	[INFO]	XnProperty.cpp	74	Setting Image1.YRes to 480...
13267658	[INFO]	XnProperty.cpp	151	Property Image1.Resolution was changed to 1.
13267677	[INFO]	XnProperty.cpp	151	Property Image1.XRes was changed to 640.
13267697	[INFO]	XnProperty.cpp	151	Property Image1.RequiredDataSize was changed to 460800.
13267718	[INFO]	XnProperty.cpp	151	Property Image1.YRes was changed to 480.
13267736	[INFO]	XnProperty.cpp	151	Property Image1.RequiredDataSize was changed to 921600.
13267757	[INFO]	XnProperty.cpp	101	Image1.YRes was successfully set.
13267777	[INFO]	XnProperty.cpp	74	Setting Image1.XRes to 640...
13267793	[INFO]	XnProperty.cpp	86	Image1.XRes value did not change.
13268686	[INFO]	XnUSBLinux-x86.cpp	1222	USB read thread was started.
13268713	[INFO]	XnProperty.cpp	151	Property Image1.ActualReadData was changed to 1.
13445937	[WARNING]	XnDepthProcessor.cpp	133	Read: Depth buffer is corrupt. Size is 535744 (!= 614400)
13445986	[WARNING]	XnFrameStreamProcessor.cpp	132	Depth frame is corrupt!
16469276	[INFO]	XnProperty.cpp	151	Property Image1.State was changed to 1.
16469321	[INFO]	XnDeviceBase.cpp	370	Stream Image1 is open.
16469501	[INFO]	XnProperty.cpp	74	Setting Depth1.Registration to 1...
16481967	[WARNING]	XnDepthProcessor.cpp	133	Read: Depth buffer is corrupt. Size is 591360 (!= 614400)
16482011	[WARNING]	XnFrameStreamProcessor.cpp	132	Depth frame is corrupt!
16623129	[INFO]	XnProperty.cpp	151	Property Depth1.Registration was changed to 1.
16623182	[INFO]	XnProperty.cpp	101	Depth1.Registration was successfully set.
16623238	[INFO]	XnProperty.cpp	74	Setting Image1.Mirror to 1...
16635384	[INFO]	XnProperty.cpp	151	Property Image1.FirmwareMirror was changed to 1.
16635434	[INFO]	XnProperty.cpp	151	Property Image1.Mirror was changed to 1.
16635450	[INFO]	XnProperty.cpp	101	Image1.Mirror was successfully set.
164217353	[INFO]	XnOpenNI.cpp	1459	Destroying node 'User1'
164223905	[INFO]	XnOpenNI.cpp	1459	Destroying node 'Depth1'
164224014	[INFO]	XnDeviceBase.cpp	1507	Destroying stream 'Depth1'...
164225221	[INFO]	XnOpenNI.cpp	1459	Destroying node 'Image1'
164225299	[INFO]	XnDeviceBase.cpp	1507	Destroying stream 'Image1'...
164226237	[INFO]	XnOpenNI.cpp	1459	Destroying node 'Device1'
