   37966	[INFO]	XnLog.cpp	165	OpenNI version is 1.0.0 (Build 25)-MacOSX (Jan  7 2011 14:20:18)
   38030	[INFO]	XnLog.cpp	173	Log system initialized. Console: 1, File: 1, Severity: INFO, Masks: ALL
   38067	[INFO]	XnLog.cpp	173	Log system initialized. Console: 1, File: 1, Severity: INFO, Masks: ALL
   40005	[INFO]	XnUSBLinux-x86.cpp	98	USB is initialized.
 4076846	[INFO]	XnOpenNI.cpp	1261	Creating node 'Device1' of type Device...
 4078041	[INFO]	XnDeviceModule.cpp	431	Module 'Device' configuration was loaded from file.
 4533858	[INFO]	XnDeviceSensorIO.cpp	135	Connected to USB device
 4533914	[INFO]	XnProperty.cpp	151	Property Device.USBPath was changed to 045e/02ae@250/11.
 4541323	[INFO]	XnHostProtocol.cpp	825	Hardware versions: FW=5.1.4 (7) HW=4 Chip=2 Sensor=4 SYS=7
 5952085	[INFO]	XnProperty.cpp	151	Property Device.ID was changed to 0.
 5952169	[INFO]	XnSensor.cpp	182	Device sensor initialized
 5952327	[INFO]	XnOpenNI.cpp	1261	Creating node 'Depth1' of type Depth...
 5952409	[INFO]	XnDeviceBase.cpp	1383	Creating stream 'Depth1' of type 'Depth'...
 5952441	[INFO]	XnProperty.cpp	74	Setting Device.ReadData to 1...
 5952503	[INFO]	XnDeviceSensorIO.cpp	298	Endpoints open
 5965023	[INFO]	XnProperty.cpp	151	Property Device.ReadData was changed to 1.
 5965081	[INFO]	XnProperty.cpp	101	Device.ReadData was successfully set.
 5965907	[INFO]	XnProperty.cpp	151	Property Depth1.Resolution was changed to 0.
 5965949	[INFO]	XnProperty.cpp	151	Property Depth1.XRes was changed to 320.
 5965977	[INFO]	XnProperty.cpp	151	Property Depth1.YRes was changed to 240.
 5966008	[INFO]	XnProperty.cpp	151	Property Depth1.FPS was changed to 30.
 5966047	[INFO]	XnProperty.cpp	151	Property Depth1.OutputFormat was changed to 1.
 5966085	[INFO]	XnProperty.cpp	151	Property Depth1.BytesPerPixel was changed to 2.
 5966122	[INFO]	XnProperty.cpp	151	Property Depth1.RequiredDataSize was changed to 153600.
 5966164	[INFO]	XnProperty.cpp	151	Property Depth1.ParamCoeff was changed to 4.
 5966315	[INFO]	XnProperty.cpp	151	Property Depth1.ShiftScale was changed to 10.
 5978796	[INFO]	XnProperty.cpp	151	Property Depth1.ConstShift was changed to 200.
 5978953	[INFO]	XnProperty.cpp	151	Property Depth1.ZPD was changed to 120.
 5979226	[INFO]	XnProperty.cpp	151	Property Depth1.ZPPS was changed to 0.104200.
 5979274	[INFO]	XnProperty.cpp	151	Property Depth1.LDDIS was changed to 7.500000.
 5979520	[INFO]	XnProperty.cpp	151	Property Depth1.Gain was changed to 30.
 5979584	[INFO]	XnDeviceBase.cpp	1458	Stream 'Depth1' was initialized.
 5979625	[INFO]	XnDeviceBase.cpp	1463	'Depth1' stream was created.
 5979987	[INFO]	XnProperty.cpp	74	Setting Depth1.InputFormat to 3...
 5980053	[INFO]	XnProperty.cpp	151	Property Depth1.InputFormat was changed to 3.
 5980092	[INFO]	XnProperty.cpp	101	Depth1.InputFormat was successfully set.
 5981087	[INFO]	XnProperty.cpp	74	Setting Depth1.RegistrationType to 2...
 5981127	[INFO]	XnProperty.cpp	151	Property Depth1.RegistrationType was changed to 2.
 5981151	[INFO]	XnProperty.cpp	101	Depth1.RegistrationType was successfully set.
 5982131	[INFO]	XnDeviceModule.cpp	431	Module 'Depth1' configuration was loaded from file.
 5982425	[INFO]	XnProperty.cpp	74	Setting Depth1.FPS to 30...
 5982465	[INFO]	XnProperty.cpp	86	Depth1.FPS value did not change.
 5982496	[INFO]	XnProperty.cpp	74	Setting Depth1.YRes to 480...
 5982532	[INFO]	XnProperty.cpp	151	Property Depth1.Resolution was changed to 1.
 5982564	[INFO]	XnProperty.cpp	151	Property Depth1.XRes was changed to 640.
 5982593	[INFO]	XnProperty.cpp	151	Property Depth1.RequiredDataSize was changed to 307200.
 5982627	[INFO]	XnProperty.cpp	151	Property Depth1.YRes was changed to 480.
 5982658	[INFO]	XnProperty.cpp	151	Property Depth1.RequiredDataSize was changed to 614400.
 5982692	[INFO]	XnProperty.cpp	101	Depth1.YRes was successfully set.
 5982724	[INFO]	XnProperty.cpp	74	Setting Depth1.XRes to 640...
 5982752	[INFO]	XnProperty.cpp	86	Depth1.XRes value did not change.
 5982840	[INFO]	XnProperty.cpp	74	Setting Depth1.Mirror to 1...
 5982876	[INFO]	XnProperty.cpp	151	Property Depth1.FirmwareMirror was changed to 1.
 5982954	[INFO]	XnProperty.cpp	151	Property Depth1.Mirror was changed to 1.
 5982984	[INFO]	XnProperty.cpp	101	Depth1.Mirror was successfully set.
 9410829	[INFO]	XnOpenNI.cpp	1261	Creating node 'User1' of type User...
 9437031	[WARNING]	Linux-x86Threads.cpp	173	Failed to set thread priority: Invalid argument
 9437081	[WARNING]	XnUSBLinux-x86.cpp	126	USB events thread: Failed to set thread priority to critical. This might cause loss of data...
 9438025	[INFO]	XnUSBLinux-x86.cpp	1222	USB read thread was started.
 9438049	[INFO]	XnProperty.cpp	151	Property Depth1.ActualReadData was changed to 1.
 9908383	[INFO]	XnProperty.cpp	151	Property Depth1.State was changed to 1.
 9908431	[INFO]	XnDeviceBase.cpp	370	Stream Depth1 is open.
13289702	[INFO]	XnOpenNI.cpp	1261	Creating node 'Image1' of type Image...
13289756	[INFO]	XnDeviceBase.cpp	1383	Creating stream 'Image1' of type 'Image'...
13289973	[INFO]	XnProperty.cpp	151	Property Image1.Resolution was changed to 0.
13289999	[INFO]	XnProperty.cpp	151	Property Image1.XRes was changed to 320.
13290019	[INFO]	XnProperty.cpp	151	Property Image1.YRes was changed to 240.
13290039	[INFO]	XnProperty.cpp	151	Property Image1.FPS was changed to 30.
13290057	[INFO]	XnProperty.cpp	151	Property Image1.OutputFormat was changed to 5.
13290076	[INFO]	XnProperty.cpp	151	Property Image1.BytesPerPixel was changed to 3.
13290094	[INFO]	XnProperty.cpp	151	Property Image1.RequiredDataSize was changed to 230400.
13290135	[INFO]	XnDeviceBase.cpp	1458	Stream 'Image1' was initialized.
13290157	[INFO]	XnDeviceBase.cpp	1463	'Image1' stream was created.
13290290	[INFO]	XnProperty.cpp	74	Setting Image1.InputFormat to 6...
13290322	[INFO]	XnProperty.cpp	151	Property Image1.InputFormat was changed to 6.
13290343	[INFO]	XnProperty.cpp	101	Image1.InputFormat was successfully set.
13290904	[INFO]	XnDeviceModule.cpp	431	Module 'Image1' configuration was loaded from file.
13291007	[INFO]	XnProperty.cpp	74	Setting Image1.FPS to 30...
13291024	[INFO]	XnProperty.cpp	86	Image1.FPS value did not change.
13291036	[INFO]	XnProperty.cpp	74	Setting Image1.YRes to 480...
13291050	[INFO]	XnProperty.cpp	151	Property Image1.Resolution was changed to 1.
13291067	[INFO]	XnProperty.cpp	151	Property Image1.XRes was changed to 640.
13291084	[INFO]	XnProperty.cpp	151	Property Image1.RequiredDataSize was changed to 460800.
13291103	[INFO]	XnProperty.cpp	151	Property Image1.YRes was changed to 480.
13291120	[INFO]	XnProperty.cpp	151	Property Image1.RequiredDataSize was changed to 921600.
13291136	[INFO]	XnProperty.cpp	101	Image1.YRes was successfully set.
13291149	[INFO]	XnProperty.cpp	74	Setting Image1.XRes to 640...
13291159	[INFO]	XnProperty.cpp	86	Image1.XRes value did not change.
13292075	[INFO]	XnUSBLinux-x86.cpp	1222	USB read thread was started.
13292103	[INFO]	XnProperty.cpp	151	Property Image1.ActualReadData was changed to 1.
13474304	[WARNING]	XnDepthProcessor.cpp	133	Read: Depth buffer is corrupt. Size is 538832 (!= 614400)
13474354	[WARNING]	XnFrameStreamProcessor.cpp	132	Depth frame is corrupt!
16493013	[INFO]	XnProperty.cpp	151	Property Image1.State was changed to 1.
16493058	[INFO]	XnDeviceBase.cpp	370	Stream Image1 is open.
16493261	[INFO]	XnProperty.cpp	74	Setting Depth1.Registration to 1...
16510367	[WARNING]	XnDepthProcessor.cpp	133	Read: Depth buffer is corrupt. Size is 590112 (!= 614400)
16510413	[WARNING]	XnFrameStreamProcessor.cpp	132	Depth frame is corrupt!
16644764	[INFO]	XnProperty.cpp	151	Property Depth1.Registration was changed to 1.
16644809	[INFO]	XnProperty.cpp	101	Depth1.Registration was successfully set.
16644859	[INFO]	XnProperty.cpp	74	Setting Image1.Mirror to 1...
16657490	[INFO]	XnProperty.cpp	151	Property Image1.FirmwareMirror was changed to 1.
16657523	[INFO]	XnProperty.cpp	151	Property Image1.Mirror was changed to 1.
16657535	[INFO]	XnProperty.cpp	101	Image1.Mirror was successfully set.
41582271	[INFO]	XnOpenNI.cpp	1459	Destroying node 'User1'
41588690	[INFO]	XnOpenNI.cpp	1459	Destroying node 'Depth1'
41588792	[INFO]	XnDeviceBase.cpp	1507	Destroying stream 'Depth1'...
41590103	[INFO]	XnOpenNI.cpp	1459	Destroying node 'Image1'
41590185	[INFO]	XnDeviceBase.cpp	1507	Destroying stream 'Image1'...
41591298	[INFO]	XnOpenNI.cpp	1459	Destroying node 'Device1'
