    7763	[INFO]	XnLog.cpp	165	OpenNI version is 1.0.0 (Build 25)-MacOSX (Jan  7 2011 14:20:18)
    7813	[INFO]	XnLog.cpp	173	Log system initialized. Console: 1, File: 1, Severity: INFO, Masks: ALL
    7837	[INFO]	XnLog.cpp	173	Log system initialized. Console: 1, File: 1, Severity: INFO, Masks: ALL
    9185	[INFO]	XnUSBLinux-x86.cpp	98	USB is initialized.
 4472246	[INFO]	XnOpenNI.cpp	1261	Creating node 'Device1' of type Device...
 4473238	[INFO]	XnDeviceModule.cpp	431	Module 'Device' configuration was loaded from file.
 4979041	[INFO]	XnDeviceSensorIO.cpp	135	Connected to USB device
 4979104	[INFO]	XnProperty.cpp	151	Property Device.USBPath was changed to 045e/02ae@250/11.
 4986540	[INFO]	XnHostProtocol.cpp	825	Hardware versions: FW=5.1.4 (7) HW=4 Chip=2 Sensor=4 SYS=7
 6381946	[INFO]	XnProperty.cpp	151	Property Device.ID was changed to 0.
 6382057	[INFO]	XnSensor.cpp	182	Device sensor initialized
 6382206	[INFO]	XnOpenNI.cpp	1261	Creating node 'Depth1' of type Depth...
 6382276	[INFO]	XnDeviceBase.cpp	1383	Creating stream 'Depth1' of type 'Depth'...
 6382310	[INFO]	XnProperty.cpp	74	Setting Device.ReadData to 1...
 6382369	[INFO]	XnDeviceSensorIO.cpp	298	Endpoints open
 6394545	[INFO]	XnProperty.cpp	151	Property Device.ReadData was changed to 1.
 6394586	[INFO]	XnProperty.cpp	101	Device.ReadData was successfully set.
 6395045	[INFO]	XnProperty.cpp	151	Property Depth1.Resolution was changed to 0.
 6395080	[INFO]	XnProperty.cpp	151	Property Depth1.XRes was changed to 320.
 6395101	[INFO]	XnProperty.cpp	151	Property Depth1.YRes was changed to 240.
 6395120	[INFO]	XnProperty.cpp	151	Property Depth1.FPS was changed to 30.
 6395138	[INFO]	XnProperty.cpp	151	Property Depth1.OutputFormat was changed to 1.
 6395156	[INFO]	XnProperty.cpp	151	Property Depth1.BytesPerPixel was changed to 2.
 6395176	[INFO]	XnProperty.cpp	151	Property Depth1.RequiredDataSize was changed to 153600.
 6395200	[INFO]	XnProperty.cpp	151	Property Depth1.ParamCoeff was changed to 4.
 6395274	[INFO]	XnProperty.cpp	151	Property Depth1.ShiftScale was changed to 10.
 6407723	[INFO]	XnProperty.cpp	151	Property Depth1.ConstShift was changed to 200.
 6407894	[INFO]	XnProperty.cpp	151	Property Depth1.ZPD was changed to 120.
 6408017	[INFO]	XnProperty.cpp	151	Property Depth1.ZPPS was changed to 0.104200.
 6408037	[INFO]	XnProperty.cpp	151	Property Depth1.LDDIS was changed to 7.500000.
 6408192	[INFO]	XnProperty.cpp	151	Property Depth1.Gain was changed to 30.
 6408235	[INFO]	XnDeviceBase.cpp	1458	Stream 'Depth1' was initialized.
 6408254	[INFO]	XnDeviceBase.cpp	1463	'Depth1' stream was created.
 6408457	[INFO]	XnProperty.cpp	74	Setting Depth1.InputFormat to 3...
 6408485	[INFO]	XnProperty.cpp	151	Property Depth1.InputFormat was changed to 3.
 6408502	[INFO]	XnProperty.cpp	101	Depth1.InputFormat was successfully set.
 6409111	[INFO]	XnProperty.cpp	74	Setting Depth1.RegistrationType to 2...
 6409134	[INFO]	XnProperty.cpp	151	Property Depth1.RegistrationType was changed to 2.
 6409150	[INFO]	XnProperty.cpp	101	Depth1.RegistrationType was successfully set.
 6409822	[INFO]	XnDeviceModule.cpp	431	Module 'Depth1' configuration was loaded from file.
 6410033	[INFO]	XnProperty.cpp	74	Setting Depth1.FPS to 30...
 6410056	[INFO]	XnProperty.cpp	101	Depth1.FPS was successfully set.
 6410072	[INFO]	XnProperty.cpp	74	Setting Depth1.YRes to 480...
 6410089	[INFO]	XnProperty.cpp	151	Property Depth1.Resolution was changed to 1.
 6410105	[INFO]	XnProperty.cpp	151	Property Depth1.XRes was changed to 640.
 6410120	[INFO]	XnProperty.cpp	151	Property Depth1.RequiredDataSize was changed to 307200.
 6410138	[INFO]	XnProperty.cpp	151	Property Depth1.YRes was changed to 480.
 6410152	[INFO]	XnProperty.cpp	151	Property Depth1.RequiredDataSize was changed to 614400.
 6410168	[INFO]	XnProperty.cpp	101	Depth1.YRes was successfully set.
 6410183	[INFO]	XnProperty.cpp	74	Setting Depth1.XRes to 640...
 6410197	[INFO]	XnProperty.cpp	101	Depth1.XRes was successfully set.
 6410249	[INFO]	XnProperty.cpp	74	Setting Depth1.Mirror to 1...
 6410266	[INFO]	XnProperty.cpp	151	Property Depth1.FirmwareMirror was changed to 1.
 6410320	[INFO]	XnProperty.cpp	151	Property Depth1.Mirror was changed to 1.
 6410335	[INFO]	XnProperty.cpp	101	Depth1.Mirror was successfully set.
 9812524	[INFO]	XnOpenNI.cpp	1261	Creating node 'User1' of type User...
 9837879	[WARNING]	Linux-x86Threads.cpp	173	Failed to set thread priority: Invalid argument
 9837928	[WARNING]	XnUSBLinux-x86.cpp	126	USB events thread: Failed to set thread priority to critical. This might cause loss of data...
 9838813	[INFO]	XnUSBLinux-x86.cpp	1222	USB read thread was started.
 9838837	[INFO]	XnProperty.cpp	151	Property Depth1.ActualReadData was changed to 1.
10309642	[INFO]	XnProperty.cpp	151	Property Depth1.State was changed to 1.
10309686	[INFO]	XnDeviceBase.cpp	370	Stream Depth1 is open.
13693895	[INFO]	XnOpenNI.cpp	1261	Creating node 'Image1' of type Image...
13693948	[INFO]	XnDeviceBase.cpp	1383	Creating stream 'Image1' of type 'Image'...
13694161	[INFO]	XnProperty.cpp	151	Property Image1.Resolution was changed to 0.
13694186	[INFO]	XnProperty.cpp	151	Property Image1.XRes was changed to 320.
13694206	[INFO]	XnProperty.cpp	151	Property Image1.YRes was changed to 240.
13694226	[INFO]	XnProperty.cpp	151	Property Image1.FPS was changed to 30.
13694244	[INFO]	XnProperty.cpp	151	Property Image1.OutputFormat was changed to 5.
13694262	[INFO]	XnProperty.cpp	151	Property Image1.BytesPerPixel was changed to 3.
13694281	[INFO]	XnProperty.cpp	151	Property Image1.RequiredDataSize was changed to 230400.
13694329	[INFO]	XnDeviceBase.cpp	1458	Stream 'Image1' was initialized.
13694351	[INFO]	XnDeviceBase.cpp	1463	'Image1' stream was created.
13694483	[INFO]	XnProperty.cpp	74	Setting Image1.InputFormat to 6...
13694515	[INFO]	XnProperty.cpp	151	Property Image1.InputFormat was changed to 6.
13694536	[INFO]	XnProperty.cpp	101	Image1.InputFormat was successfully set.
13695141	[INFO]	XnDeviceModule.cpp	431	Module 'Image1' configuration was loaded from file.
13695233	[INFO]	XnProperty.cpp	74	Setting Image1.FPS to 30...
13695255	[INFO]	XnProperty.cpp	86	Image1.FPS value did not change.
13695275	[INFO]	XnProperty.cpp	74	Setting Image1.YRes to 480...
13695295	[INFO]	XnProperty.cpp	151	Property Image1.Resolution was changed to 1.
13695314	[INFO]	XnProperty.cpp	151	Property Image1.XRes was changed to 640.
13695333	[INFO]	XnProperty.cpp	151	Property Image1.RequiredDataSize was changed to 460800.
13695354	[INFO]	XnProperty.cpp	151	Property Image1.YRes was changed to 480.
13695373	[INFO]	XnProperty.cpp	151	Property Image1.RequiredDataSize was changed to 921600.
13695392	[INFO]	XnProperty.cpp	101	Image1.YRes was successfully set.
13695410	[INFO]	XnProperty.cpp	74	Setting Image1.XRes to 640...
13695429	[INFO]	XnProperty.cpp	101	Image1.XRes was successfully set.
13696365	[INFO]	XnUSBLinux-x86.cpp	1222	USB read thread was started.
13696392	[INFO]	XnProperty.cpp	151	Property Image1.ActualReadData was changed to 1.
13875026	[WARNING]	XnDepthProcessor.cpp	133	Read: Depth buffer is corrupt. Size is 533712 (!= 614400)
13875074	[WARNING]	XnFrameStreamProcessor.cpp	132	Depth frame is corrupt!
16896810	[INFO]	XnProperty.cpp	151	Property Image1.State was changed to 1.
16896855	[INFO]	XnDeviceBase.cpp	370	Stream Image1 is open.
16897072	[INFO]	XnProperty.cpp	74	Setting Depth1.Registration to 1...
17048715	[INFO]	XnProperty.cpp	151	Property Depth1.Registration was changed to 1.
17048760	[INFO]	XnProperty.cpp	101	Depth1.Registration was successfully set.
17048809	[INFO]	XnProperty.cpp	74	Setting Image1.Mirror to 1...
17061351	[INFO]	XnProperty.cpp	151	Property Image1.FirmwareMirror was changed to 1.
17061383	[INFO]	XnProperty.cpp	151	Property Image1.Mirror was changed to 1.
17061396	[INFO]	XnProperty.cpp	101	Image1.Mirror was successfully set.
