   37336	[INFO]	XnLog.cpp	165	OpenNI version is 1.0.0 (Build 25)-MacOSX (Jan  7 2011 14:20:18)
   37375	[INFO]	XnLog.cpp	173	Log system initialized. Console: 1, File: 1, Severity: INFO, Masks: ALL
   37399	[INFO]	XnLog.cpp	173	Log system initialized. Console: 1, File: 1, Severity: INFO, Masks: ALL
   38982	[INFO]	XnUSBLinux-x86.cpp	98	USB is initialized.
 4465612	[INFO]	XnOpenNI.cpp	1261	Creating node 'Device1' of type Device...
 4466899	[INFO]	XnDeviceModule.cpp	431	Module 'Device' configuration was loaded from file.
 5075686	[INFO]	XnDeviceSensorIO.cpp	135	Connected to USB device
 5075740	[INFO]	XnProperty.cpp	151	Property Device.USBPath was changed to 045e/02ae@250/11.
 5082661	[INFO]	XnHostProtocol.cpp	825	Hardware versions: FW=5.1.4 (7) HW=4 Chip=2 Sensor=4 SYS=7
 6497532	[INFO]	XnProperty.cpp	151	Property Device.ID was changed to 0.
 6497614	[INFO]	XnSensor.cpp	182	Device sensor initialized
 6497729	[INFO]	XnOpenNI.cpp	1261	Creating node 'Depth1' of type Depth...
 6497803	[INFO]	XnDeviceBase.cpp	1383	Creating stream 'Depth1' of type 'Depth'...
 6497840	[INFO]	XnProperty.cpp	74	Setting Device.ReadData to 1...
 6497905	[INFO]	XnDeviceSensorIO.cpp	298	Endpoints open
 6510629	[INFO]	XnProperty.cpp	151	Property Device.ReadData was changed to 1.
 6510669	[INFO]	XnProperty.cpp	101	Device.ReadData was successfully set.
 6511290	[INFO]	XnProperty.cpp	151	Property Depth1.Resolution was changed to 0.
 6511324	[INFO]	XnProperty.cpp	151	Property Depth1.XRes was changed to 320.
 6511350	[INFO]	XnProperty.cpp	151	Property Depth1.YRes was changed to 240.
 6511383	[INFO]	XnProperty.cpp	151	Property Depth1.FPS was changed to 30.
 6511415	[INFO]	XnProperty.cpp	151	Property Depth1.OutputFormat was changed to 1.
 6511446	[INFO]	XnProperty.cpp	151	Property Depth1.BytesPerPixel was changed to 2.
 6511477	[INFO]	XnProperty.cpp	151	Property Depth1.RequiredDataSize was changed to 153600.
 6511515	[INFO]	XnProperty.cpp	151	Property Depth1.ParamCoeff was changed to 4.
 6511630	[INFO]	XnProperty.cpp	151	Property Depth1.ShiftScale was changed to 10.
 6524393	[INFO]	XnProperty.cpp	151	Property Depth1.ConstShift was changed to 200.
 6524478	[INFO]	XnProperty.cpp	151	Property Depth1.ZPD was changed to 120.
 6524634	[INFO]	XnProperty.cpp	151	Property Depth1.ZPPS was changed to 0.104200.
 6524667	[INFO]	XnProperty.cpp	151	Property Depth1.LDDIS was changed to 7.500000.
 6524821	[INFO]	XnProperty.cpp	151	Property Depth1.Gain was changed to 30.
 6524865	[INFO]	XnDeviceBase.cpp	1458	Stream 'Depth1' was initialized.
 6524893	[INFO]	XnDeviceBase.cpp	1463	'Depth1' stream was created.
 6525159	[INFO]	XnProperty.cpp	74	Setting Depth1.InputFormat to 3...
 6525200	[INFO]	XnProperty.cpp	151	Property Depth1.InputFormat was changed to 3.
 6525227	[INFO]	XnProperty.cpp	101	Depth1.InputFormat was successfully set.
 6526004	[INFO]	XnProperty.cpp	74	Setting Depth1.RegistrationType to 2...
 6526030	[INFO]	XnProperty.cpp	151	Property Depth1.RegistrationType was changed to 2.
 6526046	[INFO]	XnProperty.cpp	101	Depth1.RegistrationType was successfully set.
 6526830	[INFO]	XnDeviceModule.cpp	431	Module 'Depth1' configuration was loaded from file.
 6527100	[INFO]	XnProperty.cpp	74	Setting Depth1.FPS to 30...
 6527134	[INFO]	XnProperty.cpp	86	Depth1.FPS value did not change.
 6527159	[INFO]	XnProperty.cpp	74	Setting Depth1.YRes to 480...
 6527193	[INFO]	XnProperty.cpp	151	Property Depth1.Resolution was changed to 1.
 6527223	[INFO]	XnProperty.cpp	151	Property Depth1.XRes was changed to 640.
 6527243	[INFO]	XnProperty.cpp	151	Property Depth1.RequiredDataSize was changed to 307200.
 6527267	[INFO]	XnProperty.cpp	151	Property Depth1.YRes was changed to 480.
 6527289	[INFO]	XnProperty.cpp	151	Property Depth1.RequiredDataSize was changed to 614400.
 6527312	[INFO]	XnProperty.cpp	101	Depth1.YRes was successfully set.
 6527336	[INFO]	XnProperty.cpp	74	Setting Depth1.XRes to 640...
 6527355	[INFO]	XnProperty.cpp	86	Depth1.XRes value did not change.
 6527425	[INFO]	XnProperty.cpp	74	Setting Depth1.Mirror to 1...
 6527451	[INFO]	XnProperty.cpp	151	Property Depth1.FirmwareMirror was changed to 1.
 6527513	[INFO]	XnProperty.cpp	151	Property Depth1.Mirror was changed to 1.
 6527535	[INFO]	XnProperty.cpp	101	Depth1.Mirror was successfully set.
 9948234	[INFO]	XnOpenNI.cpp	1261	Creating node 'User1' of type User...
 9976530	[WARNING]	Linux-x86Threads.cpp	173	Failed to set thread priority: Invalid argument
 9976585	[WARNING]	XnUSBLinux-x86.cpp	126	USB events thread: Failed to set thread priority to critical. This might cause loss of data...
 9977562	[INFO]	XnUSBLinux-x86.cpp	1222	USB read thread was started.
 9977598	[INFO]	XnProperty.cpp	151	Property Depth1.ActualReadData was changed to 1.
10449365	[INFO]	XnProperty.cpp	151	Property Depth1.State was changed to 1.
10449413	[INFO]	XnDeviceBase.cpp	370	Stream Depth1 is open.
13847290	[INFO]	XnOpenNI.cpp	1261	Creating node 'Image1' of type Image...
13847344	[INFO]	XnDeviceBase.cpp	1383	Creating stream 'Image1' of type 'Image'...
13847588	[INFO]	XnProperty.cpp	151	Property Image1.Resolution was changed to 0.
13847616	[INFO]	XnProperty.cpp	151	Property Image1.XRes was changed to 320.
13847638	[INFO]	XnProperty.cpp	151	Property Image1.YRes was changed to 240.
13847656	[INFO]	XnProperty.cpp	151	Property Image1.FPS was changed to 30.
13847675	[INFO]	XnProperty.cpp	151	Property Image1.OutputFormat was changed to 5.
13847694	[INFO]	XnProperty.cpp	151	Property Image1.BytesPerPixel was changed to 3.
13847712	[INFO]	XnProperty.cpp	151	Property Image1.RequiredDataSize was changed to 230400.
13847752	[INFO]	XnDeviceBase.cpp	1458	Stream 'Image1' was initialized.
13847774	[INFO]	XnDeviceBase.cpp	1463	'Image1' stream was created.
13847915	[INFO]	XnProperty.cpp	74	Setting Image1.InputFormat to 6...
13847946	[INFO]	XnProperty.cpp	151	Property Image1.InputFormat was changed to 6.
13847966	[INFO]	XnProperty.cpp	101	Image1.InputFormat was successfully set.
13848405	[INFO]	XnDeviceModule.cpp	431	Module 'Image1' configuration was loaded from file.
13848504	[INFO]	XnProperty.cpp	74	Setting Image1.FPS to 30...
13848526	[INFO]	XnProperty.cpp	86	Image1.FPS value did not change.
13848545	[INFO]	XnProperty.cpp	74	Setting Image1.YRes to 480...
13848565	[INFO]	XnProperty.cpp	151	Property Image1.Resolution was changed to 1.
13848584	[INFO]	XnProperty.cpp	151	Property Image1.XRes was changed to 640.
13848603	[INFO]	XnProperty.cpp	151	Property Image1.RequiredDataSize was changed to 460800.
13848623	[INFO]	XnProperty.cpp	151	Property Image1.YRes was changed to 480.
13848642	[INFO]	XnProperty.cpp	151	Property Image1.RequiredDataSize was changed to 921600.
13848661	[INFO]	XnProperty.cpp	101	Image1.YRes was successfully set.
13848679	[INFO]	XnProperty.cpp	74	Setting Image1.XRes to 640...
13848696	[INFO]	XnProperty.cpp	86	Image1.XRes value did not change.
13849698	[INFO]	XnUSBLinux-x86.cpp	1222	USB read thread was started.
13849732	[INFO]	XnProperty.cpp	151	Property Image1.ActualReadData was changed to 1.
14049434	[WARNING]	XnDepthProcessor.cpp	133	Read: Depth buffer is corrupt. Size is 562144 (!= 614400)
14049488	[WARNING]	XnFrameStreamProcessor.cpp	132	Depth frame is corrupt!
17050877	[INFO]	XnProperty.cpp	151	Property Image1.State was changed to 1.
17050923	[INFO]	XnDeviceBase.cpp	370	Stream Image1 is open.
17051136	[INFO]	XnProperty.cpp	74	Setting Depth1.Registration to 1...
17085478	[WARNING]	XnDepthProcessor.cpp	133	Read: Depth buffer is corrupt. Size is 571360 (!= 614400)
17085527	[WARNING]	XnFrameStreamProcessor.cpp	132	Depth frame is corrupt!
17202599	[INFO]	XnProperty.cpp	151	Property Depth1.Registration was changed to 1.
17202644	[INFO]	XnProperty.cpp	101	Depth1.Registration was successfully set.
17202692	[INFO]	XnProperty.cpp	74	Setting Image1.Mirror to 1...
17215382	[INFO]	XnProperty.cpp	151	Property Image1.FirmwareMirror was changed to 1.
17215418	[INFO]	XnProperty.cpp	151	Property Image1.Mirror was changed to 1.
17215430	[INFO]	XnProperty.cpp	101	Image1.Mirror was successfully set.
