    1979	[INFO]	XnLog.cpp	165	OpenNI version is 1.0.0 (Build 25)-MacOSX (Jan  7 2011 14:20:18)
    2032	[INFO]	XnLog.cpp	173	Log system initialized. Console: 1, File: 1, Severity: INFO, Masks: ALL
    2243	[INFO]	XnLog.cpp	173	Log system initialized. Console: 1, File: 1, Severity: INFO, Masks: ALL
    3511	[INFO]	XnUSBLinux-x86.cpp	98	USB is initialized.
 4016989	[INFO]	XnOpenNI.cpp	1261	Creating node 'Device1' of type Device...
 4018067	[INFO]	XnDeviceModule.cpp	431	Module 'Device' configuration was loaded from file.
 4474697	[INFO]	XnDeviceSensorIO.cpp	135	Connected to USB device
 4474751	[INFO]	XnProperty.cpp	151	Property Device.USBPath was changed to 045e/02ae@250/11.
 4482371	[INFO]	XnHostProtocol.cpp	825	Hardware versions: FW=5.1.4 (7) HW=4 Chip=2 Sensor=4 SYS=7
 5893099	[INFO]	XnProperty.cpp	151	Property Device.ID was changed to 0.
 5893194	[INFO]	XnSensor.cpp	182	Device sensor initialized
 5893362	[INFO]	XnOpenNI.cpp	1261	Creating node 'Depth1' of type Depth...
 5893453	[INFO]	XnDeviceBase.cpp	1383	Creating stream 'Depth1' of type 'Depth'...
 5893500	[INFO]	XnProperty.cpp	74	Setting Device.ReadData to 1...
 5893573	[INFO]	XnDeviceSensorIO.cpp	298	Endpoints open
 5906051	[INFO]	XnProperty.cpp	151	Property Device.ReadData was changed to 1.
 5906101	[INFO]	XnProperty.cpp	101	Device.ReadData was successfully set.
 5906879	[INFO]	XnProperty.cpp	151	Property Depth1.Resolution was changed to 0.
 5906921	[INFO]	XnProperty.cpp	151	Property Depth1.XRes was changed to 320.
 5906957	[INFO]	XnProperty.cpp	151	Property Depth1.YRes was changed to 240.
 5906995	[INFO]	XnProperty.cpp	151	Property Depth1.FPS was changed to 30.
 5907032	[INFO]	XnProperty.cpp	151	Property Depth1.OutputFormat was changed to 1.
 5907068	[INFO]	XnProperty.cpp	151	Property Depth1.BytesPerPixel was changed to 2.
 5907093	[INFO]	XnProperty.cpp	151	Property Depth1.RequiredDataSize was changed to 153600.
 5907123	[INFO]	XnProperty.cpp	151	Property Depth1.ParamCoeff was changed to 4.
 5907245	[INFO]	XnProperty.cpp	151	Property Depth1.ShiftScale was changed to 10.
 5919389	[INFO]	XnProperty.cpp	151	Property Depth1.ConstShift was changed to 200.
 5919523	[INFO]	XnProperty.cpp	151	Property Depth1.ZPD was changed to 120.
 5919710	[INFO]	XnProperty.cpp	151	Property Depth1.ZPPS was changed to 0.104200.
 5919736	[INFO]	XnProperty.cpp	151	Property Depth1.LDDIS was changed to 7.500000.
 5919912	[INFO]	XnProperty.cpp	151	Property Depth1.Gain was changed to 30.
 5919952	[INFO]	XnDeviceBase.cpp	1458	Stream 'Depth1' was initialized.
 5919970	[INFO]	XnDeviceBase.cpp	1463	'Depth1' stream was created.
 5920166	[INFO]	XnProperty.cpp	74	Setting Depth1.InputFormat to 3...
 5920192	[INFO]	XnProperty.cpp	151	Property Depth1.InputFormat was changed to 3.
 5920207	[INFO]	XnProperty.cpp	101	Depth1.InputFormat was successfully set.
 5920799	[INFO]	XnProperty.cpp	74	Setting Depth1.RegistrationType to 2...
 5920820	[INFO]	XnProperty.cpp	151	Property Depth1.RegistrationType was changed to 2.
 5920835	[INFO]	XnProperty.cpp	101	Depth1.RegistrationType was successfully set.
 5921461	[INFO]	XnDeviceModule.cpp	431	Module 'Depth1' configuration was loaded from file.
 5921672	[INFO]	XnProperty.cpp	74	Setting Depth1.FPS to 30...
 5921694	[INFO]	XnProperty.cpp	86	Depth1.FPS value did not change.
 5921708	[INFO]	XnProperty.cpp	74	Setting Depth1.YRes to 480...
 5921726	[INFO]	XnProperty.cpp	151	Property Depth1.Resolution was changed to 1.
 5921742	[INFO]	XnProperty.cpp	151	Property Depth1.XRes was changed to 640.
 5921757	[INFO]	XnProperty.cpp	151	Property Depth1.RequiredDataSize was changed to 307200.
 5921774	[INFO]	XnProperty.cpp	151	Property Depth1.YRes was changed to 480.
 5921789	[INFO]	XnProperty.cpp	151	Property Depth1.RequiredDataSize was changed to 614400.
 5921804	[INFO]	XnProperty.cpp	101	Depth1.YRes was successfully set.
 5921819	[INFO]	XnProperty.cpp	74	Setting Depth1.XRes to 640...
 5921833	[INFO]	XnProperty.cpp	86	Depth1.XRes value did not change.
 5921886	[INFO]	XnProperty.cpp	74	Setting Depth1.Mirror to 1...
 5921903	[INFO]	XnProperty.cpp	151	Property Depth1.FirmwareMirror was changed to 1.
 5921955	[INFO]	XnProperty.cpp	151	Property Depth1.Mirror was changed to 1.
 5921970	[INFO]	XnProperty.cpp	101	Depth1.Mirror was successfully set.
 9336703	[INFO]	XnOpenNI.cpp	1261	Creating node 'User1' of type User...
 9362092	[WARNING]	Linux-x86Threads.cpp	173	Failed to set thread priority: Invalid argument
 9362140	[WARNING]	XnUSBLinux-x86.cpp	126	USB events thread: Failed to set thread priority to critical. This might cause loss of data...
 9363049	[INFO]	XnUSBLinux-x86.cpp	1222	USB read thread was started.
 9363073	[INFO]	XnProperty.cpp	151	Property Depth1.ActualReadData was changed to 1.
 9833441	[INFO]	XnProperty.cpp	151	Property Depth1.State was changed to 1.
 9833487	[INFO]	XnDeviceBase.cpp	370	Stream Depth1 is open.
13214439	[INFO]	XnOpenNI.cpp	1261	Creating node 'Image1' of type Image...
13214493	[INFO]	XnDeviceBase.cpp	1383	Creating stream 'Image1' of type 'Image'...
13214694	[INFO]	XnProperty.cpp	151	Property Image1.Resolution was changed to 0.
13214720	[INFO]	XnProperty.cpp	151	Property Image1.XRes was changed to 320.
13214740	[INFO]	XnProperty.cpp	151	Property Image1.YRes was changed to 240.
13214760	[INFO]	XnProperty.cpp	151	Property Image1.FPS was changed to 30.
13214779	[INFO]	XnProperty.cpp	151	Property Image1.OutputFormat was changed to 5.
13214797	[INFO]	XnProperty.cpp	151	Property Image1.BytesPerPixel was changed to 3.
13214816	[INFO]	XnProperty.cpp	151	Property Image1.RequiredDataSize was changed to 230400.
13214857	[INFO]	XnDeviceBase.cpp	1458	Stream 'Image1' was initialized.
13214879	[INFO]	XnDeviceBase.cpp	1463	'Image1' stream was created.
13215014	[INFO]	XnProperty.cpp	74	Setting Image1.InputFormat to 6...
13215045	[INFO]	XnProperty.cpp	151	Property Image1.InputFormat was changed to 6.
13215067	[INFO]	XnProperty.cpp	101	Image1.InputFormat was successfully set.
13215629	[INFO]	XnDeviceModule.cpp	431	Module 'Image1' configuration was loaded from file.
13215735	[INFO]	XnProperty.cpp	74	Setting Image1.FPS to 30...
13215756	[INFO]	XnProperty.cpp	101	Image1.FPS was successfully set.
13215769	[INFO]	XnProperty.cpp	74	Setting Image1.YRes to 480...
13215787	[INFO]	XnProperty.cpp	151	Property Image1.Resolution was changed to 1.
13215802	[INFO]	XnProperty.cpp	151	Property Image1.XRes was changed to 640.
13215819	[INFO]	XnProperty.cpp	151	Property Image1.RequiredDataSize was changed to 460800.
13215837	[INFO]	XnProperty.cpp	151	Property Image1.YRes was changed to 480.
13215854	[INFO]	XnProperty.cpp	151	Property Image1.RequiredDataSize was changed to 921600.
13215871	[INFO]	XnProperty.cpp	101	Image1.YRes was successfully set.
13215883	[INFO]	XnProperty.cpp	74	Setting Image1.XRes to 640...
13215894	[INFO]	XnProperty.cpp	86	Image1.XRes value did not change.
13216740	[INFO]	XnUSBLinux-x86.cpp	1222	USB read thread was started.
13216766	[INFO]	XnProperty.cpp	151	Property Image1.ActualReadData was changed to 1.
13374772	[WARNING]	XnFirmwareStreams.cpp	324	Unknown packet type (0x4847)!!!
13402748	[WARNING]	XnDepthProcessor.cpp	133	Read: Depth buffer is corrupt. Size is 510544 (!= 614400)
13402778	[WARNING]	XnFrameStreamProcessor.cpp	132	Depth frame is corrupt!
13434792	[WARNING]	XnDepthProcessor.cpp	133	Read: Depth buffer is corrupt. Size is 592512 (!= 614400)
13434843	[WARNING]	XnFrameStreamProcessor.cpp	132	Depth frame is corrupt!
16302856	[WARNING]	XnDepthProcessor.cpp	133	Read: Depth buffer is corrupt. Size is 568768 (!= 614400)
16302903	[WARNING]	XnFrameStreamProcessor.cpp	132	Depth frame is corrupt!
16417529	[INFO]	XnProperty.cpp	151	Property Image1.State was changed to 1.
16417575	[INFO]	XnDeviceBase.cpp	370	Stream Image1 is open.
16417781	[INFO]	XnProperty.cpp	74	Setting Depth1.Registration to 1...
16470810	[WARNING]	XnDepthProcessor.cpp	133	Read: Depth buffer is corrupt. Size is 586832 (!= 614400)
16470875	[WARNING]	XnFrameStreamProcessor.cpp	132	Depth frame is corrupt!
16569706	[INFO]	XnProperty.cpp	151	Property Depth1.Registration was changed to 1.
16569752	[INFO]	XnProperty.cpp	101	Depth1.Registration was successfully set.
16569804	[INFO]	XnProperty.cpp	74	Setting Image1.Mirror to 1...
16582047	[INFO]	XnProperty.cpp	151	Property Image1.FirmwareMirror was changed to 1.
16582113	[INFO]	XnProperty.cpp	151	Property Image1.Mirror was changed to 1.
16582126	[INFO]	XnProperty.cpp	101	Image1.Mirror was successfully set.
45467188	[INFO]	XnOpenNI.cpp	1459	Destroying node 'User1'
45473502	[INFO]	XnOpenNI.cpp	1459	Destroying node 'Depth1'
45473603	[INFO]	XnDeviceBase.cpp	1507	Destroying stream 'Depth1'...
45474654	[INFO]	XnOpenNI.cpp	1459	Destroying node 'Image1'
45474690	[INFO]	XnDeviceBase.cpp	1507	Destroying stream 'Image1'...
45475661	[INFO]	XnOpenNI.cpp	1459	Destroying node 'Device1'
