    2121	[INFO]	XnLog.cpp	165	OpenNI version is 1.0.0 (Build 25)-MacOSX (Jan  7 2011 14:20:18)
    2183	[INFO]	XnLog.cpp	173	Log system initialized. Console: 1, File: 1, Severity: INFO, Masks: ALL
    2218	[INFO]	XnLog.cpp	173	Log system initialized. Console: 1, File: 1, Severity: INFO, Masks: ALL
    3868	[INFO]	XnUSBLinux-x86.cpp	98	USB is initialized.
 4045888	[INFO]	XnOpenNI.cpp	1261	Creating node 'Device1' of type Device...
 4047218	[INFO]	XnDeviceModule.cpp	431	Module 'Device' configuration was loaded from file.
 4392808	[INFO]	XnDeviceSensorIO.cpp	135	Connected to USB device
 4392949	[INFO]	XnProperty.cpp	151	Property Device.USBPath was changed to 045e/02ae@250/11.
 4400937	[INFO]	XnHostProtocol.cpp	825	Hardware versions: FW=5.1.4 (7) HW=4 Chip=2 Sensor=4 SYS=7
 5813713	[INFO]	XnProperty.cpp	151	Property Device.ID was changed to 0.
 5813808	[INFO]	XnSensor.cpp	182	Device sensor initialized
 5813964	[INFO]	XnOpenNI.cpp	1261	Creating node 'Depth1' of type Depth...
 5814050	[INFO]	XnDeviceBase.cpp	1383	Creating stream 'Depth1' of type 'Depth'...
 5814096	[INFO]	XnProperty.cpp	74	Setting Device.ReadData to 1...
 5814169	[INFO]	XnDeviceSensorIO.cpp	298	Endpoints open
 5826580	[INFO]	XnProperty.cpp	151	Property Device.ReadData was changed to 1.
 5826629	[INFO]	XnProperty.cpp	101	Device.ReadData was successfully set.
 5827409	[INFO]	XnProperty.cpp	151	Property Depth1.Resolution was changed to 0.
 5827449	[INFO]	XnProperty.cpp	151	Property Depth1.XRes was changed to 320.
 5827476	[INFO]	XnProperty.cpp	151	Property Depth1.YRes was changed to 240.
 5827504	[INFO]	XnProperty.cpp	151	Property Depth1.FPS was changed to 30.
 5827541	[INFO]	XnProperty.cpp	151	Property Depth1.OutputFormat was changed to 1.
 5827580	[INFO]	XnProperty.cpp	151	Property Depth1.BytesPerPixel was changed to 2.
 5827618	[INFO]	XnProperty.cpp	151	Property Depth1.RequiredDataSize was changed to 153600.
 5827665	[INFO]	XnProperty.cpp	151	Property Depth1.ParamCoeff was changed to 4.
 5827818	[INFO]	XnProperty.cpp	151	Property Depth1.ShiftScale was changed to 10.
 5840255	[INFO]	XnProperty.cpp	151	Property Depth1.ConstShift was changed to 200.
 5840365	[INFO]	XnProperty.cpp	151	Property Depth1.ZPD was changed to 120.
 5840494	[INFO]	XnProperty.cpp	151	Property Depth1.ZPPS was changed to 0.104200.
 5840513	[INFO]	XnProperty.cpp	151	Property Depth1.LDDIS was changed to 7.500000.
 5840630	[INFO]	XnProperty.cpp	151	Property Depth1.Gain was changed to 30.
 5840664	[INFO]	XnDeviceBase.cpp	1458	Stream 'Depth1' was initialized.
 5840680	[INFO]	XnDeviceBase.cpp	1463	'Depth1' stream was created.
 5840877	[INFO]	XnProperty.cpp	74	Setting Depth1.InputFormat to 3...
 5840905	[INFO]	XnProperty.cpp	151	Property Depth1.InputFormat was changed to 3.
 5840921	[INFO]	XnProperty.cpp	101	Depth1.InputFormat was successfully set.
 5841511	[INFO]	XnProperty.cpp	74	Setting Depth1.RegistrationType to 2...
 5841533	[INFO]	XnProperty.cpp	151	Property Depth1.RegistrationType was changed to 2.
 5841548	[INFO]	XnProperty.cpp	101	Depth1.RegistrationType was successfully set.
 5842168	[INFO]	XnDeviceModule.cpp	431	Module 'Depth1' configuration was loaded from file.
 5842381	[INFO]	XnProperty.cpp	74	Setting Depth1.FPS to 30...
 5842403	[INFO]	XnProperty.cpp	86	Depth1.FPS value did not change.
 5842418	[INFO]	XnProperty.cpp	74	Setting Depth1.YRes to 480...
 5842436	[INFO]	XnProperty.cpp	151	Property Depth1.Resolution was changed to 1.
 5842451	[INFO]	XnProperty.cpp	151	Property Depth1.XRes was changed to 640.
 5842466	[INFO]	XnProperty.cpp	151	Property Depth1.RequiredDataSize was changed to 307200.
 5842484	[INFO]	XnProperty.cpp	151	Property Depth1.YRes was changed to 480.
 5842498	[INFO]	XnProperty.cpp	151	Property Depth1.RequiredDataSize was changed to 614400.
 5842513	[INFO]	XnProperty.cpp	101	Depth1.YRes was successfully set.
 5842528	[INFO]	XnProperty.cpp	74	Setting Depth1.XRes to 640...
 5842541	[INFO]	XnProperty.cpp	86	Depth1.XRes value did not change.
 5842594	[INFO]	XnProperty.cpp	74	Setting Depth1.Mirror to 1...
 5842612	[INFO]	XnProperty.cpp	151	Property Depth1.FirmwareMirror was changed to 1.
 5842661	[INFO]	XnProperty.cpp	151	Property Depth1.Mirror was changed to 1.
 5842675	[INFO]	XnProperty.cpp	101	Depth1.Mirror was successfully set.
 8395935	[INFO]	XnOpenNI.cpp	1261	Creating node 'User1' of type User...
 8421608	[WARNING]	Linux-x86Threads.cpp	173	Failed to set thread priority: Invalid argument
 8421657	[WARNING]	XnUSBLinux-x86.cpp	126	USB events thread: Failed to set thread priority to critical. This might cause loss of data...
 8422565	[INFO]	XnUSBLinux-x86.cpp	1222	USB read thread was started.
 8422589	[INFO]	XnProperty.cpp	151	Property Depth1.ActualReadData was changed to 1.
 8892669	[INFO]	XnProperty.cpp	151	Property Depth1.State was changed to 1.
 8892720	[INFO]	XnDeviceBase.cpp	370	Stream Depth1 is open.
11844072	[INFO]	XnOpenNI.cpp	1261	Creating node 'Image1' of type Image...
11844128	[INFO]	XnDeviceBase.cpp	1383	Creating stream 'Image1' of type 'Image'...
11844374	[INFO]	XnProperty.cpp	151	Property Image1.Resolution was changed to 0.
11844399	[INFO]	XnProperty.cpp	151	Property Image1.XRes was changed to 320.
11844417	[INFO]	XnProperty.cpp	151	Property Image1.YRes was changed to 240.
11844436	[INFO]	XnProperty.cpp	151	Property Image1.FPS was changed to 30.
11844453	[INFO]	XnProperty.cpp	151	Property Image1.OutputFormat was changed to 5.
11844468	[INFO]	XnProperty.cpp	151	Property Image1.BytesPerPixel was changed to 3.
11844482	[INFO]	XnProperty.cpp	151	Property Image1.RequiredDataSize was changed to 230400.
11844517	[INFO]	XnDeviceBase.cpp	1458	Stream 'Image1' was initialized.
11844531	[INFO]	XnDeviceBase.cpp	1463	'Image1' stream was created.
11844639	[INFO]	XnProperty.cpp	74	Setting Image1.InputFormat to 6...
11844659	[INFO]	XnProperty.cpp	151	Property Image1.InputFormat was changed to 6.
11844671	[INFO]	XnProperty.cpp	101	Image1.InputFormat was successfully set.
11845132	[INFO]	XnDeviceModule.cpp	431	Module 'Image1' configuration was loaded from file.
11845228	[INFO]	XnProperty.cpp	74	Setting Image1.FPS to 30...
11845246	[INFO]	XnProperty.cpp	86	Image1.FPS value did not change.
11845257	[INFO]	XnProperty.cpp	74	Setting Image1.YRes to 480...
11845274	[INFO]	XnProperty.cpp	151	Property Image1.Resolution was changed to 1.
11845291	[INFO]	XnProperty.cpp	151	Property Image1.XRes was changed to 640.
11845309	[INFO]	XnProperty.cpp	151	Property Image1.RequiredDataSize was changed to 460800.
11845327	[INFO]	XnProperty.cpp	151	Property Image1.YRes was changed to 480.
11845344	[INFO]	XnProperty.cpp	151	Property Image1.RequiredDataSize was changed to 921600.
11845359	[INFO]	XnProperty.cpp	101	Image1.YRes was successfully set.
11845371	[INFO]	XnProperty.cpp	74	Setting Image1.XRes to 640...
11845381	[INFO]	XnProperty.cpp	86	Image1.XRes value did not change.
11846314	[INFO]	XnUSBLinux-x86.cpp	1222	USB read thread was started.
11846347	[INFO]	XnProperty.cpp	151	Property Image1.ActualReadData was changed to 1.
12025929	[WARNING]	XnDepthProcessor.cpp	133	Read: Depth buffer is corrupt. Size is 540976 (!= 614400)
12025983	[WARNING]	XnFrameStreamProcessor.cpp	132	Depth frame is corrupt!
15047247	[INFO]	XnProperty.cpp	151	Property Image1.State was changed to 1.
15047291	[INFO]	XnDeviceBase.cpp	370	Stream Image1 is open.
15047516	[INFO]	XnProperty.cpp	74	Setting Depth1.Registration to 1...
15061965	[WARNING]	XnDepthProcessor.cpp	133	Read: Depth buffer is corrupt. Size is 589600 (!= 614400)
15062009	[WARNING]	XnFrameStreamProcessor.cpp	132	Depth frame is corrupt!
15199746	[INFO]	XnProperty.cpp	151	Property Depth1.Registration was changed to 1.
15199798	[INFO]	XnProperty.cpp	101	Depth1.Registration was successfully set.
15199843	[INFO]	XnProperty.cpp	74	Setting Image1.Mirror to 1...
15212260	[INFO]	XnProperty.cpp	151	Property Image1.FirmwareMirror was changed to 1.
15212287	[INFO]	XnProperty.cpp	151	Property Image1.Mirror was changed to 1.
15212301	[INFO]	XnProperty.cpp	101	Image1.Mirror was successfully set.
63228538	[INFO]	XnOpenNI.cpp	1459	Destroying node 'User1'
63235451	[INFO]	XnOpenNI.cpp	1459	Destroying node 'Depth1'
63235558	[INFO]	XnDeviceBase.cpp	1507	Destroying stream 'Depth1'...
63236637	[INFO]	XnOpenNI.cpp	1459	Destroying node 'Image1'
63236713	[INFO]	XnDeviceBase.cpp	1507	Destroying stream 'Image1'...
63237660	[INFO]	XnOpenNI.cpp	1459	Destroying node 'Device1'
