   35015	[INFO]	XnLog.cpp	165	OpenNI version is 1.0.0 (Build 25)-MacOSX (Jan  7 2011 14:20:18)
   35076	[INFO]	XnLog.cpp	173	Log system initialized. Console: 1, File: 1, Severity: INFO, Masks: ALL
   35110	[INFO]	XnLog.cpp	173	Log system initialized. Console: 1, File: 1, Severity: INFO, Masks: ALL
   36723	[INFO]	XnUSBLinux-x86.cpp	98	USB is initialized.
 4074517	[INFO]	XnOpenNI.cpp	1261	Creating node 'Device1' of type Device...
 4075844	[INFO]	XnDeviceModule.cpp	431	Module 'Device' configuration was loaded from file.
 4532618	[INFO]	XnDeviceSensorIO.cpp	135	Connected to USB device
 4532671	[INFO]	XnProperty.cpp	151	Property Device.USBPath was changed to 045e/02ae@250/11.
 4539824	[INFO]	XnHostProtocol.cpp	825	Hardware versions: FW=5.1.4 (7) HW=4 Chip=2 Sensor=4 SYS=7
 5951395	[INFO]	XnProperty.cpp	151	Property Device.ID was changed to 0.
 5951488	[INFO]	XnSensor.cpp	182	Device sensor initialized
 5951656	[INFO]	XnOpenNI.cpp	1261	Creating node 'Depth1' of type Depth...
 5951753	[INFO]	XnDeviceBase.cpp	1383	Creating stream 'Depth1' of type 'Depth'...
 5951798	[INFO]	XnProperty.cpp	74	Setting Device.ReadData to 1...
 5951873	[INFO]	XnDeviceSensorIO.cpp	298	Endpoints open
 5964341	[INFO]	XnProperty.cpp	151	Property Device.ReadData was changed to 1.
 5964390	[INFO]	XnProperty.cpp	101	Device.ReadData was successfully set.
 5965119	[INFO]	XnProperty.cpp	151	Property Depth1.Resolution was changed to 0.
 5965161	[INFO]	XnProperty.cpp	151	Property Depth1.XRes was changed to 320.
 5965188	[INFO]	XnProperty.cpp	151	Property Depth1.YRes was changed to 240.
 5965216	[INFO]	XnProperty.cpp	151	Property Depth1.FPS was changed to 30.
 5965252	[INFO]	XnProperty.cpp	151	Property Depth1.OutputFormat was changed to 1.
 5965291	[INFO]	XnProperty.cpp	151	Property Depth1.BytesPerPixel was changed to 2.
 5965328	[INFO]	XnProperty.cpp	151	Property Depth1.RequiredDataSize was changed to 153600.
 5965374	[INFO]	XnProperty.cpp	151	Property Depth1.ParamCoeff was changed to 4.
 5965528	[INFO]	XnProperty.cpp	151	Property Depth1.ShiftScale was changed to 10.
 5978001	[INFO]	XnProperty.cpp	151	Property Depth1.ConstShift was changed to 200.
 5978150	[INFO]	XnProperty.cpp	151	Property Depth1.ZPD was changed to 120.
 5978391	[INFO]	XnProperty.cpp	151	Property Depth1.ZPPS was changed to 0.104200.
 5978440	[INFO]	XnProperty.cpp	151	Property Depth1.LDDIS was changed to 7.500000.
 5978669	[INFO]	XnProperty.cpp	151	Property Depth1.Gain was changed to 30.
 5978733	[INFO]	XnDeviceBase.cpp	1458	Stream 'Depth1' was initialized.
 5978773	[INFO]	XnDeviceBase.cpp	1463	'Depth1' stream was created.
 5979163	[INFO]	XnProperty.cpp	74	Setting Depth1.InputFormat to 3...
 5979228	[INFO]	XnProperty.cpp	151	Property Depth1.InputFormat was changed to 3.
 5979260	[INFO]	XnProperty.cpp	101	Depth1.InputFormat was successfully set.
 5980196	[INFO]	XnProperty.cpp	74	Setting Depth1.RegistrationType to 2...
 5980226	[INFO]	XnProperty.cpp	151	Property Depth1.RegistrationType was changed to 2.
 5980245	[INFO]	XnProperty.cpp	101	Depth1.RegistrationType was successfully set.
 5981130	[INFO]	XnDeviceModule.cpp	431	Module 'Depth1' configuration was loaded from file.
 5981391	[INFO]	XnProperty.cpp	74	Setting Depth1.FPS to 30...
 5981431	[INFO]	XnProperty.cpp	101	Depth1.FPS was successfully set.
 5981464	[INFO]	XnProperty.cpp	74	Setting Depth1.YRes to 480...
 5981499	[INFO]	XnProperty.cpp	151	Property Depth1.Resolution was changed to 1.
 5981533	[INFO]	XnProperty.cpp	151	Property Depth1.XRes was changed to 640.
 5981563	[INFO]	XnProperty.cpp	151	Property Depth1.RequiredDataSize was changed to 307200.
 5981595	[INFO]	XnProperty.cpp	151	Property Depth1.YRes was changed to 480.
 5981625	[INFO]	XnProperty.cpp	151	Property Depth1.RequiredDataSize was changed to 614400.
 5981664	[INFO]	XnProperty.cpp	101	Depth1.YRes was successfully set.
 5981697	[INFO]	XnProperty.cpp	74	Setting Depth1.XRes to 640...
 5981725	[INFO]	XnProperty.cpp	101	Depth1.XRes was successfully set.
 5981817	[INFO]	XnProperty.cpp	74	Setting Depth1.Mirror to 1...
 5981853	[INFO]	XnProperty.cpp	151	Property Depth1.FirmwareMirror was changed to 1.
 5981930	[INFO]	XnProperty.cpp	151	Property Depth1.Mirror was changed to 1.
 5981960	[INFO]	XnProperty.cpp	101	Depth1.Mirror was successfully set.
 9402174	[INFO]	XnOpenNI.cpp	1261	Creating node 'User1' of type User...
 9428332	[WARNING]	Linux-x86Threads.cpp	173	Failed to set thread priority: Invalid argument
 9428380	[WARNING]	XnUSBLinux-x86.cpp	126	USB events thread: Failed to set thread priority to critical. This might cause loss of data...
 9429243	[INFO]	XnUSBLinux-x86.cpp	1222	USB read thread was started.
 9429266	[INFO]	XnProperty.cpp	151	Property Depth1.ActualReadData was changed to 1.
 9899559	[INFO]	XnProperty.cpp	151	Property Depth1.State was changed to 1.
 9899599	[INFO]	XnDeviceBase.cpp	370	Stream Depth1 is open.
13283554	[INFO]	XnOpenNI.cpp	1261	Creating node 'Image1' of type Image...
13283608	[INFO]	XnDeviceBase.cpp	1383	Creating stream 'Image1' of type 'Image'...
13283826	[INFO]	XnProperty.cpp	151	Property Image1.Resolution was changed to 0.
13283845	[INFO]	XnProperty.cpp	151	Property Image1.XRes was changed to 320.
13283865	[INFO]	XnProperty.cpp	151	Property Image1.YRes was changed to 240.
13283881	[INFO]	XnProperty.cpp	151	Property Image1.FPS was changed to 30.
13283897	[INFO]	XnProperty.cpp	151	Property Image1.OutputFormat was changed to 5.
13283915	[INFO]	XnProperty.cpp	151	Property Image1.BytesPerPixel was changed to 3.
13283932	[INFO]	XnProperty.cpp	151	Property Image1.RequiredDataSize was changed to 230400.
13283967	[INFO]	XnDeviceBase.cpp	1458	Stream 'Image1' was initialized.
13283981	[INFO]	XnDeviceBase.cpp	1463	'Image1' stream was created.
13284089	[INFO]	XnProperty.cpp	74	Setting Image1.InputFormat to 6...
13284115	[INFO]	XnProperty.cpp	151	Property Image1.InputFormat was changed to 6.
13284131	[INFO]	XnProperty.cpp	101	Image1.InputFormat was successfully set.
13284605	[INFO]	XnDeviceModule.cpp	431	Module 'Image1' configuration was loaded from file.
13284714	[INFO]	XnProperty.cpp	74	Setting Image1.FPS to 30...
13284733	[INFO]	XnProperty.cpp	86	Image1.FPS value did not change.
13284750	[INFO]	XnProperty.cpp	74	Setting Image1.YRes to 480...
13284776	[INFO]	XnProperty.cpp	151	Property Image1.Resolution was changed to 1.
13284796	[INFO]	XnProperty.cpp	151	Property Image1.XRes was changed to 640.
13284815	[INFO]	XnProperty.cpp	151	Property Image1.RequiredDataSize was changed to 460800.
13284837	[INFO]	XnProperty.cpp	151	Property Image1.YRes was changed to 480.
13284856	[INFO]	XnProperty.cpp	151	Property Image1.RequiredDataSize was changed to 921600.
13284875	[INFO]	XnProperty.cpp	101	Image1.YRes was successfully set.
13284894	[INFO]	XnProperty.cpp	74	Setting Image1.XRes to 640...
13284912	[INFO]	XnProperty.cpp	86	Image1.XRes value did not change.
13285860	[INFO]	XnUSBLinux-x86.cpp	1222	USB read thread was started.
13285887	[INFO]	XnProperty.cpp	151	Property Image1.ActualReadData was changed to 1.
13464951	[WARNING]	XnDepthProcessor.cpp	133	Read: Depth buffer is corrupt. Size is 538528 (!= 614400)
13465004	[WARNING]	XnFrameStreamProcessor.cpp	132	Depth frame is corrupt!
13500902	[WARNING]	XnDepthProcessor.cpp	133	Read: Depth buffer is corrupt. Size is 600656 (!= 614400)
13500930	[WARNING]	XnFrameStreamProcessor.cpp	132	Depth frame is corrupt!
16485661	[INFO]	XnProperty.cpp	151	Property Image1.State was changed to 1.
16485706	[INFO]	XnDeviceBase.cpp	370	Stream Image1 is open.
16485931	[INFO]	XnProperty.cpp	74	Setting Depth1.Registration to 1...
16504927	[WARNING]	XnDepthProcessor.cpp	133	Read: Depth buffer is corrupt. Size is 592464 (!= 614400)
16504972	[WARNING]	XnFrameStreamProcessor.cpp	132	Depth frame is corrupt!
16638641	[INFO]	XnProperty.cpp	151	Property Depth1.Registration was changed to 1.
16638686	[INFO]	XnProperty.cpp	101	Depth1.Registration was successfully set.
16638736	[INFO]	XnProperty.cpp	74	Setting Image1.Mirror to 1...
16651170	[INFO]	XnProperty.cpp	151	Property Image1.FirmwareMirror was changed to 1.
16651197	[INFO]	XnProperty.cpp	151	Property Image1.Mirror was changed to 1.
16651209	[INFO]	XnProperty.cpp	101	Image1.Mirror was successfully set.
201213978	[INFO]	XnOpenNI.cpp	1459	Destroying node 'User1'
201221440	[INFO]	XnOpenNI.cpp	1459	Destroying node 'Depth1'
201221543	[INFO]	XnDeviceBase.cpp	1507	Destroying stream 'Depth1'...
201222699	[INFO]	XnOpenNI.cpp	1459	Destroying node 'Image1'
201222736	[INFO]	XnDeviceBase.cpp	1507	Destroying stream 'Image1'...
201223672	[INFO]	XnOpenNI.cpp	1459	Destroying node 'Device1'
