   52178	[INFO]	XnLog.cpp	165	OpenNI version is 1.0.0 (Build 25)-MacOSX (Jan  7 2011 14:20:18)
   52238	[INFO]	XnLog.cpp	173	Log system initialized. Console: 1, File: 1, Severity: INFO, Masks: ALL
   52270	[INFO]	XnLog.cpp	173	Log system initialized. Console: 1, File: 1, Severity: INFO, Masks: ALL
   53822	[INFO]	XnUSBLinux-x86.cpp	98	USB is initialized.
 4092506	[INFO]	XnOpenNI.cpp	1261	Creating node 'Device1' of type Device...
 4093828	[INFO]	XnDeviceModule.cpp	431	Module 'Device' configuration was loaded from file.
 4549678	[INFO]	XnDeviceSensorIO.cpp	135	Connected to USB device
 4549733	[INFO]	XnProperty.cpp	151	Property Device.USBPath was changed to 045e/02ae@250/11.
 4557536	[INFO]	XnHostProtocol.cpp	825	Hardware versions: FW=5.1.4 (7) HW=4 Chip=2 Sensor=4 SYS=7
 5970232	[INFO]	XnProperty.cpp	151	Property Device.ID was changed to 0.
 5970309	[INFO]	XnSensor.cpp	182	Device sensor initialized
 5970480	[INFO]	XnOpenNI.cpp	1261	Creating node 'Depth1' of type Depth...
 5970574	[INFO]	XnDeviceBase.cpp	1383	Creating stream 'Depth1' of type 'Depth'...
 5970622	[INFO]	XnProperty.cpp	74	Setting Device.ReadData to 1...
 5970697	[INFO]	XnDeviceSensorIO.cpp	298	Endpoints open
 5983147	[INFO]	XnProperty.cpp	151	Property Device.ReadData was changed to 1.
 5983180	[INFO]	XnProperty.cpp	101	Device.ReadData was successfully set.
 5983796	[INFO]	XnProperty.cpp	151	Property Depth1.Resolution was changed to 0.
 5983829	[INFO]	XnProperty.cpp	151	Property Depth1.XRes was changed to 320.
 5983858	[INFO]	XnProperty.cpp	151	Property Depth1.YRes was changed to 240.
 5983889	[INFO]	XnProperty.cpp	151	Property Depth1.FPS was changed to 30.
 5983917	[INFO]	XnProperty.cpp	151	Property Depth1.OutputFormat was changed to 1.
 5983944	[INFO]	XnProperty.cpp	151	Property Depth1.BytesPerPixel was changed to 2.
 5983968	[INFO]	XnProperty.cpp	151	Property Depth1.RequiredDataSize was changed to 153600.
 5983993	[INFO]	XnProperty.cpp	151	Property Depth1.ParamCoeff was changed to 4.
 5984099	[INFO]	XnProperty.cpp	151	Property Depth1.ShiftScale was changed to 10.
 5996792	[INFO]	XnProperty.cpp	151	Property Depth1.ConstShift was changed to 200.
 5996920	[INFO]	XnProperty.cpp	151	Property Depth1.ZPD was changed to 120.
 5997095	[INFO]	XnProperty.cpp	151	Property Depth1.ZPPS was changed to 0.104200.
 5997128	[INFO]	XnProperty.cpp	151	Property Depth1.LDDIS was changed to 7.500000.
 5997280	[INFO]	XnProperty.cpp	151	Property Depth1.Gain was changed to 30.
 5997328	[INFO]	XnDeviceBase.cpp	1458	Stream 'Depth1' was initialized.
 5997358	[INFO]	XnDeviceBase.cpp	1463	'Depth1' stream was created.
 5997651	[INFO]	XnProperty.cpp	74	Setting Depth1.InputFormat to 3...
 5997696	[INFO]	XnProperty.cpp	151	Property Depth1.InputFormat was changed to 3.
 5997727	[INFO]	XnProperty.cpp	101	Depth1.InputFormat was successfully set.
 5998565	[INFO]	XnProperty.cpp	74	Setting Depth1.RegistrationType to 2...
 5998593	[INFO]	XnProperty.cpp	151	Property Depth1.RegistrationType was changed to 2.
 5998617	[INFO]	XnProperty.cpp	101	Depth1.RegistrationType was successfully set.
 5999477	[INFO]	XnDeviceModule.cpp	431	Module 'Depth1' configuration was loaded from file.
 5999740	[INFO]	XnProperty.cpp	74	Setting Depth1.FPS to 30...
 5999773	[INFO]	XnProperty.cpp	86	Depth1.FPS value did not change.
 5999799	[INFO]	XnProperty.cpp	74	Setting Depth1.YRes to 480...
 5999828	[INFO]	XnProperty.cpp	151	Property Depth1.Resolution was changed to 1.
 5999855	[INFO]	XnProperty.cpp	151	Property Depth1.XRes was changed to 640.
 5999880	[INFO]	XnProperty.cpp	151	Property Depth1.RequiredDataSize was changed to 307200.
 5999899	[INFO]	XnProperty.cpp	151	Property Depth1.YRes was changed to 480.
 5999914	[INFO]	XnProperty.cpp	151	Property Depth1.RequiredDataSize was changed to 614400.
 5999930	[INFO]	XnProperty.cpp	101	Depth1.YRes was successfully set.
 5999952	[INFO]	XnProperty.cpp	74	Setting Depth1.XRes to 640...
 5999973	[INFO]	XnProperty.cpp	86	Depth1.XRes value did not change.
 6000049	[INFO]	XnProperty.cpp	74	Setting Depth1.Mirror to 1...
 6000073	[INFO]	XnProperty.cpp	151	Property Depth1.FirmwareMirror was changed to 1.
 6000133	[INFO]	XnProperty.cpp	151	Property Depth1.Mirror was changed to 1.
 6000157	[INFO]	XnProperty.cpp	101	Depth1.Mirror was successfully set.
 9415347	[INFO]	XnOpenNI.cpp	1261	Creating node 'User1' of type User...
 9439744	[WARNING]	Linux-x86Threads.cpp	173	Failed to set thread priority: Invalid argument
 9439788	[WARNING]	XnUSBLinux-x86.cpp	126	USB events thread: Failed to set thread priority to critical. This might cause loss of data...
 9440731	[INFO]	XnUSBLinux-x86.cpp	1222	USB read thread was started.
 9440758	[INFO]	XnProperty.cpp	151	Property Depth1.ActualReadData was changed to 1.
 9912547	[INFO]	XnProperty.cpp	151	Property Depth1.State was changed to 1.
 9912591	[INFO]	XnDeviceBase.cpp	370	Stream Depth1 is open.
13316354	[INFO]	XnOpenNI.cpp	1261	Creating node 'Image1' of type Image...
13316408	[INFO]	XnDeviceBase.cpp	1383	Creating stream 'Image1' of type 'Image'...
13316625	[INFO]	XnProperty.cpp	151	Property Image1.Resolution was changed to 0.
13316650	[INFO]	XnProperty.cpp	151	Property Image1.XRes was changed to 320.
13316669	[INFO]	XnProperty.cpp	151	Property Image1.YRes was changed to 240.
13316689	[INFO]	XnProperty.cpp	151	Property Image1.FPS was changed to 30.
13316707	[INFO]	XnProperty.cpp	151	Property Image1.OutputFormat was changed to 5.
13316726	[INFO]	XnProperty.cpp	151	Property Image1.BytesPerPixel was changed to 3.
13316743	[INFO]	XnProperty.cpp	151	Property Image1.RequiredDataSize was changed to 230400.
13316784	[INFO]	XnDeviceBase.cpp	1458	Stream 'Image1' was initialized.
13316805	[INFO]	XnDeviceBase.cpp	1463	'Image1' stream was created.
13316940	[INFO]	XnProperty.cpp	74	Setting Image1.InputFormat to 6...
13316968	[INFO]	XnProperty.cpp	151	Property Image1.InputFormat was changed to 6.
13316987	[INFO]	XnProperty.cpp	101	Image1.InputFormat was successfully set.
13317533	[INFO]	XnDeviceModule.cpp	431	Module 'Image1' configuration was loaded from file.
13317642	[INFO]	XnProperty.cpp	74	Setting Image1.FPS to 30...
13317660	[INFO]	XnProperty.cpp	86	Image1.FPS value did not change.
13317676	[INFO]	XnProperty.cpp	74	Setting Image1.YRes to 480...
13317692	[INFO]	XnProperty.cpp	151	Property Image1.Resolution was changed to 1.
13317707	[INFO]	XnProperty.cpp	151	Property Image1.XRes was changed to 640.
13317726	[INFO]	XnProperty.cpp	151	Property Image1.RequiredDataSize was changed to 460800.
13317744	[INFO]	XnProperty.cpp	151	Property Image1.YRes was changed to 480.
13317760	[INFO]	XnProperty.cpp	151	Property Image1.RequiredDataSize was changed to 921600.
13317773	[INFO]	XnProperty.cpp	101	Image1.YRes was successfully set.
13317785	[INFO]	XnProperty.cpp	74	Setting Image1.XRes to 640...
13317796	[INFO]	XnProperty.cpp	86	Image1.XRes value did not change.
13318806	[INFO]	XnUSBLinux-x86.cpp	1222	USB read thread was started.
13318834	[INFO]	XnProperty.cpp	151	Property Image1.ActualReadData was changed to 1.
13512227	[WARNING]	XnDepthProcessor.cpp	133	Read: Depth buffer is corrupt. Size is 537216 (!= 614400)
13512271	[WARNING]	XnFrameStreamProcessor.cpp	132	Depth frame is corrupt!
16416294	[WARNING]	XnDepthProcessor.cpp	133	Read: Depth buffer is corrupt. Size is 589968 (!= 614400)
16416341	[WARNING]	XnFrameStreamProcessor.cpp	132	Depth frame is corrupt!
16519586	[INFO]	XnProperty.cpp	151	Property Image1.State was changed to 1.
16519633	[INFO]	XnDeviceBase.cpp	370	Stream Image1 is open.
16519829	[INFO]	XnProperty.cpp	74	Setting Depth1.Registration to 1...
16671624	[INFO]	XnProperty.cpp	151	Property Depth1.Registration was changed to 1.
16671670	[INFO]	XnProperty.cpp	101	Depth1.Registration was successfully set.
16671719	[INFO]	XnProperty.cpp	74	Setting Image1.Mirror to 1...
16684323	[INFO]	XnProperty.cpp	151	Property Image1.FirmwareMirror was changed to 1.
16684360	[INFO]	XnProperty.cpp	151	Property Image1.Mirror was changed to 1.
16684378	[INFO]	XnProperty.cpp	101	Image1.Mirror was successfully set.
