   30853	[INFO]	XnLog.cpp	165	OpenNI version is 1.0.0 (Build 25)-MacOSX (Jan  7 2011 14:20:18)
   30918	[INFO]	XnLog.cpp	173	Log system initialized. Console: 1, File: 1, Severity: INFO, Masks: ALL
   30954	[INFO]	XnLog.cpp	173	Log system initialized. Console: 1, File: 1, Severity: INFO, Masks: ALL
   32778	[INFO]	XnUSBLinux-x86.cpp	98	USB is initialized.
 4087282	[INFO]	XnOpenNI.cpp	1261	Creating node 'Device1' of type Device...
 4088590	[INFO]	XnDeviceModule.cpp	431	Module 'Device' configuration was loaded from file.
 4545310	[INFO]	XnDeviceSensorIO.cpp	135	Connected to USB device
 4545361	[INFO]	XnProperty.cpp	151	Property Device.USBPath was changed to 045e/02ae@250/11.
 4552926	[INFO]	XnHostProtocol.cpp	825	Hardware versions: FW=5.1.4 (7) HW=4 Chip=2 Sensor=4 SYS=7
 5965070	[INFO]	XnProperty.cpp	151	Property Device.ID was changed to 0.
 5965154	[INFO]	XnSensor.cpp	182	Device sensor initialized
 5965267	[INFO]	XnOpenNI.cpp	1261	Creating node 'Depth1' of type Depth...
 5965339	[INFO]	XnDeviceBase.cpp	1383	Creating stream 'Depth1' of type 'Depth'...
 5965375	[INFO]	XnProperty.cpp	74	Setting Device.ReadData to 1...
 5965436	[INFO]	XnDeviceSensorIO.cpp	298	Endpoints open
 5977772	[INFO]	XnProperty.cpp	151	Property Device.ReadData was changed to 1.
 5977805	[INFO]	XnProperty.cpp	101	Device.ReadData was successfully set.
 5978410	[INFO]	XnProperty.cpp	151	Property Depth1.Resolution was changed to 0.
 5978443	[INFO]	XnProperty.cpp	151	Property Depth1.XRes was changed to 320.
 5978465	[INFO]	XnProperty.cpp	151	Property Depth1.YRes was changed to 240.
 5978486	[INFO]	XnProperty.cpp	151	Property Depth1.FPS was changed to 30.
 5978515	[INFO]	XnProperty.cpp	151	Property Depth1.OutputFormat was changed to 1.
 5978546	[INFO]	XnProperty.cpp	151	Property Depth1.BytesPerPixel was changed to 2.
 5978584	[INFO]	XnProperty.cpp	151	Property Depth1.RequiredDataSize was changed to 153600.
 5978622	[INFO]	XnProperty.cpp	151	Property Depth1.ParamCoeff was changed to 4.
 5978746	[INFO]	XnProperty.cpp	151	Property Depth1.ShiftScale was changed to 10.
 5991280	[INFO]	XnProperty.cpp	151	Property Depth1.ConstShift was changed to 200.
 5991454	[INFO]	XnProperty.cpp	151	Property Depth1.ZPD was changed to 120.
 5991699	[INFO]	XnProperty.cpp	151	Property Depth1.ZPPS was changed to 0.104200.
 5991742	[INFO]	XnProperty.cpp	151	Property Depth1.LDDIS was changed to 7.500000.
 5991937	[INFO]	XnProperty.cpp	151	Property Depth1.Gain was changed to 30.
 5991996	[INFO]	XnDeviceBase.cpp	1458	Stream 'Depth1' was initialized.
 5992033	[INFO]	XnDeviceBase.cpp	1463	'Depth1' stream was created.
 5992338	[INFO]	XnProperty.cpp	74	Setting Depth1.InputFormat to 3...
 5992390	[INFO]	XnProperty.cpp	151	Property Depth1.InputFormat was changed to 3.
 5992427	[INFO]	XnProperty.cpp	101	Depth1.InputFormat was successfully set.
 5993435	[INFO]	XnProperty.cpp	74	Setting Depth1.RegistrationType to 2...
 5993469	[INFO]	XnProperty.cpp	151	Property Depth1.RegistrationType was changed to 2.
 5993492	[INFO]	XnProperty.cpp	101	Depth1.RegistrationType was successfully set.
 5994446	[INFO]	XnDeviceModule.cpp	431	Module 'Depth1' configuration was loaded from file.
 5994742	[INFO]	XnProperty.cpp	74	Setting Depth1.FPS to 30...
 5994779	[INFO]	XnProperty.cpp	86	Depth1.FPS value did not change.
 5994811	[INFO]	XnProperty.cpp	74	Setting Depth1.YRes to 480...
 5994846	[INFO]	XnProperty.cpp	151	Property Depth1.Resolution was changed to 1.
 5994878	[INFO]	XnProperty.cpp	151	Property Depth1.XRes was changed to 640.
 5994907	[INFO]	XnProperty.cpp	151	Property Depth1.RequiredDataSize was changed to 307200.
 5994940	[INFO]	XnProperty.cpp	151	Property Depth1.YRes was changed to 480.
 5994971	[INFO]	XnProperty.cpp	151	Property Depth1.RequiredDataSize was changed to 614400.
 5995004	[INFO]	XnProperty.cpp	101	Depth1.YRes was successfully set.
 5995037	[INFO]	XnProperty.cpp	74	Setting Depth1.XRes to 640...
 5995064	[INFO]	XnProperty.cpp	86	Depth1.XRes value did not change.
 5995155	[INFO]	XnProperty.cpp	74	Setting Depth1.Mirror to 1...
 5995191	[INFO]	XnProperty.cpp	151	Property Depth1.FirmwareMirror was changed to 1.
 5995273	[INFO]	XnProperty.cpp	151	Property Depth1.Mirror was changed to 1.
 5995303	[INFO]	XnProperty.cpp	101	Depth1.Mirror was successfully set.
 8550920	[INFO]	XnOpenNI.cpp	1261	Creating node 'User1' of type User...
 8575869	[WARNING]	Linux-x86Threads.cpp	173	Failed to set thread priority: Invalid argument
 8575918	[WARNING]	XnUSBLinux-x86.cpp	126	USB events thread: Failed to set thread priority to critical. This might cause loss of data...
 8576792	[INFO]	XnUSBLinux-x86.cpp	1222	USB read thread was started.
 8576815	[INFO]	XnProperty.cpp	151	Property Depth1.ActualReadData was changed to 1.
 9047400	[INFO]	XnProperty.cpp	151	Property Depth1.State was changed to 1.
 9047446	[INFO]	XnDeviceBase.cpp	370	Stream Depth1 is open.
11670437	[INFO]	XnOpenNI.cpp	1261	Creating node 'Image1' of type Image...
11670490	[INFO]	XnDeviceBase.cpp	1383	Creating stream 'Image1' of type 'Image'...
11670755	[INFO]	XnProperty.cpp	151	Property Image1.Resolution was changed to 0.
11670782	[INFO]	XnProperty.cpp	151	Property Image1.XRes was changed to 320.
11670802	[INFO]	XnProperty.cpp	151	Property Image1.YRes was changed to 240.
11670821	[INFO]	XnProperty.cpp	151	Property Image1.FPS was changed to 30.
11670840	[INFO]	XnProperty.cpp	151	Property Image1.OutputFormat was changed to 5.
11670858	[INFO]	XnProperty.cpp	151	Property Image1.BytesPerPixel was changed to 3.
11670877	[INFO]	XnProperty.cpp	151	Property Image1.RequiredDataSize was changed to 230400.
11670917	[INFO]	XnDeviceBase.cpp	1458	Stream 'Image1' was initialized.
11670938	[INFO]	XnDeviceBase.cpp	1463	'Image1' stream was created.
11671079	[INFO]	XnProperty.cpp	74	Setting Image1.InputFormat to 6...
11671110	[INFO]	XnProperty.cpp	151	Property Image1.InputFormat was changed to 6.
11671130	[INFO]	XnProperty.cpp	101	Image1.InputFormat was successfully set.
11671674	[INFO]	XnDeviceModule.cpp	431	Module 'Image1' configuration was loaded from file.
11671771	[INFO]	XnProperty.cpp	74	Setting Image1.FPS to 30...
11671794	[INFO]	XnProperty.cpp	86	Image1.FPS value did not change.
11671813	[INFO]	XnProperty.cpp	74	Setting Image1.YRes to 480...
11671832	[INFO]	XnProperty.cpp	151	Property Image1.Resolution was changed to 1.
11671852	[INFO]	XnProperty.cpp	151	Property Image1.XRes was changed to 640.
11671871	[INFO]	XnProperty.cpp	151	Property Image1.RequiredDataSize was changed to 460800.
11671892	[INFO]	XnProperty.cpp	151	Property Image1.YRes was changed to 480.
11671911	[INFO]	XnProperty.cpp	151	Property Image1.RequiredDataSize was changed to 921600.
11671930	[INFO]	XnProperty.cpp	101	Image1.YRes was successfully set.
11671949	[INFO]	XnProperty.cpp	74	Setting Image1.XRes to 640...
11671966	[INFO]	XnProperty.cpp	86	Image1.XRes value did not change.
11672838	[INFO]	XnUSBLinux-x86.cpp	1222	USB read thread was started.
11672865	[INFO]	XnProperty.cpp	151	Property Image1.ActualReadData was changed to 1.
11852517	[WARNING]	XnFrameStreamProcessor.cpp	140	Depth Frame Buffer overflow! current size: 612768
11852568	[WARNING]	XnFrameStreamProcessor.cpp	132	Depth frame is corrupt!
11880443	[WARNING]	XnDepthProcessor.cpp	133	Read: Depth buffer is corrupt. Size is 612768 (!= 614400)
14873208	[INFO]	XnProperty.cpp	151	Property Image1.State was changed to 1.
14873252	[INFO]	XnDeviceBase.cpp	370	Stream Image1 is open.
14873474	[INFO]	XnProperty.cpp	74	Setting Depth1.Registration to 1...
14884514	[WARNING]	XnDepthProcessor.cpp	133	Read: Depth buffer is corrupt. Size is 595264 (!= 614400)
14884569	[WARNING]	XnFrameStreamProcessor.cpp	132	Depth frame is corrupt!
15025212	[INFO]	XnProperty.cpp	151	Property Depth1.Registration was changed to 1.
15025257	[INFO]	XnProperty.cpp	101	Depth1.Registration was successfully set.
15025318	[INFO]	XnProperty.cpp	74	Setting Image1.Mirror to 1...
15037586	[INFO]	XnProperty.cpp	151	Property Image1.FirmwareMirror was changed to 1.
15037614	[INFO]	XnProperty.cpp	151	Property Image1.Mirror was changed to 1.
15037627	[INFO]	XnProperty.cpp	101	Image1.Mirror was successfully set.
60132003	[INFO]	XnOpenNI.cpp	1459	Destroying node 'User1'
60139554	[INFO]	XnOpenNI.cpp	1459	Destroying node 'Depth1'
60139693	[INFO]	XnDeviceBase.cpp	1507	Destroying stream 'Depth1'...
60140737	[INFO]	XnOpenNI.cpp	1459	Destroying node 'Image1'
60140774	[INFO]	XnDeviceBase.cpp	1507	Destroying stream 'Image1'...
60141643	[INFO]	XnOpenNI.cpp	1459	Destroying node 'Device1'
