   18916	[INFO]	XnLog.cpp	165	OpenNI version is 1.0.0 (Build 25)-MacOSX (Jan  7 2011 14:20:18)
   18978	[INFO]	XnLog.cpp	173	Log system initialized. Console: 1, File: 1, Severity: INFO, Masks: ALL
   19014	[INFO]	XnLog.cpp	173	Log system initialized. Console: 1, File: 1, Severity: INFO, Masks: ALL
   26419	[INFO]	XnUSBLinux-x86.cpp	98	USB is initialized.
 4055806	[INFO]	XnOpenNI.cpp	1261	Creating node 'Device1' of type Device...
 4056748	[INFO]	XnDeviceModule.cpp	431	Module 'Device' configuration was loaded from file.
 4508618	[INFO]	XnDeviceSensorIO.cpp	135	Connected to USB device
 4508685	[INFO]	XnProperty.cpp	151	Property Device.USBPath was changed to 045e/02ae@250/11.
 4516221	[INFO]	XnHostProtocol.cpp	825	Hardware versions: FW=5.1.4 (7) HW=4 Chip=2 Sensor=4 SYS=7
 5925522	[INFO]	XnProperty.cpp	151	Property Device.ID was changed to 0.
 5925621	[INFO]	XnSensor.cpp	182	Device sensor initialized
 5925774	[INFO]	XnOpenNI.cpp	1261	Creating node 'Depth1' of type Depth...
 5925843	[INFO]	XnDeviceBase.cpp	1383	Creating stream 'Depth1' of type 'Depth'...
 5925882	[INFO]	XnProperty.cpp	74	Setting Device.ReadData to 1...
 5925939	[INFO]	XnDeviceSensorIO.cpp	298	Endpoints open
 5938336	[INFO]	XnProperty.cpp	151	Property Device.ReadData was changed to 1.
 5938359	[INFO]	XnProperty.cpp	101	Device.ReadData was successfully set.
 5938771	[INFO]	XnProperty.cpp	151	Property Depth1.Resolution was changed to 0.
 5938794	[INFO]	XnProperty.cpp	151	Property Depth1.XRes was changed to 320.
 5938808	[INFO]	XnProperty.cpp	151	Property Depth1.YRes was changed to 240.
 5938864	[INFO]	XnProperty.cpp	151	Property Depth1.FPS was changed to 30.
 5938885	[INFO]	XnProperty.cpp	151	Property Depth1.OutputFormat was changed to 1.
 5938928	[INFO]	XnProperty.cpp	151	Property Depth1.BytesPerPixel was changed to 2.
 5938950	[INFO]	XnProperty.cpp	151	Property Depth1.RequiredDataSize was changed to 153600.
 5938976	[INFO]	XnProperty.cpp	151	Property Depth1.ParamCoeff was changed to 4.
 5939056	[INFO]	XnProperty.cpp	151	Property Depth1.ShiftScale was changed to 10.
 5951713	[INFO]	XnProperty.cpp	151	Property Depth1.ConstShift was changed to 200.
 5951797	[INFO]	XnProperty.cpp	151	Property Depth1.ZPD was changed to 120.
 5951900	[INFO]	XnProperty.cpp	151	Property Depth1.ZPPS was changed to 0.104200.
 5951925	[INFO]	XnProperty.cpp	151	Property Depth1.LDDIS was changed to 7.500000.
 5952038	[INFO]	XnProperty.cpp	151	Property Depth1.Gain was changed to 30.
 5952075	[INFO]	XnDeviceBase.cpp	1458	Stream 'Depth1' was initialized.
 5952097	[INFO]	XnDeviceBase.cpp	1463	'Depth1' stream was created.
 5952323	[INFO]	XnProperty.cpp	74	Setting Depth1.InputFormat to 3...
 5952358	[INFO]	XnProperty.cpp	151	Property Depth1.InputFormat was changed to 3.
 5952376	[INFO]	XnProperty.cpp	101	Depth1.InputFormat was successfully set.
 5952952	[INFO]	XnProperty.cpp	74	Setting Depth1.RegistrationType to 2...
 5952972	[INFO]	XnProperty.cpp	151	Property Depth1.RegistrationType was changed to 2.
 5952984	[INFO]	XnProperty.cpp	101	Depth1.RegistrationType was successfully set.
 5953581	[INFO]	XnDeviceModule.cpp	431	Module 'Depth1' configuration was loaded from file.
 5953773	[INFO]	XnProperty.cpp	74	Setting Depth1.FPS to 30...
 5953799	[INFO]	XnProperty.cpp	86	Depth1.FPS value did not change.
 5953819	[INFO]	XnProperty.cpp	74	Setting Depth1.YRes to 480...
 5953842	[INFO]	XnProperty.cpp	151	Property Depth1.Resolution was changed to 1.
 5953862	[INFO]	XnProperty.cpp	151	Property Depth1.XRes was changed to 640.
 5953880	[INFO]	XnProperty.cpp	151	Property Depth1.RequiredDataSize was changed to 307200.
 5953901	[INFO]	XnProperty.cpp	151	Property Depth1.YRes was changed to 480.
 5953921	[INFO]	XnProperty.cpp	151	Property Depth1.RequiredDataSize was changed to 614400.
 5953941	[INFO]	XnProperty.cpp	101	Depth1.YRes was successfully set.
 5953962	[INFO]	XnProperty.cpp	74	Setting Depth1.XRes to 640...
 5953979	[INFO]	XnProperty.cpp	86	Depth1.XRes value did not change.
 5954039	[INFO]	XnProperty.cpp	74	Setting Depth1.Mirror to 1...
 5954063	[INFO]	XnProperty.cpp	151	Property Depth1.FirmwareMirror was changed to 1.
 5954124	[INFO]	XnProperty.cpp	151	Property Depth1.Mirror was changed to 1.
 5954143	[INFO]	XnProperty.cpp	101	Depth1.Mirror was successfully set.
 9350528	[INFO]	XnOpenNI.cpp	1261	Creating node 'User1' of type User...
 9375034	[WARNING]	Linux-x86Threads.cpp	173	Failed to set thread priority: Invalid argument
 9375081	[WARNING]	XnUSBLinux-x86.cpp	126	USB events thread: Failed to set thread priority to critical. This might cause loss of data...
 9376041	[INFO]	XnUSBLinux-x86.cpp	1222	USB read thread was started.
 9376065	[INFO]	XnProperty.cpp	151	Property Depth1.ActualReadData was changed to 1.
 9847373	[INFO]	XnProperty.cpp	151	Property Depth1.State was changed to 1.
 9847429	[INFO]	XnDeviceBase.cpp	370	Stream Depth1 is open.
13252310	[INFO]	XnOpenNI.cpp	1261	Creating node 'Image1' of type Image...
13252366	[INFO]	XnDeviceBase.cpp	1383	Creating stream 'Image1' of type 'Image'...
13252590	[INFO]	XnProperty.cpp	151	Property Image1.Resolution was changed to 0.
13252610	[INFO]	XnProperty.cpp	151	Property Image1.XRes was changed to 320.
13252629	[INFO]	XnProperty.cpp	151	Property Image1.YRes was changed to 240.
13252647	[INFO]	XnProperty.cpp	151	Property Image1.FPS was changed to 30.
13252663	[INFO]	XnProperty.cpp	151	Property Image1.OutputFormat was changed to 5.
13252681	[INFO]	XnProperty.cpp	151	Property Image1.BytesPerPixel was changed to 3.
13252695	[INFO]	XnProperty.cpp	151	Property Image1.RequiredDataSize was changed to 230400.
13252725	[INFO]	XnDeviceBase.cpp	1458	Stream 'Image1' was initialized.
13252738	[INFO]	XnDeviceBase.cpp	1463	'Image1' stream was created.
13252847	[INFO]	XnProperty.cpp	74	Setting Image1.InputFormat to 6...
13252874	[INFO]	XnProperty.cpp	151	Property Image1.InputFormat was changed to 6.
13252892	[INFO]	XnProperty.cpp	101	Image1.InputFormat was successfully set.
13253351	[INFO]	XnDeviceModule.cpp	431	Module 'Image1' configuration was loaded from file.
13253461	[INFO]	XnProperty.cpp	74	Setting Image1.FPS to 30...
13253483	[INFO]	XnProperty.cpp	86	Image1.FPS value did not change.
13253509	[INFO]	XnProperty.cpp	74	Setting Image1.YRes to 480...
13253529	[INFO]	XnProperty.cpp	151	Property Image1.Resolution was changed to 1.
13253549	[INFO]	XnProperty.cpp	151	Property Image1.XRes was changed to 640.
13253570	[INFO]	XnProperty.cpp	151	Property Image1.RequiredDataSize was changed to 460800.
13253591	[INFO]	XnProperty.cpp	151	Property Image1.YRes was changed to 480.
13253610	[INFO]	XnProperty.cpp	151	Property Image1.RequiredDataSize was changed to 921600.
13253630	[INFO]	XnProperty.cpp	101	Image1.YRes was successfully set.
13253649	[INFO]	XnProperty.cpp	74	Setting Image1.XRes to 640...
13253665	[INFO]	XnProperty.cpp	86	Image1.XRes value did not change.
13254589	[INFO]	XnUSBLinux-x86.cpp	1222	USB read thread was started.
13254615	[INFO]	XnProperty.cpp	151	Property Image1.ActualReadData was changed to 1.
13447626	[WARNING]	XnDepthProcessor.cpp	133	Read: Depth buffer is corrupt. Size is 563408 (!= 614400)
13447676	[WARNING]	XnFrameStreamProcessor.cpp	132	Depth frame is corrupt!
16455228	[INFO]	XnProperty.cpp	151	Property Image1.State was changed to 1.
16455272	[INFO]	XnDeviceBase.cpp	370	Stream Image1 is open.
16455498	[INFO]	XnProperty.cpp	74	Setting Depth1.Registration to 1...
16607691	[INFO]	XnProperty.cpp	151	Property Depth1.Registration was changed to 1.
16607747	[INFO]	XnProperty.cpp	101	Depth1.Registration was successfully set.
16607803	[INFO]	XnProperty.cpp	74	Setting Image1.Mirror to 1...
16620244	[INFO]	XnProperty.cpp	151	Property Image1.FirmwareMirror was changed to 1.
16620288	[INFO]	XnProperty.cpp	151	Property Image1.Mirror was changed to 1.
16620300	[INFO]	XnProperty.cpp	101	Image1.Mirror was successfully set.
96490831	[INFO]	XnOpenNI.cpp	1459	Destroying node 'User1'
96499076	[INFO]	XnOpenNI.cpp	1459	Destroying node 'Depth1'
96499205	[INFO]	XnDeviceBase.cpp	1507	Destroying stream 'Depth1'...
96501632	[INFO]	XnOpenNI.cpp	1459	Destroying node 'Image1'
96501723	[INFO]	XnDeviceBase.cpp	1507	Destroying stream 'Image1'...
96503084	[INFO]	XnOpenNI.cpp	1459	Destroying node 'Device1'
