    2125	[INFO]	XnLog.cpp	165	OpenNI version is 1.0.0 (Build 25)-MacOSX (Jan  7 2011 14:20:18)
    2170	[INFO]	XnLog.cpp	173	Log system initialized. Console: 1, File: 1, Severity: INFO, Masks: ALL
    2194	[INFO]	XnLog.cpp	173	Log system initialized. Console: 1, File: 1, Severity: INFO, Masks: ALL
   31911	[INFO]	XnUSBLinux-x86.cpp	98	USB is initialized.
 4048533	[INFO]	XnOpenNI.cpp	1261	Creating node 'Device1' of type Device...
 4049722	[INFO]	XnDeviceModule.cpp	431	Module 'Device' configuration was loaded from file.
 4504135	[INFO]	XnDeviceSensorIO.cpp	135	Connected to USB device
 4504197	[INFO]	XnProperty.cpp	151	Property Device.USBPath was changed to 045e/02ae@250/11.
 4512099	[INFO]	XnHostProtocol.cpp	825	Hardware versions: FW=5.1.4 (7) HW=4 Chip=2 Sensor=4 SYS=7
 5922005	[INFO]	XnProperty.cpp	151	Property Device.ID was changed to 0.
 5922097	[INFO]	XnSensor.cpp	182	Device sensor initialized
 5922273	[INFO]	XnOpenNI.cpp	1261	Creating node 'Depth1' of type Depth...
 5922358	[INFO]	XnDeviceBase.cpp	1383	Creating stream 'Depth1' of type 'Depth'...
 5922394	[INFO]	XnProperty.cpp	74	Setting Device.ReadData to 1...
 5922447	[INFO]	XnDeviceSensorIO.cpp	298	Endpoints open
 5934844	[INFO]	XnProperty.cpp	151	Property Device.ReadData was changed to 1.
 5934886	[INFO]	XnProperty.cpp	101	Device.ReadData was successfully set.
 5935643	[INFO]	XnProperty.cpp	151	Property Depth1.Resolution was changed to 0.
 5935685	[INFO]	XnProperty.cpp	151	Property Depth1.XRes was changed to 320.
 5935712	[INFO]	XnProperty.cpp	151	Property Depth1.YRes was changed to 240.
 5935739	[INFO]	XnProperty.cpp	151	Property Depth1.FPS was changed to 30.
 5935776	[INFO]	XnProperty.cpp	151	Property Depth1.OutputFormat was changed to 1.
 5935815	[INFO]	XnProperty.cpp	151	Property Depth1.BytesPerPixel was changed to 2.
 5935853	[INFO]	XnProperty.cpp	151	Property Depth1.RequiredDataSize was changed to 153600.
 5935899	[INFO]	XnProperty.cpp	151	Property Depth1.ParamCoeff was changed to 4.
 5936054	[INFO]	XnProperty.cpp	151	Property Depth1.ShiftScale was changed to 10.
 5948711	[INFO]	XnProperty.cpp	151	Property Depth1.ConstShift was changed to 200.
 5948868	[INFO]	XnProperty.cpp	151	Property Depth1.ZPD was changed to 120.
 5949138	[INFO]	XnProperty.cpp	151	Property Depth1.ZPPS was changed to 0.104200.
 5949186	[INFO]	XnProperty.cpp	151	Property Depth1.LDDIS was changed to 7.500000.
 5949417	[INFO]	XnProperty.cpp	151	Property Depth1.Gain was changed to 30.
 5949481	[INFO]	XnDeviceBase.cpp	1458	Stream 'Depth1' was initialized.
 5949522	[INFO]	XnDeviceBase.cpp	1463	'Depth1' stream was created.
 5949911	[INFO]	XnProperty.cpp	74	Setting Depth1.InputFormat to 3...
 5949976	[INFO]	XnProperty.cpp	151	Property Depth1.InputFormat was changed to 3.
 5950016	[INFO]	XnProperty.cpp	101	Depth1.InputFormat was successfully set.
 5951163	[INFO]	XnProperty.cpp	74	Setting Depth1.RegistrationType to 2...
 5951201	[INFO]	XnProperty.cpp	151	Property Depth1.RegistrationType was changed to 2.
 5951225	[INFO]	XnProperty.cpp	101	Depth1.RegistrationType was successfully set.
 5952133	[INFO]	XnDeviceModule.cpp	431	Module 'Depth1' configuration was loaded from file.
 5952395	[INFO]	XnProperty.cpp	74	Setting Depth1.FPS to 30...
 5952430	[INFO]	XnProperty.cpp	86	Depth1.FPS value did not change.
 5952461	[INFO]	XnProperty.cpp	74	Setting Depth1.YRes to 480...
 5952496	[INFO]	XnProperty.cpp	151	Property Depth1.Resolution was changed to 1.
 5952529	[INFO]	XnProperty.cpp	151	Property Depth1.XRes was changed to 640.
 5952559	[INFO]	XnProperty.cpp	151	Property Depth1.RequiredDataSize was changed to 307200.
 5952592	[INFO]	XnProperty.cpp	151	Property Depth1.YRes was changed to 480.
 5952620	[INFO]	XnProperty.cpp	151	Property Depth1.RequiredDataSize was changed to 614400.
 5952652	[INFO]	XnProperty.cpp	101	Depth1.YRes was successfully set.
 5952684	[INFO]	XnProperty.cpp	74	Setting Depth1.XRes to 640...
 5952712	[INFO]	XnProperty.cpp	86	Depth1.XRes value did not change.
 5952802	[INFO]	XnProperty.cpp	74	Setting Depth1.Mirror to 1...
 5952838	[INFO]	XnProperty.cpp	151	Property Depth1.FirmwareMirror was changed to 1.
 5952918	[INFO]	XnProperty.cpp	151	Property Depth1.Mirror was changed to 1.
 5952949	[INFO]	XnProperty.cpp	101	Depth1.Mirror was successfully set.
 9374198	[INFO]	XnOpenNI.cpp	1261	Creating node 'User1' of type User...
 9399578	[WARNING]	Linux-x86Threads.cpp	173	Failed to set thread priority: Invalid argument
 9399626	[WARNING]	XnUSBLinux-x86.cpp	126	USB events thread: Failed to set thread priority to critical. This might cause loss of data...
 9400465	[INFO]	XnUSBLinux-x86.cpp	1222	USB read thread was started.
 9400489	[INFO]	XnProperty.cpp	151	Property Depth1.ActualReadData was changed to 1.
 9871210	[INFO]	XnProperty.cpp	151	Property Depth1.State was changed to 1.
 9871256	[INFO]	XnDeviceBase.cpp	370	Stream Depth1 is open.
13256721	[INFO]	XnOpenNI.cpp	1261	Creating node 'Image1' of type Image...
13256777	[INFO]	XnDeviceBase.cpp	1383	Creating stream 'Image1' of type 'Image'...
13257012	[INFO]	XnProperty.cpp	151	Property Image1.Resolution was changed to 0.
13257033	[INFO]	XnProperty.cpp	151	Property Image1.XRes was changed to 320.
13257047	[INFO]	XnProperty.cpp	151	Property Image1.YRes was changed to 240.
13257059	[INFO]	XnProperty.cpp	151	Property Image1.FPS was changed to 30.
13257071	[INFO]	XnProperty.cpp	151	Property Image1.OutputFormat was changed to 5.
13257088	[INFO]	XnProperty.cpp	151	Property Image1.BytesPerPixel was changed to 3.
13257108	[INFO]	XnProperty.cpp	151	Property Image1.RequiredDataSize was changed to 230400.
13257146	[INFO]	XnDeviceBase.cpp	1458	Stream 'Image1' was initialized.
13257164	[INFO]	XnDeviceBase.cpp	1463	'Image1' stream was created.
13257266	[INFO]	XnProperty.cpp	74	Setting Image1.InputFormat to 6...
13257285	[INFO]	XnProperty.cpp	151	Property Image1.InputFormat was changed to 6.
13257297	[INFO]	XnProperty.cpp	101	Image1.InputFormat was successfully set.
13257742	[INFO]	XnDeviceModule.cpp	431	Module 'Image1' configuration was loaded from file.
13257860	[INFO]	XnProperty.cpp	74	Setting Image1.FPS to 30...
13257883	[INFO]	XnProperty.cpp	86	Image1.FPS value did not change.
13257902	[INFO]	XnProperty.cpp	74	Setting Image1.YRes to 480...
13257921	[INFO]	XnProperty.cpp	151	Property Image1.Resolution was changed to 1.
13257943	[INFO]	XnProperty.cpp	151	Property Image1.XRes was changed to 640.
13257962	[INFO]	XnProperty.cpp	151	Property Image1.RequiredDataSize was changed to 460800.
13257983	[INFO]	XnProperty.cpp	151	Property Image1.YRes was changed to 480.
13258002	[INFO]	XnProperty.cpp	151	Property Image1.RequiredDataSize was changed to 921600.
13258022	[INFO]	XnProperty.cpp	101	Image1.YRes was successfully set.
13258041	[INFO]	XnProperty.cpp	74	Setting Image1.XRes to 640...
13258058	[INFO]	XnProperty.cpp	86	Image1.XRes value did not change.
13259102	[INFO]	XnUSBLinux-x86.cpp	1222	USB read thread was started.
13259129	[INFO]	XnProperty.cpp	151	Property Image1.ActualReadData was changed to 1.
13439933	[WARNING]	XnDepthProcessor.cpp	133	Read: Depth buffer is corrupt. Size is 540992 (!= 614400)
13439982	[WARNING]	XnFrameStreamProcessor.cpp	132	Depth frame is corrupt!
16459995	[INFO]	XnProperty.cpp	151	Property Image1.State was changed to 1.
16460044	[INFO]	XnDeviceBase.cpp	370	Stream Image1 is open.
16460272	[INFO]	XnProperty.cpp	74	Setting Depth1.Registration to 1...
16611982	[INFO]	XnProperty.cpp	151	Property Depth1.Registration was changed to 1.
16612038	[INFO]	XnProperty.cpp	101	Depth1.Registration was successfully set.
16612095	[INFO]	XnProperty.cpp	74	Setting Image1.Mirror to 1...
16624580	[INFO]	XnProperty.cpp	151	Property Image1.FirmwareMirror was changed to 1.
16624610	[INFO]	XnProperty.cpp	151	Property Image1.Mirror was changed to 1.
16624624	[INFO]	XnProperty.cpp	101	Image1.Mirror was successfully set.
