   86675	[INFO]	XnLog.cpp	165	OpenNI version is 1.0.0 (Build 25)-MacOSX (Jan  7 2011 14:20:18)
   86729	[INFO]	XnLog.cpp	173	Log system initialized. Console: 1, File: 1, Severity: INFO, Masks: ALL
   86753	[INFO]	XnLog.cpp	173	Log system initialized. Console: 1, File: 1, Severity: INFO, Masks: ALL
   91671	[INFO]	XnUSBLinux-x86.cpp	98	USB is initialized.
 4098388	[INFO]	XnOpenNI.cpp	1261	Creating node 'Device1' of type Device...
 4099243	[INFO]	XnDeviceModule.cpp	431	Module 'Device' configuration was loaded from file.
 4549952	[INFO]	XnDeviceSensorIO.cpp	135	Connected to USB device
 4550013	[INFO]	XnProperty.cpp	151	Property Device.USBPath was changed to 045e/02ae@250/11.
 4558095	[INFO]	XnHostProtocol.cpp	825	Hardware versions: FW=5.1.4 (7) HW=4 Chip=2 Sensor=4 SYS=7
 5967919	[INFO]	XnProperty.cpp	151	Property Device.ID was changed to 0.
 5968015	[INFO]	XnSensor.cpp	182	Device sensor initialized
 5968122	[INFO]	XnOpenNI.cpp	1261	Creating node 'Depth1' of type Depth...
 5968170	[INFO]	XnDeviceBase.cpp	1383	Creating stream 'Depth1' of type 'Depth'...
 5968196	[INFO]	XnProperty.cpp	74	Setting Device.ReadData to 1...
 5968238	[INFO]	XnDeviceSensorIO.cpp	298	Endpoints open
 5980787	[INFO]	XnProperty.cpp	151	Property Device.ReadData was changed to 1.
 5980828	[INFO]	XnProperty.cpp	101	Device.ReadData was successfully set.
 5981195	[INFO]	XnProperty.cpp	151	Property Depth1.Resolution was changed to 0.
 5981217	[INFO]	XnProperty.cpp	151	Property Depth1.XRes was changed to 320.
 5981234	[INFO]	XnProperty.cpp	151	Property Depth1.YRes was changed to 240.
 5981253	[INFO]	XnProperty.cpp	151	Property Depth1.FPS was changed to 30.
 5981269	[INFO]	XnProperty.cpp	151	Property Depth1.OutputFormat was changed to 1.
 5981286	[INFO]	XnProperty.cpp	151	Property Depth1.BytesPerPixel was changed to 2.
 5981301	[INFO]	XnProperty.cpp	151	Property Depth1.RequiredDataSize was changed to 153600.
 5981317	[INFO]	XnProperty.cpp	151	Property Depth1.ParamCoeff was changed to 4.
 5981388	[INFO]	XnProperty.cpp	151	Property Depth1.ShiftScale was changed to 10.
 5993623	[INFO]	XnProperty.cpp	151	Property Depth1.ConstShift was changed to 200.
 5993703	[INFO]	XnProperty.cpp	151	Property Depth1.ZPD was changed to 120.
 5993927	[INFO]	XnProperty.cpp	151	Property Depth1.ZPPS was changed to 0.104200.
 5993954	[INFO]	XnProperty.cpp	151	Property Depth1.LDDIS was changed to 7.500000.
 5994109	[INFO]	XnProperty.cpp	151	Property Depth1.Gain was changed to 30.
 5994144	[INFO]	XnDeviceBase.cpp	1458	Stream 'Depth1' was initialized.
 5994160	[INFO]	XnDeviceBase.cpp	1463	'Depth1' stream was created.
 5994323	[INFO]	XnProperty.cpp	74	Setting Depth1.InputFormat to 3...
 5994347	[INFO]	XnProperty.cpp	151	Property Depth1.InputFormat was changed to 3.
 5994363	[INFO]	XnProperty.cpp	101	Depth1.InputFormat was successfully set.
 5994890	[INFO]	XnProperty.cpp	74	Setting Depth1.RegistrationType to 2...
 5994910	[INFO]	XnProperty.cpp	151	Property Depth1.RegistrationType was changed to 2.
 5994927	[INFO]	XnProperty.cpp	101	Depth1.RegistrationType was successfully set.
 5995589	[INFO]	XnDeviceModule.cpp	431	Module 'Depth1' configuration was loaded from file.
 5995819	[INFO]	XnProperty.cpp	74	Setting Depth1.FPS to 30...
 5995846	[INFO]	XnProperty.cpp	86	Depth1.FPS value did not change.
 5995865	[INFO]	XnProperty.cpp	74	Setting Depth1.YRes to 480...
 5995888	[INFO]	XnProperty.cpp	151	Property Depth1.Resolution was changed to 1.
 5995909	[INFO]	XnProperty.cpp	151	Property Depth1.XRes was changed to 640.
 5995926	[INFO]	XnProperty.cpp	151	Property Depth1.RequiredDataSize was changed to 307200.
 5995941	[INFO]	XnProperty.cpp	151	Property Depth1.YRes was changed to 480.
 5995953	[INFO]	XnProperty.cpp	151	Property Depth1.RequiredDataSize was changed to 614400.
 5995971	[INFO]	XnProperty.cpp	101	Depth1.YRes was successfully set.
 5995989	[INFO]	XnProperty.cpp	74	Setting Depth1.XRes to 640...
 5996006	[INFO]	XnProperty.cpp	86	Depth1.XRes value did not change.
 5996064	[INFO]	XnProperty.cpp	74	Setting Depth1.Mirror to 1...
 5996082	[INFO]	XnProperty.cpp	151	Property Depth1.FirmwareMirror was changed to 1.
 5996137	[INFO]	XnProperty.cpp	151	Property Depth1.Mirror was changed to 1.
 5996155	[INFO]	XnProperty.cpp	101	Depth1.Mirror was successfully set.
 9402591	[INFO]	XnOpenNI.cpp	1261	Creating node 'User1' of type User...
 9428927	[WARNING]	Linux-x86Threads.cpp	173	Failed to set thread priority: Invalid argument
 9428976	[WARNING]	XnUSBLinux-x86.cpp	126	USB events thread: Failed to set thread priority to critical. This might cause loss of data...
 9429888	[INFO]	XnUSBLinux-x86.cpp	1222	USB read thread was started.
 9429912	[INFO]	XnProperty.cpp	151	Property Depth1.ActualReadData was changed to 1.
 9900182	[INFO]	XnProperty.cpp	151	Property Depth1.State was changed to 1.
 9900229	[INFO]	XnDeviceBase.cpp	370	Stream Depth1 is open.
11197941	[WARNING]	XnDepthProcessor.cpp	133	Read: Depth buffer is corrupt. Size is 601872 (!= 614400)
11197988	[WARNING]	XnFrameStreamProcessor.cpp	132	Depth frame is corrupt!
13287715	[INFO]	XnOpenNI.cpp	1261	Creating node 'Image1' of type Image...
13287768	[INFO]	XnDeviceBase.cpp	1383	Creating stream 'Image1' of type 'Image'...
13287946	[INFO]	XnProperty.cpp	151	Property Image1.Resolution was changed to 0.
13287971	[INFO]	XnProperty.cpp	151	Property Image1.XRes was changed to 320.
13287991	[INFO]	XnProperty.cpp	151	Property Image1.YRes was changed to 240.
13288009	[INFO]	XnProperty.cpp	151	Property Image1.FPS was changed to 30.
13288027	[INFO]	XnProperty.cpp	151	Property Image1.OutputFormat was changed to 5.
13288046	[INFO]	XnProperty.cpp	151	Property Image1.BytesPerPixel was changed to 3.
13288063	[INFO]	XnProperty.cpp	151	Property Image1.RequiredDataSize was changed to 230400.
13288112	[INFO]	XnDeviceBase.cpp	1458	Stream 'Image1' was initialized.
13288135	[INFO]	XnDeviceBase.cpp	1463	'Image1' stream was created.
13288264	[INFO]	XnProperty.cpp	74	Setting Image1.InputFormat to 6...
13288294	[INFO]	XnProperty.cpp	151	Property Image1.InputFormat was changed to 6.
13288314	[INFO]	XnProperty.cpp	101	Image1.InputFormat was successfully set.
13288851	[INFO]	XnDeviceModule.cpp	431	Module 'Image1' configuration was loaded from file.
13288936	[INFO]	XnProperty.cpp	74	Setting Image1.FPS to 30...
13288962	[INFO]	XnProperty.cpp	101	Image1.FPS was successfully set.
13288982	[INFO]	XnProperty.cpp	74	Setting Image1.YRes to 480...
13289002	[INFO]	XnProperty.cpp	151	Property Image1.Resolution was changed to 1.
13289021	[INFO]	XnProperty.cpp	151	Property Image1.XRes was changed to 640.
13289041	[INFO]	XnProperty.cpp	151	Property Image1.RequiredDataSize was changed to 460800.
13289062	[INFO]	XnProperty.cpp	151	Property Image1.YRes was changed to 480.
13289080	[INFO]	XnProperty.cpp	151	Property Image1.RequiredDataSize was changed to 921600.
13289100	[INFO]	XnProperty.cpp	101	Image1.YRes was successfully set.
13289120	[INFO]	XnProperty.cpp	74	Setting Image1.XRes to 640...
13289136	[INFO]	XnProperty.cpp	86	Image1.XRes value did not change.
13290176	[INFO]	XnUSBLinux-x86.cpp	1222	USB read thread was started.
13290205	[INFO]	XnProperty.cpp	151	Property Image1.ActualReadData was changed to 1.
13469915	[WARNING]	XnDepthProcessor.cpp	133	Read: Depth buffer is corrupt. Size is 543680 (!= 614400)
13469972	[WARNING]	XnFrameStreamProcessor.cpp	132	Depth frame is corrupt!
16491282	[INFO]	XnProperty.cpp	151	Property Image1.State was changed to 1.
16491327	[INFO]	XnDeviceBase.cpp	370	Stream Image1 is open.
16491526	[INFO]	XnProperty.cpp	74	Setting Depth1.Registration to 1...
16643282	[INFO]	XnProperty.cpp	151	Property Depth1.Registration was changed to 1.
16643328	[INFO]	XnProperty.cpp	101	Depth1.Registration was successfully set.
16643378	[INFO]	XnProperty.cpp	74	Setting Image1.Mirror to 1...
16655754	[INFO]	XnProperty.cpp	151	Property Image1.FirmwareMirror was changed to 1.
16655793	[INFO]	XnProperty.cpp	151	Property Image1.Mirror was changed to 1.
16655814	[INFO]	XnProperty.cpp	101	Image1.Mirror was successfully set.
78868106	[INFO]	XnOpenNI.cpp	1459	Destroying node 'User1'
78874602	[INFO]	XnOpenNI.cpp	1459	Destroying node 'Depth1'
78874701	[INFO]	XnDeviceBase.cpp	1507	Destroying stream 'Depth1'...
78875958	[INFO]	XnOpenNI.cpp	1459	Destroying node 'Image1'
78876182	[INFO]	XnDeviceBase.cpp	1507	Destroying stream 'Image1'...
78877177	[INFO]	XnOpenNI.cpp	1459	Destroying node 'Device1'
