    2490	[INFO]	XnLog.cpp	165	OpenNI version is 1.0.0 (Build 25)-MacOSX (Jan  7 2011 14:20:18)
    2542	[INFO]	XnLog.cpp	173	Log system initialized. Console: 1, File: 1, Severity: INFO, Masks: ALL
    2574	[INFO]	XnLog.cpp	173	Log system initialized. Console: 1, File: 1, Severity: INFO, Masks: ALL
    3994	[INFO]	XnUSBLinux-x86.cpp	98	USB is initialized.
 4040800	[INFO]	XnOpenNI.cpp	1261	Creating node 'Device1' of type Device...
 4041876	[INFO]	XnDeviceModule.cpp	431	Module 'Device' configuration was loaded from file.
 4497268	[INFO]	XnDeviceSensorIO.cpp	135	Connected to USB device
 4497321	[INFO]	XnProperty.cpp	151	Property Device.USBPath was changed to 045e/02ae@250/11.
 4504814	[INFO]	XnHostProtocol.cpp	825	Hardware versions: FW=5.1.4 (7) HW=4 Chip=2 Sensor=4 SYS=7
 5919218	[INFO]	XnProperty.cpp	151	Property Device.ID was changed to 0.
 5919313	[INFO]	XnSensor.cpp	182	Device sensor initialized
 5919477	[INFO]	XnOpenNI.cpp	1261	Creating node 'Depth1' of type Depth...
 5919564	[INFO]	XnDeviceBase.cpp	1383	Creating stream 'Depth1' of type 'Depth'...
 5919611	[INFO]	XnProperty.cpp	74	Setting Device.ReadData to 1...
 5919684	[INFO]	XnDeviceSensorIO.cpp	298	Endpoints open
 5932072	[INFO]	XnProperty.cpp	151	Property Device.ReadData was changed to 1.
 5932119	[INFO]	XnProperty.cpp	101	Device.ReadData was successfully set.
 5932727	[INFO]	XnProperty.cpp	151	Property Depth1.Resolution was changed to 0.
 5932770	[INFO]	XnProperty.cpp	151	Property Depth1.XRes was changed to 320.
 5932796	[INFO]	XnProperty.cpp	151	Property Depth1.YRes was changed to 240.
 5932824	[INFO]	XnProperty.cpp	151	Property Depth1.FPS was changed to 30.
 5932859	[INFO]	XnProperty.cpp	151	Property Depth1.OutputFormat was changed to 1.
 5932898	[INFO]	XnProperty.cpp	151	Property Depth1.BytesPerPixel was changed to 2.
 5932936	[INFO]	XnProperty.cpp	151	Property Depth1.RequiredDataSize was changed to 153600.
 5932982	[INFO]	XnProperty.cpp	151	Property Depth1.ParamCoeff was changed to 4.
 5933132	[INFO]	XnProperty.cpp	151	Property Depth1.ShiftScale was changed to 10.
 5945769	[INFO]	XnProperty.cpp	151	Property Depth1.ConstShift was changed to 200.
 5945883	[INFO]	XnProperty.cpp	151	Property Depth1.ZPD was changed to 120.
 5946067	[INFO]	XnProperty.cpp	151	Property Depth1.ZPPS was changed to 0.104200.
 5946101	[INFO]	XnProperty.cpp	151	Property Depth1.LDDIS was changed to 7.500000.
 5946256	[INFO]	XnProperty.cpp	151	Property Depth1.Gain was changed to 30.
 5946308	[INFO]	XnDeviceBase.cpp	1458	Stream 'Depth1' was initialized.
 5946341	[INFO]	XnDeviceBase.cpp	1463	'Depth1' stream was created.
 5946646	[INFO]	XnProperty.cpp	74	Setting Depth1.InputFormat to 3...
 5946691	[INFO]	XnProperty.cpp	151	Property Depth1.InputFormat was changed to 3.
 5946723	[INFO]	XnProperty.cpp	101	Depth1.InputFormat was successfully set.
 5947572	[INFO]	XnProperty.cpp	74	Setting Depth1.RegistrationType to 2...
 5947602	[INFO]	XnProperty.cpp	151	Property Depth1.RegistrationType was changed to 2.
 5947621	[INFO]	XnProperty.cpp	101	Depth1.RegistrationType was successfully set.
 5948435	[INFO]	XnDeviceModule.cpp	431	Module 'Depth1' configuration was loaded from file.
 5948645	[INFO]	XnProperty.cpp	74	Setting Depth1.FPS to 30...
 5948674	[INFO]	XnProperty.cpp	101	Depth1.FPS was successfully set.
 5948697	[INFO]	XnProperty.cpp	74	Setting Depth1.YRes to 480...
 5948724	[INFO]	XnProperty.cpp	151	Property Depth1.Resolution was changed to 1.
 5948748	[INFO]	XnProperty.cpp	151	Property Depth1.XRes was changed to 640.
 5948769	[INFO]	XnProperty.cpp	151	Property Depth1.RequiredDataSize was changed to 307200.
 5948786	[INFO]	XnProperty.cpp	151	Property Depth1.YRes was changed to 480.
 5948809	[INFO]	XnProperty.cpp	151	Property Depth1.RequiredDataSize was changed to 614400.
 5948830	[INFO]	XnProperty.cpp	101	Depth1.YRes was successfully set.
 5948850	[INFO]	XnProperty.cpp	74	Setting Depth1.XRes to 640...
 5948872	[INFO]	XnProperty.cpp	86	Depth1.XRes value did not change.
 5948938	[INFO]	XnProperty.cpp	74	Setting Depth1.Mirror to 1...
 5948960	[INFO]	XnProperty.cpp	151	Property Depth1.FirmwareMirror was changed to 1.
 5949021	[INFO]	XnProperty.cpp	151	Property Depth1.Mirror was changed to 1.
 5949045	[INFO]	XnProperty.cpp	101	Depth1.Mirror was successfully set.
 9375877	[INFO]	XnOpenNI.cpp	1261	Creating node 'User1' of type User...
 9399186	[WARNING]	Linux-x86Threads.cpp	173	Failed to set thread priority: Invalid argument
 9399235	[WARNING]	XnUSBLinux-x86.cpp	126	USB events thread: Failed to set thread priority to critical. This might cause loss of data...
 9400132	[INFO]	XnUSBLinux-x86.cpp	1222	USB read thread was started.
 9400156	[INFO]	XnProperty.cpp	151	Property Depth1.ActualReadData was changed to 1.
 9870370	[INFO]	XnProperty.cpp	151	Property Depth1.State was changed to 1.
 9870415	[INFO]	XnDeviceBase.cpp	370	Stream Depth1 is open.
13253958	[INFO]	XnOpenNI.cpp	1261	Creating node 'Image1' of type Image...
13254015	[INFO]	XnDeviceBase.cpp	1383	Creating stream 'Image1' of type 'Image'...
13254275	[INFO]	XnProperty.cpp	151	Property Image1.Resolution was changed to 0.
13254298	[INFO]	XnProperty.cpp	151	Property Image1.XRes was changed to 320.
13254316	[INFO]	XnProperty.cpp	151	Property Image1.YRes was changed to 240.
13254335	[INFO]	XnProperty.cpp	151	Property Image1.FPS was changed to 30.
13254352	[INFO]	XnProperty.cpp	151	Property Image1.OutputFormat was changed to 5.
13254368	[INFO]	XnProperty.cpp	151	Property Image1.BytesPerPixel was changed to 3.
13254382	[INFO]	XnProperty.cpp	151	Property Image1.RequiredDataSize was changed to 230400.
13254411	[INFO]	XnDeviceBase.cpp	1458	Stream 'Image1' was initialized.
13254424	[INFO]	XnDeviceBase.cpp	1463	'Image1' stream was created.
13254534	[INFO]	XnProperty.cpp	74	Setting Image1.InputFormat to 6...
13254568	[INFO]	XnProperty.cpp	151	Property Image1.InputFormat was changed to 6.
13254583	[INFO]	XnProperty.cpp	101	Image1.InputFormat was successfully set.
13255038	[INFO]	XnDeviceModule.cpp	431	Module 'Image1' configuration was loaded from file.
13255152	[INFO]	XnProperty.cpp	74	Setting Image1.FPS to 30...
13255174	[INFO]	XnProperty.cpp	86	Image1.FPS value did not change.
13255193	[INFO]	XnProperty.cpp	74	Setting Image1.YRes to 480...
13255213	[INFO]	XnProperty.cpp	151	Property Image1.Resolution was changed to 1.
13255232	[INFO]	XnProperty.cpp	151	Property Image1.XRes was changed to 640.
13255250	[INFO]	XnProperty.cpp	151	Property Image1.RequiredDataSize was changed to 460800.
13255271	[INFO]	XnProperty.cpp	151	Property Image1.YRes was changed to 480.
13255290	[INFO]	XnProperty.cpp	151	Property Image1.RequiredDataSize was changed to 921600.
13255309	[INFO]	XnProperty.cpp	101	Image1.YRes was successfully set.
13255328	[INFO]	XnProperty.cpp	74	Setting Image1.XRes to 640...
13255344	[INFO]	XnProperty.cpp	86	Image1.XRes value did not change.
13256226	[INFO]	XnUSBLinux-x86.cpp	1222	USB read thread was started.
13256254	[INFO]	XnProperty.cpp	151	Property Image1.ActualReadData was changed to 1.
13435768	[WARNING]	XnDepthProcessor.cpp	133	Read: Depth buffer is corrupt. Size is 544096 (!= 614400)
13435819	[WARNING]	XnFrameStreamProcessor.cpp	132	Depth frame is corrupt!
16456473	[INFO]	XnProperty.cpp	151	Property Image1.State was changed to 1.
16456517	[INFO]	XnDeviceBase.cpp	370	Stream Image1 is open.
16456730	[INFO]	XnProperty.cpp	74	Setting Depth1.Registration to 1...
16608479	[INFO]	XnProperty.cpp	151	Property Depth1.Registration was changed to 1.
16608524	[INFO]	XnProperty.cpp	101	Depth1.Registration was successfully set.
16608570	[INFO]	XnProperty.cpp	74	Setting Image1.Mirror to 1...
16621065	[INFO]	XnProperty.cpp	151	Property Image1.FirmwareMirror was changed to 1.
16621095	[INFO]	XnProperty.cpp	151	Property Image1.Mirror was changed to 1.
16621108	[INFO]	XnProperty.cpp	101	Image1.Mirror was successfully set.
52043771	[INFO]	XnOpenNI.cpp	1459	Destroying node 'User1'
52050238	[INFO]	XnOpenNI.cpp	1459	Destroying node 'Depth1'
52050335	[INFO]	XnDeviceBase.cpp	1507	Destroying stream 'Depth1'...
52051363	[INFO]	XnOpenNI.cpp	1459	Destroying node 'Image1'
52051400	[INFO]	XnDeviceBase.cpp	1507	Destroying stream 'Image1'...
52052270	[INFO]	XnOpenNI.cpp	1459	Destroying node 'Device1'
