    3344	[INFO]	XnLog.cpp	165	OpenNI version is 1.0.0 (Build 25)-MacOSX (Jan  7 2011 14:20:18)
    3406	[INFO]	XnLog.cpp	173	Log system initialized. Console: 1, File: 1, Severity: INFO, Masks: ALL
   32197	[INFO]	XnLog.cpp	173	Log system initialized. Console: 1, File: 1, Severity: INFO, Masks: ALL
   37003	[INFO]	XnUSBLinux-x86.cpp	98	USB is initialized.
 4452174	[INFO]	XnOpenNI.cpp	1261	Creating node 'Device1' of type Device...
 4453439	[INFO]	XnDeviceModule.cpp	431	Module 'Device' configuration was loaded from file.
 5066035	[INFO]	XnDeviceSensorIO.cpp	135	Connected to USB device
 5066087	[INFO]	XnProperty.cpp	151	Property Device.USBPath was changed to 045e/02ae@250/11.
 5073572	[INFO]	XnHostProtocol.cpp	825	Hardware versions: FW=5.1.4 (7) HW=4 Chip=2 Sensor=4 SYS=7
 6485211	[INFO]	XnProperty.cpp	151	Property Device.ID was changed to 0.
 6485306	[INFO]	XnSensor.cpp	182	Device sensor initialized
 6485471	[INFO]	XnOpenNI.cpp	1261	Creating node 'Depth1' of type Depth...
 6485558	[INFO]	XnDeviceBase.cpp	1383	Creating stream 'Depth1' of type 'Depth'...
 6485605	[INFO]	XnProperty.cpp	74	Setting Device.ReadData to 1...
 6485679	[INFO]	XnDeviceSensorIO.cpp	298	Endpoints open
 6498229	[INFO]	XnProperty.cpp	151	Property Device.ReadData was changed to 1.
 6498278	[INFO]	XnProperty.cpp	101	Device.ReadData was successfully set.
 6499000	[INFO]	XnProperty.cpp	151	Property Depth1.Resolution was changed to 0.
 6499041	[INFO]	XnProperty.cpp	151	Property Depth1.XRes was changed to 320.
 6499068	[INFO]	XnProperty.cpp	151	Property Depth1.YRes was changed to 240.
 6499093	[INFO]	XnProperty.cpp	151	Property Depth1.FPS was changed to 30.
 6499125	[INFO]	XnProperty.cpp	151	Property Depth1.OutputFormat was changed to 1.
 6499163	[INFO]	XnProperty.cpp	151	Property Depth1.BytesPerPixel was changed to 2.
 6499201	[INFO]	XnProperty.cpp	151	Property Depth1.RequiredDataSize was changed to 153600.
 6499247	[INFO]	XnProperty.cpp	151	Property Depth1.ParamCoeff was changed to 4.
 6499400	[INFO]	XnProperty.cpp	151	Property Depth1.ShiftScale was changed to 10.
 6511961	[INFO]	XnProperty.cpp	151	Property Depth1.ConstShift was changed to 200.
 6512068	[INFO]	XnProperty.cpp	151	Property Depth1.ZPD was changed to 120.
 6512257	[INFO]	XnProperty.cpp	151	Property Depth1.ZPPS was changed to 0.104200.
 6512296	[INFO]	XnProperty.cpp	151	Property Depth1.LDDIS was changed to 7.500000.
 6512478	[INFO]	XnProperty.cpp	151	Property Depth1.Gain was changed to 30.
 6512530	[INFO]	XnDeviceBase.cpp	1458	Stream 'Depth1' was initialized.
 6512564	[INFO]	XnDeviceBase.cpp	1463	'Depth1' stream was created.
 6512850	[INFO]	XnProperty.cpp	74	Setting Depth1.InputFormat to 3...
 6512895	[INFO]	XnProperty.cpp	151	Property Depth1.InputFormat was changed to 3.
 6512927	[INFO]	XnProperty.cpp	101	Depth1.InputFormat was successfully set.
 6513838	[INFO]	XnProperty.cpp	74	Setting Depth1.RegistrationType to 2...
 6513869	[INFO]	XnProperty.cpp	151	Property Depth1.RegistrationType was changed to 2.
 6513895	[INFO]	XnProperty.cpp	101	Depth1.RegistrationType was successfully set.
 6514848	[INFO]	XnDeviceModule.cpp	431	Module 'Depth1' configuration was loaded from file.
 6515125	[INFO]	XnProperty.cpp	74	Setting Depth1.FPS to 30...
 6515165	[INFO]	XnProperty.cpp	86	Depth1.FPS value did not change.
 6515198	[INFO]	XnProperty.cpp	74	Setting Depth1.YRes to 480...
 6515234	[INFO]	XnProperty.cpp	151	Property Depth1.Resolution was changed to 1.
 6515266	[INFO]	XnProperty.cpp	151	Property Depth1.XRes was changed to 640.
 6515295	[INFO]	XnProperty.cpp	151	Property Depth1.RequiredDataSize was changed to 307200.
 6515328	[INFO]	XnProperty.cpp	151	Property Depth1.YRes was changed to 480.
 6515359	[INFO]	XnProperty.cpp	151	Property Depth1.RequiredDataSize was changed to 614400.
 6515392	[INFO]	XnProperty.cpp	101	Depth1.YRes was successfully set.
 6515424	[INFO]	XnProperty.cpp	74	Setting Depth1.XRes to 640...
 6515451	[INFO]	XnProperty.cpp	86	Depth1.XRes value did not change.
 6515541	[INFO]	XnProperty.cpp	74	Setting Depth1.Mirror to 1...
 6515577	[INFO]	XnProperty.cpp	151	Property Depth1.FirmwareMirror was changed to 1.
 6515664	[INFO]	XnProperty.cpp	151	Property Depth1.Mirror was changed to 1.
 6515701	[INFO]	XnProperty.cpp	101	Depth1.Mirror was successfully set.
 9939513	[INFO]	XnOpenNI.cpp	1261	Creating node 'User1' of type User...
 9964974	[WARNING]	Linux-x86Threads.cpp	173	Failed to set thread priority: Invalid argument
 9965022	[WARNING]	XnUSBLinux-x86.cpp	126	USB events thread: Failed to set thread priority to critical. This might cause loss of data...
 9965929	[INFO]	XnUSBLinux-x86.cpp	1222	USB read thread was started.
 9965953	[INFO]	XnProperty.cpp	151	Property Depth1.ActualReadData was changed to 1.
10435878	[INFO]	XnProperty.cpp	151	Property Depth1.State was changed to 1.
10435923	[INFO]	XnDeviceBase.cpp	370	Stream Depth1 is open.
13819476	[INFO]	XnOpenNI.cpp	1261	Creating node 'Image1' of type Image...
13819530	[INFO]	XnDeviceBase.cpp	1383	Creating stream 'Image1' of type 'Image'...
13819765	[INFO]	XnProperty.cpp	151	Property Image1.Resolution was changed to 0.
13819790	[INFO]	XnProperty.cpp	151	Property Image1.XRes was changed to 320.
13819811	[INFO]	XnProperty.cpp	151	Property Image1.YRes was changed to 240.
13819831	[INFO]	XnProperty.cpp	151	Property Image1.FPS was changed to 30.
13819849	[INFO]	XnProperty.cpp	151	Property Image1.OutputFormat was changed to 5.
13819866	[INFO]	XnProperty.cpp	151	Property Image1.BytesPerPixel was changed to 3.
13819884	[INFO]	XnProperty.cpp	151	Property Image1.RequiredDataSize was changed to 230400.
13819933	[INFO]	XnDeviceBase.cpp	1458	Stream 'Image1' was initialized.
13819954	[INFO]	XnDeviceBase.cpp	1463	'Image1' stream was created.
13820097	[INFO]	XnProperty.cpp	74	Setting Image1.InputFormat to 6...
13820128	[INFO]	XnProperty.cpp	151	Property Image1.InputFormat was changed to 6.
13820148	[INFO]	XnProperty.cpp	101	Image1.InputFormat was successfully set.
13820693	[INFO]	XnDeviceModule.cpp	431	Module 'Image1' configuration was loaded from file.
13820791	[INFO]	XnProperty.cpp	74	Setting Image1.FPS to 30...
13820808	[INFO]	XnProperty.cpp	86	Image1.FPS value did not change.
13820820	[INFO]	XnProperty.cpp	74	Setting Image1.YRes to 480...
13820838	[INFO]	XnProperty.cpp	151	Property Image1.Resolution was changed to 1.
13820853	[INFO]	XnProperty.cpp	151	Property Image1.XRes was changed to 640.
13820868	[INFO]	XnProperty.cpp	151	Property Image1.RequiredDataSize was changed to 460800.
13820889	[INFO]	XnProperty.cpp	151	Property Image1.YRes was changed to 480.
13820906	[INFO]	XnProperty.cpp	151	Property Image1.RequiredDataSize was changed to 921600.
13820922	[INFO]	XnProperty.cpp	101	Image1.YRes was successfully set.
13820937	[INFO]	XnProperty.cpp	74	Setting Image1.XRes to 640...
13820947	[INFO]	XnProperty.cpp	86	Image1.XRes value did not change.
13821881	[INFO]	XnUSBLinux-x86.cpp	1222	USB read thread was started.
13821906	[INFO]	XnProperty.cpp	151	Property Image1.ActualReadData was changed to 1.
14001818	[WARNING]	XnDepthProcessor.cpp	133	Read: Depth buffer is corrupt. Size is 533312 (!= 614400)
14001869	[WARNING]	XnFrameStreamProcessor.cpp	132	Depth frame is corrupt!
14037736	[WARNING]	XnDepthProcessor.cpp	133	Read: Depth buffer is corrupt. Size is 594944 (!= 614400)
14037767	[WARNING]	XnFrameStreamProcessor.cpp	132	Depth frame is corrupt!
16905837	[WARNING]	XnDepthProcessor.cpp	133	Read: Depth buffer is corrupt. Size is 589008 (!= 614400)
16905885	[WARNING]	XnFrameStreamProcessor.cpp	132	Depth frame is corrupt!
17022253	[INFO]	XnProperty.cpp	151	Property Image1.State was changed to 1.
17022298	[INFO]	XnDeviceBase.cpp	370	Stream Image1 is open.
17022500	[INFO]	XnProperty.cpp	74	Setting Depth1.Registration to 1...
17029816	[WARNING]	XnFirmwareStreams.cpp	324	Unknown packet type (0x593f)!!!
17029865	[WARNING]	XnFirmwareStreams.cpp	324	Unknown packet type (0x2201)!!!
17041785	[WARNING]	XnDepthProcessor.cpp	133	Read: Depth buffer is corrupt. Size is 582208 (!= 614400)
17041809	[WARNING]	XnFrameStreamProcessor.cpp	132	Depth frame is corrupt!
17073747	[WARNING]	XnDepthProcessor.cpp	133	Read: Depth buffer is corrupt. Size is 591632 (!= 614400)
17073797	[WARNING]	XnFrameStreamProcessor.cpp	132	Depth frame is corrupt!
17174234	[INFO]	XnProperty.cpp	151	Property Depth1.Registration was changed to 1.
17174279	[INFO]	XnProperty.cpp	101	Depth1.Registration was successfully set.
17174325	[INFO]	XnProperty.cpp	74	Setting Image1.Mirror to 1...
17187365	[INFO]	XnProperty.cpp	151	Property Image1.FirmwareMirror was changed to 1.
17187392	[INFO]	XnProperty.cpp	151	Property Image1.Mirror was changed to 1.
17187404	[INFO]	XnProperty.cpp	101	Image1.Mirror was successfully set.
73412976	[INFO]	XnOpenNI.cpp	1459	Destroying node 'User1'
73419616	[INFO]	XnOpenNI.cpp	1459	Destroying node 'Depth1'
73419729	[INFO]	XnDeviceBase.cpp	1507	Destroying stream 'Depth1'...
73421254	[INFO]	XnOpenNI.cpp	1459	Destroying node 'Image1'
73421308	[INFO]	XnDeviceBase.cpp	1507	Destroying stream 'Image1'...
73422273	[INFO]	XnOpenNI.cpp	1459	Destroying node 'Device1'
