   24664	[INFO]	XnLog.cpp	165	OpenNI version is 1.0.0 (Build 25)-MacOSX (Jan  7 2011 14:20:18)
   24713	[INFO]	XnLog.cpp	173	Log system initialized. Console: 1, File: 1, Severity: INFO, Masks: ALL
   24737	[INFO]	XnLog.cpp	173	Log system initialized. Console: 1, File: 1, Severity: INFO, Masks: ALL
   26127	[INFO]	XnUSBLinux-x86.cpp	98	USB is initialized.
 4405816	[INFO]	XnOpenNI.cpp	1261	Creating node 'Device1' of type Device...
 4407465	[INFO]	XnDeviceModule.cpp	431	Module 'Device' configuration was loaded from file.
 5019605	[INFO]	XnDeviceSensorIO.cpp	135	Connected to USB device
 5019662	[INFO]	XnProperty.cpp	151	Property Device.USBPath was changed to 045e/02ae@250/11.
 5027431	[INFO]	XnHostProtocol.cpp	825	Hardware versions: FW=5.1.4 (7) HW=4 Chip=2 Sensor=4 SYS=7
 6439116	[INFO]	XnProperty.cpp	151	Property Device.ID was changed to 0.
 6439211	[INFO]	XnSensor.cpp	182	Device sensor initialized
 6439374	[INFO]	XnOpenNI.cpp	1261	Creating node 'Depth1' of type Depth...
 6439464	[INFO]	XnDeviceBase.cpp	1383	Creating stream 'Depth1' of type 'Depth'...
 6439511	[INFO]	XnProperty.cpp	74	Setting Device.ReadData to 1...
 6439584	[INFO]	XnDeviceSensorIO.cpp	298	Endpoints open
 6452181	[INFO]	XnProperty.cpp	151	Property Device.ReadData was changed to 1.
 6452241	[INFO]	XnProperty.cpp	101	Device.ReadData was successfully set.
 6453032	[INFO]	XnProperty.cpp	151	Property Depth1.Resolution was changed to 0.
 6453075	[INFO]	XnProperty.cpp	151	Property Depth1.XRes was changed to 320.
 6453101	[INFO]	XnProperty.cpp	151	Property Depth1.YRes was changed to 240.
 6453126	[INFO]	XnProperty.cpp	151	Property Depth1.FPS was changed to 30.
 6453150	[INFO]	XnProperty.cpp	151	Property Depth1.OutputFormat was changed to 1.
 6453186	[INFO]	XnProperty.cpp	151	Property Depth1.BytesPerPixel was changed to 2.
 6453218	[INFO]	XnProperty.cpp	151	Property Depth1.RequiredDataSize was changed to 153600.
 6453250	[INFO]	XnProperty.cpp	151	Property Depth1.ParamCoeff was changed to 4.
 6453383	[INFO]	XnProperty.cpp	151	Property Depth1.ShiftScale was changed to 10.
 6465875	[INFO]	XnProperty.cpp	151	Property Depth1.ConstShift was changed to 200.
 6466003	[INFO]	XnProperty.cpp	151	Property Depth1.ZPD was changed to 120.
 6466230	[INFO]	XnProperty.cpp	151	Property Depth1.ZPPS was changed to 0.104200.
 6466269	[INFO]	XnProperty.cpp	151	Property Depth1.LDDIS was changed to 7.500000.
 6466449	[INFO]	XnProperty.cpp	151	Property Depth1.Gain was changed to 30.
 6466501	[INFO]	XnDeviceBase.cpp	1458	Stream 'Depth1' was initialized.
 6466534	[INFO]	XnDeviceBase.cpp	1463	'Depth1' stream was created.
 6466897	[INFO]	XnProperty.cpp	74	Setting Depth1.InputFormat to 3...
 6466948	[INFO]	XnProperty.cpp	151	Property Depth1.InputFormat was changed to 3.
 6466981	[INFO]	XnProperty.cpp	101	Depth1.InputFormat was successfully set.
 6467864	[INFO]	XnProperty.cpp	74	Setting Depth1.RegistrationType to 2...
 6467895	[INFO]	XnProperty.cpp	151	Property Depth1.RegistrationType was changed to 2.
 6467914	[INFO]	XnProperty.cpp	101	Depth1.RegistrationType was successfully set.
 6468783	[INFO]	XnDeviceModule.cpp	431	Module 'Depth1' configuration was loaded from file.
 6469080	[INFO]	XnProperty.cpp	74	Setting Depth1.FPS to 30...
 6469120	[INFO]	XnProperty.cpp	86	Depth1.FPS value did not change.
 6469152	[INFO]	XnProperty.cpp	74	Setting Depth1.YRes to 480...
 6469187	[INFO]	XnProperty.cpp	151	Property Depth1.Resolution was changed to 1.
 6469219	[INFO]	XnProperty.cpp	151	Property Depth1.XRes was changed to 640.
 6469248	[INFO]	XnProperty.cpp	151	Property Depth1.RequiredDataSize was changed to 307200.
 6469280	[INFO]	XnProperty.cpp	151	Property Depth1.YRes was changed to 480.
 6469310	[INFO]	XnProperty.cpp	151	Property Depth1.RequiredDataSize was changed to 614400.
 6469342	[INFO]	XnProperty.cpp	101	Depth1.YRes was successfully set.
 6469374	[INFO]	XnProperty.cpp	74	Setting Depth1.XRes to 640...
 6469401	[INFO]	XnProperty.cpp	86	Depth1.XRes value did not change.
 6469490	[INFO]	XnProperty.cpp	74	Setting Depth1.Mirror to 1...
 6469525	[INFO]	XnProperty.cpp	151	Property Depth1.FirmwareMirror was changed to 1.
 6469600	[INFO]	XnProperty.cpp	151	Property Depth1.Mirror was changed to 1.
 6469631	[INFO]	XnProperty.cpp	101	Depth1.Mirror was successfully set.
 9889932	[INFO]	XnOpenNI.cpp	1261	Creating node 'User1' of type User...
 9913970	[WARNING]	Linux-x86Threads.cpp	173	Failed to set thread priority: Invalid argument
 9914019	[WARNING]	XnUSBLinux-x86.cpp	126	USB events thread: Failed to set thread priority to critical. This might cause loss of data...
 9914887	[INFO]	XnUSBLinux-x86.cpp	1222	USB read thread was started.
 9914916	[INFO]	XnProperty.cpp	151	Property Depth1.ActualReadData was changed to 1.
10385122	[INFO]	XnProperty.cpp	151	Property Depth1.State was changed to 1.
10385174	[INFO]	XnDeviceBase.cpp	370	Stream Depth1 is open.
13767028	[INFO]	XnOpenNI.cpp	1261	Creating node 'Image1' of type Image...
13767083	[INFO]	XnDeviceBase.cpp	1383	Creating stream 'Image1' of type 'Image'...
13767324	[INFO]	XnProperty.cpp	151	Property Image1.Resolution was changed to 0.
13767354	[INFO]	XnProperty.cpp	151	Property Image1.XRes was changed to 320.
13767375	[INFO]	XnProperty.cpp	151	Property Image1.YRes was changed to 240.
13767394	[INFO]	XnProperty.cpp	151	Property Image1.FPS was changed to 30.
13767411	[INFO]	XnProperty.cpp	151	Property Image1.OutputFormat was changed to 5.
13767428	[INFO]	XnProperty.cpp	151	Property Image1.BytesPerPixel was changed to 3.
13767447	[INFO]	XnProperty.cpp	151	Property Image1.RequiredDataSize was changed to 230400.
13767488	[INFO]	XnDeviceBase.cpp	1458	Stream 'Image1' was initialized.
13767510	[INFO]	XnDeviceBase.cpp	1463	'Image1' stream was created.
13767651	[INFO]	XnProperty.cpp	74	Setting Image1.InputFormat to 6...
13767681	[INFO]	XnProperty.cpp	151	Property Image1.InputFormat was changed to 6.
13767702	[INFO]	XnProperty.cpp	101	Image1.InputFormat was successfully set.
13768263	[INFO]	XnDeviceModule.cpp	431	Module 'Image1' configuration was loaded from file.
13768365	[INFO]	XnProperty.cpp	74	Setting Image1.FPS to 30...
13768382	[INFO]	XnProperty.cpp	86	Image1.FPS value did not change.
13768394	[INFO]	XnProperty.cpp	74	Setting Image1.YRes to 480...
13768407	[INFO]	XnProperty.cpp	151	Property Image1.Resolution was changed to 1.
13768425	[INFO]	XnProperty.cpp	151	Property Image1.XRes was changed to 640.
13768444	[INFO]	XnProperty.cpp	151	Property Image1.RequiredDataSize was changed to 460800.
13768465	[INFO]	XnProperty.cpp	151	Property Image1.YRes was changed to 480.
13768484	[INFO]	XnProperty.cpp	151	Property Image1.RequiredDataSize was changed to 921600.
13768504	[INFO]	XnProperty.cpp	101	Image1.YRes was successfully set.
13768524	[INFO]	XnProperty.cpp	74	Setting Image1.XRes to 640...
13768540	[INFO]	XnProperty.cpp	86	Image1.XRes value did not change.
13769538	[INFO]	XnUSBLinux-x86.cpp	1222	USB read thread was started.
13769564	[INFO]	XnProperty.cpp	151	Property Image1.ActualReadData was changed to 1.
13954336	[WARNING]	XnDepthProcessor.cpp	133	Read: Depth buffer is corrupt. Size is 556960 (!= 614400)
13954387	[WARNING]	XnFrameStreamProcessor.cpp	132	Depth frame is corrupt!
16970446	[INFO]	XnProperty.cpp	151	Property Image1.State was changed to 1.
16970495	[INFO]	XnDeviceBase.cpp	370	Stream Image1 is open.
16970677	[INFO]	XnProperty.cpp	74	Setting Depth1.Registration to 1...
17022363	[WARNING]	XnDepthProcessor.cpp	133	Read: Depth buffer is corrupt. Size is 589216 (!= 614400)
17022415	[WARNING]	XnFrameStreamProcessor.cpp	132	Depth frame is corrupt!
17122981	[INFO]	XnProperty.cpp	151	Property Depth1.Registration was changed to 1.
17123026	[INFO]	XnProperty.cpp	101	Depth1.Registration was successfully set.
17123075	[INFO]	XnProperty.cpp	74	Setting Image1.Mirror to 1...
17135476	[INFO]	XnProperty.cpp	151	Property Image1.FirmwareMirror was changed to 1.
17135507	[INFO]	XnProperty.cpp	151	Property Image1.Mirror was changed to 1.
17135520	[INFO]	XnProperty.cpp	101	Image1.Mirror was successfully set.
82908498	[INFO]	XnOpenNI.cpp	1459	Destroying node 'User1'
82914864	[INFO]	XnOpenNI.cpp	1459	Destroying node 'Depth1'
82914962	[INFO]	XnDeviceBase.cpp	1507	Destroying stream 'Depth1'...
82916083	[INFO]	XnOpenNI.cpp	1459	Destroying node 'Image1'
82916288	[INFO]	XnDeviceBase.cpp	1507	Destroying stream 'Image1'...
82917217	[INFO]	XnOpenNI.cpp	1459	Destroying node 'Device1'
