  142491	[INFO]	XnLog.cpp	165	OpenNI version is 1.0.0 (Build 25)-MacOSX (Jan  7 2011 14:20:18)
  142541	[INFO]	XnLog.cpp	173	Log system initialized. Console: 1, File: 1, Severity: INFO, Masks: ALL
  142565	[INFO]	XnLog.cpp	173	Log system initialized. Console: 1, File: 1, Severity: INFO, Masks: ALL
  144371	[INFO]	XnUSBLinux-x86.cpp	98	USB is initialized.
 4167016	[INFO]	XnOpenNI.cpp	1261	Creating node 'Device1' of type Device...
 4168347	[INFO]	XnDeviceModule.cpp	431	Module 'Device' configuration was loaded from file.
 4624804	[INFO]	XnDeviceSensorIO.cpp	135	Connected to USB device
 4624859	[INFO]	XnProperty.cpp	151	Property Device.USBPath was changed to 045e/02ae@250/11.
 4632093	[INFO]	XnHostProtocol.cpp	825	Hardware versions: FW=5.1.4 (7) HW=4 Chip=2 Sensor=4 SYS=7
 6046753	[INFO]	XnProperty.cpp	151	Property Device.ID was changed to 0.
 6046817	[INFO]	XnSensor.cpp	182	Device sensor initialized
 6046937	[INFO]	XnOpenNI.cpp	1261	Creating node 'Depth1' of type Depth...
 6047009	[INFO]	XnDeviceBase.cpp	1383	Creating stream 'Depth1' of type 'Depth'...
 6047049	[INFO]	XnProperty.cpp	74	Setting Device.ReadData to 1...
 6047125	[INFO]	XnDeviceSensorIO.cpp	298	Endpoints open
 6059707	[INFO]	XnProperty.cpp	151	Property Device.ReadData was changed to 1.
 6059756	[INFO]	XnProperty.cpp	101	Device.ReadData was successfully set.
 6060537	[INFO]	XnProperty.cpp	151	Property Depth1.Resolution was changed to 0.
 6060579	[INFO]	XnProperty.cpp	151	Property Depth1.XRes was changed to 320.
 6060605	[INFO]	XnProperty.cpp	151	Property Depth1.YRes was changed to 240.
 6060633	[INFO]	XnProperty.cpp	151	Property Depth1.FPS was changed to 30.
 6060669	[INFO]	XnProperty.cpp	151	Property Depth1.OutputFormat was changed to 1.
 6060709	[INFO]	XnProperty.cpp	151	Property Depth1.BytesPerPixel was changed to 2.
 6060747	[INFO]	XnProperty.cpp	151	Property Depth1.RequiredDataSize was changed to 153600.
 6060793	[INFO]	XnProperty.cpp	151	Property Depth1.ParamCoeff was changed to 4.
 6060948	[INFO]	XnProperty.cpp	151	Property Depth1.ShiftScale was changed to 10.
 6073764	[INFO]	XnProperty.cpp	151	Property Depth1.ConstShift was changed to 200.
 6073890	[INFO]	XnProperty.cpp	151	Property Depth1.ZPD was changed to 120.
 6074113	[INFO]	XnProperty.cpp	151	Property Depth1.ZPPS was changed to 0.104200.
 6074162	[INFO]	XnProperty.cpp	151	Property Depth1.LDDIS was changed to 7.500000.
 6074395	[INFO]	XnProperty.cpp	151	Property Depth1.Gain was changed to 30.
 6074462	[INFO]	XnDeviceBase.cpp	1458	Stream 'Depth1' was initialized.
 6074504	[INFO]	XnDeviceBase.cpp	1463	'Depth1' stream was created.
 6074863	[INFO]	XnProperty.cpp	74	Setting Depth1.InputFormat to 3...
 6074917	[INFO]	XnProperty.cpp	151	Property Depth1.InputFormat was changed to 3.
 6074957	[INFO]	XnProperty.cpp	101	Depth1.InputFormat was successfully set.
 6076013	[INFO]	XnProperty.cpp	74	Setting Depth1.RegistrationType to 2...
 6076043	[INFO]	XnProperty.cpp	151	Property Depth1.RegistrationType was changed to 2.
 6076062	[INFO]	XnProperty.cpp	101	Depth1.RegistrationType was successfully set.
 6076924	[INFO]	XnDeviceModule.cpp	431	Module 'Depth1' configuration was loaded from file.
 6077182	[INFO]	XnProperty.cpp	74	Setting Depth1.FPS to 30...
 6077222	[INFO]	XnProperty.cpp	86	Depth1.FPS value did not change.
 6077255	[INFO]	XnProperty.cpp	74	Setting Depth1.YRes to 480...
 6077290	[INFO]	XnProperty.cpp	151	Property Depth1.Resolution was changed to 1.
 6077322	[INFO]	XnProperty.cpp	151	Property Depth1.XRes was changed to 640.
 6077350	[INFO]	XnProperty.cpp	151	Property Depth1.RequiredDataSize was changed to 307200.
 6077384	[INFO]	XnProperty.cpp	151	Property Depth1.YRes was changed to 480.
 6077416	[INFO]	XnProperty.cpp	151	Property Depth1.RequiredDataSize was changed to 614400.
 6077448	[INFO]	XnProperty.cpp	101	Depth1.YRes was successfully set.
 6077480	[INFO]	XnProperty.cpp	74	Setting Depth1.XRes to 640...
 6077507	[INFO]	XnProperty.cpp	86	Depth1.XRes value did not change.
 6077595	[INFO]	XnProperty.cpp	74	Setting Depth1.Mirror to 1...
 6077630	[INFO]	XnProperty.cpp	151	Property Depth1.FirmwareMirror was changed to 1.
 6077708	[INFO]	XnProperty.cpp	151	Property Depth1.Mirror was changed to 1.
 6077738	[INFO]	XnProperty.cpp	101	Depth1.Mirror was successfully set.
 9511886	[INFO]	XnOpenNI.cpp	1261	Creating node 'User1' of type User...
 9537377	[WARNING]	Linux-x86Threads.cpp	173	Failed to set thread priority: Invalid argument
 9537426	[WARNING]	XnUSBLinux-x86.cpp	126	USB events thread: Failed to set thread priority to critical. This might cause loss of data...
 9538311	[INFO]	XnUSBLinux-x86.cpp	1222	USB read thread was started.
 9538334	[INFO]	XnProperty.cpp	151	Property Depth1.ActualReadData was changed to 1.
10008152	[INFO]	XnProperty.cpp	151	Property Depth1.State was changed to 1.
10008204	[INFO]	XnDeviceBase.cpp	370	Stream Depth1 is open.
13390642	[INFO]	XnOpenNI.cpp	1261	Creating node 'Image1' of type Image...
13390697	[INFO]	XnDeviceBase.cpp	1383	Creating stream 'Image1' of type 'Image'...
13390916	[INFO]	XnProperty.cpp	151	Property Image1.Resolution was changed to 0.
13390935	[INFO]	XnProperty.cpp	151	Property Image1.XRes was changed to 320.
13390949	[INFO]	XnProperty.cpp	151	Property Image1.YRes was changed to 240.
13390967	[INFO]	XnProperty.cpp	151	Property Image1.FPS was changed to 30.
13390985	[INFO]	XnProperty.cpp	151	Property Image1.OutputFormat was changed to 5.
13391007	[INFO]	XnProperty.cpp	151	Property Image1.BytesPerPixel was changed to 3.
13391026	[INFO]	XnProperty.cpp	151	Property Image1.RequiredDataSize was changed to 230400.
13391069	[INFO]	XnDeviceBase.cpp	1458	Stream 'Image1' was initialized.
13391084	[INFO]	XnDeviceBase.cpp	1463	'Image1' stream was created.
13391189	[INFO]	XnProperty.cpp	74	Setting Image1.InputFormat to 6...
13391214	[INFO]	XnProperty.cpp	151	Property Image1.InputFormat was changed to 6.
13391232	[INFO]	XnProperty.cpp	101	Image1.InputFormat was successfully set.
13391696	[INFO]	XnDeviceModule.cpp	431	Module 'Image1' configuration was loaded from file.
13391795	[INFO]	XnProperty.cpp	74	Setting Image1.FPS to 30...
13391817	[INFO]	XnProperty.cpp	86	Image1.FPS value did not change.
13391836	[INFO]	XnProperty.cpp	74	Setting Image1.YRes to 480...
13391856	[INFO]	XnProperty.cpp	151	Property Image1.Resolution was changed to 1.
13391875	[INFO]	XnProperty.cpp	151	Property Image1.XRes was changed to 640.
13391894	[INFO]	XnProperty.cpp	151	Property Image1.RequiredDataSize was changed to 460800.
13391915	[INFO]	XnProperty.cpp	151	Property Image1.YRes was changed to 480.
13391935	[INFO]	XnProperty.cpp	151	Property Image1.RequiredDataSize was changed to 921600.
13391955	[INFO]	XnProperty.cpp	101	Image1.YRes was successfully set.
13391974	[INFO]	XnProperty.cpp	74	Setting Image1.XRes to 640...
13391991	[INFO]	XnProperty.cpp	86	Image1.XRes value did not change.
13392903	[INFO]	XnUSBLinux-x86.cpp	1222	USB read thread was started.
13392930	[INFO]	XnProperty.cpp	151	Property Image1.ActualReadData was changed to 1.
13550343	[WARNING]	XnDataProcessor.cpp	69	Depth: Expected 1, got ff
13550397	[WARNING]	XnFrameStreamProcessor.cpp	132	Depth frame is corrupt!
13578354	[WARNING]	XnDepthProcessor.cpp	133	Read: Depth buffer is corrupt. Size is 53392 (!= 614400)
16593375	[INFO]	XnProperty.cpp	151	Property Image1.State was changed to 1.
16593421	[INFO]	XnDeviceBase.cpp	370	Stream Image1 is open.
16593619	[INFO]	XnProperty.cpp	74	Setting Depth1.Registration to 1...
16614424	[WARNING]	XnDepthProcessor.cpp	133	Read: Depth buffer is corrupt. Size is 591440 (!= 614400)
16614470	[WARNING]	XnFrameStreamProcessor.cpp	132	Depth frame is corrupt!
16745498	[INFO]	XnProperty.cpp	151	Property Depth1.Registration was changed to 1.
16745544	[INFO]	XnProperty.cpp	101	Depth1.Registration was successfully set.
16745596	[INFO]	XnProperty.cpp	74	Setting Image1.Mirror to 1...
16757879	[INFO]	XnProperty.cpp	151	Property Image1.FirmwareMirror was changed to 1.
16757905	[INFO]	XnProperty.cpp	151	Property Image1.Mirror was changed to 1.
16757919	[INFO]	XnProperty.cpp	101	Image1.Mirror was successfully set.
36778571	[INFO]	XnOpenNI.cpp	1459	Destroying node 'User1'
36785004	[INFO]	XnOpenNI.cpp	1459	Destroying node 'Depth1'
36785097	[INFO]	XnDeviceBase.cpp	1507	Destroying stream 'Depth1'...
36786268	[INFO]	XnOpenNI.cpp	1459	Destroying node 'Image1'
36786304	[INFO]	XnDeviceBase.cpp	1507	Destroying stream 'Image1'...
36787251	[INFO]	XnOpenNI.cpp	1459	Destroying node 'Device1'
