   28450	[INFO]	XnLog.cpp	165	OpenNI version is 1.0.0 (Build 25)-MacOSX (Jan  7 2011 14:20:18)
   28515	[INFO]	XnLog.cpp	173	Log system initialized. Console: 1, File: 1, Severity: INFO, Masks: ALL
   28548	[INFO]	XnLog.cpp	173	Log system initialized. Console: 1, File: 1, Severity: INFO, Masks: ALL
   30551	[INFO]	XnUSBLinux-x86.cpp	98	USB is initialized.
 4065549	[INFO]	XnOpenNI.cpp	1261	Creating node 'Device1' of type Device...
 4066557	[INFO]	XnDeviceModule.cpp	431	Module 'Device' configuration was loaded from file.
 4522202	[INFO]	XnDeviceSensorIO.cpp	135	Connected to USB device
 4522258	[INFO]	XnProperty.cpp	151	Property Device.USBPath was changed to 045e/02ae@250/11.
 4529435	[INFO]	XnHostProtocol.cpp	825	Hardware versions: FW=5.1.4 (7) HW=4 Chip=2 Sensor=4 SYS=7
 5942327	[INFO]	XnProperty.cpp	151	Property Device.ID was changed to 0.
 5942394	[INFO]	XnSensor.cpp	182	Device sensor initialized
 5942498	[INFO]	XnOpenNI.cpp	1261	Creating node 'Depth1' of type Depth...
 5942567	[INFO]	XnDeviceBase.cpp	1383	Creating stream 'Depth1' of type 'Depth'...
 5942605	[INFO]	XnProperty.cpp	74	Setting Device.ReadData to 1...
 5942665	[INFO]	XnDeviceSensorIO.cpp	298	Endpoints open
 5955110	[INFO]	XnProperty.cpp	151	Property Device.ReadData was changed to 1.
 5955143	[INFO]	XnProperty.cpp	101	Device.ReadData was successfully set.
 5955829	[INFO]	XnProperty.cpp	151	Property Depth1.Resolution was changed to 0.
 5955863	[INFO]	XnProperty.cpp	151	Property Depth1.XRes was changed to 320.
 5955884	[INFO]	XnProperty.cpp	151	Property Depth1.YRes was changed to 240.
 5955904	[INFO]	XnProperty.cpp	151	Property Depth1.FPS was changed to 30.
 5955923	[INFO]	XnProperty.cpp	151	Property Depth1.OutputFormat was changed to 1.
 5955952	[INFO]	XnProperty.cpp	151	Property Depth1.BytesPerPixel was changed to 2.
 5955978	[INFO]	XnProperty.cpp	151	Property Depth1.RequiredDataSize was changed to 153600.
 5956002	[INFO]	XnProperty.cpp	151	Property Depth1.ParamCoeff was changed to 4.
 5956106	[INFO]	XnProperty.cpp	151	Property Depth1.ShiftScale was changed to 10.
 5968851	[INFO]	XnProperty.cpp	151	Property Depth1.ConstShift was changed to 200.
 5968972	[INFO]	XnProperty.cpp	151	Property Depth1.ZPD was changed to 120.
 5969149	[INFO]	XnProperty.cpp	151	Property Depth1.ZPPS was changed to 0.104200.
 5969182	[INFO]	XnProperty.cpp	151	Property Depth1.LDDIS was changed to 7.500000.
 5969329	[INFO]	XnProperty.cpp	151	Property Depth1.Gain was changed to 30.
 5969376	[INFO]	XnDeviceBase.cpp	1458	Stream 'Depth1' was initialized.
 5969401	[INFO]	XnDeviceBase.cpp	1463	'Depth1' stream was created.
 5969646	[INFO]	XnProperty.cpp	74	Setting Depth1.InputFormat to 3...
 5969678	[INFO]	XnProperty.cpp	151	Property Depth1.InputFormat was changed to 3.
 5969697	[INFO]	XnProperty.cpp	101	Depth1.InputFormat was successfully set.
 5970455	[INFO]	XnProperty.cpp	74	Setting Depth1.RegistrationType to 2...
 5970490	[INFO]	XnProperty.cpp	151	Property Depth1.RegistrationType was changed to 2.
 5970517	[INFO]	XnProperty.cpp	101	Depth1.RegistrationType was successfully set.
 5971437	[INFO]	XnDeviceModule.cpp	431	Module 'Depth1' configuration was loaded from file.
 5971653	[INFO]	XnProperty.cpp	74	Setting Depth1.FPS to 30...
 5971681	[INFO]	XnProperty.cpp	86	Depth1.FPS value did not change.
 5971705	[INFO]	XnProperty.cpp	74	Setting Depth1.YRes to 480...
 5971731	[INFO]	XnProperty.cpp	151	Property Depth1.Resolution was changed to 1.
 5971755	[INFO]	XnProperty.cpp	151	Property Depth1.XRes was changed to 640.
 5971774	[INFO]	XnProperty.cpp	151	Property Depth1.RequiredDataSize was changed to 307200.
 5971792	[INFO]	XnProperty.cpp	151	Property Depth1.YRes was changed to 480.
 5971807	[INFO]	XnProperty.cpp	151	Property Depth1.RequiredDataSize was changed to 614400.
 5971823	[INFO]	XnProperty.cpp	101	Depth1.YRes was successfully set.
 5971844	[INFO]	XnProperty.cpp	74	Setting Depth1.XRes to 640...
 5971865	[INFO]	XnProperty.cpp	86	Depth1.XRes value did not change.
 5971935	[INFO]	XnProperty.cpp	74	Setting Depth1.Mirror to 1...
 5971958	[INFO]	XnProperty.cpp	151	Property Depth1.FirmwareMirror was changed to 1.
 5972015	[INFO]	XnProperty.cpp	151	Property Depth1.Mirror was changed to 1.
 5972039	[INFO]	XnProperty.cpp	101	Depth1.Mirror was successfully set.
 9395584	[INFO]	XnOpenNI.cpp	1261	Creating node 'User1' of type User...
 9421302	[WARNING]	Linux-x86Threads.cpp	173	Failed to set thread priority: Invalid argument
 9421350	[WARNING]	XnUSBLinux-x86.cpp	126	USB events thread: Failed to set thread priority to critical. This might cause loss of data...
 9422199	[INFO]	XnUSBLinux-x86.cpp	1222	USB read thread was started.
 9422224	[INFO]	XnProperty.cpp	151	Property Depth1.ActualReadData was changed to 1.
 9894191	[INFO]	XnProperty.cpp	151	Property Depth1.State was changed to 1.
 9894237	[INFO]	XnDeviceBase.cpp	370	Stream Depth1 is open.
13291550	[INFO]	XnOpenNI.cpp	1261	Creating node 'Image1' of type Image...
13291603	[INFO]	XnDeviceBase.cpp	1383	Creating stream 'Image1' of type 'Image'...
13291819	[INFO]	XnProperty.cpp	151	Property Image1.Resolution was changed to 0.
13291838	[INFO]	XnProperty.cpp	151	Property Image1.XRes was changed to 320.
13291851	[INFO]	XnProperty.cpp	151	Property Image1.YRes was changed to 240.
13291863	[INFO]	XnProperty.cpp	151	Property Image1.FPS was changed to 30.
13291874	[INFO]	XnProperty.cpp	151	Property Image1.OutputFormat was changed to 5.
13291885	[INFO]	XnProperty.cpp	151	Property Image1.BytesPerPixel was changed to 3.
13291896	[INFO]	XnProperty.cpp	151	Property Image1.RequiredDataSize was changed to 230400.
13291923	[INFO]	XnDeviceBase.cpp	1458	Stream 'Image1' was initialized.
13291936	[INFO]	XnDeviceBase.cpp	1463	'Image1' stream was created.
13292039	[INFO]	XnProperty.cpp	74	Setting Image1.InputFormat to 6...
13292058	[INFO]	XnProperty.cpp	151	Property Image1.InputFormat was changed to 6.
13292070	[INFO]	XnProperty.cpp	101	Image1.InputFormat was successfully set.
13292474	[INFO]	XnDeviceModule.cpp	431	Module 'Image1' configuration was loaded from file.
13292553	[INFO]	XnProperty.cpp	74	Setting Image1.FPS to 30...
13292568	[INFO]	XnProperty.cpp	86	Image1.FPS value did not change.
13292579	[INFO]	XnProperty.cpp	74	Setting Image1.YRes to 480...
13292591	[INFO]	XnProperty.cpp	151	Property Image1.Resolution was changed to 1.
13292602	[INFO]	XnProperty.cpp	151	Property Image1.XRes was changed to 640.
13292613	[INFO]	XnProperty.cpp	151	Property Image1.RequiredDataSize was changed to 460800.
13367635	[INFO]	XnProperty.cpp	151	Property Image1.YRes was changed to 480.
13367668	[INFO]	XnProperty.cpp	151	Property Image1.RequiredDataSize was changed to 921600.
13367684	[INFO]	XnProperty.cpp	101	Image1.YRes was successfully set.
13367699	[INFO]	XnProperty.cpp	74	Setting Image1.XRes to 640...
13367710	[INFO]	XnProperty.cpp	86	Image1.XRes value did not change.
13368666	[INFO]	XnUSBLinux-x86.cpp	1222	USB read thread was started.
13368696	[INFO]	XnProperty.cpp	151	Property Image1.ActualReadData was changed to 1.
13561899	[WARNING]	XnDepthProcessor.cpp	133	Read: Depth buffer is corrupt. Size is 570400 (!= 614400)
13561949	[WARNING]	XnFrameStreamProcessor.cpp	132	Depth frame is corrupt!
16465927	[WARNING]	XnDepthProcessor.cpp	133	Read: Depth buffer is corrupt. Size is 572592 (!= 614400)
16465975	[WARNING]	XnFrameStreamProcessor.cpp	132	Depth frame is corrupt!
16568987	[INFO]	XnProperty.cpp	151	Property Image1.State was changed to 1.
16569033	[INFO]	XnDeviceBase.cpp	370	Stream Image1 is open.
16569229	[INFO]	XnProperty.cpp	74	Setting Depth1.Registration to 1...
16597906	[WARNING]	XnDepthProcessor.cpp	133	Read: Depth buffer is corrupt. Size is 581152 (!= 614400)
16597956	[WARNING]	XnFrameStreamProcessor.cpp	132	Depth frame is corrupt!
16721740	[INFO]	XnProperty.cpp	151	Property Depth1.Registration was changed to 1.
16721791	[INFO]	XnProperty.cpp	101	Depth1.Registration was successfully set.
16721851	[INFO]	XnProperty.cpp	74	Setting Image1.Mirror to 1...
16734388	[INFO]	XnProperty.cpp	151	Property Image1.FirmwareMirror was changed to 1.
16734460	[INFO]	XnProperty.cpp	151	Property Image1.Mirror was changed to 1.
16734482	[INFO]	XnProperty.cpp	101	Image1.Mirror was successfully set.
