   18845	[INFO]	XnLog.cpp	165	OpenNI version is 1.0.0 (Build 25)-MacOSX (Jan  7 2011 14:20:18)
   18902	[INFO]	XnLog.cpp	173	Log system initialized. Console: 1, File: 1, Severity: INFO, Masks: ALL
   18936	[INFO]	XnLog.cpp	173	Log system initialized. Console: 1, File: 1, Severity: INFO, Masks: ALL
   20513	[INFO]	XnUSBLinux-x86.cpp	98	USB is initialized.
 4437954	[INFO]	XnOpenNI.cpp	1261	Creating node 'Device1' of type Device...
 4438790	[INFO]	XnDeviceModule.cpp	431	Module 'Device' configuration was loaded from file.
 5053467	[INFO]	XnDeviceSensorIO.cpp	135	Connected to USB device
 5053524	[INFO]	XnProperty.cpp	151	Property Device.USBPath was changed to 045e/02ae@250/11.
 5061402	[INFO]	XnHostProtocol.cpp	825	Hardware versions: FW=5.1.4 (7) HW=4 Chip=2 Sensor=4 SYS=7
 6469370	[INFO]	XnProperty.cpp	151	Property Device.ID was changed to 0.
 6469471	[INFO]	XnSensor.cpp	182	Device sensor initialized
 6469581	[INFO]	XnOpenNI.cpp	1261	Creating node 'Depth1' of type Depth...
 6469630	[INFO]	XnDeviceBase.cpp	1383	Creating stream 'Depth1' of type 'Depth'...
 6469656	[INFO]	XnProperty.cpp	74	Setting Device.ReadData to 1...
 6469691	[INFO]	XnDeviceSensorIO.cpp	298	Endpoints open
 6482138	[INFO]	XnProperty.cpp	151	Property Device.ReadData was changed to 1.
 6482161	[INFO]	XnProperty.cpp	101	Device.ReadData was successfully set.
 6482450	[INFO]	XnProperty.cpp	151	Property Depth1.Resolution was changed to 0.
 6482469	[INFO]	XnProperty.cpp	151	Property Depth1.XRes was changed to 320.
 6482481	[INFO]	XnProperty.cpp	151	Property Depth1.YRes was changed to 240.
 6482493	[INFO]	XnProperty.cpp	151	Property Depth1.FPS was changed to 30.
 6482504	[INFO]	XnProperty.cpp	151	Property Depth1.OutputFormat was changed to 1.
 6482516	[INFO]	XnProperty.cpp	151	Property Depth1.BytesPerPixel was changed to 2.
 6482527	[INFO]	XnProperty.cpp	151	Property Depth1.RequiredDataSize was changed to 153600.
 6482543	[INFO]	XnProperty.cpp	151	Property Depth1.ParamCoeff was changed to 4.
 6482606	[INFO]	XnProperty.cpp	151	Property Depth1.ShiftScale was changed to 10.
 6494949	[INFO]	XnProperty.cpp	151	Property Depth1.ConstShift was changed to 200.
 6495022	[INFO]	XnProperty.cpp	151	Property Depth1.ZPD was changed to 120.
 6495110	[INFO]	XnProperty.cpp	151	Property Depth1.ZPPS was changed to 0.104200.
13024515	[INFO]	XnProperty.cpp	151	Property Depth1.LDDIS was changed to 7.500000.
13024687	[INFO]	XnProperty.cpp	151	Property Depth1.Gain was changed to 30.
13024733	[INFO]	XnDeviceBase.cpp	1458	Stream 'Depth1' was initialized.
13024756	[INFO]	XnDeviceBase.cpp	1463	'Depth1' stream was created.
13024980	[INFO]	XnProperty.cpp	74	Setting Depth1.InputFormat to 3...
13025010	[INFO]	XnProperty.cpp	151	Property Depth1.InputFormat was changed to 3.
13025028	[INFO]	XnProperty.cpp	101	Depth1.InputFormat was successfully set.
13025671	[INFO]	XnProperty.cpp	74	Setting Depth1.RegistrationType to 2...
13025694	[INFO]	XnProperty.cpp	151	Property Depth1.RegistrationType was changed to 2.
13025711	[INFO]	XnProperty.cpp	101	Depth1.RegistrationType was successfully set.
13026426	[INFO]	XnDeviceModule.cpp	431	Module 'Depth1' configuration was loaded from file.
13026672	[INFO]	XnProperty.cpp	74	Setting Depth1.FPS to 30...
13026699	[INFO]	XnProperty.cpp	101	Depth1.FPS was successfully set.
13026721	[INFO]	XnProperty.cpp	74	Setting Depth1.YRes to 480...
13026744	[INFO]	XnProperty.cpp	151	Property Depth1.Resolution was changed to 1.
13026766	[INFO]	XnProperty.cpp	151	Property Depth1.XRes was changed to 640.
13026787	[INFO]	XnProperty.cpp	151	Property Depth1.RequiredDataSize was changed to 307200.
13026810	[INFO]	XnProperty.cpp	151	Property Depth1.YRes was changed to 480.
13029688	[INFO]	XnProperty.cpp	151	Property Depth1.RequiredDataSize was changed to 614400.
13029728	[INFO]	XnProperty.cpp	101	Depth1.YRes was successfully set.
13029751	[INFO]	XnProperty.cpp	74	Setting Depth1.XRes to 640...
13029769	[INFO]	XnProperty.cpp	101	Depth1.XRes was successfully set.
13029847	[INFO]	XnProperty.cpp	74	Setting Depth1.Mirror to 1...
13029872	[INFO]	XnProperty.cpp	151	Property Depth1.FirmwareMirror was changed to 1.
13029940	[INFO]	XnProperty.cpp	151	Property Depth1.Mirror was changed to 1.
13029960	[INFO]	XnProperty.cpp	101	Depth1.Mirror was successfully set.
16431203	[INFO]	XnOpenNI.cpp	1261	Creating node 'User1' of type User...
16456693	[WARNING]	Linux-x86Threads.cpp	173	Failed to set thread priority: Invalid argument
16456741	[WARNING]	XnUSBLinux-x86.cpp	126	USB events thread: Failed to set thread priority to critical. This might cause loss of data...
16457655	[INFO]	XnUSBLinux-x86.cpp	1222	USB read thread was started.
16457685	[INFO]	XnProperty.cpp	151	Property Depth1.ActualReadData was changed to 1.
16929367	[INFO]	XnProperty.cpp	151	Property Depth1.State was changed to 1.
16929415	[INFO]	XnDeviceBase.cpp	370	Stream Depth1 is open.
20333574	[INFO]	XnOpenNI.cpp	1261	Creating node 'Image1' of type Image...
20333629	[INFO]	XnDeviceBase.cpp	1383	Creating stream 'Image1' of type 'Image'...
20333821	[INFO]	XnProperty.cpp	151	Property Image1.Resolution was changed to 0.
20333847	[INFO]	XnProperty.cpp	151	Property Image1.XRes was changed to 320.
20333865	[INFO]	XnProperty.cpp	151	Property Image1.YRes was changed to 240.
20333878	[INFO]	XnProperty.cpp	151	Property Image1.FPS was changed to 30.
20333890	[INFO]	XnProperty.cpp	151	Property Image1.OutputFormat was changed to 5.
20333901	[INFO]	XnProperty.cpp	151	Property Image1.BytesPerPixel was changed to 3.
20333912	[INFO]	XnProperty.cpp	151	Property Image1.RequiredDataSize was changed to 230400.
20333941	[INFO]	XnDeviceBase.cpp	1458	Stream 'Image1' was initialized.
20333955	[INFO]	XnDeviceBase.cpp	1463	'Image1' stream was created.
20334060	[INFO]	XnProperty.cpp	74	Setting Image1.InputFormat to 6...
20334080	[INFO]	XnProperty.cpp	151	Property Image1.InputFormat was changed to 6.
20334092	[INFO]	XnProperty.cpp	101	Image1.InputFormat was successfully set.
20334507	[INFO]	XnDeviceModule.cpp	431	Module 'Image1' configuration was loaded from file.
20334587	[INFO]	XnProperty.cpp	74	Setting Image1.FPS to 30...
20334602	[INFO]	XnProperty.cpp	86	Image1.FPS value did not change.
20334614	[INFO]	XnProperty.cpp	74	Setting Image1.YRes to 480...
20334626	[INFO]	XnProperty.cpp	151	Property Image1.Resolution was changed to 1.
20334637	[INFO]	XnProperty.cpp	151	Property Image1.XRes was changed to 640.
20334656	[INFO]	XnProperty.cpp	151	Property Image1.RequiredDataSize was changed to 460800.
21182138	[INFO]	XnProperty.cpp	151	Property Image1.YRes was changed to 480.
21182173	[INFO]	XnProperty.cpp	151	Property Image1.RequiredDataSize was changed to 921600.
21182189	[INFO]	XnProperty.cpp	101	Image1.YRes was successfully set.
21182206	[INFO]	XnProperty.cpp	74	Setting Image1.XRes to 640...
21182216	[INFO]	XnProperty.cpp	86	Image1.XRes value did not change.
21183281	[INFO]	XnUSBLinux-x86.cpp	1222	USB read thread was started.
21183314	[INFO]	XnProperty.cpp	151	Property Image1.ActualReadData was changed to 1.
21365424	[WARNING]	XnDepthProcessor.cpp	133	Read: Depth buffer is corrupt. Size is 536096 (!= 614400)
21365472	[WARNING]	XnFrameStreamProcessor.cpp	132	Depth frame is corrupt!
24384022	[INFO]	XnProperty.cpp	151	Property Image1.State was changed to 1.
24384077	[INFO]	XnDeviceBase.cpp	370	Stream Image1 is open.
24384319	[INFO]	XnProperty.cpp	74	Setting Depth1.Registration to 1...
24535943	[INFO]	XnProperty.cpp	151	Property Depth1.Registration was changed to 1.
24535984	[INFO]	XnProperty.cpp	101	Depth1.Registration was successfully set.
24536028	[INFO]	XnProperty.cpp	74	Setting Image1.Mirror to 1...
24548459	[INFO]	XnProperty.cpp	151	Property Image1.FirmwareMirror was changed to 1.
24548499	[INFO]	XnProperty.cpp	151	Property Image1.Mirror was changed to 1.
24548511	[INFO]	XnProperty.cpp	101	Image1.Mirror was successfully set.
62621449	[INFO]	XnOpenNI.cpp	1459	Destroying node 'User1'
62628732	[INFO]	XnOpenNI.cpp	1459	Destroying node 'Depth1'
62628856	[INFO]	XnDeviceBase.cpp	1507	Destroying stream 'Depth1'...
62630494	[INFO]	XnOpenNI.cpp	1459	Destroying node 'Image1'
62630554	[INFO]	XnDeviceBase.cpp	1507	Destroying stream 'Image1'...
62631692	[INFO]	XnOpenNI.cpp	1459	Destroying node 'Device1'
