    2529	[INFO]	XnLog.cpp	165	OpenNI version is 1.0.0 (Build 25)-MacOSX (Jan  7 2011 14:20:18)
    2587	[INFO]	XnLog.cpp	173	Log system initialized. Console: 1, File: 1, Severity: INFO, Masks: ALL
    2624	[INFO]	XnLog.cpp	173	Log system initialized. Console: 1, File: 1, Severity: INFO, Masks: ALL
   35298	[INFO]	XnUSBLinux-x86.cpp	98	USB is initialized.
 4059536	[INFO]	XnOpenNI.cpp	1261	Creating node 'Device1' of type Device...
 4060832	[INFO]	XnDeviceModule.cpp	431	Module 'Device' configuration was loaded from file.
 4517656	[INFO]	XnDeviceSensorIO.cpp	135	Connected to USB device
 4517711	[INFO]	XnProperty.cpp	151	Property Device.USBPath was changed to 045e/02ae@250/11.
 4525233	[INFO]	XnHostProtocol.cpp	825	Hardware versions: FW=5.1.4 (7) HW=4 Chip=2 Sensor=4 SYS=7
 5938184	[INFO]	XnProperty.cpp	151	Property Device.ID was changed to 0.
 5938279	[INFO]	XnSensor.cpp	182	Device sensor initialized
 5938474	[INFO]	XnOpenNI.cpp	1261	Creating node 'Depth1' of type Depth...
 5938561	[INFO]	XnDeviceBase.cpp	1383	Creating stream 'Depth1' of type 'Depth'...
 5938606	[INFO]	XnProperty.cpp	74	Setting Device.ReadData to 1...
 5938680	[INFO]	XnDeviceSensorIO.cpp	298	Endpoints open
 5950899	[INFO]	XnProperty.cpp	151	Property Device.ReadData was changed to 1.
 5950946	[INFO]	XnProperty.cpp	101	Device.ReadData was successfully set.
 5951698	[INFO]	XnProperty.cpp	151	Property Depth1.Resolution was changed to 0.
 5951743	[INFO]	XnProperty.cpp	151	Property Depth1.XRes was changed to 320.
 5951784	[INFO]	XnProperty.cpp	151	Property Depth1.YRes was changed to 240.
 5951824	[INFO]	XnProperty.cpp	151	Property Depth1.FPS was changed to 30.
 5951862	[INFO]	XnProperty.cpp	151	Property Depth1.OutputFormat was changed to 1.
 5951900	[INFO]	XnProperty.cpp	151	Property Depth1.BytesPerPixel was changed to 2.
 5951937	[INFO]	XnProperty.cpp	151	Property Depth1.RequiredDataSize was changed to 153600.
 5951985	[INFO]	XnProperty.cpp	151	Property Depth1.ParamCoeff was changed to 4.
 5952145	[INFO]	XnProperty.cpp	151	Property Depth1.ShiftScale was changed to 10.
 5964672	[INFO]	XnProperty.cpp	151	Property Depth1.ConstShift was changed to 200.
 5964827	[INFO]	XnProperty.cpp	151	Property Depth1.ZPD was changed to 120.
 5965100	[INFO]	XnProperty.cpp	151	Property Depth1.ZPPS was changed to 0.104200.
 5965148	[INFO]	XnProperty.cpp	151	Property Depth1.LDDIS was changed to 7.500000.
 5965380	[INFO]	XnProperty.cpp	151	Property Depth1.Gain was changed to 30.
 5965461	[INFO]	XnDeviceBase.cpp	1458	Stream 'Depth1' was initialized.
 5965504	[INFO]	XnDeviceBase.cpp	1463	'Depth1' stream was created.
 5965872	[INFO]	XnProperty.cpp	74	Setting Depth1.InputFormat to 3...
 5965938	[INFO]	XnProperty.cpp	151	Property Depth1.InputFormat was changed to 3.
 5965978	[INFO]	XnProperty.cpp	101	Depth1.InputFormat was successfully set.
 5967100	[INFO]	XnProperty.cpp	74	Setting Depth1.RegistrationType to 2...
 5967137	[INFO]	XnProperty.cpp	151	Property Depth1.RegistrationType was changed to 2.
 5967161	[INFO]	XnProperty.cpp	101	Depth1.RegistrationType was successfully set.
 5968076	[INFO]	XnDeviceModule.cpp	431	Module 'Depth1' configuration was loaded from file.
 5968361	[INFO]	XnProperty.cpp	74	Setting Depth1.FPS to 30...
 5968396	[INFO]	XnProperty.cpp	86	Depth1.FPS value did not change.
 5968427	[INFO]	XnProperty.cpp	74	Setting Depth1.YRes to 480...
 5968462	[INFO]	XnProperty.cpp	151	Property Depth1.Resolution was changed to 1.
 5968496	[INFO]	XnProperty.cpp	151	Property Depth1.XRes was changed to 640.
 5968527	[INFO]	XnProperty.cpp	151	Property Depth1.RequiredDataSize was changed to 307200.
 5968559	[INFO]	XnProperty.cpp	151	Property Depth1.YRes was changed to 480.
 5968588	[INFO]	XnProperty.cpp	151	Property Depth1.RequiredDataSize was changed to 614400.
 5968621	[INFO]	XnProperty.cpp	101	Depth1.YRes was successfully set.
 5968654	[INFO]	XnProperty.cpp	74	Setting Depth1.XRes to 640...
 5968682	[INFO]	XnProperty.cpp	86	Depth1.XRes value did not change.
 5968773	[INFO]	XnProperty.cpp	74	Setting Depth1.Mirror to 1...
 5968808	[INFO]	XnProperty.cpp	151	Property Depth1.FirmwareMirror was changed to 1.
 5968885	[INFO]	XnProperty.cpp	151	Property Depth1.Mirror was changed to 1.
 5968915	[INFO]	XnProperty.cpp	101	Depth1.Mirror was successfully set.
 9395619	[INFO]	XnOpenNI.cpp	1261	Creating node 'User1' of type User...
 9421632	[WARNING]	Linux-x86Threads.cpp	173	Failed to set thread priority: Invalid argument
 9421680	[WARNING]	XnUSBLinux-x86.cpp	126	USB events thread: Failed to set thread priority to critical. This might cause loss of data...
 9422630	[INFO]	XnUSBLinux-x86.cpp	1222	USB read thread was started.
 9422654	[INFO]	XnProperty.cpp	151	Property Depth1.ActualReadData was changed to 1.
 9893053	[INFO]	XnProperty.cpp	151	Property Depth1.State was changed to 1.
 9893098	[INFO]	XnDeviceBase.cpp	370	Stream Depth1 is open.
13274024	[INFO]	XnOpenNI.cpp	1261	Creating node 'Image1' of type Image...
13274077	[INFO]	XnDeviceBase.cpp	1383	Creating stream 'Image1' of type 'Image'...
13274283	[INFO]	XnProperty.cpp	151	Property Image1.Resolution was changed to 0.
13274303	[INFO]	XnProperty.cpp	151	Property Image1.XRes was changed to 320.
13274320	[INFO]	XnProperty.cpp	151	Property Image1.YRes was changed to 240.
13274346	[INFO]	XnProperty.cpp	151	Property Image1.FPS was changed to 30.
13274366	[INFO]	XnProperty.cpp	151	Property Image1.OutputFormat was changed to 5.
13274386	[INFO]	XnProperty.cpp	151	Property Image1.BytesPerPixel was changed to 3.
13274404	[INFO]	XnProperty.cpp	151	Property Image1.RequiredDataSize was changed to 230400.
13274446	[INFO]	XnDeviceBase.cpp	1458	Stream 'Image1' was initialized.
13274472	[INFO]	XnDeviceBase.cpp	1463	'Image1' stream was created.
13274620	[INFO]	XnProperty.cpp	74	Setting Image1.InputFormat to 6...
13274651	[INFO]	XnProperty.cpp	151	Property Image1.InputFormat was changed to 6.
13274672	[INFO]	XnProperty.cpp	101	Image1.InputFormat was successfully set.
13275247	[INFO]	XnDeviceModule.cpp	431	Module 'Image1' configuration was loaded from file.
13275362	[INFO]	XnProperty.cpp	74	Setting Image1.FPS to 30...
13275379	[INFO]	XnProperty.cpp	86	Image1.FPS value did not change.
13275396	[INFO]	XnProperty.cpp	74	Setting Image1.YRes to 480...
13275412	[INFO]	XnProperty.cpp	151	Property Image1.Resolution was changed to 1.
13275427	[INFO]	XnProperty.cpp	151	Property Image1.XRes was changed to 640.
13275445	[INFO]	XnProperty.cpp	151	Property Image1.RequiredDataSize was changed to 460800.
13275464	[INFO]	XnProperty.cpp	151	Property Image1.YRes was changed to 480.
13275480	[INFO]	XnProperty.cpp	151	Property Image1.RequiredDataSize was changed to 921600.
13275494	[INFO]	XnProperty.cpp	101	Image1.YRes was successfully set.
13275506	[INFO]	XnProperty.cpp	74	Setting Image1.XRes to 640...
13275516	[INFO]	XnProperty.cpp	86	Image1.XRes value did not change.
13276527	[INFO]	XnUSBLinux-x86.cpp	1222	USB read thread was started.
13276555	[INFO]	XnProperty.cpp	151	Property Image1.ActualReadData was changed to 1.
13458547	[WARNING]	XnDepthProcessor.cpp	133	Read: Depth buffer is corrupt. Size is 531296 (!= 614400)
13458597	[WARNING]	XnFrameStreamProcessor.cpp	132	Depth frame is corrupt!
16476989	[INFO]	XnProperty.cpp	151	Property Image1.State was changed to 1.
16477034	[INFO]	XnDeviceBase.cpp	370	Stream Image1 is open.
16477233	[INFO]	XnProperty.cpp	74	Setting Depth1.Registration to 1...
16484522	[WARNING]	XnFirmwareStreams.cpp	324	Unknown packet type (0x3c53)!!!
16488523	[WARNING]	XnFirmwareStreams.cpp	324	Unknown packet type (0x3c53)!!!
16498522	[WARNING]	XnDepthProcessor.cpp	133	Read: Depth buffer is corrupt. Size is 591472 (!= 614400)
16498545	[WARNING]	XnFrameStreamProcessor.cpp	132	Depth frame is corrupt!
16629117	[INFO]	XnProperty.cpp	151	Property Depth1.Registration was changed to 1.
16629162	[INFO]	XnProperty.cpp	101	Depth1.Registration was successfully set.
16629213	[INFO]	XnProperty.cpp	74	Setting Image1.Mirror to 1...
16641496	[INFO]	XnProperty.cpp	151	Property Image1.FirmwareMirror was changed to 1.
16641520	[INFO]	XnProperty.cpp	151	Property Image1.Mirror was changed to 1.
16641532	[INFO]	XnProperty.cpp	101	Image1.Mirror was successfully set.
61937066	[INFO]	XnOpenNI.cpp	1459	Destroying node 'User1'
61945025	[INFO]	XnOpenNI.cpp	1459	Destroying node 'Depth1'
61945137	[INFO]	XnDeviceBase.cpp	1507	Destroying stream 'Depth1'...
61946306	[INFO]	XnOpenNI.cpp	1459	Destroying node 'Image1'
61946345	[INFO]	XnDeviceBase.cpp	1507	Destroying stream 'Image1'...
61947263	[INFO]	XnOpenNI.cpp	1459	Destroying node 'Device1'
