    1636	[INFO]	XnLog.cpp	165	OpenNI version is 1.0.0 (Build 25)-MacOSX (Jan  7 2011 14:20:18)
    1681	[INFO]	XnLog.cpp	173	Log system initialized. Console: 1, File: 1, Severity: INFO, Masks: ALL
    1711	[INFO]	XnLog.cpp	173	Log system initialized. Console: 1, File: 1, Severity: INFO, Masks: ALL
    3132	[INFO]	XnUSBLinux-x86.cpp	98	USB is initialized.
 4034987	[INFO]	XnOpenNI.cpp	1261	Creating node 'Device1' of type Device...
 4036334	[INFO]	XnDeviceModule.cpp	431	Module 'Device' configuration was loaded from file.
 4490490	[INFO]	XnDeviceSensorIO.cpp	135	Connected to USB device
 4490549	[INFO]	XnProperty.cpp	151	Property Device.USBPath was changed to 045e/02ae@250/11.
 4497814	[INFO]	XnHostProtocol.cpp	825	Hardware versions: FW=5.1.4 (7) HW=4 Chip=2 Sensor=4 SYS=7
 5908974	[INFO]	XnProperty.cpp	151	Property Device.ID was changed to 0.
 5909060	[INFO]	XnSensor.cpp	182	Device sensor initialized
 5909155	[INFO]	XnOpenNI.cpp	1261	Creating node 'Depth1' of type Depth...
 5909207	[INFO]	XnDeviceBase.cpp	1383	Creating stream 'Depth1' of type 'Depth'...
 5909231	[INFO]	XnProperty.cpp	74	Setting Device.ReadData to 1...
 5909275	[INFO]	XnDeviceSensorIO.cpp	298	Endpoints open
 5921568	[INFO]	XnProperty.cpp	151	Property Device.ReadData was changed to 1.
 5921590	[INFO]	XnProperty.cpp	101	Device.ReadData was successfully set.
 5921984	[INFO]	XnProperty.cpp	151	Property Depth1.Resolution was changed to 0.
 5922006	[INFO]	XnProperty.cpp	151	Property Depth1.XRes was changed to 320.
 5922020	[INFO]	XnProperty.cpp	151	Property Depth1.YRes was changed to 240.
 5922033	[INFO]	XnProperty.cpp	151	Property Depth1.FPS was changed to 30.
 5922051	[INFO]	XnProperty.cpp	151	Property Depth1.OutputFormat was changed to 1.
 5922071	[INFO]	XnProperty.cpp	151	Property Depth1.BytesPerPixel was changed to 2.
 5922090	[INFO]	XnProperty.cpp	151	Property Depth1.RequiredDataSize was changed to 153600.
 5922113	[INFO]	XnProperty.cpp	151	Property Depth1.ParamCoeff was changed to 4.
 5922187	[INFO]	XnProperty.cpp	151	Property Depth1.ShiftScale was changed to 10.
 5934710	[INFO]	XnProperty.cpp	151	Property Depth1.ConstShift was changed to 200.
 5934798	[INFO]	XnProperty.cpp	151	Property Depth1.ZPD was changed to 120.
 5934912	[INFO]	XnProperty.cpp	151	Property Depth1.ZPPS was changed to 0.104200.
 5934933	[INFO]	XnProperty.cpp	151	Property Depth1.LDDIS was changed to 7.500000.
 5935038	[INFO]	XnProperty.cpp	151	Property Depth1.Gain was changed to 30.
 5935069	[INFO]	XnDeviceBase.cpp	1458	Stream 'Depth1' was initialized.
 5935088	[INFO]	XnDeviceBase.cpp	1463	'Depth1' stream was created.
 5935270	[INFO]	XnProperty.cpp	74	Setting Depth1.InputFormat to 3...
 5935295	[INFO]	XnProperty.cpp	151	Property Depth1.InputFormat was changed to 3.
 5935308	[INFO]	XnProperty.cpp	101	Depth1.InputFormat was successfully set.
 5935775	[INFO]	XnProperty.cpp	74	Setting Depth1.RegistrationType to 2...
 5935792	[INFO]	XnProperty.cpp	151	Property Depth1.RegistrationType was changed to 2.
 5935806	[INFO]	XnProperty.cpp	101	Depth1.RegistrationType was successfully set.
 5936326	[INFO]	XnDeviceModule.cpp	431	Module 'Depth1' configuration was loaded from file.
 5936534	[INFO]	XnProperty.cpp	74	Setting Depth1.FPS to 30...
 5936554	[INFO]	XnProperty.cpp	86	Depth1.FPS value did not change.
 5936567	[INFO]	XnProperty.cpp	74	Setting Depth1.YRes to 480...
 5936588	[INFO]	XnProperty.cpp	151	Property Depth1.Resolution was changed to 1.
 5936605	[INFO]	XnProperty.cpp	151	Property Depth1.XRes was changed to 640.
 5936622	[INFO]	XnProperty.cpp	151	Property Depth1.RequiredDataSize was changed to 307200.
 5936639	[INFO]	XnProperty.cpp	151	Property Depth1.YRes was changed to 480.
 5936653	[INFO]	XnProperty.cpp	151	Property Depth1.RequiredDataSize was changed to 614400.
 5936670	[INFO]	XnProperty.cpp	101	Depth1.YRes was successfully set.
 5936686	[INFO]	XnProperty.cpp	74	Setting Depth1.XRes to 640...
 5936701	[INFO]	XnProperty.cpp	86	Depth1.XRes value did not change.
 5936758	[INFO]	XnProperty.cpp	74	Setting Depth1.Mirror to 1...
 5936774	[INFO]	XnProperty.cpp	151	Property Depth1.FirmwareMirror was changed to 1.
 5936835	[INFO]	XnProperty.cpp	151	Property Depth1.Mirror was changed to 1.
 5936854	[INFO]	XnProperty.cpp	101	Depth1.Mirror was successfully set.
 9337974	[INFO]	XnOpenNI.cpp	1261	Creating node 'User1' of type User...
 9362564	[WARNING]	Linux-x86Threads.cpp	173	Failed to set thread priority: Invalid argument
 9362611	[WARNING]	XnUSBLinux-x86.cpp	126	USB events thread: Failed to set thread priority to critical. This might cause loss of data...
 9363498	[INFO]	XnUSBLinux-x86.cpp	1222	USB read thread was started.
 9363522	[INFO]	XnProperty.cpp	151	Property Depth1.ActualReadData was changed to 1.
 9835186	[INFO]	XnProperty.cpp	151	Property Depth1.State was changed to 1.
 9835232	[INFO]	XnDeviceBase.cpp	370	Stream Depth1 is open.
13238718	[INFO]	XnOpenNI.cpp	1261	Creating node 'Image1' of type Image...
13238772	[INFO]	XnDeviceBase.cpp	1383	Creating stream 'Image1' of type 'Image'...
13238996	[INFO]	XnProperty.cpp	151	Property Image1.Resolution was changed to 0.
13239021	[INFO]	XnProperty.cpp	151	Property Image1.XRes was changed to 320.
13239040	[INFO]	XnProperty.cpp	151	Property Image1.YRes was changed to 240.
13239060	[INFO]	XnProperty.cpp	151	Property Image1.FPS was changed to 30.
13239078	[INFO]	XnProperty.cpp	151	Property Image1.OutputFormat was changed to 5.
13239095	[INFO]	XnProperty.cpp	151	Property Image1.BytesPerPixel was changed to 3.
13239118	[INFO]	XnProperty.cpp	151	Property Image1.RequiredDataSize was changed to 230400.
13239158	[INFO]	XnDeviceBase.cpp	1458	Stream 'Image1' was initialized.
13239178	[INFO]	XnDeviceBase.cpp	1463	'Image1' stream was created.
13239314	[INFO]	XnProperty.cpp	74	Setting Image1.InputFormat to 6...
13239346	[INFO]	XnProperty.cpp	151	Property Image1.InputFormat was changed to 6.
13239366	[INFO]	XnProperty.cpp	101	Image1.InputFormat was successfully set.
13239931	[INFO]	XnDeviceModule.cpp	431	Module 'Image1' configuration was loaded from file.
13240035	[INFO]	XnProperty.cpp	74	Setting Image1.FPS to 30...
13240052	[INFO]	XnProperty.cpp	86	Image1.FPS value did not change.
13240066	[INFO]	XnProperty.cpp	74	Setting Image1.YRes to 480...
13240084	[INFO]	XnProperty.cpp	151	Property Image1.Resolution was changed to 1.
13240099	[INFO]	XnProperty.cpp	151	Property Image1.XRes was changed to 640.
13240116	[INFO]	XnProperty.cpp	151	Property Image1.RequiredDataSize was changed to 460800.
13240134	[INFO]	XnProperty.cpp	151	Property Image1.YRes was changed to 480.
13240151	[INFO]	XnProperty.cpp	151	Property Image1.RequiredDataSize was changed to 921600.
13240166	[INFO]	XnProperty.cpp	101	Image1.YRes was successfully set.
13240179	[INFO]	XnProperty.cpp	74	Setting Image1.XRes to 640...
13240189	[INFO]	XnProperty.cpp	86	Image1.XRes value did not change.
13241138	[INFO]	XnUSBLinux-x86.cpp	1222	USB read thread was started.
13241171	[INFO]	XnProperty.cpp	151	Property Image1.ActualReadData was changed to 1.
13402752	[WARNING]	XnDepthProcessor.cpp	133	Read: Depth buffer is corrupt. Size is 591680 (!= 614400)
13402801	[WARNING]	XnFrameStreamProcessor.cpp	132	Depth frame is corrupt!
13434801	[WARNING]	XnDepthProcessor.cpp	133	Read: Depth buffer is corrupt. Size is 553424 (!= 614400)
13434845	[WARNING]	XnFrameStreamProcessor.cpp	132	Depth frame is corrupt!
16338826	[WARNING]	XnDepthProcessor.cpp	133	Read: Depth buffer is corrupt. Size is 593328 (!= 614400)
16338875	[WARNING]	XnFrameStreamProcessor.cpp	132	Depth frame is corrupt!
16442258	[INFO]	XnProperty.cpp	151	Property Image1.State was changed to 1.
16442303	[INFO]	XnDeviceBase.cpp	370	Stream Image1 is open.
16442507	[INFO]	XnProperty.cpp	74	Setting Depth1.Registration to 1...
16474745	[WARNING]	XnDepthProcessor.cpp	133	Read: Depth buffer is corrupt. Size is 587808 (!= 614400)
16474800	[WARNING]	XnFrameStreamProcessor.cpp	132	Depth frame is corrupt!
16594147	[INFO]	XnProperty.cpp	151	Property Depth1.Registration was changed to 1.
16594192	[INFO]	XnProperty.cpp	101	Depth1.Registration was successfully set.
16594240	[INFO]	XnProperty.cpp	74	Setting Image1.Mirror to 1...
16606821	[INFO]	XnProperty.cpp	151	Property Image1.FirmwareMirror was changed to 1.
16607102	[INFO]	XnProperty.cpp	151	Property Image1.Mirror was changed to 1.
16607121	[INFO]	XnProperty.cpp	101	Image1.Mirror was successfully set.
