   67284	[INFO]	XnLog.cpp	165	OpenNI version is 1.0.0 (Build 25)-MacOSX (Jan  7 2011 14:20:18)
   67338	[INFO]	XnLog.cpp	173	Log system initialized. Console: 1, File: 1, Severity: INFO, Masks: ALL
   67362	[INFO]	XnLog.cpp	173	Log system initialized. Console: 1, File: 1, Severity: INFO, Masks: ALL
   68664	[INFO]	XnUSBLinux-x86.cpp	98	USB is initialized.
 4077493	[INFO]	XnOpenNI.cpp	1261	Creating node 'Device1' of type Device...
 4078304	[INFO]	XnDeviceModule.cpp	431	Module 'Device' configuration was loaded from file.
 4532811	[INFO]	XnDeviceSensorIO.cpp	135	Connected to USB device
 4532866	[INFO]	XnProperty.cpp	151	Property Device.USBPath was changed to 045e/02ae@250/11.
 4540381	[INFO]	XnHostProtocol.cpp	825	Hardware versions: FW=5.1.4 (7) HW=4 Chip=2 Sensor=4 SYS=7
 5953782	[INFO]	XnProperty.cpp	151	Property Device.ID was changed to 0.
 5953876	[INFO]	XnSensor.cpp	182	Device sensor initialized
 5954035	[INFO]	XnOpenNI.cpp	1261	Creating node 'Depth1' of type Depth...
 5954113	[INFO]	XnDeviceBase.cpp	1383	Creating stream 'Depth1' of type 'Depth'...
 5954153	[INFO]	XnProperty.cpp	74	Setting Device.ReadData to 1...
 5954208	[INFO]	XnDeviceSensorIO.cpp	298	Endpoints open
 5966489	[INFO]	XnProperty.cpp	151	Property Device.ReadData was changed to 1.
 5966541	[INFO]	XnProperty.cpp	101	Device.ReadData was successfully set.
 5967300	[INFO]	XnProperty.cpp	151	Property Depth1.Resolution was changed to 0.
 5967349	[INFO]	XnProperty.cpp	151	Property Depth1.XRes was changed to 320.
 5967389	[INFO]	XnProperty.cpp	151	Property Depth1.YRes was changed to 240.
 5967426	[INFO]	XnProperty.cpp	151	Property Depth1.FPS was changed to 30.
 5967460	[INFO]	XnProperty.cpp	151	Property Depth1.OutputFormat was changed to 1.
 5967485	[INFO]	XnProperty.cpp	151	Property Depth1.BytesPerPixel was changed to 2.
 5967509	[INFO]	XnProperty.cpp	151	Property Depth1.RequiredDataSize was changed to 153600.
 5967539	[INFO]	XnProperty.cpp	151	Property Depth1.ParamCoeff was changed to 4.
 5967677	[INFO]	XnProperty.cpp	151	Property Depth1.ShiftScale was changed to 10.
 5980265	[INFO]	XnProperty.cpp	151	Property Depth1.ConstShift was changed to 200.
 5980416	[INFO]	XnProperty.cpp	151	Property Depth1.ZPD was changed to 120.
 5980663	[INFO]	XnProperty.cpp	151	Property Depth1.ZPPS was changed to 0.104200.
 5980712	[INFO]	XnProperty.cpp	151	Property Depth1.LDDIS was changed to 7.500000.
 5980946	[INFO]	XnProperty.cpp	151	Property Depth1.Gain was changed to 30.
 5981011	[INFO]	XnDeviceBase.cpp	1458	Stream 'Depth1' was initialized.
 5981053	[INFO]	XnDeviceBase.cpp	1463	'Depth1' stream was created.
 5981414	[INFO]	XnProperty.cpp	74	Setting Depth1.InputFormat to 3...
 5981467	[INFO]	XnProperty.cpp	151	Property Depth1.InputFormat was changed to 3.
 5981507	[INFO]	XnProperty.cpp	101	Depth1.InputFormat was successfully set.
 5982508	[INFO]	XnProperty.cpp	74	Setting Depth1.RegistrationType to 2...
 5982545	[INFO]	XnProperty.cpp	151	Property Depth1.RegistrationType was changed to 2.
 5982570	[INFO]	XnProperty.cpp	101	Depth1.RegistrationType was successfully set.
 5983466	[INFO]	XnDeviceModule.cpp	431	Module 'Depth1' configuration was loaded from file.
 5983768	[INFO]	XnProperty.cpp	74	Setting Depth1.FPS to 30...
 5983812	[INFO]	XnProperty.cpp	101	Depth1.FPS was successfully set.
 5983844	[INFO]	XnProperty.cpp	74	Setting Depth1.YRes to 480...
 5983878	[INFO]	XnProperty.cpp	151	Property Depth1.Resolution was changed to 1.
 5983909	[INFO]	XnProperty.cpp	151	Property Depth1.XRes was changed to 640.
 5983937	[INFO]	XnProperty.cpp	151	Property Depth1.RequiredDataSize was changed to 307200.
 5983971	[INFO]	XnProperty.cpp	151	Property Depth1.YRes was changed to 480.
 5984002	[INFO]	XnProperty.cpp	151	Property Depth1.RequiredDataSize was changed to 614400.
 5984034	[INFO]	XnProperty.cpp	101	Depth1.YRes was successfully set.
 5984066	[INFO]	XnProperty.cpp	74	Setting Depth1.XRes to 640...
 5984094	[INFO]	XnProperty.cpp	86	Depth1.XRes value did not change.
 5984182	[INFO]	XnProperty.cpp	74	Setting Depth1.Mirror to 1...
 5984219	[INFO]	XnProperty.cpp	151	Property Depth1.FirmwareMirror was changed to 1.
 5984295	[INFO]	XnProperty.cpp	151	Property Depth1.Mirror was changed to 1.
 5984325	[INFO]	XnProperty.cpp	101	Depth1.Mirror was successfully set.
 9411056	[INFO]	XnOpenNI.cpp	1261	Creating node 'User1' of type User...
 9436300	[WARNING]	Linux-x86Threads.cpp	173	Failed to set thread priority: Invalid argument
 9436347	[WARNING]	XnUSBLinux-x86.cpp	126	USB events thread: Failed to set thread priority to critical. This might cause loss of data...
 9437205	[INFO]	XnUSBLinux-x86.cpp	1222	USB read thread was started.
 9437228	[INFO]	XnProperty.cpp	151	Property Depth1.ActualReadData was changed to 1.
 9907708	[INFO]	XnProperty.cpp	151	Property Depth1.State was changed to 1.
 9907748	[INFO]	XnDeviceBase.cpp	370	Stream Depth1 is open.
13292806	[INFO]	XnOpenNI.cpp	1261	Creating node 'Image1' of type Image...
13292859	[INFO]	XnDeviceBase.cpp	1383	Creating stream 'Image1' of type 'Image'...
13293087	[INFO]	XnProperty.cpp	151	Property Image1.Resolution was changed to 0.
13293112	[INFO]	XnProperty.cpp	151	Property Image1.XRes was changed to 320.
13293131	[INFO]	XnProperty.cpp	151	Property Image1.YRes was changed to 240.
13293150	[INFO]	XnProperty.cpp	151	Property Image1.FPS was changed to 30.
13293167	[INFO]	XnProperty.cpp	151	Property Image1.OutputFormat was changed to 5.
13293185	[INFO]	XnProperty.cpp	151	Property Image1.BytesPerPixel was changed to 3.
13293203	[INFO]	XnProperty.cpp	151	Property Image1.RequiredDataSize was changed to 230400.
13293244	[INFO]	XnDeviceBase.cpp	1458	Stream 'Image1' was initialized.
13293268	[INFO]	XnDeviceBase.cpp	1463	'Image1' stream was created.
13293406	[INFO]	XnProperty.cpp	74	Setting Image1.InputFormat to 6...
13293433	[INFO]	XnProperty.cpp	151	Property Image1.InputFormat was changed to 6.
13293450	[INFO]	XnProperty.cpp	101	Image1.InputFormat was successfully set.
13294019	[INFO]	XnDeviceModule.cpp	431	Module 'Image1' configuration was loaded from file.
13294124	[INFO]	XnProperty.cpp	74	Setting Image1.FPS to 30...
13294141	[INFO]	XnProperty.cpp	86	Image1.FPS value did not change.
13294157	[INFO]	XnProperty.cpp	74	Setting Image1.YRes to 480...
13294173	[INFO]	XnProperty.cpp	151	Property Image1.Resolution was changed to 1.
13294189	[INFO]	XnProperty.cpp	151	Property Image1.XRes was changed to 640.
13294207	[INFO]	XnProperty.cpp	151	Property Image1.RequiredDataSize was changed to 460800.
13294224	[INFO]	XnProperty.cpp	151	Property Image1.YRes was changed to 480.
13294240	[INFO]	XnProperty.cpp	151	Property Image1.RequiredDataSize was changed to 921600.
13294255	[INFO]	XnProperty.cpp	101	Image1.YRes was successfully set.
13294267	[INFO]	XnProperty.cpp	74	Setting Image1.XRes to 640...
13294277	[INFO]	XnProperty.cpp	86	Image1.XRes value did not change.
13295147	[INFO]	XnUSBLinux-x86.cpp	1222	USB read thread was started.
13295174	[INFO]	XnProperty.cpp	151	Property Image1.ActualReadData was changed to 1.
13341156	[WARNING]	XnDepthProcessor.cpp	133	Read: Depth buffer is corrupt. Size is 599248 (!= 614400)
13341191	[WARNING]	XnFrameStreamProcessor.cpp	132	Depth frame is corrupt!
13473194	[WARNING]	XnDepthProcessor.cpp	133	Read: Depth buffer is corrupt. Size is 518976 (!= 614400)
13473248	[WARNING]	XnFrameStreamProcessor.cpp	132	Depth frame is corrupt!
13509151	[WARNING]	XnDepthProcessor.cpp	133	Read: Depth buffer is corrupt. Size is 592064 (!= 614400)
13509176	[WARNING]	XnFrameStreamProcessor.cpp	132	Depth frame is corrupt!
16377207	[WARNING]	XnDepthProcessor.cpp	133	Read: Depth buffer is corrupt. Size is 590592 (!= 614400)
16377254	[WARNING]	XnFrameStreamProcessor.cpp	132	Depth frame is corrupt!
16495431	[INFO]	XnProperty.cpp	151	Property Image1.State was changed to 1.
16495480	[INFO]	XnDeviceBase.cpp	370	Stream Image1 is open.
16495685	[INFO]	XnProperty.cpp	74	Setting Depth1.Registration to 1...
16545201	[WARNING]	XnDepthProcessor.cpp	133	Read: Depth buffer is corrupt. Size is 586384 (!= 614400)
16545250	[WARNING]	XnFrameStreamProcessor.cpp	132	Depth frame is corrupt!
16647431	[INFO]	XnProperty.cpp	151	Property Depth1.Registration was changed to 1.
16647480	[INFO]	XnProperty.cpp	101	Depth1.Registration was successfully set.
16647572	[INFO]	XnProperty.cpp	74	Setting Image1.Mirror to 1...
16660379	[INFO]	XnProperty.cpp	151	Property Image1.FirmwareMirror was changed to 1.
16660413	[INFO]	XnProperty.cpp	151	Property Image1.Mirror was changed to 1.
16660432	[INFO]	XnProperty.cpp	101	Image1.Mirror was successfully set.
