   77535	[INFO]	XnLog.cpp	165	OpenNI version is 1.0.0 (Build 25)-MacOSX (Jan  7 2011 14:20:18)
   77594	[INFO]	XnLog.cpp	173	Log system initialized. Console: 1, File: 1, Severity: INFO, Masks: ALL
   77633	[INFO]	XnLog.cpp	173	Log system initialized. Console: 1, File: 1, Severity: INFO, Masks: ALL
   86685	[INFO]	XnUSBLinux-x86.cpp	98	USB is initialized.
 4107653	[INFO]	XnOpenNI.cpp	1261	Creating node 'Device1' of type Device...
 4108839	[INFO]	XnDeviceModule.cpp	431	Module 'Device' configuration was loaded from file.
 4562004	[INFO]	XnDeviceSensorIO.cpp	135	Connected to USB device
 4562063	[INFO]	XnProperty.cpp	151	Property Device.USBPath was changed to 045e/02ae@250/11.
 4571904	[INFO]	XnHostProtocol.cpp	825	Hardware versions: FW=5.1.4 (7) HW=4 Chip=2 Sensor=4 SYS=7
 5964374	[INFO]	XnProperty.cpp	151	Property Device.ID was changed to 0.
 5964454	[INFO]	XnSensor.cpp	182	Device sensor initialized
 5964571	[INFO]	XnOpenNI.cpp	1261	Creating node 'Depth1' of type Depth...
 5964625	[INFO]	XnDeviceBase.cpp	1383	Creating stream 'Depth1' of type 'Depth'...
 5964649	[INFO]	XnProperty.cpp	74	Setting Device.ReadData to 1...
 5964689	[INFO]	XnDeviceSensorIO.cpp	298	Endpoints open
 5976647	[INFO]	XnProperty.cpp	151	Property Device.ReadData was changed to 1.
 5976683	[INFO]	XnProperty.cpp	101	Device.ReadData was successfully set.
 5977148	[INFO]	XnProperty.cpp	151	Property Depth1.Resolution was changed to 0.
 5977174	[INFO]	XnProperty.cpp	151	Property Depth1.XRes was changed to 320.
 5977192	[INFO]	XnProperty.cpp	151	Property Depth1.YRes was changed to 240.
 5977209	[INFO]	XnProperty.cpp	151	Property Depth1.FPS was changed to 30.
 5977224	[INFO]	XnProperty.cpp	151	Property Depth1.OutputFormat was changed to 1.
 5977240	[INFO]	XnProperty.cpp	151	Property Depth1.BytesPerPixel was changed to 2.
 5977255	[INFO]	XnProperty.cpp	151	Property Depth1.RequiredDataSize was changed to 153600.
 5977275	[INFO]	XnProperty.cpp	151	Property Depth1.ParamCoeff was changed to 4.
 5977352	[INFO]	XnProperty.cpp	151	Property Depth1.ShiftScale was changed to 10.
 5989255	[INFO]	XnProperty.cpp	151	Property Depth1.ConstShift was changed to 200.
 5989356	[INFO]	XnProperty.cpp	151	Property Depth1.ZPD was changed to 120.
 5989475	[INFO]	XnProperty.cpp	151	Property Depth1.ZPPS was changed to 0.104200.
 5989500	[INFO]	XnProperty.cpp	151	Property Depth1.LDDIS was changed to 7.500000.
 5989618	[INFO]	XnProperty.cpp	151	Property Depth1.Gain was changed to 30.
 5989654	[INFO]	XnDeviceBase.cpp	1458	Stream 'Depth1' was initialized.
 5989673	[INFO]	XnDeviceBase.cpp	1463	'Depth1' stream was created.
 5989897	[INFO]	XnProperty.cpp	74	Setting Depth1.InputFormat to 3...
 5989933	[INFO]	XnProperty.cpp	151	Property Depth1.InputFormat was changed to 3.
 5989954	[INFO]	XnProperty.cpp	101	Depth1.InputFormat was successfully set.
 5990519	[INFO]	XnProperty.cpp	74	Setting Depth1.RegistrationType to 2...
 5990540	[INFO]	XnProperty.cpp	151	Property Depth1.RegistrationType was changed to 2.
 5990558	[INFO]	XnProperty.cpp	101	Depth1.RegistrationType was successfully set.
 5991164	[INFO]	XnDeviceModule.cpp	431	Module 'Depth1' configuration was loaded from file.
 5991409	[INFO]	XnProperty.cpp	74	Setting Depth1.FPS to 30...
 5991434	[INFO]	XnProperty.cpp	86	Depth1.FPS value did not change.
 5991454	[INFO]	XnProperty.cpp	74	Setting Depth1.YRes to 480...
 5991477	[INFO]	XnProperty.cpp	151	Property Depth1.Resolution was changed to 1.
 5991498	[INFO]	XnProperty.cpp	151	Property Depth1.XRes was changed to 640.
 5991517	[INFO]	XnProperty.cpp	151	Property Depth1.RequiredDataSize was changed to 307200.
 5991538	[INFO]	XnProperty.cpp	151	Property Depth1.YRes was changed to 480.
 5991556	[INFO]	XnProperty.cpp	151	Property Depth1.RequiredDataSize was changed to 614400.
 5991576	[INFO]	XnProperty.cpp	101	Depth1.YRes was successfully set.
 5991597	[INFO]	XnProperty.cpp	74	Setting Depth1.XRes to 640...
 5991613	[INFO]	XnProperty.cpp	86	Depth1.XRes value did not change.
 5991677	[INFO]	XnProperty.cpp	74	Setting Depth1.Mirror to 1...
 5991701	[INFO]	XnProperty.cpp	151	Property Depth1.FirmwareMirror was changed to 1.
 5991760	[INFO]	XnProperty.cpp	151	Property Depth1.Mirror was changed to 1.
 5991779	[INFO]	XnProperty.cpp	101	Depth1.Mirror was successfully set.
 9367025	[INFO]	XnOpenNI.cpp	1261	Creating node 'User1' of type User...
 9400007	[WARNING]	Linux-x86Threads.cpp	173	Failed to set thread priority: Invalid argument
 9400065	[WARNING]	XnUSBLinux-x86.cpp	126	USB events thread: Failed to set thread priority to critical. This might cause loss of data...
 9401096	[INFO]	XnUSBLinux-x86.cpp	1222	USB read thread was started.
 9401140	[INFO]	XnProperty.cpp	151	Property Depth1.ActualReadData was changed to 1.
 9873721	[INFO]	XnProperty.cpp	151	Property Depth1.State was changed to 1.
 9873865	[INFO]	XnDeviceBase.cpp	370	Stream Depth1 is open.
13277262	[INFO]	XnOpenNI.cpp	1261	Creating node 'Image1' of type Image...
13277328	[INFO]	XnDeviceBase.cpp	1383	Creating stream 'Image1' of type 'Image'...
13277601	[INFO]	XnProperty.cpp	151	Property Image1.Resolution was changed to 0.
13277631	[INFO]	XnProperty.cpp	151	Property Image1.XRes was changed to 320.
13277654	[INFO]	XnProperty.cpp	151	Property Image1.YRes was changed to 240.
13277676	[INFO]	XnProperty.cpp	151	Property Image1.FPS was changed to 30.
13277696	[INFO]	XnProperty.cpp	151	Property Image1.OutputFormat was changed to 5.
13277715	[INFO]	XnProperty.cpp	151	Property Image1.BytesPerPixel was changed to 3.
13277735	[INFO]	XnProperty.cpp	151	Property Image1.RequiredDataSize was changed to 230400.
13277780	[INFO]	XnDeviceBase.cpp	1458	Stream 'Image1' was initialized.
13277802	[INFO]	XnDeviceBase.cpp	1463	'Image1' stream was created.
13277945	[INFO]	XnProperty.cpp	74	Setting Image1.InputFormat to 6...
13277977	[INFO]	XnProperty.cpp	151	Property Image1.InputFormat was changed to 6.
13277996	[INFO]	XnProperty.cpp	101	Image1.InputFormat was successfully set.
13278637	[INFO]	XnDeviceModule.cpp	431	Module 'Image1' configuration was loaded from file.
13278768	[INFO]	XnProperty.cpp	74	Setting Image1.FPS to 30...
13278796	[INFO]	XnProperty.cpp	86	Image1.FPS value did not change.
13278814	[INFO]	XnProperty.cpp	74	Setting Image1.YRes to 480...
13278835	[INFO]	XnProperty.cpp	151	Property Image1.Resolution was changed to 1.
13278854	[INFO]	XnProperty.cpp	151	Property Image1.XRes was changed to 640.
13278873	[INFO]	XnProperty.cpp	151	Property Image1.RequiredDataSize was changed to 460800.
13278894	[INFO]	XnProperty.cpp	151	Property Image1.YRes was changed to 480.
13278914	[INFO]	XnProperty.cpp	151	Property Image1.RequiredDataSize was changed to 921600.
13278933	[INFO]	XnProperty.cpp	101	Image1.YRes was successfully set.
13278951	[INFO]	XnProperty.cpp	74	Setting Image1.XRes to 640...
13278968	[INFO]	XnProperty.cpp	86	Image1.XRes value did not change.
13280191	[INFO]	XnUSBLinux-x86.cpp	1222	USB read thread was started.
13280237	[INFO]	XnProperty.cpp	151	Property Image1.ActualReadData was changed to 1.
13474187	[WARNING]	XnDepthProcessor.cpp	133	Read: Depth buffer is corrupt. Size is 557648 (!= 614400)
13474248	[WARNING]	XnFrameStreamProcessor.cpp	132	Depth frame is corrupt!
16481132	[INFO]	XnProperty.cpp	151	Property Image1.State was changed to 1.
16481179	[INFO]	XnDeviceBase.cpp	370	Stream Image1 is open.
16481389	[INFO]	XnProperty.cpp	74	Setting Depth1.Registration to 1...
16510199	[WARNING]	XnDepthProcessor.cpp	133	Read: Depth buffer is corrupt. Size is 591440 (!= 614400)
16510259	[WARNING]	XnFrameStreamProcessor.cpp	132	Depth frame is corrupt!
16634170	[INFO]	XnProperty.cpp	151	Property Depth1.Registration was changed to 1.
16634217	[INFO]	XnProperty.cpp	101	Depth1.Registration was successfully set.
16634275	[INFO]	XnProperty.cpp	74	Setting Image1.Mirror to 1...
16646754	[INFO]	XnProperty.cpp	151	Property Image1.FirmwareMirror was changed to 1.
16646801	[INFO]	XnProperty.cpp	151	Property Image1.Mirror was changed to 1.
16646818	[INFO]	XnProperty.cpp	101	Image1.Mirror was successfully set.
41713206	[INFO]	XnOpenNI.cpp	1459	Destroying node 'User1'
41720078	[INFO]	XnOpenNI.cpp	1459	Destroying node 'Depth1'
41720174	[INFO]	XnDeviceBase.cpp	1507	Destroying stream 'Depth1'...
41721427	[INFO]	XnOpenNI.cpp	1459	Destroying node 'Image1'
41721505	[INFO]	XnDeviceBase.cpp	1507	Destroying stream 'Image1'...
41722472	[INFO]	XnOpenNI.cpp	1459	Destroying node 'Device1'
