    1827	[INFO]	XnLog.cpp	165	OpenNI version is 1.0.0 (Build 25)-MacOSX (Jan  7 2011 14:20:18)
    1874	[INFO]	XnLog.cpp	173	Log system initialized. Console: 1, File: 1, Severity: INFO, Masks: ALL
    6876	[INFO]	XnLog.cpp	173	Log system initialized. Console: 1, File: 1, Severity: INFO, Masks: ALL
    8565	[INFO]	XnUSBLinux-x86.cpp	98	USB is initialized.
 4049847	[INFO]	XnOpenNI.cpp	1261	Creating node 'Device1' of type Device...
 4050772	[INFO]	XnDeviceModule.cpp	431	Module 'Device' configuration was loaded from file.
 4502649	[INFO]	XnDeviceSensorIO.cpp	135	Connected to USB device
 4502706	[INFO]	XnProperty.cpp	151	Property Device.USBPath was changed to 045e/02ae@250/11.
 4510538	[INFO]	XnHostProtocol.cpp	825	Hardware versions: FW=5.1.4 (7) HW=4 Chip=2 Sensor=4 SYS=7
 5919806	[INFO]	XnProperty.cpp	151	Property Device.ID was changed to 0.
 5919873	[INFO]	XnSensor.cpp	182	Device sensor initialized
 5919985	[INFO]	XnOpenNI.cpp	1261	Creating node 'Depth1' of type Depth...
 5920040	[INFO]	XnDeviceBase.cpp	1383	Creating stream 'Depth1' of type 'Depth'...
 5920064	[INFO]	XnProperty.cpp	74	Setting Device.ReadData to 1...
 5920104	[INFO]	XnDeviceSensorIO.cpp	298	Endpoints open
 5932545	[INFO]	XnProperty.cpp	151	Property Device.ReadData was changed to 1.
 5932572	[INFO]	XnProperty.cpp	101	Device.ReadData was successfully set.
 5932989	[INFO]	XnProperty.cpp	151	Property Depth1.Resolution was changed to 0.
 5933013	[INFO]	XnProperty.cpp	151	Property Depth1.XRes was changed to 320.
 5933026	[INFO]	XnProperty.cpp	151	Property Depth1.YRes was changed to 240.
 5933039	[INFO]	XnProperty.cpp	151	Property Depth1.FPS was changed to 30.
 5933057	[INFO]	XnProperty.cpp	151	Property Depth1.OutputFormat was changed to 1.
 5933076	[INFO]	XnProperty.cpp	151	Property Depth1.BytesPerPixel was changed to 2.
 5933095	[INFO]	XnProperty.cpp	151	Property Depth1.RequiredDataSize was changed to 153600.
 5933118	[INFO]	XnProperty.cpp	151	Property Depth1.ParamCoeff was changed to 4.
 5933195	[INFO]	XnProperty.cpp	151	Property Depth1.ShiftScale was changed to 10.
 5945275	[INFO]	XnProperty.cpp	151	Property Depth1.ConstShift was changed to 200.
 5945386	[INFO]	XnProperty.cpp	151	Property Depth1.ZPD was changed to 120.
 5945501	[INFO]	XnProperty.cpp	151	Property Depth1.ZPPS was changed to 0.104200.
 5945524	[INFO]	XnProperty.cpp	151	Property Depth1.LDDIS was changed to 7.500000.
 5945641	[INFO]	XnProperty.cpp	151	Property Depth1.Gain was changed to 30.
 5945686	[INFO]	XnDeviceBase.cpp	1458	Stream 'Depth1' was initialized.
 5945709	[INFO]	XnDeviceBase.cpp	1463	'Depth1' stream was created.
 5945929	[INFO]	XnProperty.cpp	74	Setting Depth1.InputFormat to 3...
 5945960	[INFO]	XnProperty.cpp	151	Property Depth1.InputFormat was changed to 3.
 5945980	[INFO]	XnProperty.cpp	101	Depth1.InputFormat was successfully set.
 5946536	[INFO]	XnProperty.cpp	74	Setting Depth1.RegistrationType to 2...
 5946558	[INFO]	XnProperty.cpp	151	Property Depth1.RegistrationType was changed to 2.
 5946576	[INFO]	XnProperty.cpp	101	Depth1.RegistrationType was successfully set.
 5947131	[INFO]	XnDeviceModule.cpp	431	Module 'Depth1' configuration was loaded from file.
 5947337	[INFO]	XnProperty.cpp	74	Setting Depth1.FPS to 30...
 5947358	[INFO]	XnProperty.cpp	86	Depth1.FPS value did not change.
 5947376	[INFO]	XnProperty.cpp	74	Setting Depth1.YRes to 480...
 5947399	[INFO]	XnProperty.cpp	151	Property Depth1.Resolution was changed to 1.
 5947419	[INFO]	XnProperty.cpp	151	Property Depth1.XRes was changed to 640.
 5947437	[INFO]	XnProperty.cpp	151	Property Depth1.RequiredDataSize was changed to 307200.
 5947454	[INFO]	XnProperty.cpp	151	Property Depth1.YRes was changed to 480.
 5947471	[INFO]	XnProperty.cpp	151	Property Depth1.RequiredDataSize was changed to 614400.
 5947490	[INFO]	XnProperty.cpp	101	Depth1.YRes was successfully set.
 5947508	[INFO]	XnProperty.cpp	74	Setting Depth1.XRes to 640...
 5947524	[INFO]	XnProperty.cpp	86	Depth1.XRes value did not change.
 5947581	[INFO]	XnProperty.cpp	74	Setting Depth1.Mirror to 1...
 5947598	[INFO]	XnProperty.cpp	151	Property Depth1.FirmwareMirror was changed to 1.
 5947664	[INFO]	XnProperty.cpp	151	Property Depth1.Mirror was changed to 1.
 5947682	[INFO]	XnProperty.cpp	101	Depth1.Mirror was successfully set.
 9346042	[INFO]	XnOpenNI.cpp	1261	Creating node 'User1' of type User...
 9370628	[WARNING]	Linux-x86Threads.cpp	173	Failed to set thread priority: Invalid argument
 9370677	[WARNING]	XnUSBLinux-x86.cpp	126	USB events thread: Failed to set thread priority to critical. This might cause loss of data...
 9371509	[INFO]	XnUSBLinux-x86.cpp	1222	USB read thread was started.
 9371533	[INFO]	XnProperty.cpp	151	Property Depth1.ActualReadData was changed to 1.
 9843188	[INFO]	XnProperty.cpp	151	Property Depth1.State was changed to 1.
 9843232	[INFO]	XnDeviceBase.cpp	370	Stream Depth1 is open.
13246852	[INFO]	XnOpenNI.cpp	1261	Creating node 'Image1' of type Image...
13246907	[INFO]	XnDeviceBase.cpp	1383	Creating stream 'Image1' of type 'Image'...
13247170	[INFO]	XnProperty.cpp	151	Property Image1.Resolution was changed to 0.
13247201	[INFO]	XnProperty.cpp	151	Property Image1.XRes was changed to 320.
13247222	[INFO]	XnProperty.cpp	151	Property Image1.YRes was changed to 240.
13247240	[INFO]	XnProperty.cpp	151	Property Image1.FPS was changed to 30.
13247257	[INFO]	XnProperty.cpp	151	Property Image1.OutputFormat was changed to 5.
13247272	[INFO]	XnProperty.cpp	151	Property Image1.BytesPerPixel was changed to 3.
13247284	[INFO]	XnProperty.cpp	151	Property Image1.RequiredDataSize was changed to 230400.
13247314	[INFO]	XnDeviceBase.cpp	1458	Stream 'Image1' was initialized.
13247327	[INFO]	XnDeviceBase.cpp	1463	'Image1' stream was created.
13247450	[INFO]	XnProperty.cpp	74	Setting Image1.InputFormat to 6...
13247474	[INFO]	XnProperty.cpp	151	Property Image1.InputFormat was changed to 6.
13247486	[INFO]	XnProperty.cpp	101	Image1.InputFormat was successfully set.
13247939	[INFO]	XnDeviceModule.cpp	431	Module 'Image1' configuration was loaded from file.
13248046	[INFO]	XnProperty.cpp	74	Setting Image1.FPS to 30...
13248068	[INFO]	XnProperty.cpp	86	Image1.FPS value did not change.
13248086	[INFO]	XnProperty.cpp	74	Setting Image1.YRes to 480...
13248106	[INFO]	XnProperty.cpp	151	Property Image1.Resolution was changed to 1.
13248125	[INFO]	XnProperty.cpp	151	Property Image1.XRes was changed to 640.
13248145	[INFO]	XnProperty.cpp	151	Property Image1.RequiredDataSize was changed to 460800.
13248166	[INFO]	XnProperty.cpp	151	Property Image1.YRes was changed to 480.
13248184	[INFO]	XnProperty.cpp	151	Property Image1.RequiredDataSize was changed to 921600.
13248204	[INFO]	XnProperty.cpp	101	Image1.YRes was successfully set.
13248224	[INFO]	XnProperty.cpp	74	Setting Image1.XRes to 640...
13248240	[INFO]	XnProperty.cpp	86	Image1.XRes value did not change.
13249138	[INFO]	XnUSBLinux-x86.cpp	1222	USB read thread was started.
13249165	[INFO]	XnProperty.cpp	151	Property Image1.ActualReadData was changed to 1.
13442838	[WARNING]	XnDepthProcessor.cpp	133	Read: Depth buffer is corrupt. Size is 581408 (!= 614400)
13442896	[WARNING]	XnFrameStreamProcessor.cpp	132	Depth frame is corrupt!
16450452	[INFO]	XnProperty.cpp	151	Property Image1.State was changed to 1.
16450497	[INFO]	XnDeviceBase.cpp	370	Stream Image1 is open.
16450709	[INFO]	XnProperty.cpp	74	Setting Depth1.Registration to 1...
16602550	[INFO]	XnProperty.cpp	151	Property Depth1.Registration was changed to 1.
16602596	[INFO]	XnProperty.cpp	101	Depth1.Registration was successfully set.
16602649	[INFO]	XnProperty.cpp	74	Setting Image1.Mirror to 1...
16614881	[INFO]	XnProperty.cpp	151	Property Image1.FirmwareMirror was changed to 1.
16614921	[INFO]	XnProperty.cpp	151	Property Image1.Mirror was changed to 1.
16614937	[INFO]	XnProperty.cpp	101	Image1.Mirror was successfully set.
80219388	[INFO]	XnOpenNI.cpp	1459	Destroying node 'User1'
80227194	[INFO]	XnOpenNI.cpp	1459	Destroying node 'Depth1'
80227331	[INFO]	XnDeviceBase.cpp	1507	Destroying stream 'Depth1'...
80228966	[INFO]	XnOpenNI.cpp	1459	Destroying node 'Image1'
80229024	[INFO]	XnDeviceBase.cpp	1507	Destroying stream 'Image1'...
80229990	[INFO]	XnOpenNI.cpp	1459	Destroying node 'Device1'
