   34798	[INFO]	XnLog.cpp	165	OpenNI version is 1.0.0 (Build 25)-MacOSX (Jan  7 2011 14:20:18)
   34846	[INFO]	XnLog.cpp	173	Log system initialized. Console: 1, File: 1, Severity: INFO, Masks: ALL
   34870	[INFO]	XnLog.cpp	173	Log system initialized. Console: 1, File: 1, Severity: INFO, Masks: ALL
   36416	[INFO]	XnUSBLinux-x86.cpp	98	USB is initialized.
 4058380	[INFO]	XnOpenNI.cpp	1261	Creating node 'Device1' of type Device...
 4059232	[INFO]	XnDeviceModule.cpp	431	Module 'Device' configuration was loaded from file.
 4510289	[INFO]	XnDeviceSensorIO.cpp	135	Connected to USB device
 4510351	[INFO]	XnProperty.cpp	151	Property Device.USBPath was changed to 045e/02ae@250/11.
 4518707	[INFO]	XnHostProtocol.cpp	825	Hardware versions: FW=5.1.4 (7) HW=4 Chip=2 Sensor=4 SYS=7
 5931788	[INFO]	XnProperty.cpp	151	Property Device.ID was changed to 0.
 5931863	[INFO]	XnSensor.cpp	182	Device sensor initialized
 5931997	[INFO]	XnOpenNI.cpp	1261	Creating node 'Depth1' of type Depth...
 5932071	[INFO]	XnDeviceBase.cpp	1383	Creating stream 'Depth1' of type 'Depth'...
 5932108	[INFO]	XnProperty.cpp	74	Setting Device.ReadData to 1...
 5932185	[INFO]	XnDeviceSensorIO.cpp	298	Endpoints open
 5944851	[INFO]	XnProperty.cpp	151	Property Device.ReadData was changed to 1.
 5944885	[INFO]	XnProperty.cpp	101	Device.ReadData was successfully set.
 5945466	[INFO]	XnProperty.cpp	151	Property Depth1.Resolution was changed to 0.
 5945495	[INFO]	XnProperty.cpp	151	Property Depth1.XRes was changed to 320.
 5945512	[INFO]	XnProperty.cpp	151	Property Depth1.YRes was changed to 240.
 5945529	[INFO]	XnProperty.cpp	151	Property Depth1.FPS was changed to 30.
 5945544	[INFO]	XnProperty.cpp	151	Property Depth1.OutputFormat was changed to 1.
 5945567	[INFO]	XnProperty.cpp	151	Property Depth1.BytesPerPixel was changed to 2.
 5945588	[INFO]	XnProperty.cpp	151	Property Depth1.RequiredDataSize was changed to 153600.
 5945611	[INFO]	XnProperty.cpp	151	Property Depth1.ParamCoeff was changed to 4.
 5945693	[INFO]	XnProperty.cpp	151	Property Depth1.ShiftScale was changed to 10.
 5958494	[INFO]	XnProperty.cpp	151	Property Depth1.ConstShift was changed to 200.
 5958599	[INFO]	XnProperty.cpp	151	Property Depth1.ZPD was changed to 120.
 5958741	[INFO]	XnProperty.cpp	151	Property Depth1.ZPPS was changed to 0.104200.
 5958766	[INFO]	XnProperty.cpp	151	Property Depth1.LDDIS was changed to 7.500000.
 5958904	[INFO]	XnProperty.cpp	151	Property Depth1.Gain was changed to 30.
 5958937	[INFO]	XnDeviceBase.cpp	1458	Stream 'Depth1' was initialized.
 5958954	[INFO]	XnDeviceBase.cpp	1463	'Depth1' stream was created.
 5959167	[INFO]	XnProperty.cpp	74	Setting Depth1.InputFormat to 3...
 5959199	[INFO]	XnProperty.cpp	151	Property Depth1.InputFormat was changed to 3.
 5959224	[INFO]	XnProperty.cpp	101	Depth1.InputFormat was successfully set.
 5959875	[INFO]	XnProperty.cpp	74	Setting Depth1.RegistrationType to 2...
 5959899	[INFO]	XnProperty.cpp	151	Property Depth1.RegistrationType was changed to 2.
 5959914	[INFO]	XnProperty.cpp	101	Depth1.RegistrationType was successfully set.
 5960559	[INFO]	XnDeviceModule.cpp	431	Module 'Depth1' configuration was loaded from file.
 5960747	[INFO]	XnProperty.cpp	74	Setting Depth1.FPS to 30...
 5960768	[INFO]	XnProperty.cpp	86	Depth1.FPS value did not change.
 5960783	[INFO]	XnProperty.cpp	74	Setting Depth1.YRes to 480...
 5960806	[INFO]	XnProperty.cpp	151	Property Depth1.Resolution was changed to 1.
 5960828	[INFO]	XnProperty.cpp	151	Property Depth1.XRes was changed to 640.
 5960846	[INFO]	XnProperty.cpp	151	Property Depth1.RequiredDataSize was changed to 307200.
 5960864	[INFO]	XnProperty.cpp	151	Property Depth1.YRes was changed to 480.
 5960877	[INFO]	XnProperty.cpp	151	Property Depth1.RequiredDataSize was changed to 614400.
 5960896	[INFO]	XnProperty.cpp	101	Depth1.YRes was successfully set.
 5960914	[INFO]	XnProperty.cpp	74	Setting Depth1.XRes to 640...
 5960929	[INFO]	XnProperty.cpp	86	Depth1.XRes value did not change.
 5960991	[INFO]	XnProperty.cpp	74	Setting Depth1.Mirror to 1...
 5961018	[INFO]	XnProperty.cpp	151	Property Depth1.FirmwareMirror was changed to 1.
 5961089	[INFO]	XnProperty.cpp	151	Property Depth1.Mirror was changed to 1.
 5961111	[INFO]	XnProperty.cpp	101	Depth1.Mirror was successfully set.
 9375344	[INFO]	XnOpenNI.cpp	1261	Creating node 'User1' of type User...
 9400996	[WARNING]	Linux-x86Threads.cpp	173	Failed to set thread priority: Invalid argument
 9401045	[WARNING]	XnUSBLinux-x86.cpp	126	USB events thread: Failed to set thread priority to critical. This might cause loss of data...
 9401891	[INFO]	XnUSBLinux-x86.cpp	1222	USB read thread was started.
 9401914	[INFO]	XnProperty.cpp	151	Property Depth1.ActualReadData was changed to 1.
 9873852	[INFO]	XnProperty.cpp	151	Property Depth1.State was changed to 1.
 9873893	[INFO]	XnDeviceBase.cpp	370	Stream Depth1 is open.
13270155	[INFO]	XnOpenNI.cpp	1261	Creating node 'Image1' of type Image...
13270219	[INFO]	XnDeviceBase.cpp	1383	Creating stream 'Image1' of type 'Image'...
13270473	[INFO]	XnProperty.cpp	151	Property Image1.Resolution was changed to 0.
13270499	[INFO]	XnProperty.cpp	151	Property Image1.XRes was changed to 320.
13270519	[INFO]	XnProperty.cpp	151	Property Image1.YRes was changed to 240.
13270538	[INFO]	XnProperty.cpp	151	Property Image1.FPS was changed to 30.
13270555	[INFO]	XnProperty.cpp	151	Property Image1.OutputFormat was changed to 5.
13270574	[INFO]	XnProperty.cpp	151	Property Image1.BytesPerPixel was changed to 3.
13270591	[INFO]	XnProperty.cpp	151	Property Image1.RequiredDataSize was changed to 230400.
13270643	[INFO]	XnDeviceBase.cpp	1458	Stream 'Image1' was initialized.
13270665	[INFO]	XnDeviceBase.cpp	1463	'Image1' stream was created.
13270802	[INFO]	XnProperty.cpp	74	Setting Image1.InputFormat to 6...
13270831	[INFO]	XnProperty.cpp	151	Property Image1.InputFormat was changed to 6.
13270851	[INFO]	XnProperty.cpp	101	Image1.InputFormat was successfully set.
13271498	[INFO]	XnDeviceModule.cpp	431	Module 'Image1' configuration was loaded from file.
13271596	[INFO]	XnProperty.cpp	74	Setting Image1.FPS to 30...
13271619	[INFO]	XnProperty.cpp	86	Image1.FPS value did not change.
13271637	[INFO]	XnProperty.cpp	74	Setting Image1.YRes to 480...
13271656	[INFO]	XnProperty.cpp	151	Property Image1.Resolution was changed to 1.
13271675	[INFO]	XnProperty.cpp	151	Property Image1.XRes was changed to 640.
13271694	[INFO]	XnProperty.cpp	151	Property Image1.RequiredDataSize was changed to 460800.
13271715	[INFO]	XnProperty.cpp	151	Property Image1.YRes was changed to 480.
13271734	[INFO]	XnProperty.cpp	151	Property Image1.RequiredDataSize was changed to 921600.
13271754	[INFO]	XnProperty.cpp	101	Image1.YRes was successfully set.
13271774	[INFO]	XnProperty.cpp	74	Setting Image1.XRes to 640...
13271791	[INFO]	XnProperty.cpp	86	Image1.XRes value did not change.
13272860	[INFO]	XnUSBLinux-x86.cpp	1222	USB read thread was started.
13272901	[INFO]	XnProperty.cpp	151	Property Image1.ActualReadData was changed to 1.
13342034	[WARNING]	XnDepthProcessor.cpp	133	Read: Depth buffer is corrupt. Size is 600656 (!= 614400)
13342091	[WARNING]	XnFrameStreamProcessor.cpp	132	Depth frame is corrupt!
13441997	[WARNING]	XnDepthProcessor.cpp	133	Read: Depth buffer is corrupt. Size is 591904 (!= 614400)
13442050	[WARNING]	XnFrameStreamProcessor.cpp	132	Depth frame is corrupt!
13474027	[WARNING]	XnDepthProcessor.cpp	133	Read: Depth buffer is corrupt. Size is 595024 (!= 614400)
13474084	[WARNING]	XnFrameStreamProcessor.cpp	132	Depth frame is corrupt!
16342097	[WARNING]	XnDepthProcessor.cpp	133	Read: Depth buffer is corrupt. Size is 591520 (!= 614400)
16342149	[WARNING]	XnFrameStreamProcessor.cpp	132	Depth frame is corrupt!
16378104	[WARNING]	XnDepthProcessor.cpp	133	Read: Depth buffer is corrupt. Size is 597088 (!= 614400)
16378155	[WARNING]	XnFrameStreamProcessor.cpp	132	Depth frame is corrupt!
16473686	[INFO]	XnProperty.cpp	151	Property Image1.State was changed to 1.
16473743	[INFO]	XnDeviceBase.cpp	370	Stream Image1 is open.
16473978	[INFO]	XnProperty.cpp	74	Setting Depth1.Registration to 1...
16625766	[INFO]	XnProperty.cpp	151	Property Depth1.Registration was changed to 1.
16625810	[INFO]	XnProperty.cpp	101	Depth1.Registration was successfully set.
16625909	[INFO]	XnProperty.cpp	74	Setting Image1.Mirror to 1...
16638286	[INFO]	XnProperty.cpp	151	Property Image1.FirmwareMirror was changed to 1.
16638343	[INFO]	XnProperty.cpp	151	Property Image1.Mirror was changed to 1.
16638363	[INFO]	XnProperty.cpp	101	Image1.Mirror was successfully set.
