    2077	[INFO]	XnLog.cpp	165	OpenNI version is 1.0.0 (Build 25)-MacOSX (Jan  7 2011 14:20:18)
    2132	[INFO]	XnLog.cpp	173	Log system initialized. Console: 1, File: 1, Severity: INFO, Masks: ALL
    2169	[INFO]	XnLog.cpp	173	Log system initialized. Console: 1, File: 1, Severity: INFO, Masks: ALL
    3767	[INFO]	XnUSBLinux-x86.cpp	98	USB is initialized.
 2570194	[INFO]	XnOpenNI.cpp	1261	Creating node 'Device1' of type Device...
 2571181	[INFO]	XnDeviceModule.cpp	431	Module 'Device' configuration was loaded from file.
 2918872	[INFO]	XnDeviceSensorIO.cpp	135	Connected to USB device
 2918929	[INFO]	XnProperty.cpp	151	Property Device.USBPath was changed to 045e/02ae@250/11.
 2926843	[INFO]	XnHostProtocol.cpp	825	Hardware versions: FW=5.1.4 (7) HW=4 Chip=2 Sensor=4 SYS=7
 4336556	[INFO]	XnProperty.cpp	151	Property Device.ID was changed to 0.
 4336638	[INFO]	XnSensor.cpp	182	Device sensor initialized
 4336735	[INFO]	XnOpenNI.cpp	1261	Creating node 'Depth1' of type Depth...
 4336786	[INFO]	XnDeviceBase.cpp	1383	Creating stream 'Depth1' of type 'Depth'...
 4336806	[INFO]	XnProperty.cpp	74	Setting Device.ReadData to 1...
 4336836	[INFO]	XnDeviceSensorIO.cpp	298	Endpoints open
 4349279	[INFO]	XnProperty.cpp	151	Property Device.ReadData was changed to 1.
 4349308	[INFO]	XnProperty.cpp	101	Device.ReadData was successfully set.
 4349681	[INFO]	XnProperty.cpp	151	Property Depth1.Resolution was changed to 0.
 4349704	[INFO]	XnProperty.cpp	151	Property Depth1.XRes was changed to 320.
 4349721	[INFO]	XnProperty.cpp	151	Property Depth1.YRes was changed to 240.
 4349741	[INFO]	XnProperty.cpp	151	Property Depth1.FPS was changed to 30.
 4349756	[INFO]	XnProperty.cpp	151	Property Depth1.OutputFormat was changed to 1.
 4349773	[INFO]	XnProperty.cpp	151	Property Depth1.BytesPerPixel was changed to 2.
 4349787	[INFO]	XnProperty.cpp	151	Property Depth1.RequiredDataSize was changed to 153600.
 4349804	[INFO]	XnProperty.cpp	151	Property Depth1.ParamCoeff was changed to 4.
 4349887	[INFO]	XnProperty.cpp	151	Property Depth1.ShiftScale was changed to 10.
 4362253	[INFO]	XnProperty.cpp	151	Property Depth1.ConstShift was changed to 200.
 4362324	[INFO]	XnProperty.cpp	151	Property Depth1.ZPD was changed to 120.
 4362445	[INFO]	XnProperty.cpp	151	Property Depth1.ZPPS was changed to 0.104200.
 4362471	[INFO]	XnProperty.cpp	151	Property Depth1.LDDIS was changed to 7.500000.
 4362588	[INFO]	XnProperty.cpp	151	Property Depth1.Gain was changed to 30.
 4362626	[INFO]	XnDeviceBase.cpp	1458	Stream 'Depth1' was initialized.
 4362649	[INFO]	XnDeviceBase.cpp	1463	'Depth1' stream was created.
 4362856	[INFO]	XnProperty.cpp	74	Setting Depth1.InputFormat to 3...
 4362889	[INFO]	XnProperty.cpp	151	Property Depth1.InputFormat was changed to 3.
 4362908	[INFO]	XnProperty.cpp	101	Depth1.InputFormat was successfully set.
 4363449	[INFO]	XnProperty.cpp	74	Setting Depth1.RegistrationType to 2...
 4363469	[INFO]	XnProperty.cpp	151	Property Depth1.RegistrationType was changed to 2.
 4363481	[INFO]	XnProperty.cpp	101	Depth1.RegistrationType was successfully set.
 4364081	[INFO]	XnDeviceModule.cpp	431	Module 'Depth1' configuration was loaded from file.
 4364306	[INFO]	XnProperty.cpp	74	Setting Depth1.FPS to 30...
 4364332	[INFO]	XnProperty.cpp	86	Depth1.FPS value did not change.
 4364351	[INFO]	XnProperty.cpp	74	Setting Depth1.YRes to 480...
 4364372	[INFO]	XnProperty.cpp	151	Property Depth1.Resolution was changed to 1.
 4364391	[INFO]	XnProperty.cpp	151	Property Depth1.XRes was changed to 640.
 4364408	[INFO]	XnProperty.cpp	151	Property Depth1.RequiredDataSize was changed to 307200.
 4364422	[INFO]	XnProperty.cpp	151	Property Depth1.YRes was changed to 480.
 4364433	[INFO]	XnProperty.cpp	151	Property Depth1.RequiredDataSize was changed to 614400.
 4364446	[INFO]	XnProperty.cpp	101	Depth1.YRes was successfully set.
 4364463	[INFO]	XnProperty.cpp	74	Setting Depth1.XRes to 640...
 4364480	[INFO]	XnProperty.cpp	86	Depth1.XRes value did not change.
 4364544	[INFO]	XnProperty.cpp	74	Setting Depth1.Mirror to 1...
 4364568	[INFO]	XnProperty.cpp	151	Property Depth1.FirmwareMirror was changed to 1.
 4364628	[INFO]	XnProperty.cpp	151	Property Depth1.Mirror was changed to 1.
 4364648	[INFO]	XnProperty.cpp	101	Depth1.Mirror was successfully set.
 7763887	[INFO]	XnOpenNI.cpp	1261	Creating node 'User1' of type User...
 7787678	[WARNING]	Linux-x86Threads.cpp	173	Failed to set thread priority: Invalid argument
 7787725	[WARNING]	XnUSBLinux-x86.cpp	126	USB events thread: Failed to set thread priority to critical. This might cause loss of data...
 7788730	[INFO]	XnUSBLinux-x86.cpp	1222	USB read thread was started.
 7788756	[INFO]	XnProperty.cpp	151	Property Depth1.ActualReadData was changed to 1.
 8260256	[INFO]	XnProperty.cpp	151	Property Depth1.State was changed to 1.
 8260300	[INFO]	XnDeviceBase.cpp	370	Stream Depth1 is open.
11663568	[INFO]	XnOpenNI.cpp	1261	Creating node 'Image1' of type Image...
11663620	[INFO]	XnDeviceBase.cpp	1383	Creating stream 'Image1' of type 'Image'...
11663842	[INFO]	XnProperty.cpp	151	Property Image1.Resolution was changed to 0.
11663868	[INFO]	XnProperty.cpp	151	Property Image1.XRes was changed to 320.
11663889	[INFO]	XnProperty.cpp	151	Property Image1.YRes was changed to 240.
11663908	[INFO]	XnProperty.cpp	151	Property Image1.FPS was changed to 30.
11663926	[INFO]	XnProperty.cpp	151	Property Image1.OutputFormat was changed to 5.
11663945	[INFO]	XnProperty.cpp	151	Property Image1.BytesPerPixel was changed to 3.
11663963	[INFO]	XnProperty.cpp	151	Property Image1.RequiredDataSize was changed to 230400.
11664005	[INFO]	XnDeviceBase.cpp	1458	Stream 'Image1' was initialized.
11664025	[INFO]	XnDeviceBase.cpp	1463	'Image1' stream was created.
11664168	[INFO]	XnProperty.cpp	74	Setting Image1.InputFormat to 6...
11664199	[INFO]	XnProperty.cpp	151	Property Image1.InputFormat was changed to 6.
11664219	[INFO]	XnProperty.cpp	101	Image1.InputFormat was successfully set.
11664769	[INFO]	XnDeviceModule.cpp	431	Module 'Image1' configuration was loaded from file.
11664881	[INFO]	XnProperty.cpp	74	Setting Image1.FPS to 30...
11664904	[INFO]	XnProperty.cpp	86	Image1.FPS value did not change.
11664924	[INFO]	XnProperty.cpp	74	Setting Image1.YRes to 480...
11664944	[INFO]	XnProperty.cpp	151	Property Image1.Resolution was changed to 1.
11664964	[INFO]	XnProperty.cpp	151	Property Image1.XRes was changed to 640.
11664983	[INFO]	XnProperty.cpp	151	Property Image1.RequiredDataSize was changed to 460800.
11665005	[INFO]	XnProperty.cpp	151	Property Image1.YRes was changed to 480.
11665024	[INFO]	XnProperty.cpp	151	Property Image1.RequiredDataSize was changed to 921600.
11665042	[INFO]	XnProperty.cpp	101	Image1.YRes was successfully set.
11665062	[INFO]	XnProperty.cpp	74	Setting Image1.XRes to 640...
11665079	[INFO]	XnProperty.cpp	86	Image1.XRes value did not change.
11666006	[INFO]	XnUSBLinux-x86.cpp	1222	USB read thread was started.
11666032	[INFO]	XnProperty.cpp	151	Property Image1.ActualReadData was changed to 1.
11832022	[WARNING]	XnFrameStreamProcessor.cpp	140	Depth Frame Buffer overflow! current size: 612768
11832071	[WARNING]	XnFrameStreamProcessor.cpp	132	Depth frame is corrupt!
11859953	[WARNING]	XnDepthProcessor.cpp	133	Read: Depth buffer is corrupt. Size is 612768 (!= 614400)
14866997	[INFO]	XnProperty.cpp	151	Property Image1.State was changed to 1.
14867041	[INFO]	XnDeviceBase.cpp	370	Stream Image1 is open.
14867241	[INFO]	XnProperty.cpp	74	Setting Depth1.Registration to 1...
14896085	[WARNING]	XnDepthProcessor.cpp	133	Read: Depth buffer is corrupt. Size is 581472 (!= 614400)
14896139	[WARNING]	XnFrameStreamProcessor.cpp	132	Depth frame is corrupt!
15018280	[INFO]	XnProperty.cpp	151	Property Depth1.Registration was changed to 1.
15018327	[INFO]	XnProperty.cpp	101	Depth1.Registration was successfully set.
15018382	[INFO]	XnProperty.cpp	74	Setting Image1.Mirror to 1...
15030662	[INFO]	XnProperty.cpp	151	Property Image1.FirmwareMirror was changed to 1.
15030705	[INFO]	XnProperty.cpp	151	Property Image1.Mirror was changed to 1.
15030722	[INFO]	XnProperty.cpp	101	Image1.Mirror was successfully set.
84817881	[INFO]	XnOpenNI.cpp	1459	Destroying node 'User1'
84825528	[INFO]	XnOpenNI.cpp	1459	Destroying node 'Depth1'
84825670	[INFO]	XnDeviceBase.cpp	1507	Destroying stream 'Depth1'...
84826726	[INFO]	XnOpenNI.cpp	1459	Destroying node 'Image1'
84826767	[INFO]	XnDeviceBase.cpp	1507	Destroying stream 'Image1'...
84827715	[INFO]	XnOpenNI.cpp	1459	Destroying node 'Device1'
