   52707	[INFO]	XnLog.cpp	165	OpenNI version is 1.0.0 (Build 25)-MacOSX (Jan  7 2011 14:20:18)
   52760	[INFO]	XnLog.cpp	173	Log system initialized. Console: 1, File: 1, Severity: INFO, Masks: ALL
   52783	[INFO]	XnLog.cpp	173	Log system initialized. Console: 1, File: 1, Severity: INFO, Masks: ALL
   62640	[INFO]	XnUSBLinux-x86.cpp	98	USB is initialized.
 4101839	[INFO]	XnOpenNI.cpp	1261	Creating node 'Device1' of type Device...
 4102675	[INFO]	XnDeviceModule.cpp	431	Module 'Device' configuration was loaded from file.
 4557958	[INFO]	XnDeviceSensorIO.cpp	135	Connected to USB device
 4558013	[INFO]	XnProperty.cpp	151	Property Device.USBPath was changed to 045e/02ae@250/11.
 4566135	[INFO]	XnHostProtocol.cpp	825	Hardware versions: FW=5.1.4 (7) HW=4 Chip=2 Sensor=4 SYS=7
 5980003	[INFO]	XnProperty.cpp	151	Property Device.ID was changed to 0.
 5980057	[INFO]	XnSensor.cpp	182	Device sensor initialized
 5980151	[INFO]	XnOpenNI.cpp	1261	Creating node 'Depth1' of type Depth...
 5980205	[INFO]	XnDeviceBase.cpp	1383	Creating stream 'Depth1' of type 'Depth'...
 5980228	[INFO]	XnProperty.cpp	74	Setting Device.ReadData to 1...
 5980268	[INFO]	XnDeviceSensorIO.cpp	298	Endpoints open
 5993108	[INFO]	XnProperty.cpp	151	Property Device.ReadData was changed to 1.
 5993160	[INFO]	XnProperty.cpp	101	Device.ReadData was successfully set.
 5993521	[INFO]	XnProperty.cpp	151	Property Depth1.Resolution was changed to 0.
 5993543	[INFO]	XnProperty.cpp	151	Property Depth1.XRes was changed to 320.
 5993559	[INFO]	XnProperty.cpp	151	Property Depth1.YRes was changed to 240.
 5993579	[INFO]	XnProperty.cpp	151	Property Depth1.FPS was changed to 30.
 5993595	[INFO]	XnProperty.cpp	151	Property Depth1.OutputFormat was changed to 1.
 5993612	[INFO]	XnProperty.cpp	151	Property Depth1.BytesPerPixel was changed to 2.
 5993627	[INFO]	XnProperty.cpp	151	Property Depth1.RequiredDataSize was changed to 153600.
 5993643	[INFO]	XnProperty.cpp	151	Property Depth1.ParamCoeff was changed to 4.
 5993715	[INFO]	XnProperty.cpp	151	Property Depth1.ShiftScale was changed to 10.
 6006124	[INFO]	XnProperty.cpp	151	Property Depth1.ConstShift was changed to 200.
 6006253	[INFO]	XnProperty.cpp	151	Property Depth1.ZPD was changed to 120.
 6006479	[INFO]	XnProperty.cpp	151	Property Depth1.ZPPS was changed to 0.104200.
 6006518	[INFO]	XnProperty.cpp	151	Property Depth1.LDDIS was changed to 7.500000.
 6006715	[INFO]	XnProperty.cpp	151	Property Depth1.Gain was changed to 30.
 6006762	[INFO]	XnDeviceBase.cpp	1458	Stream 'Depth1' was initialized.
 6006787	[INFO]	XnDeviceBase.cpp	1463	'Depth1' stream was created.
 6007031	[INFO]	XnProperty.cpp	74	Setting Depth1.InputFormat to 3...
 6007067	[INFO]	XnProperty.cpp	151	Property Depth1.InputFormat was changed to 3.
 6007091	[INFO]	XnProperty.cpp	101	Depth1.InputFormat was successfully set.
 6008080	[INFO]	XnProperty.cpp	74	Setting Depth1.RegistrationType to 2...
 6008115	[INFO]	XnProperty.cpp	151	Property Depth1.RegistrationType was changed to 2.
 6008144	[INFO]	XnProperty.cpp	101	Depth1.RegistrationType was successfully set.
 6009074	[INFO]	XnDeviceModule.cpp	431	Module 'Depth1' configuration was loaded from file.
 6009351	[INFO]	XnProperty.cpp	74	Setting Depth1.FPS to 30...
 6009388	[INFO]	XnProperty.cpp	86	Depth1.FPS value did not change.
 6009420	[INFO]	XnProperty.cpp	74	Setting Depth1.YRes to 480...
 6009455	[INFO]	XnProperty.cpp	151	Property Depth1.Resolution was changed to 1.
 6009486	[INFO]	XnProperty.cpp	151	Property Depth1.XRes was changed to 640.
 6009514	[INFO]	XnProperty.cpp	151	Property Depth1.RequiredDataSize was changed to 307200.
 6009546	[INFO]	XnProperty.cpp	151	Property Depth1.YRes was changed to 480.
 6009577	[INFO]	XnProperty.cpp	151	Property Depth1.RequiredDataSize was changed to 614400.
 6009610	[INFO]	XnProperty.cpp	101	Depth1.YRes was successfully set.
 6009642	[INFO]	XnProperty.cpp	74	Setting Depth1.XRes to 640...
 6009671	[INFO]	XnProperty.cpp	101	Depth1.XRes was successfully set.
 6009763	[INFO]	XnProperty.cpp	74	Setting Depth1.Mirror to 1...
 6009798	[INFO]	XnProperty.cpp	151	Property Depth1.FirmwareMirror was changed to 1.
 6009884	[INFO]	XnProperty.cpp	151	Property Depth1.Mirror was changed to 1.
 6009914	[INFO]	XnProperty.cpp	101	Depth1.Mirror was successfully set.
 9413860	[INFO]	XnOpenNI.cpp	1261	Creating node 'User1' of type User...
 9440391	[WARNING]	Linux-x86Threads.cpp	173	Failed to set thread priority: Invalid argument
 9440439	[WARNING]	XnUSBLinux-x86.cpp	126	USB events thread: Failed to set thread priority to critical. This might cause loss of data...
 9441293	[INFO]	XnUSBLinux-x86.cpp	1222	USB read thread was started.
 9441318	[INFO]	XnProperty.cpp	151	Property Depth1.ActualReadData was changed to 1.
 9911430	[INFO]	XnProperty.cpp	151	Property Depth1.State was changed to 1.
 9911470	[INFO]	XnDeviceBase.cpp	370	Stream Depth1 is open.
13297568	[INFO]	XnOpenNI.cpp	1261	Creating node 'Image1' of type Image...
13297621	[INFO]	XnDeviceBase.cpp	1383	Creating stream 'Image1' of type 'Image'...
13297858	[INFO]	XnProperty.cpp	151	Property Image1.Resolution was changed to 0.
13297884	[INFO]	XnProperty.cpp	151	Property Image1.XRes was changed to 320.
13297904	[INFO]	XnProperty.cpp	151	Property Image1.YRes was changed to 240.
13297925	[INFO]	XnProperty.cpp	151	Property Image1.FPS was changed to 30.
13297942	[INFO]	XnProperty.cpp	151	Property Image1.OutputFormat was changed to 5.
13297960	[INFO]	XnProperty.cpp	151	Property Image1.BytesPerPixel was changed to 3.
13297978	[INFO]	XnProperty.cpp	151	Property Image1.RequiredDataSize was changed to 230400.
13298020	[INFO]	XnDeviceBase.cpp	1458	Stream 'Image1' was initialized.
13298042	[INFO]	XnDeviceBase.cpp	1463	'Image1' stream was created.
13298190	[INFO]	XnProperty.cpp	74	Setting Image1.InputFormat to 6...
13298221	[INFO]	XnProperty.cpp	151	Property Image1.InputFormat was changed to 6.
13298242	[INFO]	XnProperty.cpp	101	Image1.InputFormat was successfully set.
13298829	[INFO]	XnDeviceModule.cpp	431	Module 'Image1' configuration was loaded from file.
13298938	[INFO]	XnProperty.cpp	74	Setting Image1.FPS to 30...
13298955	[INFO]	XnProperty.cpp	86	Image1.FPS value did not change.
13298967	[INFO]	XnProperty.cpp	74	Setting Image1.YRes to 480...
13298979	[INFO]	XnProperty.cpp	151	Property Image1.Resolution was changed to 1.
13298997	[INFO]	XnProperty.cpp	151	Property Image1.XRes was changed to 640.
13299015	[INFO]	XnProperty.cpp	151	Property Image1.RequiredDataSize was changed to 460800.
13299036	[INFO]	XnProperty.cpp	151	Property Image1.YRes was changed to 480.
13299054	[INFO]	XnProperty.cpp	151	Property Image1.RequiredDataSize was changed to 921600.
13299074	[INFO]	XnProperty.cpp	101	Image1.YRes was successfully set.
13299093	[INFO]	XnProperty.cpp	74	Setting Image1.XRes to 640...
13299110	[INFO]	XnProperty.cpp	86	Image1.XRes value did not change.
13300069	[INFO]	XnUSBLinux-x86.cpp	1222	USB read thread was started.
13300096	[INFO]	XnProperty.cpp	151	Property Image1.ActualReadData was changed to 1.
13477325	[WARNING]	XnDepthProcessor.cpp	133	Read: Depth buffer is corrupt. Size is 530816 (!= 614400)
13477375	[WARNING]	XnFrameStreamProcessor.cpp	132	Depth frame is corrupt!
16381369	[WARNING]	XnDepthProcessor.cpp	133	Read: Depth buffer is corrupt. Size is 611328 (!= 614400)
16381416	[WARNING]	XnFrameStreamProcessor.cpp	132	Depth frame is corrupt!
16501033	[INFO]	XnProperty.cpp	151	Property Image1.State was changed to 1.
16501086	[INFO]	XnDeviceBase.cpp	370	Stream Image1 is open.
16501329	[INFO]	XnProperty.cpp	74	Setting Depth1.Registration to 1...
16517281	[WARNING]	XnDepthProcessor.cpp	133	Read: Depth buffer is corrupt. Size is 587392 (!= 614400)
16517337	[WARNING]	XnFrameStreamProcessor.cpp	132	Depth frame is corrupt!
16653781	[INFO]	XnProperty.cpp	151	Property Depth1.Registration was changed to 1.
16653826	[INFO]	XnProperty.cpp	101	Depth1.Registration was successfully set.
16653873	[INFO]	XnProperty.cpp	74	Setting Image1.Mirror to 1...
16666054	[INFO]	XnProperty.cpp	151	Property Image1.FirmwareMirror was changed to 1.
16666086	[INFO]	XnProperty.cpp	151	Property Image1.Mirror was changed to 1.
16666098	[INFO]	XnProperty.cpp	101	Image1.Mirror was successfully set.
308642075	[INFO]	XnOpenNI.cpp	1459	Destroying node 'User1'
308648514	[INFO]	XnOpenNI.cpp	1459	Destroying node 'Depth1'
308648606	[INFO]	XnDeviceBase.cpp	1507	Destroying stream 'Depth1'...
308649784	[INFO]	XnOpenNI.cpp	1459	Destroying node 'Image1'
308649824	[INFO]	XnDeviceBase.cpp	1507	Destroying stream 'Image1'...
308650709	[INFO]	XnOpenNI.cpp	1459	Destroying node 'Device1'
