   66254	[INFO]	XnLog.cpp	165	OpenNI version is 1.0.0 (Build 25)-MacOSX (Jan  7 2011 14:20:18)
   66319	[INFO]	XnLog.cpp	173	Log system initialized. Console: 1, File: 1, Severity: INFO, Masks: ALL
   66356	[INFO]	XnLog.cpp	173	Log system initialized. Console: 1, File: 1, Severity: INFO, Masks: ALL
   68048	[INFO]	XnUSBLinux-x86.cpp	98	USB is initialized.
 4087212	[INFO]	XnOpenNI.cpp	1261	Creating node 'Device1' of type Device...
 4088133	[INFO]	XnDeviceModule.cpp	431	Module 'Device' configuration was loaded from file.
 4540928	[INFO]	XnDeviceSensorIO.cpp	135	Connected to USB device
 4540987	[INFO]	XnProperty.cpp	151	Property Device.USBPath was changed to 045e/02ae@250/11.
 4548415	[INFO]	XnHostProtocol.cpp	825	Hardware versions: FW=5.1.4 (7) HW=4 Chip=2 Sensor=4 SYS=7
 5956201	[INFO]	XnProperty.cpp	151	Property Device.ID was changed to 0.
 5956285	[INFO]	XnSensor.cpp	182	Device sensor initialized
 5956390	[INFO]	XnOpenNI.cpp	1261	Creating node 'Depth1' of type Depth...
 5956441	[INFO]	XnDeviceBase.cpp	1383	Creating stream 'Depth1' of type 'Depth'...
 5956461	[INFO]	XnProperty.cpp	74	Setting Device.ReadData to 1...
 5956490	[INFO]	XnDeviceSensorIO.cpp	298	Endpoints open
 5968671	[INFO]	XnProperty.cpp	151	Property Device.ReadData was changed to 1.
 5968702	[INFO]	XnProperty.cpp	101	Device.ReadData was successfully set.
 5969131	[INFO]	XnProperty.cpp	151	Property Depth1.Resolution was changed to 0.
 5969154	[INFO]	XnProperty.cpp	151	Property Depth1.XRes was changed to 320.
 5969173	[INFO]	XnProperty.cpp	151	Property Depth1.YRes was changed to 240.
 5969192	[INFO]	XnProperty.cpp	151	Property Depth1.FPS was changed to 30.
 5969209	[INFO]	XnProperty.cpp	151	Property Depth1.OutputFormat was changed to 1.
 5969225	[INFO]	XnProperty.cpp	151	Property Depth1.BytesPerPixel was changed to 2.
 5969239	[INFO]	XnProperty.cpp	151	Property Depth1.RequiredDataSize was changed to 153600.
 5969255	[INFO]	XnProperty.cpp	151	Property Depth1.ParamCoeff was changed to 4.
 5969319	[INFO]	XnProperty.cpp	151	Property Depth1.ShiftScale was changed to 10.
 5981547	[INFO]	XnProperty.cpp	151	Property Depth1.ConstShift was changed to 200.
 5981647	[INFO]	XnProperty.cpp	151	Property Depth1.ZPD was changed to 120.
 5981777	[INFO]	XnProperty.cpp	151	Property Depth1.ZPPS was changed to 0.104200.
 5981801	[INFO]	XnProperty.cpp	151	Property Depth1.LDDIS was changed to 7.500000.
 5981913	[INFO]	XnProperty.cpp	151	Property Depth1.Gain was changed to 30.
 5981952	[INFO]	XnDeviceBase.cpp	1458	Stream 'Depth1' was initialized.
 5981973	[INFO]	XnDeviceBase.cpp	1463	'Depth1' stream was created.
 5982162	[INFO]	XnProperty.cpp	74	Setting Depth1.InputFormat to 3...
 5982186	[INFO]	XnProperty.cpp	151	Property Depth1.InputFormat was changed to 3.
 5982202	[INFO]	XnProperty.cpp	101	Depth1.InputFormat was successfully set.
 5982677	[INFO]	XnProperty.cpp	74	Setting Depth1.RegistrationType to 2...
 5982696	[INFO]	XnProperty.cpp	151	Property Depth1.RegistrationType was changed to 2.
 5982714	[INFO]	XnProperty.cpp	101	Depth1.RegistrationType was successfully set.
 5983350	[INFO]	XnDeviceModule.cpp	431	Module 'Depth1' configuration was loaded from file.
 5983543	[INFO]	XnProperty.cpp	74	Setting Depth1.FPS to 30...
 5983567	[INFO]	XnProperty.cpp	86	Depth1.FPS value did not change.
 5983586	[INFO]	XnProperty.cpp	74	Setting Depth1.YRes to 480...
 5983607	[INFO]	XnProperty.cpp	151	Property Depth1.Resolution was changed to 1.
 5983628	[INFO]	XnProperty.cpp	151	Property Depth1.XRes was changed to 640.
 5983645	[INFO]	XnProperty.cpp	151	Property Depth1.RequiredDataSize was changed to 307200.
 5983664	[INFO]	XnProperty.cpp	151	Property Depth1.YRes was changed to 480.
 5983678	[INFO]	XnProperty.cpp	151	Property Depth1.RequiredDataSize was changed to 614400.
 5983690	[INFO]	XnProperty.cpp	101	Depth1.YRes was successfully set.
 5983706	[INFO]	XnProperty.cpp	74	Setting Depth1.XRes to 640...
 5983722	[INFO]	XnProperty.cpp	86	Depth1.XRes value did not change.
 5983783	[INFO]	XnProperty.cpp	74	Setting Depth1.Mirror to 1...
 5983803	[INFO]	XnProperty.cpp	151	Property Depth1.FirmwareMirror was changed to 1.
 5983854	[INFO]	XnProperty.cpp	151	Property Depth1.Mirror was changed to 1.
 5983871	[INFO]	XnProperty.cpp	101	Depth1.Mirror was successfully set.
 9389837	[INFO]	XnOpenNI.cpp	1261	Creating node 'User1' of type User...
 9414408	[WARNING]	Linux-x86Threads.cpp	173	Failed to set thread priority: Invalid argument
 9414459	[WARNING]	XnUSBLinux-x86.cpp	126	USB events thread: Failed to set thread priority to critical. This might cause loss of data...
 9415236	[INFO]	XnUSBLinux-x86.cpp	1222	USB read thread was started.
 9415261	[INFO]	XnProperty.cpp	151	Property Depth1.ActualReadData was changed to 1.
 9886566	[INFO]	XnProperty.cpp	151	Property Depth1.State was changed to 1.
 9886612	[INFO]	XnDeviceBase.cpp	370	Stream Depth1 is open.
13291019	[INFO]	XnOpenNI.cpp	1261	Creating node 'Image1' of type Image...
13291101	[INFO]	XnDeviceBase.cpp	1383	Creating stream 'Image1' of type 'Image'...
13291317	[INFO]	XnProperty.cpp	151	Property Image1.Resolution was changed to 0.
13291337	[INFO]	XnProperty.cpp	151	Property Image1.XRes was changed to 320.
13291350	[INFO]	XnProperty.cpp	151	Property Image1.YRes was changed to 240.
13291366	[INFO]	XnProperty.cpp	151	Property Image1.FPS was changed to 30.
13291383	[INFO]	XnProperty.cpp	151	Property Image1.OutputFormat was changed to 5.
13291398	[INFO]	XnProperty.cpp	151	Property Image1.BytesPerPixel was changed to 3.
13291417	[INFO]	XnProperty.cpp	151	Property Image1.RequiredDataSize was changed to 230400.
13291457	[INFO]	XnDeviceBase.cpp	1458	Stream 'Image1' was initialized.
13291475	[INFO]	XnDeviceBase.cpp	1463	'Image1' stream was created.
13291573	[INFO]	XnProperty.cpp	74	Setting Image1.InputFormat to 6...
13291596	[INFO]	XnProperty.cpp	151	Property Image1.InputFormat was changed to 6.
13291613	[INFO]	XnProperty.cpp	101	Image1.InputFormat was successfully set.
13292077	[INFO]	XnDeviceModule.cpp	431	Module 'Image1' configuration was loaded from file.
13292178	[INFO]	XnProperty.cpp	74	Setting Image1.FPS to 30...
13292196	[INFO]	XnProperty.cpp	86	Image1.FPS value did not change.
13292213	[INFO]	XnProperty.cpp	74	Setting Image1.YRes to 480...
13292229	[INFO]	XnProperty.cpp	151	Property Image1.Resolution was changed to 1.
13292245	[INFO]	XnProperty.cpp	151	Property Image1.XRes was changed to 640.
13292263	[INFO]	XnProperty.cpp	151	Property Image1.RequiredDataSize was changed to 460800.
13292281	[INFO]	XnProperty.cpp	151	Property Image1.YRes was changed to 480.
13292296	[INFO]	XnProperty.cpp	151	Property Image1.RequiredDataSize was changed to 921600.
13292311	[INFO]	XnProperty.cpp	101	Image1.YRes was successfully set.
13292327	[INFO]	XnProperty.cpp	74	Setting Image1.XRes to 640...
13292343	[INFO]	XnProperty.cpp	86	Image1.XRes value did not change.
13293329	[INFO]	XnUSBLinux-x86.cpp	1222	USB read thread was started.
13293362	[INFO]	XnProperty.cpp	151	Property Image1.ActualReadData was changed to 1.
13354839	[WARNING]	XnDepthProcessor.cpp	133	Read: Depth buffer is corrupt. Size is 598672 (!= 614400)
13354891	[WARNING]	XnFrameStreamProcessor.cpp	132	Depth frame is corrupt!
13458830	[WARNING]	XnFrameStreamProcessor.cpp	140	Depth Frame Buffer overflow! current size: 612768
13458880	[WARNING]	XnFrameStreamProcessor.cpp	132	Depth frame is corrupt!
13462825	[WARNING]	XnFirmwareStreams.cpp	324	Unknown packet type (0x4847)!!!
13462849	[WARNING]	XnFirmwareStreams.cpp	324	Unknown packet type (0x4846)!!!
13470823	[WARNING]	XnFirmwareStreams.cpp	324	Unknown packet type (0x4847)!!!
13486785	[WARNING]	XnDepthProcessor.cpp	133	Read: Depth buffer is corrupt. Size is 612768 (!= 614400)
16390890	[WARNING]	XnDepthProcessor.cpp	133	Read: Depth buffer is corrupt. Size is 601456 (!= 614400)
16390948	[WARNING]	XnFrameStreamProcessor.cpp	132	Depth frame is corrupt!
16494574	[INFO]	XnProperty.cpp	151	Property Image1.State was changed to 1.
16494619	[INFO]	XnDeviceBase.cpp	370	Stream Image1 is open.
16494851	[INFO]	XnProperty.cpp	74	Setting Depth1.Registration to 1...
16502856	[WARNING]	XnFirmwareStreams.cpp	324	Unknown packet type (0x4948)!!!
16522912	[WARNING]	XnDepthProcessor.cpp	133	Read: Depth buffer is corrupt. Size is 577504 (!= 614400)
16522988	[WARNING]	XnFrameStreamProcessor.cpp	132	Depth frame is corrupt!
16646917	[INFO]	XnProperty.cpp	151	Property Depth1.Registration was changed to 1.
16646971	[INFO]	XnProperty.cpp	101	Depth1.Registration was successfully set.
16647032	[INFO]	XnProperty.cpp	74	Setting Image1.Mirror to 1...
16659418	[INFO]	XnProperty.cpp	151	Property Image1.FirmwareMirror was changed to 1.
16659451	[INFO]	XnProperty.cpp	151	Property Image1.Mirror was changed to 1.
16659463	[INFO]	XnProperty.cpp	101	Image1.Mirror was successfully set.
39950527	[INFO]	XnOpenNI.cpp	1459	Destroying node 'User1'
39957252	[INFO]	XnOpenNI.cpp	1459	Destroying node 'Depth1'
39957359	[INFO]	XnDeviceBase.cpp	1507	Destroying stream 'Depth1'...
39958602	[INFO]	XnOpenNI.cpp	1459	Destroying node 'Image1'
39958648	[INFO]	XnDeviceBase.cpp	1507	Destroying stream 'Image1'...
39960062	[INFO]	XnOpenNI.cpp	1459	Destroying node 'Device1'
