    2449	[INFO]	XnLog.cpp	165	OpenNI version is 1.0.0 (Build 25)-MacOSX (Jan  7 2011 14:20:18)
    2529	[INFO]	XnLog.cpp	173	Log system initialized. Console: 1, File: 1, Severity: INFO, Masks: ALL
    2565	[INFO]	XnLog.cpp	173	Log system initialized. Console: 1, File: 1, Severity: INFO, Masks: ALL
   38628	[INFO]	XnUSBLinux-x86.cpp	98	USB is initialized.
 4068511	[INFO]	XnOpenNI.cpp	1261	Creating node 'Device1' of type Device...
 4069427	[INFO]	XnDeviceModule.cpp	431	Module 'Device' configuration was loaded from file.
 4520510	[INFO]	XnDeviceSensorIO.cpp	135	Connected to USB device
 4520566	[INFO]	XnProperty.cpp	151	Property Device.USBPath was changed to 045e/02ae@250/11.
 4528479	[INFO]	XnHostProtocol.cpp	825	Hardware versions: FW=5.1.4 (7) HW=4 Chip=2 Sensor=4 SYS=7
 5937351	[INFO]	XnProperty.cpp	151	Property Device.ID was changed to 0.
 5937432	[INFO]	XnSensor.cpp	182	Device sensor initialized
 5937547	[INFO]	XnOpenNI.cpp	1261	Creating node 'Depth1' of type Depth...
 5937589	[INFO]	XnDeviceBase.cpp	1383	Creating stream 'Depth1' of type 'Depth'...
 5937606	[INFO]	XnProperty.cpp	74	Setting Device.ReadData to 1...
 5937635	[INFO]	XnDeviceSensorIO.cpp	298	Endpoints open
 5950004	[INFO]	XnProperty.cpp	151	Property Device.ReadData was changed to 1.
 5950026	[INFO]	XnProperty.cpp	101	Device.ReadData was successfully set.
 5950438	[INFO]	XnProperty.cpp	151	Property Depth1.Resolution was changed to 0.
 5950461	[INFO]	XnProperty.cpp	151	Property Depth1.XRes was changed to 320.
 5950479	[INFO]	XnProperty.cpp	151	Property Depth1.YRes was changed to 240.
 5950499	[INFO]	XnProperty.cpp	151	Property Depth1.FPS was changed to 30.
 5950516	[INFO]	XnProperty.cpp	151	Property Depth1.OutputFormat was changed to 1.
 5950533	[INFO]	XnProperty.cpp	151	Property Depth1.BytesPerPixel was changed to 2.
 5950551	[INFO]	XnProperty.cpp	151	Property Depth1.RequiredDataSize was changed to 153600.
 5950568	[INFO]	XnProperty.cpp	151	Property Depth1.ParamCoeff was changed to 4.
 5950639	[INFO]	XnProperty.cpp	151	Property Depth1.ShiftScale was changed to 10.
 5963041	[INFO]	XnProperty.cpp	151	Property Depth1.ConstShift was changed to 200.
 5963112	[INFO]	XnProperty.cpp	151	Property Depth1.ZPD was changed to 120.
 5963231	[INFO]	XnProperty.cpp	151	Property Depth1.ZPPS was changed to 0.104200.
 5963258	[INFO]	XnProperty.cpp	151	Property Depth1.LDDIS was changed to 7.500000.
 5963372	[INFO]	XnProperty.cpp	151	Property Depth1.Gain was changed to 30.
 5963409	[INFO]	XnDeviceBase.cpp	1458	Stream 'Depth1' was initialized.
 5963431	[INFO]	XnDeviceBase.cpp	1463	'Depth1' stream was created.
 5963643	[INFO]	XnProperty.cpp	74	Setting Depth1.InputFormat to 3...
 5963674	[INFO]	XnProperty.cpp	151	Property Depth1.InputFormat was changed to 3.
 5963696	[INFO]	XnProperty.cpp	101	Depth1.InputFormat was successfully set.
 5964284	[INFO]	XnProperty.cpp	74	Setting Depth1.RegistrationType to 2...
 5964304	[INFO]	XnProperty.cpp	151	Property Depth1.RegistrationType was changed to 2.
 5964316	[INFO]	XnProperty.cpp	101	Depth1.RegistrationType was successfully set.
 5964910	[INFO]	XnDeviceModule.cpp	431	Module 'Depth1' configuration was loaded from file.
 5965128	[INFO]	XnProperty.cpp	74	Setting Depth1.FPS to 30...
 5965149	[INFO]	XnProperty.cpp	86	Depth1.FPS value did not change.
 5965165	[INFO]	XnProperty.cpp	74	Setting Depth1.YRes to 480...
 5965187	[INFO]	XnProperty.cpp	151	Property Depth1.Resolution was changed to 1.
 5965206	[INFO]	XnProperty.cpp	151	Property Depth1.XRes was changed to 640.
 5965222	[INFO]	XnProperty.cpp	151	Property Depth1.RequiredDataSize was changed to 307200.
 5965238	[INFO]	XnProperty.cpp	151	Property Depth1.YRes was changed to 480.
 5965250	[INFO]	XnProperty.cpp	151	Property Depth1.RequiredDataSize was changed to 614400.
 5965267	[INFO]	XnProperty.cpp	101	Depth1.YRes was successfully set.
 5965285	[INFO]	XnProperty.cpp	74	Setting Depth1.XRes to 640...
 5965303	[INFO]	XnProperty.cpp	86	Depth1.XRes value did not change.
 5965357	[INFO]	XnProperty.cpp	74	Setting Depth1.Mirror to 1...
 5965374	[INFO]	XnProperty.cpp	151	Property Depth1.FirmwareMirror was changed to 1.
 5965668	[INFO]	XnProperty.cpp	151	Property Depth1.Mirror was changed to 1.
 5965687	[INFO]	XnProperty.cpp	101	Depth1.Mirror was successfully set.
 9367646	[INFO]	XnOpenNI.cpp	1261	Creating node 'User1' of type User...
 9392189	[WARNING]	Linux-x86Threads.cpp	173	Failed to set thread priority: Invalid argument
 9392243	[WARNING]	XnUSBLinux-x86.cpp	126	USB events thread: Failed to set thread priority to critical. This might cause loss of data...
 9393090	[INFO]	XnUSBLinux-x86.cpp	1222	USB read thread was started.
 9393117	[INFO]	XnProperty.cpp	151	Property Depth1.ActualReadData was changed to 1.
 9864322	[INFO]	XnProperty.cpp	151	Property Depth1.State was changed to 1.
 9864367	[INFO]	XnDeviceBase.cpp	370	Stream Depth1 is open.
13269128	[INFO]	XnOpenNI.cpp	1261	Creating node 'Image1' of type Image...
13269184	[INFO]	XnDeviceBase.cpp	1383	Creating stream 'Image1' of type 'Image'...
13269410	[INFO]	XnProperty.cpp	151	Property Image1.Resolution was changed to 0.
13269433	[INFO]	XnProperty.cpp	151	Property Image1.XRes was changed to 320.
13269453	[INFO]	XnProperty.cpp	151	Property Image1.YRes was changed to 240.
13269472	[INFO]	XnProperty.cpp	151	Property Image1.FPS was changed to 30.
13269487	[INFO]	XnProperty.cpp	151	Property Image1.OutputFormat was changed to 5.
13269505	[INFO]	XnProperty.cpp	151	Property Image1.BytesPerPixel was changed to 3.
13269522	[INFO]	XnProperty.cpp	151	Property Image1.RequiredDataSize was changed to 230400.
13269554	[INFO]	XnDeviceBase.cpp	1458	Stream 'Image1' was initialized.
13269568	[INFO]	XnDeviceBase.cpp	1463	'Image1' stream was created.
13269676	[INFO]	XnProperty.cpp	74	Setting Image1.InputFormat to 6...
13269704	[INFO]	XnProperty.cpp	151	Property Image1.InputFormat was changed to 6.
13269722	[INFO]	XnProperty.cpp	101	Image1.InputFormat was successfully set.
13270175	[INFO]	XnDeviceModule.cpp	431	Module 'Image1' configuration was loaded from file.
13270275	[INFO]	XnProperty.cpp	74	Setting Image1.FPS to 30...
13270298	[INFO]	XnProperty.cpp	86	Image1.FPS value did not change.
13270317	[INFO]	XnProperty.cpp	74	Setting Image1.YRes to 480...
13270342	[INFO]	XnProperty.cpp	151	Property Image1.Resolution was changed to 1.
13270363	[INFO]	XnProperty.cpp	151	Property Image1.XRes was changed to 640.
13270383	[INFO]	XnProperty.cpp	151	Property Image1.RequiredDataSize was changed to 460800.
13270403	[INFO]	XnProperty.cpp	151	Property Image1.YRes was changed to 480.
13270422	[INFO]	XnProperty.cpp	151	Property Image1.RequiredDataSize was changed to 921600.
13270447	[INFO]	XnProperty.cpp	101	Image1.YRes was successfully set.
13270468	[INFO]	XnProperty.cpp	74	Setting Image1.XRes to 640...
13270485	[INFO]	XnProperty.cpp	86	Image1.XRes value did not change.
13271424	[INFO]	XnUSBLinux-x86.cpp	1222	USB read thread was started.
13271453	[INFO]	XnProperty.cpp	151	Property Image1.ActualReadData was changed to 1.
13465033	[WARNING]	XnDepthProcessor.cpp	133	Read: Depth buffer is corrupt. Size is 547184 (!= 614400)
13465083	[WARNING]	XnFrameStreamProcessor.cpp	132	Depth frame is corrupt!
16369039	[WARNING]	XnDepthProcessor.cpp	133	Read: Depth buffer is corrupt. Size is 594848 (!= 614400)
16369113	[WARNING]	XnFrameStreamProcessor.cpp	132	Depth frame is corrupt!
16472191	[INFO]	XnProperty.cpp	151	Property Image1.State was changed to 1.
16472239	[INFO]	XnDeviceBase.cpp	370	Stream Image1 is open.
16472449	[INFO]	XnProperty.cpp	74	Setting Depth1.Registration to 1...
16624514	[INFO]	XnProperty.cpp	151	Property Depth1.Registration was changed to 1.
16624560	[INFO]	XnProperty.cpp	101	Depth1.Registration was successfully set.
16624612	[INFO]	XnProperty.cpp	74	Setting Image1.Mirror to 1...
16637088	[INFO]	XnProperty.cpp	151	Property Image1.FirmwareMirror was changed to 1.
16637134	[INFO]	XnProperty.cpp	151	Property Image1.Mirror was changed to 1.
16637151	[INFO]	XnProperty.cpp	101	Image1.Mirror was successfully set.
