    2145	[INFO]	XnLog.cpp	165	OpenNI version is 1.0.0 (Build 25)-MacOSX (Jan  7 2011 14:20:18)
    2197	[INFO]	XnLog.cpp	173	Log system initialized. Console: 1, File: 1, Severity: INFO, Masks: ALL
    2221	[INFO]	XnLog.cpp	173	Log system initialized. Console: 1, File: 1, Severity: INFO, Masks: ALL
    3731	[INFO]	XnUSBLinux-x86.cpp	98	USB is initialized.
 4075537	[INFO]	XnOpenNI.cpp	1261	Creating node 'Device1' of type Device...
 4076687	[INFO]	XnDeviceModule.cpp	431	Module 'Device' configuration was loaded from file.
 4428097	[INFO]	XnDeviceSensorIO.cpp	135	Connected to USB device
 4428154	[INFO]	XnProperty.cpp	151	Property Device.USBPath was changed to 045e/02ae@250/11.
 4435728	[INFO]	XnHostProtocol.cpp	825	Hardware versions: FW=5.1.4 (7) HW=4 Chip=2 Sensor=4 SYS=7
 5850495	[INFO]	XnProperty.cpp	151	Property Device.ID was changed to 0.
 5850572	[INFO]	XnSensor.cpp	182	Device sensor initialized
 5850720	[INFO]	XnOpenNI.cpp	1261	Creating node 'Depth1' of type Depth...
 5850811	[INFO]	XnDeviceBase.cpp	1383	Creating stream 'Depth1' of type 'Depth'...
 5850858	[INFO]	XnProperty.cpp	74	Setting Device.ReadData to 1...
 5850936	[INFO]	XnDeviceSensorIO.cpp	298	Endpoints open
 5863448	[INFO]	XnProperty.cpp	151	Property Device.ReadData was changed to 1.
 5863491	[INFO]	XnProperty.cpp	101	Device.ReadData was successfully set.
 5864005	[INFO]	XnProperty.cpp	151	Property Depth1.Resolution was changed to 0.
 5864042	[INFO]	XnProperty.cpp	151	Property Depth1.XRes was changed to 320.
 5864073	[INFO]	XnProperty.cpp	151	Property Depth1.YRes was changed to 240.
 5864104	[INFO]	XnProperty.cpp	151	Property Depth1.FPS was changed to 30.
 5864134	[INFO]	XnProperty.cpp	151	Property Depth1.OutputFormat was changed to 1.
 5864165	[INFO]	XnProperty.cpp	151	Property Depth1.BytesPerPixel was changed to 2.
 5864194	[INFO]	XnProperty.cpp	151	Property Depth1.RequiredDataSize was changed to 153600.
 5864231	[INFO]	XnProperty.cpp	151	Property Depth1.ParamCoeff was changed to 4.
 5864353	[INFO]	XnProperty.cpp	151	Property Depth1.ShiftScale was changed to 10.
 5877300	[INFO]	XnProperty.cpp	151	Property Depth1.ConstShift was changed to 200.
 5877402	[INFO]	XnProperty.cpp	151	Property Depth1.ZPD was changed to 120.
 5877590	[INFO]	XnProperty.cpp	151	Property Depth1.ZPPS was changed to 0.104200.
 5877630	[INFO]	XnProperty.cpp	151	Property Depth1.LDDIS was changed to 7.500000.
 5877812	[INFO]	XnProperty.cpp	151	Property Depth1.Gain was changed to 30.
 5877865	[INFO]	XnDeviceBase.cpp	1458	Stream 'Depth1' was initialized.
 5877899	[INFO]	XnDeviceBase.cpp	1463	'Depth1' stream was created.
 5878218	[INFO]	XnProperty.cpp	74	Setting Depth1.InputFormat to 3...
 5878271	[INFO]	XnProperty.cpp	151	Property Depth1.InputFormat was changed to 3.
 5878303	[INFO]	XnProperty.cpp	101	Depth1.InputFormat was successfully set.
 5879200	[INFO]	XnProperty.cpp	74	Setting Depth1.RegistrationType to 2...
 5879230	[INFO]	XnProperty.cpp	151	Property Depth1.RegistrationType was changed to 2.
 5879256	[INFO]	XnProperty.cpp	101	Depth1.RegistrationType was successfully set.
 5880058	[INFO]	XnDeviceModule.cpp	431	Module 'Depth1' configuration was loaded from file.
 5880302	[INFO]	XnProperty.cpp	74	Setting Depth1.FPS to 30...
 5880334	[INFO]	XnProperty.cpp	86	Depth1.FPS value did not change.
 5880360	[INFO]	XnProperty.cpp	74	Setting Depth1.YRes to 480...
 5880388	[INFO]	XnProperty.cpp	151	Property Depth1.Resolution was changed to 1.
 5880415	[INFO]	XnProperty.cpp	151	Property Depth1.XRes was changed to 640.
 5880440	[INFO]	XnProperty.cpp	151	Property Depth1.RequiredDataSize was changed to 307200.
 5880468	[INFO]	XnProperty.cpp	151	Property Depth1.YRes was changed to 480.
 5880494	[INFO]	XnProperty.cpp	151	Property Depth1.RequiredDataSize was changed to 614400.
 5880521	[INFO]	XnProperty.cpp	101	Depth1.YRes was successfully set.
 5880547	[INFO]	XnProperty.cpp	74	Setting Depth1.XRes to 640...
 5880569	[INFO]	XnProperty.cpp	86	Depth1.XRes value did not change.
 5880646	[INFO]	XnProperty.cpp	74	Setting Depth1.Mirror to 1...
 5880675	[INFO]	XnProperty.cpp	151	Property Depth1.FirmwareMirror was changed to 1.
 5880752	[INFO]	XnProperty.cpp	151	Property Depth1.Mirror was changed to 1.
 5880775	[INFO]	XnProperty.cpp	101	Depth1.Mirror was successfully set.
 8446703	[INFO]	XnOpenNI.cpp	1261	Creating node 'User1' of type User...
 8472508	[WARNING]	Linux-x86Threads.cpp	173	Failed to set thread priority: Invalid argument
 8472567	[WARNING]	XnUSBLinux-x86.cpp	126	USB events thread: Failed to set thread priority to critical. This might cause loss of data...
 8473505	[INFO]	XnUSBLinux-x86.cpp	1222	USB read thread was started.
 8473530	[INFO]	XnProperty.cpp	151	Property Depth1.ActualReadData was changed to 1.
 8944908	[INFO]	XnProperty.cpp	151	Property Depth1.State was changed to 1.
 8944949	[INFO]	XnDeviceBase.cpp	370	Stream Depth1 is open.
11489390	[INFO]	XnOpenNI.cpp	1261	Creating node 'Image1' of type Image...
11489443	[INFO]	XnDeviceBase.cpp	1383	Creating stream 'Image1' of type 'Image'...
11489685	[INFO]	XnProperty.cpp	151	Property Image1.Resolution was changed to 0.
11489713	[INFO]	XnProperty.cpp	151	Property Image1.XRes was changed to 320.
11489734	[INFO]	XnProperty.cpp	151	Property Image1.YRes was changed to 240.
11489753	[INFO]	XnProperty.cpp	151	Property Image1.FPS was changed to 30.
11489771	[INFO]	XnProperty.cpp	151	Property Image1.OutputFormat was changed to 5.
11489789	[INFO]	XnProperty.cpp	151	Property Image1.BytesPerPixel was changed to 3.
11489807	[INFO]	XnProperty.cpp	151	Property Image1.RequiredDataSize was changed to 230400.
11489846	[INFO]	XnDeviceBase.cpp	1458	Stream 'Image1' was initialized.
11489868	[INFO]	XnDeviceBase.cpp	1463	'Image1' stream was created.
11490001	[INFO]	XnProperty.cpp	74	Setting Image1.InputFormat to 6...
11490031	[INFO]	XnProperty.cpp	151	Property Image1.InputFormat was changed to 6.
11490050	[INFO]	XnProperty.cpp	101	Image1.InputFormat was successfully set.
11490589	[INFO]	XnDeviceModule.cpp	431	Module 'Image1' configuration was loaded from file.
11490701	[INFO]	XnProperty.cpp	74	Setting Image1.FPS to 30...
11490724	[INFO]	XnProperty.cpp	86	Image1.FPS value did not change.
11490744	[INFO]	XnProperty.cpp	74	Setting Image1.YRes to 480...
11490764	[INFO]	XnProperty.cpp	151	Property Image1.Resolution was changed to 1.
11490783	[INFO]	XnProperty.cpp	151	Property Image1.XRes was changed to 640.
11490801	[INFO]	XnProperty.cpp	151	Property Image1.RequiredDataSize was changed to 460800.
11490822	[INFO]	XnProperty.cpp	151	Property Image1.YRes was changed to 480.
11490841	[INFO]	XnProperty.cpp	151	Property Image1.RequiredDataSize was changed to 921600.
11490860	[INFO]	XnProperty.cpp	101	Image1.YRes was successfully set.
11490879	[INFO]	XnProperty.cpp	74	Setting Image1.XRes to 640...
11490897	[INFO]	XnProperty.cpp	86	Image1.XRes value did not change.
11491874	[INFO]	XnUSBLinux-x86.cpp	1222	USB read thread was started.
11491901	[INFO]	XnProperty.cpp	151	Property Image1.ActualReadData was changed to 1.
11677670	[WARNING]	XnDepthProcessor.cpp	133	Read: Depth buffer is corrupt. Size is 582816 (!= 614400)
11677721	[WARNING]	XnFrameStreamProcessor.cpp	132	Depth frame is corrupt!
