   38606	[INFO]	XnLog.cpp	165	OpenNI version is 1.0.0 (Build 25)-MacOSX (Jan  7 2011 14:20:18)
   38668	[INFO]	XnLog.cpp	173	Log system initialized. Console: 1, File: 1, Severity: INFO, Masks: ALL
   38963	[INFO]	XnLog.cpp	173	Log system initialized. Console: 1, File: 1, Severity: INFO, Masks: ALL
   41625	[INFO]	XnUSBLinux-x86.cpp	98	USB is initialized.
 4158913	[INFO]	XnOpenNI.cpp	1261	Creating node 'Device1' of type Device...
 4159838	[INFO]	XnDeviceModule.cpp	431	Module 'Device' configuration was loaded from file.
 4614811	[INFO]	XnDeviceSensorIO.cpp	135	Connected to USB device
 4614857	[INFO]	XnProperty.cpp	151	Property Device.USBPath was changed to 045e/02ae@250/11.
 4622210	[INFO]	XnHostProtocol.cpp	825	Hardware versions: FW=5.1.4 (7) HW=4 Chip=2 Sensor=4 SYS=7
 6036137	[INFO]	XnProperty.cpp	151	Property Device.ID was changed to 0.
 6036225	[INFO]	XnSensor.cpp	182	Device sensor initialized
 6036367	[INFO]	XnOpenNI.cpp	1261	Creating node 'Depth1' of type Depth...
 6036456	[INFO]	XnDeviceBase.cpp	1383	Creating stream 'Depth1' of type 'Depth'...
 6036503	[INFO]	XnProperty.cpp	74	Setting Device.ReadData to 1...
 6036576	[INFO]	XnDeviceSensorIO.cpp	298	Endpoints open
 6049146	[INFO]	XnProperty.cpp	151	Property Device.ReadData was changed to 1.
 6049186	[INFO]	XnProperty.cpp	101	Device.ReadData was successfully set.
 6049835	[INFO]	XnProperty.cpp	151	Property Depth1.Resolution was changed to 0.
 6049869	[INFO]	XnProperty.cpp	151	Property Depth1.XRes was changed to 320.
 6049890	[INFO]	XnProperty.cpp	151	Property Depth1.YRes was changed to 240.
 6049909	[INFO]	XnProperty.cpp	151	Property Depth1.FPS was changed to 30.
 6049935	[INFO]	XnProperty.cpp	151	Property Depth1.OutputFormat was changed to 1.
 6049965	[INFO]	XnProperty.cpp	151	Property Depth1.BytesPerPixel was changed to 2.
 6049996	[INFO]	XnProperty.cpp	151	Property Depth1.RequiredDataSize was changed to 153600.
 6050032	[INFO]	XnProperty.cpp	151	Property Depth1.ParamCoeff was changed to 4.
 6050153	[INFO]	XnProperty.cpp	151	Property Depth1.ShiftScale was changed to 10.
 6062768	[INFO]	XnProperty.cpp	151	Property Depth1.ConstShift was changed to 200.
 6062877	[INFO]	XnProperty.cpp	151	Property Depth1.ZPD was changed to 120.
 6063041	[INFO]	XnProperty.cpp	151	Property Depth1.ZPPS was changed to 0.104200.
 6063069	[INFO]	XnProperty.cpp	151	Property Depth1.LDDIS was changed to 7.500000.
 6063250	[INFO]	XnProperty.cpp	151	Property Depth1.Gain was changed to 30.
 6063289	[INFO]	XnDeviceBase.cpp	1458	Stream 'Depth1' was initialized.
 6063309	[INFO]	XnDeviceBase.cpp	1463	'Depth1' stream was created.
 6063546	[INFO]	XnProperty.cpp	74	Setting Depth1.InputFormat to 3...
 6063583	[INFO]	XnProperty.cpp	151	Property Depth1.InputFormat was changed to 3.
 6063602	[INFO]	XnProperty.cpp	101	Depth1.InputFormat was successfully set.
 6064349	[INFO]	XnProperty.cpp	74	Setting Depth1.RegistrationType to 2...
 6064382	[INFO]	XnProperty.cpp	151	Property Depth1.RegistrationType was changed to 2.
 6064409	[INFO]	XnProperty.cpp	101	Depth1.RegistrationType was successfully set.
 6065140	[INFO]	XnDeviceModule.cpp	431	Module 'Depth1' configuration was loaded from file.
 6065377	[INFO]	XnProperty.cpp	74	Setting Depth1.FPS to 30...
 6065402	[INFO]	XnProperty.cpp	86	Depth1.FPS value did not change.
 6065418	[INFO]	XnProperty.cpp	74	Setting Depth1.YRes to 480...
 6065437	[INFO]	XnProperty.cpp	151	Property Depth1.Resolution was changed to 1.
 6065460	[INFO]	XnProperty.cpp	151	Property Depth1.XRes was changed to 640.
 6065485	[INFO]	XnProperty.cpp	151	Property Depth1.RequiredDataSize was changed to 307200.
 6065512	[INFO]	XnProperty.cpp	151	Property Depth1.YRes was changed to 480.
 6065536	[INFO]	XnProperty.cpp	151	Property Depth1.RequiredDataSize was changed to 614400.
 6065563	[INFO]	XnProperty.cpp	101	Depth1.YRes was successfully set.
 6065589	[INFO]	XnProperty.cpp	74	Setting Depth1.XRes to 640...
 6065612	[INFO]	XnProperty.cpp	86	Depth1.XRes value did not change.
 6065686	[INFO]	XnProperty.cpp	74	Setting Depth1.Mirror to 1...
 6065717	[INFO]	XnProperty.cpp	151	Property Depth1.FirmwareMirror was changed to 1.
 6065786	[INFO]	XnProperty.cpp	151	Property Depth1.Mirror was changed to 1.
 6065811	[INFO]	XnProperty.cpp	101	Depth1.Mirror was successfully set.
 9497061	[INFO]	XnOpenNI.cpp	1261	Creating node 'User1' of type User...
 9616735	[WARNING]	Linux-x86Threads.cpp	173	Failed to set thread priority: Invalid argument
 9616789	[WARNING]	XnUSBLinux-x86.cpp	126	USB events thread: Failed to set thread priority to critical. This might cause loss of data...
 9618037	[INFO]	XnUSBLinux-x86.cpp	1222	USB read thread was started.
 9618074	[INFO]	XnProperty.cpp	151	Property Depth1.ActualReadData was changed to 1.
10088418	[INFO]	XnProperty.cpp	151	Property Depth1.State was changed to 1.
10088470	[INFO]	XnDeviceBase.cpp	370	Stream Depth1 is open.
13471371	[INFO]	XnOpenNI.cpp	1261	Creating node 'Image1' of type Image...
13471424	[INFO]	XnDeviceBase.cpp	1383	Creating stream 'Image1' of type 'Image'...
13471652	[INFO]	XnProperty.cpp	151	Property Image1.Resolution was changed to 0.
13471683	[INFO]	XnProperty.cpp	151	Property Image1.XRes was changed to 320.
13471704	[INFO]	XnProperty.cpp	151	Property Image1.YRes was changed to 240.
13471724	[INFO]	XnProperty.cpp	151	Property Image1.FPS was changed to 30.
13471741	[INFO]	XnProperty.cpp	151	Property Image1.OutputFormat was changed to 5.
13471759	[INFO]	XnProperty.cpp	151	Property Image1.BytesPerPixel was changed to 3.
13471776	[INFO]	XnProperty.cpp	151	Property Image1.RequiredDataSize was changed to 230400.
13471817	[INFO]	XnDeviceBase.cpp	1458	Stream 'Image1' was initialized.
13471838	[INFO]	XnDeviceBase.cpp	1463	'Image1' stream was created.
13471978	[INFO]	XnProperty.cpp	74	Setting Image1.InputFormat to 6...
13472010	[INFO]	XnProperty.cpp	151	Property Image1.InputFormat was changed to 6.
13472031	[INFO]	XnProperty.cpp	101	Image1.InputFormat was successfully set.
13472590	[INFO]	XnDeviceModule.cpp	431	Module 'Image1' configuration was loaded from file.
13472699	[INFO]	XnProperty.cpp	74	Setting Image1.FPS to 30...
13472722	[INFO]	XnProperty.cpp	86	Image1.FPS value did not change.
13472742	[INFO]	XnProperty.cpp	74	Setting Image1.YRes to 480...
13472763	[INFO]	XnProperty.cpp	151	Property Image1.Resolution was changed to 1.
13472783	[INFO]	XnProperty.cpp	151	Property Image1.XRes was changed to 640.
13472808	[INFO]	XnProperty.cpp	151	Property Image1.RequiredDataSize was changed to 460800.
13472829	[INFO]	XnProperty.cpp	151	Property Image1.YRes was changed to 480.
13472848	[INFO]	XnProperty.cpp	151	Property Image1.RequiredDataSize was changed to 921600.
13472867	[INFO]	XnProperty.cpp	101	Image1.YRes was successfully set.
13472887	[INFO]	XnProperty.cpp	74	Setting Image1.XRes to 640...
13472904	[INFO]	XnProperty.cpp	86	Image1.XRes value did not change.
13473840	[INFO]	XnUSBLinux-x86.cpp	1222	USB read thread was started.
13473869	[INFO]	XnProperty.cpp	151	Property Image1.ActualReadData was changed to 1.
13653706	[WARNING]	XnDepthProcessor.cpp	133	Read: Depth buffer is corrupt. Size is 531344 (!= 614400)
13653756	[WARNING]	XnFrameStreamProcessor.cpp	132	Depth frame is corrupt!
16674261	[INFO]	XnProperty.cpp	151	Property Image1.State was changed to 1.
16674331	[INFO]	XnDeviceBase.cpp	370	Stream Image1 is open.
16674614	[INFO]	XnProperty.cpp	74	Setting Depth1.Registration to 1...
16693675	[WARNING]	XnDepthProcessor.cpp	133	Read: Depth buffer is corrupt. Size is 598768 (!= 614400)
16693727	[WARNING]	XnFrameStreamProcessor.cpp	132	Depth frame is corrupt!
16826993	[INFO]	XnProperty.cpp	151	Property Depth1.Registration was changed to 1.
16827038	[INFO]	XnProperty.cpp	101	Depth1.Registration was successfully set.
16827088	[INFO]	XnProperty.cpp	74	Setting Image1.Mirror to 1...
16839624	[INFO]	XnProperty.cpp	151	Property Image1.FirmwareMirror was changed to 1.
16839655	[INFO]	XnProperty.cpp	151	Property Image1.Mirror was changed to 1.
16839667	[INFO]	XnProperty.cpp	101	Image1.Mirror was successfully set.
53713348	[INFO]	XnOpenNI.cpp	1459	Destroying node 'User1'
53720466	[INFO]	XnOpenNI.cpp	1459	Destroying node 'Depth1'
53720562	[INFO]	XnDeviceBase.cpp	1507	Destroying stream 'Depth1'...
53721712	[INFO]	XnOpenNI.cpp	1459	Destroying node 'Image1'
53721786	[INFO]	XnDeviceBase.cpp	1507	Destroying stream 'Image1'...
53722776	[INFO]	XnOpenNI.cpp	1459	Destroying node 'Device1'
