    4203	[INFO]	XnLog.cpp	165	OpenNI version is 1.0.0 (Build 25)-MacOSX (Jan  7 2011 14:20:18)
    4253	[INFO]	XnLog.cpp	173	Log system initialized. Console: 1, File: 1, Severity: INFO, Masks: ALL
    4277	[INFO]	XnLog.cpp	173	Log system initialized. Console: 1, File: 1, Severity: INFO, Masks: ALL
   12952	[INFO]	XnUSBLinux-x86.cpp	98	USB is initialized.
 4433827	[INFO]	XnOpenNI.cpp	1261	Creating node 'Device1' of type Device...
 4434760	[INFO]	XnDeviceModule.cpp	431	Module 'Device' configuration was loaded from file.
 5048456	[INFO]	XnDeviceSensorIO.cpp	135	Connected to USB device
 5048517	[INFO]	XnProperty.cpp	151	Property Device.USBPath was changed to 045e/02ae@250/11.
 5056200	[INFO]	XnHostProtocol.cpp	825	Hardware versions: FW=5.1.4 (7) HW=4 Chip=2 Sensor=4 SYS=7
 6463274	[INFO]	XnProperty.cpp	151	Property Device.ID was changed to 0.
 6463347	[INFO]	XnSensor.cpp	182	Device sensor initialized
 6463462	[INFO]	XnOpenNI.cpp	1261	Creating node 'Depth1' of type Depth...
 6463510	[INFO]	XnDeviceBase.cpp	1383	Creating stream 'Depth1' of type 'Depth'...
 6463530	[INFO]	XnProperty.cpp	74	Setting Device.ReadData to 1...
 6463565	[INFO]	XnDeviceSensorIO.cpp	298	Endpoints open
 6476104	[INFO]	XnProperty.cpp	151	Property Device.ReadData was changed to 1.
 6476130	[INFO]	XnProperty.cpp	101	Device.ReadData was successfully set.
 6476584	[INFO]	XnProperty.cpp	151	Property Depth1.Resolution was changed to 0.
 6476610	[INFO]	XnProperty.cpp	151	Property Depth1.XRes was changed to 320.
 6476625	[INFO]	XnProperty.cpp	151	Property Depth1.YRes was changed to 240.
 6476641	[INFO]	XnProperty.cpp	151	Property Depth1.FPS was changed to 30.
 6476663	[INFO]	XnProperty.cpp	151	Property Depth1.OutputFormat was changed to 1.
 6476683	[INFO]	XnProperty.cpp	151	Property Depth1.BytesPerPixel was changed to 2.
 6476702	[INFO]	XnProperty.cpp	151	Property Depth1.RequiredDataSize was changed to 153600.
 6476726	[INFO]	XnProperty.cpp	151	Property Depth1.ParamCoeff was changed to 4.
 6476803	[INFO]	XnProperty.cpp	151	Property Depth1.ShiftScale was changed to 10.
 6489457	[INFO]	XnProperty.cpp	151	Property Depth1.ConstShift was changed to 200.
 6489538	[INFO]	XnProperty.cpp	151	Property Depth1.ZPD was changed to 120.
 6489656	[INFO]	XnProperty.cpp	151	Property Depth1.ZPPS was changed to 0.104200.
 6489683	[INFO]	XnProperty.cpp	151	Property Depth1.LDDIS was changed to 7.500000.
 6489797	[INFO]	XnProperty.cpp	151	Property Depth1.Gain was changed to 30.
 6489834	[INFO]	XnDeviceBase.cpp	1458	Stream 'Depth1' was initialized.
 6489856	[INFO]	XnDeviceBase.cpp	1463	'Depth1' stream was created.
 6490050	[INFO]	XnProperty.cpp	74	Setting Depth1.InputFormat to 3...
 6490080	[INFO]	XnProperty.cpp	151	Property Depth1.InputFormat was changed to 3.
 6490100	[INFO]	XnProperty.cpp	101	Depth1.InputFormat was successfully set.
 6490663	[INFO]	XnProperty.cpp	74	Setting Depth1.RegistrationType to 2...
 6490683	[INFO]	XnProperty.cpp	151	Property Depth1.RegistrationType was changed to 2.
 6490695	[INFO]	XnProperty.cpp	101	Depth1.RegistrationType was successfully set.
 6491299	[INFO]	XnDeviceModule.cpp	431	Module 'Depth1' configuration was loaded from file.
 6491536	[INFO]	XnProperty.cpp	74	Setting Depth1.FPS to 30...
 6491562	[INFO]	XnProperty.cpp	86	Depth1.FPS value did not change.
 6491581	[INFO]	XnProperty.cpp	74	Setting Depth1.YRes to 480...
 6491603	[INFO]	XnProperty.cpp	151	Property Depth1.Resolution was changed to 1.
 6491622	[INFO]	XnProperty.cpp	151	Property Depth1.XRes was changed to 640.
 6491638	[INFO]	XnProperty.cpp	151	Property Depth1.RequiredDataSize was changed to 307200.
 6491652	[INFO]	XnProperty.cpp	151	Property Depth1.YRes was changed to 480.
 6491664	[INFO]	XnProperty.cpp	151	Property Depth1.RequiredDataSize was changed to 614400.
 6491676	[INFO]	XnProperty.cpp	101	Depth1.YRes was successfully set.
 6491689	[INFO]	XnProperty.cpp	74	Setting Depth1.XRes to 640...
 6491705	[INFO]	XnProperty.cpp	86	Depth1.XRes value did not change.
 6491769	[INFO]	XnProperty.cpp	74	Setting Depth1.Mirror to 1...
 6491793	[INFO]	XnProperty.cpp	151	Property Depth1.FirmwareMirror was changed to 1.
 6491857	[INFO]	XnProperty.cpp	151	Property Depth1.Mirror was changed to 1.
 6491877	[INFO]	XnProperty.cpp	101	Depth1.Mirror was successfully set.
 9890294	[INFO]	XnOpenNI.cpp	1261	Creating node 'User1' of type User...
 9914678	[WARNING]	Linux-x86Threads.cpp	173	Failed to set thread priority: Invalid argument
 9914729	[WARNING]	XnUSBLinux-x86.cpp	126	USB events thread: Failed to set thread priority to critical. This might cause loss of data...
 9915690	[INFO]	XnUSBLinux-x86.cpp	1222	USB read thread was started.
 9915715	[INFO]	XnProperty.cpp	151	Property Depth1.ActualReadData was changed to 1.
10386192	[INFO]	XnProperty.cpp	151	Property Depth1.State was changed to 1.
10386236	[INFO]	XnDeviceBase.cpp	370	Stream Depth1 is open.
13775443	[INFO]	XnOpenNI.cpp	1261	Creating node 'Image1' of type Image...
13775497	[INFO]	XnDeviceBase.cpp	1383	Creating stream 'Image1' of type 'Image'...
13775750	[INFO]	XnProperty.cpp	151	Property Image1.Resolution was changed to 0.
13775776	[INFO]	XnProperty.cpp	151	Property Image1.XRes was changed to 320.
13775795	[INFO]	XnProperty.cpp	151	Property Image1.YRes was changed to 240.
13775814	[INFO]	XnProperty.cpp	151	Property Image1.FPS was changed to 30.
13775831	[INFO]	XnProperty.cpp	151	Property Image1.OutputFormat was changed to 5.
13775847	[INFO]	XnProperty.cpp	151	Property Image1.BytesPerPixel was changed to 3.
13775859	[INFO]	XnProperty.cpp	151	Property Image1.RequiredDataSize was changed to 230400.
13775888	[INFO]	XnDeviceBase.cpp	1458	Stream 'Image1' was initialized.
13775900	[INFO]	XnDeviceBase.cpp	1463	'Image1' stream was created.
13776022	[INFO]	XnProperty.cpp	74	Setting Image1.InputFormat to 6...
13776051	[INFO]	XnProperty.cpp	151	Property Image1.InputFormat was changed to 6.
13776069	[INFO]	XnProperty.cpp	101	Image1.InputFormat was successfully set.
13776560	[INFO]	XnDeviceModule.cpp	431	Module 'Image1' configuration was loaded from file.
13776663	[INFO]	XnProperty.cpp	74	Setting Image1.FPS to 30...
13776681	[INFO]	XnProperty.cpp	86	Image1.FPS value did not change.
13776698	[INFO]	XnProperty.cpp	74	Setting Image1.YRes to 480...
13776713	[INFO]	XnProperty.cpp	151	Property Image1.Resolution was changed to 1.
13776734	[INFO]	XnProperty.cpp	151	Property Image1.XRes was changed to 640.
13776751	[INFO]	XnProperty.cpp	151	Property Image1.RequiredDataSize was changed to 460800.
13776769	[INFO]	XnProperty.cpp	151	Property Image1.YRes was changed to 480.
13776787	[INFO]	XnProperty.cpp	151	Property Image1.RequiredDataSize was changed to 921600.
13776806	[INFO]	XnProperty.cpp	101	Image1.YRes was successfully set.
13776823	[INFO]	XnProperty.cpp	74	Setting Image1.XRes to 640...
13776839	[INFO]	XnProperty.cpp	86	Image1.XRes value did not change.
13777750	[INFO]	XnUSBLinux-x86.cpp	1222	USB read thread was started.
13777778	[INFO]	XnProperty.cpp	151	Property Image1.ActualReadData was changed to 1.
13959646	[WARNING]	XnFrameStreamProcessor.cpp	140	Depth Frame Buffer overflow! current size: 612768
13959696	[WARNING]	XnFrameStreamProcessor.cpp	132	Depth frame is corrupt!
13987631	[WARNING]	XnDepthProcessor.cpp	133	Read: Depth buffer is corrupt. Size is 612768 (!= 614400)
16978152	[INFO]	XnProperty.cpp	151	Property Image1.State was changed to 1.
16978197	[INFO]	XnDeviceBase.cpp	370	Stream Image1 is open.
16978418	[INFO]	XnProperty.cpp	74	Setting Depth1.Registration to 1...
17130644	[INFO]	XnProperty.cpp	151	Property Depth1.Registration was changed to 1.
17130690	[INFO]	XnProperty.cpp	101	Depth1.Registration was successfully set.
17130736	[INFO]	XnProperty.cpp	74	Setting Image1.Mirror to 1...
17143153	[INFO]	XnProperty.cpp	151	Property Image1.FirmwareMirror was changed to 1.
17143187	[INFO]	XnProperty.cpp	151	Property Image1.Mirror was changed to 1.
17143200	[INFO]	XnProperty.cpp	101	Image1.Mirror was successfully set.
53099246	[INFO]	XnOpenNI.cpp	1459	Destroying node 'User1'
53106066	[INFO]	XnOpenNI.cpp	1459	Destroying node 'Depth1'
53106178	[INFO]	XnDeviceBase.cpp	1507	Destroying stream 'Depth1'...
53107713	[INFO]	XnOpenNI.cpp	1459	Destroying node 'Image1'
53107761	[INFO]	XnDeviceBase.cpp	1507	Destroying stream 'Image1'...
53109174	[INFO]	XnOpenNI.cpp	1459	Destroying node 'Device1'
