   35147	[INFO]	XnLog.cpp	165	OpenNI version is 1.0.0 (Build 25)-MacOSX (Jan  7 2011 14:20:18)
   35210	[INFO]	XnLog.cpp	173	Log system initialized. Console: 1, File: 1, Severity: INFO, Masks: ALL
   35244	[INFO]	XnLog.cpp	173	Log system initialized. Console: 1, File: 1, Severity: INFO, Masks: ALL
   39337	[INFO]	XnUSBLinux-x86.cpp	98	USB is initialized.
 4459871	[INFO]	XnOpenNI.cpp	1261	Creating node 'Device1' of type Device...
 4461360	[INFO]	XnDeviceModule.cpp	431	Module 'Device' configuration was loaded from file.
 5075867	[INFO]	XnDeviceSensorIO.cpp	135	Connected to USB device
 5075921	[INFO]	XnProperty.cpp	151	Property Device.USBPath was changed to 045e/02ae@250/11.
 5083629	[INFO]	XnHostProtocol.cpp	825	Hardware versions: FW=5.1.4 (7) HW=4 Chip=2 Sensor=4 SYS=7
 6496093	[INFO]	XnProperty.cpp	151	Property Device.ID was changed to 0.
 6496179	[INFO]	XnSensor.cpp	182	Device sensor initialized
 6496314	[INFO]	XnOpenNI.cpp	1261	Creating node 'Depth1' of type Depth...
 6496374	[INFO]	XnDeviceBase.cpp	1383	Creating stream 'Depth1' of type 'Depth'...
 6496397	[INFO]	XnProperty.cpp	74	Setting Device.ReadData to 1...
 6496433	[INFO]	XnDeviceSensorIO.cpp	298	Endpoints open
 6509220	[INFO]	XnProperty.cpp	151	Property Device.ReadData was changed to 1.
 6509268	[INFO]	XnProperty.cpp	101	Device.ReadData was successfully set.
 6509936	[INFO]	XnProperty.cpp	151	Property Depth1.Resolution was changed to 0.
 6509978	[INFO]	XnProperty.cpp	151	Property Depth1.XRes was changed to 320.
 6510010	[INFO]	XnProperty.cpp	151	Property Depth1.YRes was changed to 240.
 6510049	[INFO]	XnProperty.cpp	151	Property Depth1.FPS was changed to 30.
 6510083	[INFO]	XnProperty.cpp	151	Property Depth1.OutputFormat was changed to 1.
 6510119	[INFO]	XnProperty.cpp	151	Property Depth1.BytesPerPixel was changed to 2.
 6510149	[INFO]	XnProperty.cpp	151	Property Depth1.RequiredDataSize was changed to 153600.
 6510180	[INFO]	XnProperty.cpp	151	Property Depth1.ParamCoeff was changed to 4.
 6510309	[INFO]	XnProperty.cpp	151	Property Depth1.ShiftScale was changed to 10.
 6523029	[INFO]	XnProperty.cpp	151	Property Depth1.ConstShift was changed to 200.
 6523193	[INFO]	XnProperty.cpp	151	Property Depth1.ZPD was changed to 120.
 6523465	[INFO]	XnProperty.cpp	151	Property Depth1.ZPPS was changed to 0.104200.
 6523513	[INFO]	XnProperty.cpp	151	Property Depth1.LDDIS was changed to 7.500000.
 6523742	[INFO]	XnProperty.cpp	151	Property Depth1.Gain was changed to 30.
 6523805	[INFO]	XnDeviceBase.cpp	1458	Stream 'Depth1' was initialized.
 6523847	[INFO]	XnDeviceBase.cpp	1463	'Depth1' stream was created.
 6524212	[INFO]	XnProperty.cpp	74	Setting Depth1.InputFormat to 3...
 6524269	[INFO]	XnProperty.cpp	151	Property Depth1.InputFormat was changed to 3.
 6524309	[INFO]	XnProperty.cpp	101	Depth1.InputFormat was successfully set.
 6525453	[INFO]	XnProperty.cpp	74	Setting Depth1.RegistrationType to 2...
 6525497	[INFO]	XnProperty.cpp	151	Property Depth1.RegistrationType was changed to 2.
 6525524	[INFO]	XnProperty.cpp	101	Depth1.RegistrationType was successfully set.
 6526473	[INFO]	XnDeviceModule.cpp	431	Module 'Depth1' configuration was loaded from file.
 6526718	[INFO]	XnProperty.cpp	74	Setting Depth1.FPS to 30...
 6526749	[INFO]	XnProperty.cpp	86	Depth1.FPS value did not change.
 6526777	[INFO]	XnProperty.cpp	74	Setting Depth1.YRes to 480...
 6526810	[INFO]	XnProperty.cpp	151	Property Depth1.Resolution was changed to 1.
 6526839	[INFO]	XnProperty.cpp	151	Property Depth1.XRes was changed to 640.
 6526861	[INFO]	XnProperty.cpp	151	Property Depth1.RequiredDataSize was changed to 307200.
 6526882	[INFO]	XnProperty.cpp	151	Property Depth1.YRes was changed to 480.
 6526900	[INFO]	XnProperty.cpp	151	Property Depth1.RequiredDataSize was changed to 614400.
 6526919	[INFO]	XnProperty.cpp	101	Depth1.YRes was successfully set.
 6526939	[INFO]	XnProperty.cpp	74	Setting Depth1.XRes to 640...
 6526964	[INFO]	XnProperty.cpp	86	Depth1.XRes value did not change.
 6527044	[INFO]	XnProperty.cpp	74	Setting Depth1.Mirror to 1...
 6527073	[INFO]	XnProperty.cpp	151	Property Depth1.FirmwareMirror was changed to 1.
 6527127	[INFO]	XnProperty.cpp	151	Property Depth1.Mirror was changed to 1.
 6527151	[INFO]	XnProperty.cpp	101	Depth1.Mirror was successfully set.
 9952384	[INFO]	XnOpenNI.cpp	1261	Creating node 'User1' of type User...
 9977766	[WARNING]	Linux-x86Threads.cpp	173	Failed to set thread priority: Invalid argument
 9977813	[WARNING]	XnUSBLinux-x86.cpp	126	USB events thread: Failed to set thread priority to critical. This might cause loss of data...
 9978680	[INFO]	XnUSBLinux-x86.cpp	1222	USB read thread was started.
 9978705	[INFO]	XnProperty.cpp	151	Property Depth1.ActualReadData was changed to 1.
10449318	[INFO]	XnProperty.cpp	151	Property Depth1.State was changed to 1.
10449363	[INFO]	XnDeviceBase.cpp	370	Stream Depth1 is open.
13831398	[INFO]	XnOpenNI.cpp	1261	Creating node 'Image1' of type Image...
13831451	[INFO]	XnDeviceBase.cpp	1383	Creating stream 'Image1' of type 'Image'...
13831655	[INFO]	XnProperty.cpp	151	Property Image1.Resolution was changed to 0.
13831676	[INFO]	XnProperty.cpp	151	Property Image1.XRes was changed to 320.
13831695	[INFO]	XnProperty.cpp	151	Property Image1.YRes was changed to 240.
13831710	[INFO]	XnProperty.cpp	151	Property Image1.FPS was changed to 30.
13831728	[INFO]	XnProperty.cpp	151	Property Image1.OutputFormat was changed to 5.
13831746	[INFO]	XnProperty.cpp	151	Property Image1.BytesPerPixel was changed to 3.
13831764	[INFO]	XnProperty.cpp	151	Property Image1.RequiredDataSize was changed to 230400.
13831798	[INFO]	XnDeviceBase.cpp	1458	Stream 'Image1' was initialized.
13831812	[INFO]	XnDeviceBase.cpp	1463	'Image1' stream was created.
13831935	[INFO]	XnProperty.cpp	74	Setting Image1.InputFormat to 6...
13831964	[INFO]	XnProperty.cpp	151	Property Image1.InputFormat was changed to 6.
13831980	[INFO]	XnProperty.cpp	101	Image1.InputFormat was successfully set.
13832439	[INFO]	XnDeviceModule.cpp	431	Module 'Image1' configuration was loaded from file.
13832537	[INFO]	XnProperty.cpp	74	Setting Image1.FPS to 30...
13832554	[INFO]	XnProperty.cpp	86	Image1.FPS value did not change.
13832570	[INFO]	XnProperty.cpp	74	Setting Image1.YRes to 480...
13832586	[INFO]	XnProperty.cpp	151	Property Image1.Resolution was changed to 1.
13832601	[INFO]	XnProperty.cpp	151	Property Image1.XRes was changed to 640.
13832619	[INFO]	XnProperty.cpp	151	Property Image1.RequiredDataSize was changed to 460800.
13832637	[INFO]	XnProperty.cpp	151	Property Image1.YRes was changed to 480.
13832654	[INFO]	XnProperty.cpp	151	Property Image1.RequiredDataSize was changed to 921600.
13832668	[INFO]	XnProperty.cpp	101	Image1.YRes was successfully set.
13832680	[INFO]	XnProperty.cpp	74	Setting Image1.XRes to 640...
13832692	[INFO]	XnProperty.cpp	86	Image1.XRes value did not change.
13833647	[INFO]	XnUSBLinux-x86.cpp	1222	USB read thread was started.
13833674	[INFO]	XnProperty.cpp	151	Property Image1.ActualReadData was changed to 1.
14018008	[WARNING]	XnDepthProcessor.cpp	133	Read: Depth buffer is corrupt. Size is 546048 (!= 614400)
14018058	[WARNING]	XnFrameStreamProcessor.cpp	132	Depth frame is corrupt!
14050010	[WARNING]	XnDepthProcessor.cpp	133	Read: Depth buffer is corrupt. Size is 594992 (!= 614400)
14050035	[WARNING]	XnFrameStreamProcessor.cpp	132	Depth frame is corrupt!
16918143	[WARNING]	XnDepthProcessor.cpp	133	Read: Depth buffer is corrupt. Size is 576336 (!= 614400)
16918194	[WARNING]	XnFrameStreamProcessor.cpp	132	Depth frame is corrupt!
17034303	[INFO]	XnProperty.cpp	151	Property Image1.State was changed to 1.
17034347	[INFO]	XnDeviceBase.cpp	370	Stream Image1 is open.
17034539	[INFO]	XnProperty.cpp	74	Setting Depth1.Registration to 1...
17054101	[WARNING]	XnDepthProcessor.cpp	133	Read: Depth buffer is corrupt. Size is 587200 (!= 614400)
17054146	[WARNING]	XnFrameStreamProcessor.cpp	132	Depth frame is corrupt!
17086087	[WARNING]	XnDepthProcessor.cpp	133	Read: Depth buffer is corrupt. Size is 585328 (!= 614400)
17086145	[WARNING]	XnFrameStreamProcessor.cpp	132	Depth frame is corrupt!
17186930	[INFO]	XnProperty.cpp	151	Property Depth1.Registration was changed to 1.
17186975	[INFO]	XnProperty.cpp	101	Depth1.Registration was successfully set.
17187057	[INFO]	XnProperty.cpp	74	Setting Image1.Mirror to 1...
17199675	[INFO]	XnProperty.cpp	151	Property Image1.FirmwareMirror was changed to 1.
17199703	[INFO]	XnProperty.cpp	151	Property Image1.Mirror was changed to 1.
17199716	[INFO]	XnProperty.cpp	101	Image1.Mirror was successfully set.
34712828	[INFO]	XnOpenNI.cpp	1459	Destroying node 'User1'
34719302	[INFO]	XnOpenNI.cpp	1459	Destroying node 'Depth1'
34719399	[INFO]	XnDeviceBase.cpp	1507	Destroying stream 'Depth1'...
34720530	[INFO]	XnOpenNI.cpp	1459	Destroying node 'Image1'
34720567	[INFO]	XnDeviceBase.cpp	1507	Destroying stream 'Image1'...
34721536	[INFO]	XnOpenNI.cpp	1459	Destroying node 'Device1'
