   30102	[INFO]	XnLog.cpp	165	OpenNI version is 1.0.0 (Build 25)-MacOSX (Jan  7 2011 14:20:18)
   30154	[INFO]	XnLog.cpp	173	Log system initialized. Console: 1, File: 1, Severity: INFO, Masks: ALL
   30183	[INFO]	XnLog.cpp	173	Log system initialized. Console: 1, File: 1, Severity: INFO, Masks: ALL
   43552	[INFO]	XnUSBLinux-x86.cpp	98	USB is initialized.
 4106518	[INFO]	XnOpenNI.cpp	1261	Creating node 'Device1' of type Device...
 4107859	[INFO]	XnDeviceModule.cpp	431	Module 'Device' configuration was loaded from file.
 4558633	[INFO]	XnDeviceSensorIO.cpp	135	Connected to USB device
 4558687	[INFO]	XnProperty.cpp	151	Property Device.USBPath was changed to 045e/02ae@250/11.
 4566440	[INFO]	XnHostProtocol.cpp	825	Hardware versions: FW=5.1.4 (7) HW=4 Chip=2 Sensor=4 SYS=7
 5976735	[INFO]	XnProperty.cpp	151	Property Device.ID was changed to 0.
 5976821	[INFO]	XnSensor.cpp	182	Device sensor initialized
 5976978	[INFO]	XnOpenNI.cpp	1261	Creating node 'Depth1' of type Depth...
 5977068	[INFO]	XnDeviceBase.cpp	1383	Creating stream 'Depth1' of type 'Depth'...
 5977113	[INFO]	XnProperty.cpp	74	Setting Device.ReadData to 1...
 5977189	[INFO]	XnDeviceSensorIO.cpp	298	Endpoints open
 5989678	[INFO]	XnProperty.cpp	151	Property Device.ReadData was changed to 1.
 5989725	[INFO]	XnProperty.cpp	101	Device.ReadData was successfully set.
 5990437	[INFO]	XnProperty.cpp	151	Property Depth1.Resolution was changed to 0.
 5990469	[INFO]	XnProperty.cpp	151	Property Depth1.XRes was changed to 320.
 5990498	[INFO]	XnProperty.cpp	151	Property Depth1.YRes was changed to 240.
 5990528	[INFO]	XnProperty.cpp	151	Property Depth1.FPS was changed to 30.
 5990557	[INFO]	XnProperty.cpp	151	Property Depth1.OutputFormat was changed to 1.
 5990586	[INFO]	XnProperty.cpp	151	Property Depth1.BytesPerPixel was changed to 2.
 5990615	[INFO]	XnProperty.cpp	151	Property Depth1.RequiredDataSize was changed to 153600.
 5990645	[INFO]	XnProperty.cpp	151	Property Depth1.ParamCoeff was changed to 4.
 5990742	[INFO]	XnProperty.cpp	151	Property Depth1.ShiftScale was changed to 10.
 6003123	[INFO]	XnProperty.cpp	151	Property Depth1.ConstShift was changed to 200.
 6003226	[INFO]	XnProperty.cpp	151	Property Depth1.ZPD was changed to 120.
 6003432	[INFO]	XnProperty.cpp	151	Property Depth1.ZPPS was changed to 0.104200.
 6003471	[INFO]	XnProperty.cpp	151	Property Depth1.LDDIS was changed to 7.500000.
 6003654	[INFO]	XnProperty.cpp	151	Property Depth1.Gain was changed to 30.
 6003707	[INFO]	XnDeviceBase.cpp	1458	Stream 'Depth1' was initialized.
 6003739	[INFO]	XnDeviceBase.cpp	1463	'Depth1' stream was created.
 6004029	[INFO]	XnProperty.cpp	74	Setting Depth1.InputFormat to 3...
 6004074	[INFO]	XnProperty.cpp	151	Property Depth1.InputFormat was changed to 3.
 6004105	[INFO]	XnProperty.cpp	101	Depth1.InputFormat was successfully set.
 6004988	[INFO]	XnProperty.cpp	74	Setting Depth1.RegistrationType to 2...
 6005019	[INFO]	XnProperty.cpp	151	Property Depth1.RegistrationType was changed to 2.
 6005038	[INFO]	XnProperty.cpp	101	Depth1.RegistrationType was successfully set.
 6005938	[INFO]	XnDeviceModule.cpp	431	Module 'Depth1' configuration was loaded from file.
 6006214	[INFO]	XnProperty.cpp	74	Setting Depth1.FPS to 30...
 6006247	[INFO]	XnProperty.cpp	86	Depth1.FPS value did not change.
 6006273	[INFO]	XnProperty.cpp	74	Setting Depth1.YRes to 480...
 6006302	[INFO]	XnProperty.cpp	151	Property Depth1.Resolution was changed to 1.
 6006329	[INFO]	XnProperty.cpp	151	Property Depth1.XRes was changed to 640.
 6006353	[INFO]	XnProperty.cpp	151	Property Depth1.RequiredDataSize was changed to 307200.
 6006380	[INFO]	XnProperty.cpp	151	Property Depth1.YRes was changed to 480.
 6006406	[INFO]	XnProperty.cpp	151	Property Depth1.RequiredDataSize was changed to 614400.
 6006433	[INFO]	XnProperty.cpp	101	Depth1.YRes was successfully set.
 6006459	[INFO]	XnProperty.cpp	74	Setting Depth1.XRes to 640...
 6006482	[INFO]	XnProperty.cpp	86	Depth1.XRes value did not change.
 6006558	[INFO]	XnProperty.cpp	74	Setting Depth1.Mirror to 1...
 6006589	[INFO]	XnProperty.cpp	151	Property Depth1.FirmwareMirror was changed to 1.
 6006659	[INFO]	XnProperty.cpp	151	Property Depth1.Mirror was changed to 1.
 6006684	[INFO]	XnProperty.cpp	101	Depth1.Mirror was successfully set.
 9405699	[INFO]	XnOpenNI.cpp	1261	Creating node 'User1' of type User...
 9430075	[WARNING]	Linux-x86Threads.cpp	173	Failed to set thread priority: Invalid argument
 9430123	[WARNING]	XnUSBLinux-x86.cpp	126	USB events thread: Failed to set thread priority to critical. This might cause loss of data...
 9431078	[INFO]	XnUSBLinux-x86.cpp	1222	USB read thread was started.
 9431102	[INFO]	XnProperty.cpp	151	Property Depth1.ActualReadData was changed to 1.
 9901305	[INFO]	XnProperty.cpp	151	Property Depth1.State was changed to 1.
 9901350	[INFO]	XnDeviceBase.cpp	370	Stream Depth1 is open.
13286502	[INFO]	XnOpenNI.cpp	1261	Creating node 'Image1' of type Image...
13286556	[INFO]	XnDeviceBase.cpp	1383	Creating stream 'Image1' of type 'Image'...
13286779	[INFO]	XnProperty.cpp	151	Property Image1.Resolution was changed to 0.
13286799	[INFO]	XnProperty.cpp	151	Property Image1.XRes was changed to 320.
13286812	[INFO]	XnProperty.cpp	151	Property Image1.YRes was changed to 240.
13286824	[INFO]	XnProperty.cpp	151	Property Image1.FPS was changed to 30.
13286840	[INFO]	XnProperty.cpp	151	Property Image1.OutputFormat was changed to 5.
13286857	[INFO]	XnProperty.cpp	151	Property Image1.BytesPerPixel was changed to 3.
13286874	[INFO]	XnProperty.cpp	151	Property Image1.RequiredDataSize was changed to 230400.
13286913	[INFO]	XnDeviceBase.cpp	1458	Stream 'Image1' was initialized.
13286931	[INFO]	XnDeviceBase.cpp	1463	'Image1' stream was created.
13287039	[INFO]	XnProperty.cpp	74	Setting Image1.InputFormat to 6...
13287060	[INFO]	XnProperty.cpp	151	Property Image1.InputFormat was changed to 6.
13287071	[INFO]	XnProperty.cpp	101	Image1.InputFormat was successfully set.
13287515	[INFO]	XnDeviceModule.cpp	431	Module 'Image1' configuration was loaded from file.
13287616	[INFO]	XnProperty.cpp	74	Setting Image1.FPS to 30...
13287638	[INFO]	XnProperty.cpp	86	Image1.FPS value did not change.
13287657	[INFO]	XnProperty.cpp	74	Setting Image1.YRes to 480...
13287678	[INFO]	XnProperty.cpp	151	Property Image1.Resolution was changed to 1.
13287696	[INFO]	XnProperty.cpp	151	Property Image1.XRes was changed to 640.
13287716	[INFO]	XnProperty.cpp	151	Property Image1.RequiredDataSize was changed to 460800.
13287735	[INFO]	XnProperty.cpp	151	Property Image1.YRes was changed to 480.
13287754	[INFO]	XnProperty.cpp	151	Property Image1.RequiredDataSize was changed to 921600.
13287774	[INFO]	XnProperty.cpp	101	Image1.YRes was successfully set.
13287794	[INFO]	XnProperty.cpp	74	Setting Image1.XRes to 640...
13287810	[INFO]	XnProperty.cpp	86	Image1.XRes value did not change.
13288816	[INFO]	XnUSBLinux-x86.cpp	1222	USB read thread was started.
13288844	[INFO]	XnProperty.cpp	151	Property Image1.ActualReadData was changed to 1.
13466736	[WARNING]	XnDepthProcessor.cpp	133	Read: Depth buffer is corrupt. Size is 543824 (!= 614400)
13466800	[WARNING]	XnFrameStreamProcessor.cpp	132	Depth frame is corrupt!
16489861	[INFO]	XnProperty.cpp	151	Property Image1.State was changed to 1.
16489907	[INFO]	XnDeviceBase.cpp	370	Stream Image1 is open.
16490112	[INFO]	XnProperty.cpp	74	Setting Depth1.Registration to 1...
16538802	[WARNING]	XnDepthProcessor.cpp	133	Read: Depth buffer is corrupt. Size is 598960 (!= 614400)
16538852	[WARNING]	XnFrameStreamProcessor.cpp	132	Depth frame is corrupt!
16642780	[INFO]	XnProperty.cpp	151	Property Depth1.Registration was changed to 1.
16642827	[INFO]	XnProperty.cpp	101	Depth1.Registration was successfully set.
16642883	[INFO]	XnProperty.cpp	74	Setting Image1.Mirror to 1...
16655136	[INFO]	XnProperty.cpp	151	Property Image1.FirmwareMirror was changed to 1.
16655171	[INFO]	XnProperty.cpp	151	Property Image1.Mirror was changed to 1.
16655184	[INFO]	XnProperty.cpp	101	Image1.Mirror was successfully set.
52496804	[INFO]	XnOpenNI.cpp	1459	Destroying node 'User1'
52503428	[INFO]	XnOpenNI.cpp	1459	Destroying node 'Depth1'
52503529	[INFO]	XnDeviceBase.cpp	1507	Destroying stream 'Depth1'...
52504574	[INFO]	XnOpenNI.cpp	1459	Destroying node 'Image1'
52504645	[INFO]	XnDeviceBase.cpp	1507	Destroying stream 'Image1'...
52505681	[INFO]	XnOpenNI.cpp	1459	Destroying node 'Device1'
