   35367	[INFO]	XnLog.cpp	165	OpenNI version is 1.0.0 (Build 25)-MacOSX (Jan  7 2011 14:20:18)
   35431	[INFO]	XnLog.cpp	173	Log system initialized. Console: 1, File: 1, Severity: INFO, Masks: ALL
   35464	[INFO]	XnLog.cpp	173	Log system initialized. Console: 1, File: 1, Severity: INFO, Masks: ALL
   37104	[INFO]	XnUSBLinux-x86.cpp	98	USB is initialized.
 4051568	[INFO]	XnOpenNI.cpp	1261	Creating node 'Device1' of type Device...
 4052489	[INFO]	XnDeviceModule.cpp	431	Module 'Device' configuration was loaded from file.
 4502952	[INFO]	XnDeviceSensorIO.cpp	135	Connected to USB device
 4503009	[INFO]	XnProperty.cpp	151	Property Device.USBPath was changed to 045e/02ae@250/11.
 4510712	[INFO]	XnHostProtocol.cpp	825	Hardware versions: FW=5.1.4 (7) HW=4 Chip=2 Sensor=4 SYS=7
 5919342	[INFO]	XnProperty.cpp	151	Property Device.ID was changed to 0.
 5919402	[INFO]	XnSensor.cpp	182	Device sensor initialized
 5919518	[INFO]	XnOpenNI.cpp	1261	Creating node 'Depth1' of type Depth...
 5919572	[INFO]	XnDeviceBase.cpp	1383	Creating stream 'Depth1' of type 'Depth'...
 5919597	[INFO]	XnProperty.cpp	74	Setting Device.ReadData to 1...
 5919637	[INFO]	XnDeviceSensorIO.cpp	298	Endpoints open
 5931900	[INFO]	XnProperty.cpp	151	Property Device.ReadData was changed to 1.
 5931933	[INFO]	XnProperty.cpp	101	Device.ReadData was successfully set.
 5932297	[INFO]	XnProperty.cpp	151	Property Depth1.Resolution was changed to 0.
 5932319	[INFO]	XnProperty.cpp	151	Property Depth1.XRes was changed to 320.
 5932336	[INFO]	XnProperty.cpp	151	Property Depth1.YRes was changed to 240.
 5932356	[INFO]	XnProperty.cpp	151	Property Depth1.FPS was changed to 30.
 5932371	[INFO]	XnProperty.cpp	151	Property Depth1.OutputFormat was changed to 1.
 5932388	[INFO]	XnProperty.cpp	151	Property Depth1.BytesPerPixel was changed to 2.
 5932403	[INFO]	XnProperty.cpp	151	Property Depth1.RequiredDataSize was changed to 153600.
 5932419	[INFO]	XnProperty.cpp	151	Property Depth1.ParamCoeff was changed to 4.
 5932490	[INFO]	XnProperty.cpp	151	Property Depth1.ShiftScale was changed to 10.
 5944911	[INFO]	XnProperty.cpp	151	Property Depth1.ConstShift was changed to 200.
 5944988	[INFO]	XnProperty.cpp	151	Property Depth1.ZPD was changed to 120.
 5945097	[INFO]	XnProperty.cpp	151	Property Depth1.ZPPS was changed to 0.104200.
 5945122	[INFO]	XnProperty.cpp	151	Property Depth1.LDDIS was changed to 7.500000.
 5945238	[INFO]	XnProperty.cpp	151	Property Depth1.Gain was changed to 30.
 5945277	[INFO]	XnDeviceBase.cpp	1458	Stream 'Depth1' was initialized.
 5945299	[INFO]	XnDeviceBase.cpp	1463	'Depth1' stream was created.
 5945510	[INFO]	XnProperty.cpp	74	Setting Depth1.InputFormat to 3...
 5945543	[INFO]	XnProperty.cpp	151	Property Depth1.InputFormat was changed to 3.
 5945564	[INFO]	XnProperty.cpp	101	Depth1.InputFormat was successfully set.
 5946149	[INFO]	XnProperty.cpp	74	Setting Depth1.RegistrationType to 2...
 5946169	[INFO]	XnProperty.cpp	151	Property Depth1.RegistrationType was changed to 2.
 5946182	[INFO]	XnProperty.cpp	101	Depth1.RegistrationType was successfully set.
 5946787	[INFO]	XnDeviceModule.cpp	431	Module 'Depth1' configuration was loaded from file.
 5947033	[INFO]	XnProperty.cpp	74	Setting Depth1.FPS to 30...
 5947056	[INFO]	XnProperty.cpp	86	Depth1.FPS value did not change.
 5947072	[INFO]	XnProperty.cpp	74	Setting Depth1.YRes to 480...
 5947094	[INFO]	XnProperty.cpp	151	Property Depth1.Resolution was changed to 1.
 5947119	[INFO]	XnProperty.cpp	151	Property Depth1.XRes was changed to 640.
 5947134	[INFO]	XnProperty.cpp	151	Property Depth1.RequiredDataSize was changed to 307200.
 5947148	[INFO]	XnProperty.cpp	151	Property Depth1.YRes was changed to 480.
 5947159	[INFO]	XnProperty.cpp	151	Property Depth1.RequiredDataSize was changed to 614400.
 5947171	[INFO]	XnProperty.cpp	101	Depth1.YRes was successfully set.
 5947182	[INFO]	XnProperty.cpp	74	Setting Depth1.XRes to 640...
 5947197	[INFO]	XnProperty.cpp	86	Depth1.XRes value did not change.
 5947255	[INFO]	XnProperty.cpp	74	Setting Depth1.Mirror to 1...
 5947273	[INFO]	XnProperty.cpp	151	Property Depth1.FirmwareMirror was changed to 1.
 5947317	[INFO]	XnProperty.cpp	151	Property Depth1.Mirror was changed to 1.
 5947332	[INFO]	XnProperty.cpp	101	Depth1.Mirror was successfully set.
 9346305	[INFO]	XnOpenNI.cpp	1261	Creating node 'User1' of type User...
 9371145	[WARNING]	Linux-x86Threads.cpp	173	Failed to set thread priority: Invalid argument
 9371193	[WARNING]	XnUSBLinux-x86.cpp	126	USB events thread: Failed to set thread priority to critical. This might cause loss of data...
 9372094	[INFO]	XnUSBLinux-x86.cpp	1222	USB read thread was started.
 9372118	[INFO]	XnProperty.cpp	151	Property Depth1.ActualReadData was changed to 1.
 9843416	[INFO]	XnProperty.cpp	151	Property Depth1.State was changed to 1.
 9843461	[INFO]	XnDeviceBase.cpp	370	Stream Depth1 is open.
13248037	[INFO]	XnOpenNI.cpp	1261	Creating node 'Image1' of type Image...
13248091	[INFO]	XnDeviceBase.cpp	1383	Creating stream 'Image1' of type 'Image'...
13248322	[INFO]	XnProperty.cpp	151	Property Image1.Resolution was changed to 0.
13248348	[INFO]	XnProperty.cpp	151	Property Image1.XRes was changed to 320.
13248368	[INFO]	XnProperty.cpp	151	Property Image1.YRes was changed to 240.
13248387	[INFO]	XnProperty.cpp	151	Property Image1.FPS was changed to 30.
13248406	[INFO]	XnProperty.cpp	151	Property Image1.OutputFormat was changed to 5.
13248424	[INFO]	XnProperty.cpp	151	Property Image1.BytesPerPixel was changed to 3.
13248443	[INFO]	XnProperty.cpp	151	Property Image1.RequiredDataSize was changed to 230400.
13248484	[INFO]	XnDeviceBase.cpp	1458	Stream 'Image1' was initialized.
13248506	[INFO]	XnDeviceBase.cpp	1463	'Image1' stream was created.
13248643	[INFO]	XnProperty.cpp	74	Setting Image1.InputFormat to 6...
13248675	[INFO]	XnProperty.cpp	151	Property Image1.InputFormat was changed to 6.
13248694	[INFO]	XnProperty.cpp	101	Image1.InputFormat was successfully set.
13249264	[INFO]	XnDeviceModule.cpp	431	Module 'Image1' configuration was loaded from file.
13249376	[INFO]	XnProperty.cpp	74	Setting Image1.FPS to 30...
13249399	[INFO]	XnProperty.cpp	86	Image1.FPS value did not change.
13249418	[INFO]	XnProperty.cpp	74	Setting Image1.YRes to 480...
13249439	[INFO]	XnProperty.cpp	151	Property Image1.Resolution was changed to 1.
13249459	[INFO]	XnProperty.cpp	151	Property Image1.XRes was changed to 640.
13249477	[INFO]	XnProperty.cpp	151	Property Image1.RequiredDataSize was changed to 460800.
13249498	[INFO]	XnProperty.cpp	151	Property Image1.YRes was changed to 480.
13249517	[INFO]	XnProperty.cpp	151	Property Image1.RequiredDataSize was changed to 921600.
13249535	[INFO]	XnProperty.cpp	101	Image1.YRes was successfully set.
13249554	[INFO]	XnProperty.cpp	74	Setting Image1.XRes to 640...
13249571	[INFO]	XnProperty.cpp	86	Image1.XRes value did not change.
13250578	[INFO]	XnUSBLinux-x86.cpp	1222	USB read thread was started.
13250605	[INFO]	XnProperty.cpp	151	Property Image1.ActualReadData was changed to 1.
13443694	[WARNING]	XnDepthProcessor.cpp	133	Read: Depth buffer is corrupt. Size is 571088 (!= 614400)
13443744	[WARNING]	XnFrameStreamProcessor.cpp	132	Depth frame is corrupt!
16451771	[INFO]	XnProperty.cpp	151	Property Image1.State was changed to 1.
16451825	[INFO]	XnDeviceBase.cpp	370	Stream Image1 is open.
16452027	[INFO]	XnProperty.cpp	74	Setting Depth1.Registration to 1...
16603989	[INFO]	XnProperty.cpp	151	Property Depth1.Registration was changed to 1.
16604042	[INFO]	XnProperty.cpp	101	Depth1.Registration was successfully set.
16604101	[INFO]	XnProperty.cpp	74	Setting Image1.Mirror to 1...
16616375	[INFO]	XnProperty.cpp	151	Property Image1.FirmwareMirror was changed to 1.
16616416	[INFO]	XnProperty.cpp	151	Property Image1.Mirror was changed to 1.
16616428	[INFO]	XnProperty.cpp	101	Image1.Mirror was successfully set.
52000038	[INFO]	XnOpenNI.cpp	1459	Destroying node 'User1'
52006813	[INFO]	XnOpenNI.cpp	1459	Destroying node 'Depth1'
52006911	[INFO]	XnDeviceBase.cpp	1507	Destroying stream 'Depth1'...
52008160	[INFO]	XnOpenNI.cpp	1459	Destroying node 'Image1'
52008218	[INFO]	XnDeviceBase.cpp	1507	Destroying stream 'Image1'...
52009220	[INFO]	XnOpenNI.cpp	1459	Destroying node 'Device1'
