   13865	[INFO]	XnLog.cpp	165	OpenNI version is 1.0.0 (Build 25)-MacOSX (Jan  7 2011 14:20:18)
   13916	[INFO]	XnLog.cpp	173	Log system initialized. Console: 1, File: 1, Severity: INFO, Masks: ALL
   13940	[INFO]	XnLog.cpp	173	Log system initialized. Console: 1, File: 1, Severity: INFO, Masks: ALL
   15299	[INFO]	XnUSBLinux-x86.cpp	98	USB is initialized.
 4043070	[INFO]	XnOpenNI.cpp	1261	Creating node 'Device1' of type Device...
 4044339	[INFO]	XnDeviceModule.cpp	431	Module 'Device' configuration was loaded from file.
 4499457	[INFO]	XnDeviceSensorIO.cpp	135	Connected to USB device
 4499509	[INFO]	XnProperty.cpp	151	Property Device.USBPath was changed to 045e/02ae@250/11.
 4506777	[INFO]	XnHostProtocol.cpp	825	Hardware versions: FW=5.1.4 (7) HW=4 Chip=2 Sensor=4 SYS=7
 5914985	[INFO]	XnProperty.cpp	151	Property Device.ID was changed to 0.
 5915081	[INFO]	XnSensor.cpp	182	Device sensor initialized
 5915208	[INFO]	XnOpenNI.cpp	1261	Creating node 'Depth1' of type Depth...
 5915263	[INFO]	XnDeviceBase.cpp	1383	Creating stream 'Depth1' of type 'Depth'...
 5915290	[INFO]	XnProperty.cpp	74	Setting Device.ReadData to 1...
 5915333	[INFO]	XnDeviceSensorIO.cpp	298	Endpoints open
 5927456	[INFO]	XnProperty.cpp	151	Property Device.ReadData was changed to 1.
 5927521	[INFO]	XnProperty.cpp	101	Device.ReadData was successfully set.
 5927924	[INFO]	XnProperty.cpp	151	Property Depth1.Resolution was changed to 0.
 5927949	[INFO]	XnProperty.cpp	151	Property Depth1.XRes was changed to 320.
 5927966	[INFO]	XnProperty.cpp	151	Property Depth1.YRes was changed to 240.
 5927982	[INFO]	XnProperty.cpp	151	Property Depth1.FPS was changed to 30.
 5927996	[INFO]	XnProperty.cpp	151	Property Depth1.OutputFormat was changed to 1.
 5928011	[INFO]	XnProperty.cpp	151	Property Depth1.BytesPerPixel was changed to 2.
 5928025	[INFO]	XnProperty.cpp	151	Property Depth1.RequiredDataSize was changed to 153600.
 5928045	[INFO]	XnProperty.cpp	151	Property Depth1.ParamCoeff was changed to 4.
 5928113	[INFO]	XnProperty.cpp	151	Property Depth1.ShiftScale was changed to 10.
 5940237	[INFO]	XnProperty.cpp	151	Property Depth1.ConstShift was changed to 200.
 5940382	[INFO]	XnProperty.cpp	151	Property Depth1.ZPD was changed to 120.
 5940506	[INFO]	XnProperty.cpp	151	Property Depth1.ZPPS was changed to 0.104200.
 5940530	[INFO]	XnProperty.cpp	151	Property Depth1.LDDIS was changed to 7.500000.
 5940652	[INFO]	XnProperty.cpp	151	Property Depth1.Gain was changed to 30.
 5940698	[INFO]	XnDeviceBase.cpp	1458	Stream 'Depth1' was initialized.
 5940721	[INFO]	XnDeviceBase.cpp	1463	'Depth1' stream was created.
 5940901	[INFO]	XnProperty.cpp	74	Setting Depth1.InputFormat to 3...
 5940934	[INFO]	XnProperty.cpp	151	Property Depth1.InputFormat was changed to 3.
 5940955	[INFO]	XnProperty.cpp	101	Depth1.InputFormat was successfully set.
 5941639	[INFO]	XnProperty.cpp	74	Setting Depth1.RegistrationType to 2...
 5941665	[INFO]	XnProperty.cpp	151	Property Depth1.RegistrationType was changed to 2.
 5941684	[INFO]	XnProperty.cpp	101	Depth1.RegistrationType was successfully set.
 5942392	[INFO]	XnDeviceModule.cpp	431	Module 'Depth1' configuration was loaded from file.
 5942619	[INFO]	XnProperty.cpp	74	Setting Depth1.FPS to 30...
 5942650	[INFO]	XnProperty.cpp	101	Depth1.FPS was successfully set.
 5942670	[INFO]	XnProperty.cpp	74	Setting Depth1.YRes to 480...
 5942693	[INFO]	XnProperty.cpp	151	Property Depth1.Resolution was changed to 1.
 5942714	[INFO]	XnProperty.cpp	151	Property Depth1.XRes was changed to 640.
 5942733	[INFO]	XnProperty.cpp	151	Property Depth1.RequiredDataSize was changed to 307200.
 5942756	[INFO]	XnProperty.cpp	151	Property Depth1.YRes was changed to 480.
 5942775	[INFO]	XnProperty.cpp	151	Property Depth1.RequiredDataSize was changed to 614400.
 5942795	[INFO]	XnProperty.cpp	101	Depth1.YRes was successfully set.
 5942815	[INFO]	XnProperty.cpp	74	Setting Depth1.XRes to 640...
 5942832	[INFO]	XnProperty.cpp	86	Depth1.XRes value did not change.
 5942895	[INFO]	XnProperty.cpp	74	Setting Depth1.Mirror to 1...
 5942918	[INFO]	XnProperty.cpp	151	Property Depth1.FirmwareMirror was changed to 1.
 5942959	[INFO]	XnProperty.cpp	151	Property Depth1.Mirror was changed to 1.
 5942978	[INFO]	XnProperty.cpp	101	Depth1.Mirror was successfully set.
 9359016	[INFO]	XnOpenNI.cpp	1261	Creating node 'User1' of type User...
 9384624	[WARNING]	Linux-x86Threads.cpp	173	Failed to set thread priority: Invalid argument
 9384673	[WARNING]	XnUSBLinux-x86.cpp	126	USB events thread: Failed to set thread priority to critical. This might cause loss of data...
 9385528	[INFO]	XnUSBLinux-x86.cpp	1222	USB read thread was started.
 9385552	[INFO]	XnProperty.cpp	151	Property Depth1.ActualReadData was changed to 1.
 9856123	[INFO]	XnProperty.cpp	151	Property Depth1.State was changed to 1.
 9856173	[INFO]	XnDeviceBase.cpp	370	Stream Depth1 is open.
13246673	[INFO]	XnOpenNI.cpp	1261	Creating node 'Image1' of type Image...
13246727	[INFO]	XnDeviceBase.cpp	1383	Creating stream 'Image1' of type 'Image'...
13246969	[INFO]	XnProperty.cpp	151	Property Image1.Resolution was changed to 0.
13246999	[INFO]	XnProperty.cpp	151	Property Image1.XRes was changed to 320.
13247019	[INFO]	XnProperty.cpp	151	Property Image1.YRes was changed to 240.
13247038	[INFO]	XnProperty.cpp	151	Property Image1.FPS was changed to 30.
13247058	[INFO]	XnProperty.cpp	151	Property Image1.OutputFormat was changed to 5.
13247076	[INFO]	XnProperty.cpp	151	Property Image1.BytesPerPixel was changed to 3.
13247093	[INFO]	XnProperty.cpp	151	Property Image1.RequiredDataSize was changed to 230400.
13247143	[INFO]	XnDeviceBase.cpp	1458	Stream 'Image1' was initialized.
13247166	[INFO]	XnDeviceBase.cpp	1463	'Image1' stream was created.
13247309	[INFO]	XnProperty.cpp	74	Setting Image1.InputFormat to 6...
13247340	[INFO]	XnProperty.cpp	151	Property Image1.InputFormat was changed to 6.
13247360	[INFO]	XnProperty.cpp	101	Image1.InputFormat was successfully set.
13247869	[INFO]	XnDeviceModule.cpp	431	Module 'Image1' configuration was loaded from file.
13247966	[INFO]	XnProperty.cpp	74	Setting Image1.FPS to 30...
13247983	[INFO]	XnProperty.cpp	86	Image1.FPS value did not change.
13247995	[INFO]	XnProperty.cpp	74	Setting Image1.YRes to 480...
13248007	[INFO]	XnProperty.cpp	151	Property Image1.Resolution was changed to 1.
13248019	[INFO]	XnProperty.cpp	151	Property Image1.XRes was changed to 640.
13248037	[INFO]	XnProperty.cpp	151	Property Image1.RequiredDataSize was changed to 460800.
13248058	[INFO]	XnProperty.cpp	151	Property Image1.YRes was changed to 480.
13248076	[INFO]	XnProperty.cpp	151	Property Image1.RequiredDataSize was changed to 921600.
13248096	[INFO]	XnProperty.cpp	101	Image1.YRes was successfully set.
13248116	[INFO]	XnProperty.cpp	74	Setting Image1.XRes to 640...
13248132	[INFO]	XnProperty.cpp	86	Image1.XRes value did not change.
13249183	[INFO]	XnUSBLinux-x86.cpp	1222	USB read thread was started.
13249218	[INFO]	XnProperty.cpp	151	Property Image1.ActualReadData was changed to 1.
13417177	[WARNING]	XnFirmwareStreams.cpp	324	Unknown packet type (0x4848)!!!
13421117	[WARNING]	XnFirmwareStreams.cpp	324	Unknown packet type (0x4848)!!!
13429184	[WARNING]	XnFrameStreamProcessor.cpp	140	Depth Frame Buffer overflow! current size: 612768
13429207	[WARNING]	XnFrameStreamProcessor.cpp	132	Depth frame is corrupt!
13457112	[WARNING]	XnDepthProcessor.cpp	133	Read: Depth buffer is corrupt. Size is 612768 (!= 614400)
16325218	[WARNING]	XnDepthProcessor.cpp	133	Read: Depth buffer is corrupt. Size is 587344 (!= 614400)
16325265	[WARNING]	XnFrameStreamProcessor.cpp	132	Depth frame is corrupt!
16449221	[INFO]	XnProperty.cpp	151	Property Image1.State was changed to 1.
16449270	[INFO]	XnDeviceBase.cpp	370	Stream Image1 is open.
16449468	[INFO]	XnProperty.cpp	74	Setting Depth1.Registration to 1...
16493190	[WARNING]	XnDepthProcessor.cpp	133	Read: Depth buffer is corrupt. Size is 598272 (!= 614400)
16493239	[WARNING]	XnFrameStreamProcessor.cpp	132	Depth frame is corrupt!
16601229	[INFO]	XnProperty.cpp	151	Property Depth1.Registration was changed to 1.
16601284	[INFO]	XnProperty.cpp	101	Depth1.Registration was successfully set.
16601341	[INFO]	XnProperty.cpp	74	Setting Image1.Mirror to 1...
16613580	[INFO]	XnProperty.cpp	151	Property Image1.FirmwareMirror was changed to 1.
16613646	[INFO]	XnProperty.cpp	151	Property Image1.Mirror was changed to 1.
16613659	[INFO]	XnProperty.cpp	101	Image1.Mirror was successfully set.
