   31582	[INFO]	XnLog.cpp	165	OpenNI version is 1.0.0 (Build 25)-MacOSX (Jan  7 2011 14:20:18)
   31636	[INFO]	XnLog.cpp	173	Log system initialized. Console: 1, File: 1, Severity: INFO, Masks: ALL
   31661	[INFO]	XnLog.cpp	173	Log system initialized. Console: 1, File: 1, Severity: INFO, Masks: ALL
   33054	[INFO]	XnUSBLinux-x86.cpp	98	USB is initialized.
 4136512	[INFO]	XnOpenNI.cpp	1261	Creating node 'Device1' of type Device...
 4137813	[INFO]	XnDeviceModule.cpp	431	Module 'Device' configuration was loaded from file.
 4592894	[INFO]	XnDeviceSensorIO.cpp	135	Connected to USB device
 4592943	[INFO]	XnProperty.cpp	151	Property Device.USBPath was changed to 045e/02ae@250/11.
 4600096	[INFO]	XnHostProtocol.cpp	825	Hardware versions: FW=5.1.4 (7) HW=4 Chip=2 Sensor=4 SYS=7
 6010054	[INFO]	XnProperty.cpp	151	Property Device.ID was changed to 0.
 6010144	[INFO]	XnSensor.cpp	182	Device sensor initialized
 6010352	[INFO]	XnOpenNI.cpp	1261	Creating node 'Depth1' of type Depth...
 6010437	[INFO]	XnDeviceBase.cpp	1383	Creating stream 'Depth1' of type 'Depth'...
 6010470	[INFO]	XnProperty.cpp	74	Setting Device.ReadData to 1...
 6010530	[INFO]	XnDeviceSensorIO.cpp	298	Endpoints open
 6022991	[INFO]	XnProperty.cpp	151	Property Device.ReadData was changed to 1.
 6023034	[INFO]	XnProperty.cpp	101	Device.ReadData was successfully set.
 6023617	[INFO]	XnProperty.cpp	151	Property Depth1.Resolution was changed to 0.
 6023647	[INFO]	XnProperty.cpp	151	Property Depth1.XRes was changed to 320.
 6023668	[INFO]	XnProperty.cpp	151	Property Depth1.YRes was changed to 240.
 6023695	[INFO]	XnProperty.cpp	151	Property Depth1.FPS was changed to 30.
 6023725	[INFO]	XnProperty.cpp	151	Property Depth1.OutputFormat was changed to 1.
 6023756	[INFO]	XnProperty.cpp	151	Property Depth1.BytesPerPixel was changed to 2.
 6023787	[INFO]	XnProperty.cpp	151	Property Depth1.RequiredDataSize was changed to 153600.
 6023823	[INFO]	XnProperty.cpp	151	Property Depth1.ParamCoeff was changed to 4.
 6023942	[INFO]	XnProperty.cpp	151	Property Depth1.ShiftScale was changed to 10.
 6036245	[INFO]	XnProperty.cpp	151	Property Depth1.ConstShift was changed to 200.
 6036380	[INFO]	XnProperty.cpp	151	Property Depth1.ZPD was changed to 120.
 6036517	[INFO]	XnProperty.cpp	151	Property Depth1.ZPPS was changed to 0.104200.
 6036541	[INFO]	XnProperty.cpp	151	Property Depth1.LDDIS was changed to 7.500000.
 6036665	[INFO]	XnProperty.cpp	151	Property Depth1.Gain was changed to 30.
 6036705	[INFO]	XnDeviceBase.cpp	1458	Stream 'Depth1' was initialized.
 6036723	[INFO]	XnDeviceBase.cpp	1463	'Depth1' stream was created.
 6036898	[INFO]	XnProperty.cpp	74	Setting Depth1.InputFormat to 3...
 6036925	[INFO]	XnProperty.cpp	151	Property Depth1.InputFormat was changed to 3.
 6036943	[INFO]	XnProperty.cpp	101	Depth1.InputFormat was successfully set.
 6037570	[INFO]	XnProperty.cpp	74	Setting Depth1.RegistrationType to 2...
 6037594	[INFO]	XnProperty.cpp	151	Property Depth1.RegistrationType was changed to 2.
 6037609	[INFO]	XnProperty.cpp	101	Depth1.RegistrationType was successfully set.
 6038283	[INFO]	XnDeviceModule.cpp	431	Module 'Depth1' configuration was loaded from file.
 6038479	[INFO]	XnProperty.cpp	74	Setting Depth1.FPS to 30...
 6038501	[INFO]	XnProperty.cpp	86	Depth1.FPS value did not change.
 6038518	[INFO]	XnProperty.cpp	74	Setting Depth1.YRes to 480...
 6038538	[INFO]	XnProperty.cpp	151	Property Depth1.Resolution was changed to 1.
 6038569	[INFO]	XnProperty.cpp	151	Property Depth1.XRes was changed to 640.
 6038586	[INFO]	XnProperty.cpp	151	Property Depth1.RequiredDataSize was changed to 307200.
 6038605	[INFO]	XnProperty.cpp	151	Property Depth1.YRes was changed to 480.
 6038621	[INFO]	XnProperty.cpp	151	Property Depth1.RequiredDataSize was changed to 614400.
 6038638	[INFO]	XnProperty.cpp	101	Depth1.YRes was successfully set.
 6038654	[INFO]	XnProperty.cpp	74	Setting Depth1.XRes to 640...
 6038668	[INFO]	XnProperty.cpp	86	Depth1.XRes value did not change.
 6038723	[INFO]	XnProperty.cpp	74	Setting Depth1.Mirror to 1...
 6038742	[INFO]	XnProperty.cpp	151	Property Depth1.FirmwareMirror was changed to 1.
 6038798	[INFO]	XnProperty.cpp	151	Property Depth1.Mirror was changed to 1.
 6038814	[INFO]	XnProperty.cpp	101	Depth1.Mirror was successfully set.
 9464453	[INFO]	XnOpenNI.cpp	1261	Creating node 'User1' of type User...
 9490084	[WARNING]	Linux-x86Threads.cpp	173	Failed to set thread priority: Invalid argument
 9490132	[WARNING]	XnUSBLinux-x86.cpp	126	USB events thread: Failed to set thread priority to critical. This might cause loss of data...
 9491077	[INFO]	XnUSBLinux-x86.cpp	1222	USB read thread was started.
 9491101	[INFO]	XnProperty.cpp	151	Property Depth1.ActualReadData was changed to 1.
 9961561	[INFO]	XnProperty.cpp	151	Property Depth1.State was changed to 1.
 9961612	[INFO]	XnDeviceBase.cpp	370	Stream Depth1 is open.
13343568	[INFO]	XnOpenNI.cpp	1261	Creating node 'Image1' of type Image...
13343623	[INFO]	XnDeviceBase.cpp	1383	Creating stream 'Image1' of type 'Image'...
13343860	[INFO]	XnProperty.cpp	151	Property Image1.Resolution was changed to 0.
13343886	[INFO]	XnProperty.cpp	151	Property Image1.XRes was changed to 320.
13343905	[INFO]	XnProperty.cpp	151	Property Image1.YRes was changed to 240.
13343923	[INFO]	XnProperty.cpp	151	Property Image1.FPS was changed to 30.
13343939	[INFO]	XnProperty.cpp	151	Property Image1.OutputFormat was changed to 5.
13343957	[INFO]	XnProperty.cpp	151	Property Image1.BytesPerPixel was changed to 3.
13343974	[INFO]	XnProperty.cpp	151	Property Image1.RequiredDataSize was changed to 230400.
13344014	[INFO]	XnDeviceBase.cpp	1458	Stream 'Image1' was initialized.
13344036	[INFO]	XnDeviceBase.cpp	1463	'Image1' stream was created.
13344179	[INFO]	XnProperty.cpp	74	Setting Image1.InputFormat to 6...
13344209	[INFO]	XnProperty.cpp	151	Property Image1.InputFormat was changed to 6.
13344228	[INFO]	XnProperty.cpp	101	Image1.InputFormat was successfully set.
13344780	[INFO]	XnDeviceModule.cpp	431	Module 'Image1' configuration was loaded from file.
13344883	[INFO]	XnProperty.cpp	74	Setting Image1.FPS to 30...
13344901	[INFO]	XnProperty.cpp	86	Image1.FPS value did not change.
13344914	[INFO]	XnProperty.cpp	74	Setting Image1.YRes to 480...
13344932	[INFO]	XnProperty.cpp	151	Property Image1.Resolution was changed to 1.
13344947	[INFO]	XnProperty.cpp	151	Property Image1.XRes was changed to 640.
13344965	[INFO]	XnProperty.cpp	151	Property Image1.RequiredDataSize was changed to 460800.
13344983	[INFO]	XnProperty.cpp	151	Property Image1.YRes was changed to 480.
13345000	[INFO]	XnProperty.cpp	151	Property Image1.RequiredDataSize was changed to 921600.
13345016	[INFO]	XnProperty.cpp	101	Image1.YRes was successfully set.
13345029	[INFO]	XnProperty.cpp	74	Setting Image1.XRes to 640...
13345038	[INFO]	XnProperty.cpp	86	Image1.XRes value did not change.
13345935	[INFO]	XnUSBLinux-x86.cpp	1222	USB read thread was started.
13345961	[INFO]	XnProperty.cpp	151	Property Image1.ActualReadData was changed to 1.
13526816	[WARNING]	XnDepthProcessor.cpp	133	Read: Depth buffer is corrupt. Size is 535984 (!= 614400)
13526866	[WARNING]	XnFrameStreamProcessor.cpp	132	Depth frame is corrupt!
13562744	[WARNING]	XnDepthProcessor.cpp	133	Read: Depth buffer is corrupt. Size is 602576 (!= 614400)
13562794	[WARNING]	XnFrameStreamProcessor.cpp	132	Depth frame is corrupt!
16430847	[WARNING]	XnDepthProcessor.cpp	133	Read: Depth buffer is corrupt. Size is 566208 (!= 614400)
16430894	[WARNING]	XnFrameStreamProcessor.cpp	132	Depth frame is corrupt!
16546406	[INFO]	XnProperty.cpp	151	Property Image1.State was changed to 1.
16546452	[INFO]	XnDeviceBase.cpp	370	Stream Image1 is open.
16546654	[INFO]	XnProperty.cpp	74	Setting Depth1.Registration to 1...
16566816	[WARNING]	XnDepthProcessor.cpp	133	Read: Depth buffer is corrupt. Size is 592496 (!= 614400)
16566869	[WARNING]	XnFrameStreamProcessor.cpp	132	Depth frame is corrupt!
16598818	[WARNING]	XnDepthProcessor.cpp	133	Read: Depth buffer is corrupt. Size is 586752 (!= 614400)
16598879	[WARNING]	XnFrameStreamProcessor.cpp	132	Depth frame is corrupt!
16699032	[INFO]	XnProperty.cpp	151	Property Depth1.Registration was changed to 1.
16699078	[INFO]	XnProperty.cpp	101	Depth1.Registration was successfully set.
16699169	[INFO]	XnProperty.cpp	74	Setting Image1.Mirror to 1...
16711645	[INFO]	XnProperty.cpp	151	Property Image1.FirmwareMirror was changed to 1.
16711675	[INFO]	XnProperty.cpp	151	Property Image1.Mirror was changed to 1.
16711687	[INFO]	XnProperty.cpp	101	Image1.Mirror was successfully set.
89578906	[INFO]	XnOpenNI.cpp	1459	Destroying node 'User1'
89585686	[INFO]	XnOpenNI.cpp	1459	Destroying node 'Depth1'
89585781	[INFO]	XnDeviceBase.cpp	1507	Destroying stream 'Depth1'...
89587031	[INFO]	XnOpenNI.cpp	1459	Destroying node 'Image1'
89587070	[INFO]	XnDeviceBase.cpp	1507	Destroying stream 'Image1'...
89588027	[INFO]	XnOpenNI.cpp	1459	Destroying node 'Device1'
