    2176	[INFO]	XnLog.cpp	165	OpenNI version is 1.0.0 (Build 25)-MacOSX (Jan  7 2011 14:20:18)
    2255	[INFO]	XnLog.cpp	173	Log system initialized. Console: 1, File: 1, Severity: INFO, Masks: ALL
    2288	[INFO]	XnLog.cpp	173	Log system initialized. Console: 1, File: 1, Severity: INFO, Masks: ALL
    8787	[INFO]	XnUSBLinux-x86.cpp	98	USB is initialized.
 4076170	[INFO]	XnOpenNI.cpp	1261	Creating node 'Device1' of type Device...
 4077114	[INFO]	XnDeviceModule.cpp	431	Module 'Device' configuration was loaded from file.
 4524861	[INFO]	XnDeviceSensorIO.cpp	135	Connected to USB device
 4524920	[INFO]	XnProperty.cpp	151	Property Device.USBPath was changed to 045e/02ae@250/11.
 4533484	[INFO]	XnHostProtocol.cpp	825	Hardware versions: FW=5.1.4 (7) HW=4 Chip=2 Sensor=4 SYS=7
 5938314	[INFO]	XnProperty.cpp	151	Property Device.ID was changed to 0.
 5938411	[INFO]	XnSensor.cpp	182	Device sensor initialized
 5938538	[INFO]	XnOpenNI.cpp	1261	Creating node 'Depth1' of type Depth...
 5938586	[INFO]	XnDeviceBase.cpp	1383	Creating stream 'Depth1' of type 'Depth'...
 5938608	[INFO]	XnProperty.cpp	74	Setting Device.ReadData to 1...
 5938647	[INFO]	XnDeviceSensorIO.cpp	298	Endpoints open
 5950895	[INFO]	XnProperty.cpp	151	Property Device.ReadData was changed to 1.
 5950937	[INFO]	XnProperty.cpp	101	Device.ReadData was successfully set.
 5951369	[INFO]	XnProperty.cpp	151	Property Depth1.Resolution was changed to 0.
 5951394	[INFO]	XnProperty.cpp	151	Property Depth1.XRes was changed to 320.
 5951414	[INFO]	XnProperty.cpp	151	Property Depth1.YRes was changed to 240.
 5951432	[INFO]	XnProperty.cpp	151	Property Depth1.FPS was changed to 30.
 5951450	[INFO]	XnProperty.cpp	151	Property Depth1.OutputFormat was changed to 1.
 5951470	[INFO]	XnProperty.cpp	151	Property Depth1.BytesPerPixel was changed to 2.
 5951485	[INFO]	XnProperty.cpp	151	Property Depth1.RequiredDataSize was changed to 153600.
 5951503	[INFO]	XnProperty.cpp	151	Property Depth1.ParamCoeff was changed to 4.
 5951573	[INFO]	XnProperty.cpp	151	Property Depth1.ShiftScale was changed to 10.
 5963972	[INFO]	XnProperty.cpp	151	Property Depth1.ConstShift was changed to 200.
 5964091	[INFO]	XnProperty.cpp	151	Property Depth1.ZPD was changed to 120.
 5964217	[INFO]	XnProperty.cpp	151	Property Depth1.ZPPS was changed to 0.104200.
 5964242	[INFO]	XnProperty.cpp	151	Property Depth1.LDDIS was changed to 7.500000.
 5964369	[INFO]	XnProperty.cpp	151	Property Depth1.Gain was changed to 30.
 5964415	[INFO]	XnDeviceBase.cpp	1458	Stream 'Depth1' was initialized.
 5964437	[INFO]	XnDeviceBase.cpp	1463	'Depth1' stream was created.
 5964660	[INFO]	XnProperty.cpp	74	Setting Depth1.InputFormat to 3...
 5964692	[INFO]	XnProperty.cpp	151	Property Depth1.InputFormat was changed to 3.
 5964713	[INFO]	XnProperty.cpp	101	Depth1.InputFormat was successfully set.
 5965409	[INFO]	XnProperty.cpp	74	Setting Depth1.RegistrationType to 2...
 5965436	[INFO]	XnProperty.cpp	151	Property Depth1.RegistrationType was changed to 2.
 5965456	[INFO]	XnProperty.cpp	101	Depth1.RegistrationType was successfully set.
 5966176	[INFO]	XnDeviceModule.cpp	431	Module 'Depth1' configuration was loaded from file.
 5966445	[INFO]	XnProperty.cpp	74	Setting Depth1.FPS to 30...
 5966471	[INFO]	XnProperty.cpp	86	Depth1.FPS value did not change.
 5966491	[INFO]	XnProperty.cpp	74	Setting Depth1.YRes to 480...
 5966515	[INFO]	XnProperty.cpp	151	Property Depth1.Resolution was changed to 1.
 5966536	[INFO]	XnProperty.cpp	151	Property Depth1.XRes was changed to 640.
 5966556	[INFO]	XnProperty.cpp	151	Property Depth1.RequiredDataSize was changed to 307200.
 5966580	[INFO]	XnProperty.cpp	151	Property Depth1.YRes was changed to 480.
 5966598	[INFO]	XnProperty.cpp	151	Property Depth1.RequiredDataSize was changed to 614400.
 5966621	[INFO]	XnProperty.cpp	101	Depth1.YRes was successfully set.
 5966642	[INFO]	XnProperty.cpp	74	Setting Depth1.XRes to 640...
 5966658	[INFO]	XnProperty.cpp	86	Depth1.XRes value did not change.
 5966723	[INFO]	XnProperty.cpp	74	Setting Depth1.Mirror to 1...
 5966747	[INFO]	XnProperty.cpp	151	Property Depth1.FirmwareMirror was changed to 1.
 5966810	[INFO]	XnProperty.cpp	151	Property Depth1.Mirror was changed to 1.
 5966829	[INFO]	XnProperty.cpp	101	Depth1.Mirror was successfully set.
 9346395	[INFO]	XnOpenNI.cpp	1261	Creating node 'User1' of type User...
 9374165	[WARNING]	Linux-x86Threads.cpp	173	Failed to set thread priority: Invalid argument
 9374217	[WARNING]	XnUSBLinux-x86.cpp	126	USB events thread: Failed to set thread priority to critical. This might cause loss of data...
 9375284	[INFO]	XnUSBLinux-x86.cpp	1222	USB read thread was started.
 9375320	[INFO]	XnProperty.cpp	151	Property Depth1.ActualReadData was changed to 1.
 9845600	[INFO]	XnProperty.cpp	151	Property Depth1.State was changed to 1.
 9845653	[INFO]	XnDeviceBase.cpp	370	Stream Depth1 is open.
13236406	[INFO]	XnOpenNI.cpp	1261	Creating node 'Image1' of type Image...
13236490	[INFO]	XnDeviceBase.cpp	1383	Creating stream 'Image1' of type 'Image'...
13236747	[INFO]	XnProperty.cpp	151	Property Image1.Resolution was changed to 0.
13236778	[INFO]	XnProperty.cpp	151	Property Image1.XRes was changed to 320.
13236796	[INFO]	XnProperty.cpp	151	Property Image1.YRes was changed to 240.
13236812	[INFO]	XnProperty.cpp	151	Property Image1.FPS was changed to 30.
13236828	[INFO]	XnProperty.cpp	151	Property Image1.OutputFormat was changed to 5.
13236851	[INFO]	XnProperty.cpp	151	Property Image1.BytesPerPixel was changed to 3.
13236873	[INFO]	XnProperty.cpp	151	Property Image1.RequiredDataSize was changed to 230400.
13236921	[INFO]	XnDeviceBase.cpp	1458	Stream 'Image1' was initialized.
13236939	[INFO]	XnDeviceBase.cpp	1463	'Image1' stream was created.
13237051	[INFO]	XnProperty.cpp	74	Setting Image1.InputFormat to 6...
13237080	[INFO]	XnProperty.cpp	151	Property Image1.InputFormat was changed to 6.
13237098	[INFO]	XnProperty.cpp	101	Image1.InputFormat was successfully set.
13237592	[INFO]	XnDeviceModule.cpp	431	Module 'Image1' configuration was loaded from file.
13237707	[INFO]	XnProperty.cpp	74	Setting Image1.FPS to 30...
13237724	[INFO]	XnProperty.cpp	86	Image1.FPS value did not change.
13237736	[INFO]	XnProperty.cpp	74	Setting Image1.YRes to 480...
13237748	[INFO]	XnProperty.cpp	151	Property Image1.Resolution was changed to 1.
13237759	[INFO]	XnProperty.cpp	151	Property Image1.XRes was changed to 640.
13237775	[INFO]	XnProperty.cpp	151	Property Image1.RequiredDataSize was changed to 460800.
13237795	[INFO]	XnProperty.cpp	151	Property Image1.YRes was changed to 480.
13237814	[INFO]	XnProperty.cpp	151	Property Image1.RequiredDataSize was changed to 921600.
13237834	[INFO]	XnProperty.cpp	101	Image1.YRes was successfully set.
13237852	[INFO]	XnProperty.cpp	74	Setting Image1.XRes to 640...
13237865	[INFO]	XnProperty.cpp	86	Image1.XRes value did not change.
13238901	[INFO]	XnUSBLinux-x86.cpp	1222	USB read thread was started.
13238935	[INFO]	XnProperty.cpp	151	Property Image1.ActualReadData was changed to 1.
13415562	[WARNING]	XnDepthProcessor.cpp	133	Read: Depth buffer is corrupt. Size is 571968 (!= 614400)
13415611	[WARNING]	XnFrameStreamProcessor.cpp	132	Depth frame is corrupt!
16439076	[INFO]	XnProperty.cpp	151	Property Image1.State was changed to 1.
16439121	[INFO]	XnDeviceBase.cpp	370	Stream Image1 is open.
16439331	[INFO]	XnProperty.cpp	74	Setting Depth1.Registration to 1...
16591076	[INFO]	XnProperty.cpp	151	Property Depth1.Registration was changed to 1.
16591150	[INFO]	XnProperty.cpp	101	Depth1.Registration was successfully set.
16591226	[INFO]	XnProperty.cpp	74	Setting Image1.Mirror to 1...
16603650	[INFO]	XnProperty.cpp	151	Property Image1.FirmwareMirror was changed to 1.
16603691	[INFO]	XnProperty.cpp	151	Property Image1.Mirror was changed to 1.
16603725	[INFO]	XnProperty.cpp	101	Image1.Mirror was successfully set.
