    1724	[INFO]	XnLog.cpp	165	OpenNI version is 1.0.0 (Build 25)-MacOSX (Jan  7 2011 14:20:18)
    1768	[INFO]	XnLog.cpp	173	Log system initialized. Console: 1, File: 1, Severity: INFO, Masks: ALL
    1791	[INFO]	XnLog.cpp	173	Log system initialized. Console: 1, File: 1, Severity: INFO, Masks: ALL
   53568	[INFO]	XnUSBLinux-x86.cpp	98	USB is initialized.
 4155156	[INFO]	XnOpenNI.cpp	1261	Creating node 'Device1' of type Device...
 4156071	[INFO]	XnDeviceModule.cpp	431	Module 'Device' configuration was loaded from file.
 4607467	[INFO]	XnDeviceSensorIO.cpp	135	Connected to USB device
 4607527	[INFO]	XnProperty.cpp	151	Property Device.USBPath was changed to 045e/02ae@250/11.
 4615202	[INFO]	XnHostProtocol.cpp	825	Hardware versions: FW=5.1.4 (7) HW=4 Chip=2 Sensor=4 SYS=7
 6024664	[INFO]	XnProperty.cpp	151	Property Device.ID was changed to 0.
 6024739	[INFO]	XnSensor.cpp	182	Device sensor initialized
 6024846	[INFO]	XnOpenNI.cpp	1261	Creating node 'Depth1' of type Depth...
 6024892	[INFO]	XnDeviceBase.cpp	1383	Creating stream 'Depth1' of type 'Depth'...
 6024908	[INFO]	XnProperty.cpp	74	Setting Device.ReadData to 1...
 6024938	[INFO]	XnDeviceSensorIO.cpp	298	Endpoints open
 6037324	[INFO]	XnProperty.cpp	151	Property Device.ReadData was changed to 1.
 6037356	[INFO]	XnProperty.cpp	101	Device.ReadData was successfully set.
 6037826	[INFO]	XnProperty.cpp	151	Property Depth1.Resolution was changed to 0.
 6037858	[INFO]	XnProperty.cpp	151	Property Depth1.XRes was changed to 320.
 6037881	[INFO]	XnProperty.cpp	151	Property Depth1.YRes was changed to 240.
 6037901	[INFO]	XnProperty.cpp	151	Property Depth1.FPS was changed to 30.
 6037920	[INFO]	XnProperty.cpp	151	Property Depth1.OutputFormat was changed to 1.
 6037939	[INFO]	XnProperty.cpp	151	Property Depth1.BytesPerPixel was changed to 2.
 6037958	[INFO]	XnProperty.cpp	151	Property Depth1.RequiredDataSize was changed to 153600.
 6037982	[INFO]	XnProperty.cpp	151	Property Depth1.ParamCoeff was changed to 4.
 6038060	[INFO]	XnProperty.cpp	151	Property Depth1.ShiftScale was changed to 10.
 6050452	[INFO]	XnProperty.cpp	151	Property Depth1.ConstShift was changed to 200.
 6050531	[INFO]	XnProperty.cpp	151	Property Depth1.ZPD was changed to 120.
 6050643	[INFO]	XnProperty.cpp	151	Property Depth1.ZPPS was changed to 0.104200.
 6050668	[INFO]	XnProperty.cpp	151	Property Depth1.LDDIS was changed to 7.500000.
 6050786	[INFO]	XnProperty.cpp	151	Property Depth1.Gain was changed to 30.
 6050827	[INFO]	XnDeviceBase.cpp	1458	Stream 'Depth1' was initialized.
 6050849	[INFO]	XnDeviceBase.cpp	1463	'Depth1' stream was created.
 6051080	[INFO]	XnProperty.cpp	74	Setting Depth1.InputFormat to 3...
 6051112	[INFO]	XnProperty.cpp	151	Property Depth1.InputFormat was changed to 3.
 6051131	[INFO]	XnProperty.cpp	101	Depth1.InputFormat was successfully set.
 6051766	[INFO]	XnProperty.cpp	74	Setting Depth1.RegistrationType to 2...
 6051793	[INFO]	XnProperty.cpp	151	Property Depth1.RegistrationType was changed to 2.
 6051813	[INFO]	XnProperty.cpp	101	Depth1.RegistrationType was successfully set.
 6052349	[INFO]	XnDeviceModule.cpp	431	Module 'Depth1' configuration was loaded from file.
 6052557	[INFO]	XnProperty.cpp	74	Setting Depth1.FPS to 30...
 6052583	[INFO]	XnProperty.cpp	86	Depth1.FPS value did not change.
 6052603	[INFO]	XnProperty.cpp	74	Setting Depth1.YRes to 480...
 6052623	[INFO]	XnProperty.cpp	151	Property Depth1.Resolution was changed to 1.
 6052642	[INFO]	XnProperty.cpp	151	Property Depth1.XRes was changed to 640.
 6052657	[INFO]	XnProperty.cpp	151	Property Depth1.RequiredDataSize was changed to 307200.
 6052672	[INFO]	XnProperty.cpp	151	Property Depth1.YRes was changed to 480.
 6052683	[INFO]	XnProperty.cpp	151	Property Depth1.RequiredDataSize was changed to 614400.
 6052696	[INFO]	XnProperty.cpp	101	Depth1.YRes was successfully set.
 6052714	[INFO]	XnProperty.cpp	74	Setting Depth1.XRes to 640...
 6052731	[INFO]	XnProperty.cpp	86	Depth1.XRes value did not change.
 6052793	[INFO]	XnProperty.cpp	74	Setting Depth1.Mirror to 1...
 6052816	[INFO]	XnProperty.cpp	151	Property Depth1.FirmwareMirror was changed to 1.
 6052876	[INFO]	XnProperty.cpp	151	Property Depth1.Mirror was changed to 1.
 6052895	[INFO]	XnProperty.cpp	101	Depth1.Mirror was successfully set.
 9450206	[INFO]	XnOpenNI.cpp	1261	Creating node 'User1' of type User...
 9474098	[WARNING]	Linux-x86Threads.cpp	173	Failed to set thread priority: Invalid argument
 9474146	[WARNING]	XnUSBLinux-x86.cpp	126	USB events thread: Failed to set thread priority to critical. This might cause loss of data...
 9475121	[INFO]	XnUSBLinux-x86.cpp	1222	USB read thread was started.
 9475144	[INFO]	XnProperty.cpp	151	Property Depth1.ActualReadData was changed to 1.
 9946113	[INFO]	XnProperty.cpp	151	Property Depth1.State was changed to 1.
 9946166	[INFO]	XnDeviceBase.cpp	370	Stream Depth1 is open.
13350007	[INFO]	XnOpenNI.cpp	1261	Creating node 'Image1' of type Image...
13350060	[INFO]	XnDeviceBase.cpp	1383	Creating stream 'Image1' of type 'Image'...
13350298	[INFO]	XnProperty.cpp	151	Property Image1.Resolution was changed to 0.
13350326	[INFO]	XnProperty.cpp	151	Property Image1.XRes was changed to 320.
13350345	[INFO]	XnProperty.cpp	151	Property Image1.YRes was changed to 240.
13350362	[INFO]	XnProperty.cpp	151	Property Image1.FPS was changed to 30.
13350380	[INFO]	XnProperty.cpp	151	Property Image1.OutputFormat was changed to 5.
13350397	[INFO]	XnProperty.cpp	151	Property Image1.BytesPerPixel was changed to 3.
13350412	[INFO]	XnProperty.cpp	151	Property Image1.RequiredDataSize was changed to 230400.
13350444	[INFO]	XnDeviceBase.cpp	1458	Stream 'Image1' was initialized.
13350457	[INFO]	XnDeviceBase.cpp	1463	'Image1' stream was created.
13350567	[INFO]	XnProperty.cpp	74	Setting Image1.InputFormat to 6...
13350593	[INFO]	XnProperty.cpp	151	Property Image1.InputFormat was changed to 6.
13350611	[INFO]	XnProperty.cpp	101	Image1.InputFormat was successfully set.
13351075	[INFO]	XnDeviceModule.cpp	431	Module 'Image1' configuration was loaded from file.
13351182	[INFO]	XnProperty.cpp	74	Setting Image1.FPS to 30...
13351205	[INFO]	XnProperty.cpp	86	Image1.FPS value did not change.
13351225	[INFO]	XnProperty.cpp	74	Setting Image1.YRes to 480...
13351243	[INFO]	XnProperty.cpp	151	Property Image1.Resolution was changed to 1.
13351262	[INFO]	XnProperty.cpp	151	Property Image1.XRes was changed to 640.
13351280	[INFO]	XnProperty.cpp	151	Property Image1.RequiredDataSize was changed to 460800.
13351300	[INFO]	XnProperty.cpp	151	Property Image1.YRes was changed to 480.
13351314	[INFO]	XnProperty.cpp	151	Property Image1.RequiredDataSize was changed to 921600.
13351326	[INFO]	XnProperty.cpp	101	Image1.YRes was successfully set.
13351338	[INFO]	XnProperty.cpp	74	Setting Image1.XRes to 640...
13351348	[INFO]	XnProperty.cpp	86	Image1.XRes value did not change.
13352327	[INFO]	XnUSBLinux-x86.cpp	1222	USB read thread was started.
13352359	[INFO]	XnProperty.cpp	151	Property Image1.ActualReadData was changed to 1.
13547337	[WARNING]	XnDepthProcessor.cpp	133	Read: Depth buffer is corrupt. Size is 566016 (!= 614400)
13547386	[WARNING]	XnFrameStreamProcessor.cpp	132	Depth frame is corrupt!
16451388	[WARNING]	XnDepthProcessor.cpp	133	Read: Depth buffer is corrupt. Size is 594128 (!= 614400)
16451437	[WARNING]	XnFrameStreamProcessor.cpp	132	Depth frame is corrupt!
16553716	[INFO]	XnProperty.cpp	151	Property Image1.State was changed to 1.
16553759	[INFO]	XnDeviceBase.cpp	370	Stream Image1 is open.
16553943	[INFO]	XnProperty.cpp	74	Setting Depth1.Registration to 1...
16583399	[WARNING]	XnDepthProcessor.cpp	133	Read: Depth buffer is corrupt. Size is 592752 (!= 614400)
16583447	[WARNING]	XnFrameStreamProcessor.cpp	132	Depth frame is corrupt!
16706087	[INFO]	XnProperty.cpp	151	Property Depth1.Registration was changed to 1.
16706131	[INFO]	XnProperty.cpp	101	Depth1.Registration was successfully set.
16706184	[INFO]	XnProperty.cpp	74	Setting Image1.Mirror to 1...
16719802	[INFO]	XnProperty.cpp	151	Property Image1.FirmwareMirror was changed to 1.
16719842	[INFO]	XnProperty.cpp	151	Property Image1.Mirror was changed to 1.
16719860	[INFO]	XnProperty.cpp	101	Image1.Mirror was successfully set.
38355216	[INFO]	XnOpenNI.cpp	1459	Destroying node 'User1'
38363193	[INFO]	XnOpenNI.cpp	1459	Destroying node 'Depth1'
38363334	[INFO]	XnDeviceBase.cpp	1507	Destroying stream 'Depth1'...
38365452	[INFO]	XnOpenNI.cpp	1459	Destroying node 'Image1'
38365549	[INFO]	XnDeviceBase.cpp	1507	Destroying stream 'Image1'...
38367264	[INFO]	XnOpenNI.cpp	1459	Destroying node 'Device1'
