   37209	[INFO]	XnLog.cpp	165	OpenNI version is 1.0.0 (Build 25)-MacOSX (Jan  7 2011 14:20:18)
   37259	[INFO]	XnLog.cpp	173	Log system initialized. Console: 1, File: 1, Severity: INFO, Masks: ALL
   37283	[INFO]	XnLog.cpp	173	Log system initialized. Console: 1, File: 1, Severity: INFO, Masks: ALL
   38690	[INFO]	XnUSBLinux-x86.cpp	98	USB is initialized.
 4063572	[INFO]	XnOpenNI.cpp	1261	Creating node 'Device1' of type Device...
 4064908	[INFO]	XnDeviceModule.cpp	431	Module 'Device' configuration was loaded from file.
 4521058	[INFO]	XnDeviceSensorIO.cpp	135	Connected to USB device
 4521114	[INFO]	XnProperty.cpp	151	Property Device.USBPath was changed to 045e/02ae@250/11.
 4528223	[INFO]	XnHostProtocol.cpp	825	Hardware versions: FW=5.1.4 (7) HW=4 Chip=2 Sensor=4 SYS=7
 5940176	[INFO]	XnProperty.cpp	151	Property Device.ID was changed to 0.
 5940244	[INFO]	XnSensor.cpp	182	Device sensor initialized
 5940364	[INFO]	XnOpenNI.cpp	1261	Creating node 'Depth1' of type Depth...
 5940415	[INFO]	XnDeviceBase.cpp	1383	Creating stream 'Depth1' of type 'Depth'...
 5940436	[INFO]	XnProperty.cpp	74	Setting Device.ReadData to 1...
 5940479	[INFO]	XnDeviceSensorIO.cpp	298	Endpoints open
 5952830	[INFO]	XnProperty.cpp	151	Property Device.ReadData was changed to 1.
 5952881	[INFO]	XnProperty.cpp	101	Device.ReadData was successfully set.
 5953676	[INFO]	XnProperty.cpp	151	Property Depth1.Resolution was changed to 0.
 5953717	[INFO]	XnProperty.cpp	151	Property Depth1.XRes was changed to 320.
 5953746	[INFO]	XnProperty.cpp	151	Property Depth1.YRes was changed to 240.
 5953771	[INFO]	XnProperty.cpp	151	Property Depth1.FPS was changed to 30.
 5953799	[INFO]	XnProperty.cpp	151	Property Depth1.OutputFormat was changed to 1.
 5953833	[INFO]	XnProperty.cpp	151	Property Depth1.BytesPerPixel was changed to 2.
 5953864	[INFO]	XnProperty.cpp	151	Property Depth1.RequiredDataSize was changed to 153600.
 5953895	[INFO]	XnProperty.cpp	151	Property Depth1.ParamCoeff was changed to 4.
 5954021	[INFO]	XnProperty.cpp	151	Property Depth1.ShiftScale was changed to 10.
 5966820	[INFO]	XnProperty.cpp	151	Property Depth1.ConstShift was changed to 200.
 5966983	[INFO]	XnProperty.cpp	151	Property Depth1.ZPD was changed to 120.
 5967250	[INFO]	XnProperty.cpp	151	Property Depth1.ZPPS was changed to 0.104200.
 5967298	[INFO]	XnProperty.cpp	151	Property Depth1.LDDIS was changed to 7.500000.
 5967544	[INFO]	XnProperty.cpp	151	Property Depth1.Gain was changed to 30.
 5967609	[INFO]	XnDeviceBase.cpp	1458	Stream 'Depth1' was initialized.
 5967650	[INFO]	XnDeviceBase.cpp	1463	'Depth1' stream was created.
 5968031	[INFO]	XnProperty.cpp	74	Setting Depth1.InputFormat to 3...
 5968098	[INFO]	XnProperty.cpp	151	Property Depth1.InputFormat was changed to 3.
 5968139	[INFO]	XnProperty.cpp	101	Depth1.InputFormat was successfully set.
 5969269	[INFO]	XnProperty.cpp	74	Setting Depth1.RegistrationType to 2...
 5969307	[INFO]	XnProperty.cpp	151	Property Depth1.RegistrationType was changed to 2.
 5969332	[INFO]	XnProperty.cpp	101	Depth1.RegistrationType was successfully set.
 5970314	[INFO]	XnDeviceModule.cpp	431	Module 'Depth1' configuration was loaded from file.
 5970621	[INFO]	XnProperty.cpp	74	Setting Depth1.FPS to 30...
 5970660	[INFO]	XnProperty.cpp	86	Depth1.FPS value did not change.
 5970692	[INFO]	XnProperty.cpp	74	Setting Depth1.YRes to 480...
 5970727	[INFO]	XnProperty.cpp	151	Property Depth1.Resolution was changed to 1.
 5970759	[INFO]	XnProperty.cpp	151	Property Depth1.XRes was changed to 640.
 5970789	[INFO]	XnProperty.cpp	151	Property Depth1.RequiredDataSize was changed to 307200.
 5970821	[INFO]	XnProperty.cpp	151	Property Depth1.YRes was changed to 480.
 5970851	[INFO]	XnProperty.cpp	151	Property Depth1.RequiredDataSize was changed to 614400.
 5970884	[INFO]	XnProperty.cpp	101	Depth1.YRes was successfully set.
 5970916	[INFO]	XnProperty.cpp	74	Setting Depth1.XRes to 640...
 5970944	[INFO]	XnProperty.cpp	86	Depth1.XRes value did not change.
 5971036	[INFO]	XnProperty.cpp	74	Setting Depth1.Mirror to 1...
 5971073	[INFO]	XnProperty.cpp	151	Property Depth1.FirmwareMirror was changed to 1.
 5971156	[INFO]	XnProperty.cpp	151	Property Depth1.Mirror was changed to 1.
 5971186	[INFO]	XnProperty.cpp	101	Depth1.Mirror was successfully set.
 9396561	[INFO]	XnOpenNI.cpp	1261	Creating node 'User1' of type User...
 9421985	[WARNING]	Linux-x86Threads.cpp	173	Failed to set thread priority: Invalid argument
 9422033	[WARNING]	XnUSBLinux-x86.cpp	126	USB events thread: Failed to set thread priority to critical. This might cause loss of data...
 9422932	[INFO]	XnUSBLinux-x86.cpp	1222	USB read thread was started.
 9422956	[INFO]	XnProperty.cpp	151	Property Depth1.ActualReadData was changed to 1.
 9893768	[INFO]	XnProperty.cpp	151	Property Depth1.State was changed to 1.
 9893813	[INFO]	XnDeviceBase.cpp	370	Stream Depth1 is open.
13275780	[INFO]	XnOpenNI.cpp	1261	Creating node 'Image1' of type Image...
13275833	[INFO]	XnDeviceBase.cpp	1383	Creating stream 'Image1' of type 'Image'...
13276066	[INFO]	XnProperty.cpp	151	Property Image1.Resolution was changed to 0.
13276091	[INFO]	XnProperty.cpp	151	Property Image1.XRes was changed to 320.
13276111	[INFO]	XnProperty.cpp	151	Property Image1.YRes was changed to 240.
13276129	[INFO]	XnProperty.cpp	151	Property Image1.FPS was changed to 30.
13276147	[INFO]	XnProperty.cpp	151	Property Image1.OutputFormat was changed to 5.
13276166	[INFO]	XnProperty.cpp	151	Property Image1.BytesPerPixel was changed to 3.
13276183	[INFO]	XnProperty.cpp	151	Property Image1.RequiredDataSize was changed to 230400.
13276224	[INFO]	XnDeviceBase.cpp	1458	Stream 'Image1' was initialized.
13276245	[INFO]	XnDeviceBase.cpp	1463	'Image1' stream was created.
13276388	[INFO]	XnProperty.cpp	74	Setting Image1.InputFormat to 6...
13276420	[INFO]	XnProperty.cpp	151	Property Image1.InputFormat was changed to 6.
13276441	[INFO]	XnProperty.cpp	101	Image1.InputFormat was successfully set.
13277001	[INFO]	XnDeviceModule.cpp	431	Module 'Image1' configuration was loaded from file.
13277108	[INFO]	XnProperty.cpp	74	Setting Image1.FPS to 30...
13277132	[INFO]	XnProperty.cpp	86	Image1.FPS value did not change.
13277152	[INFO]	XnProperty.cpp	74	Setting Image1.YRes to 480...
13277172	[INFO]	XnProperty.cpp	151	Property Image1.Resolution was changed to 1.
13277191	[INFO]	XnProperty.cpp	151	Property Image1.XRes was changed to 640.
13277210	[INFO]	XnProperty.cpp	151	Property Image1.RequiredDataSize was changed to 460800.
13277231	[INFO]	XnProperty.cpp	151	Property Image1.YRes was changed to 480.
13277250	[INFO]	XnProperty.cpp	151	Property Image1.RequiredDataSize was changed to 921600.
13277269	[INFO]	XnProperty.cpp	101	Image1.YRes was successfully set.
13277287	[INFO]	XnProperty.cpp	74	Setting Image1.XRes to 640...
13277305	[INFO]	XnProperty.cpp	86	Image1.XRes value did not change.
13278278	[INFO]	XnUSBLinux-x86.cpp	1222	USB read thread was started.
13278305	[INFO]	XnProperty.cpp	151	Property Image1.ActualReadData was changed to 1.
13462592	[WARNING]	XnDepthProcessor.cpp	133	Read: Depth buffer is corrupt. Size is 546608 (!= 614400)
13462642	[WARNING]	XnFrameStreamProcessor.cpp	132	Depth frame is corrupt!
16478645	[INFO]	XnProperty.cpp	151	Property Image1.State was changed to 1.
16478696	[INFO]	XnDeviceBase.cpp	370	Stream Image1 is open.
16478894	[INFO]	XnProperty.cpp	74	Setting Depth1.Registration to 1...
16498646	[WARNING]	XnDepthProcessor.cpp	133	Read: Depth buffer is corrupt. Size is 596512 (!= 614400)
16498690	[WARNING]	XnFrameStreamProcessor.cpp	132	Depth frame is corrupt!
16630686	[INFO]	XnProperty.cpp	151	Property Depth1.Registration was changed to 1.
16630733	[INFO]	XnProperty.cpp	101	Depth1.Registration was successfully set.
16630788	[INFO]	XnProperty.cpp	74	Setting Image1.Mirror to 1...
16643255	[INFO]	XnProperty.cpp	151	Property Image1.FirmwareMirror was changed to 1.
16643288	[INFO]	XnProperty.cpp	151	Property Image1.Mirror was changed to 1.
16643303	[INFO]	XnProperty.cpp	101	Image1.Mirror was successfully set.
131297317	[WARNING]	XnDepthProcessor.cpp	133	Read: Depth buffer is corrupt. Size is 439248 (!= 614400)
131297377	[WARNING]	XnFrameStreamProcessor.cpp	132	Depth frame is corrupt!
