   11442	[INFO]	XnLog.cpp	165	OpenNI version is 1.0.0 (Build 25)-MacOSX (Jan  7 2011 14:20:18)
   11491	[INFO]	XnLog.cpp	173	Log system initialized. Console: 1, File: 1, Severity: INFO, Masks: ALL
   11515	[INFO]	XnLog.cpp	173	Log system initialized. Console: 1, File: 1, Severity: INFO, Masks: ALL
   12822	[INFO]	XnUSBLinux-x86.cpp	98	USB is initialized.
 3609464	[INFO]	XnOpenNI.cpp	1261	Creating node 'Device1' of type Device...
 3610820	[INFO]	XnDeviceModule.cpp	431	Module 'Device' configuration was loaded from file.
 3959377	[INFO]	XnDeviceSensorIO.cpp	135	Connected to USB device
 3959430	[INFO]	XnProperty.cpp	151	Property Device.USBPath was changed to 045e/02ae@250/11.
 3966877	[INFO]	XnHostProtocol.cpp	825	Hardware versions: FW=5.1.4 (7) HW=4 Chip=2 Sensor=4 SYS=7
 5379390	[INFO]	XnProperty.cpp	151	Property Device.ID was changed to 0.
 5379476	[INFO]	XnSensor.cpp	182	Device sensor initialized
 5379628	[INFO]	XnOpenNI.cpp	1261	Creating node 'Depth1' of type Depth...
 5379709	[INFO]	XnDeviceBase.cpp	1383	Creating stream 'Depth1' of type 'Depth'...
 5379743	[INFO]	XnProperty.cpp	74	Setting Device.ReadData to 1...
 5379797	[INFO]	XnDeviceSensorIO.cpp	298	Endpoints open
 5392103	[INFO]	XnProperty.cpp	151	Property Device.ReadData was changed to 1.
 5392159	[INFO]	XnProperty.cpp	101	Device.ReadData was successfully set.
 5392822	[INFO]	XnProperty.cpp	151	Property Depth1.Resolution was changed to 0.
 5392865	[INFO]	XnProperty.cpp	151	Property Depth1.XRes was changed to 320.
 5392894	[INFO]	XnProperty.cpp	151	Property Depth1.YRes was changed to 240.
 5392920	[INFO]	XnProperty.cpp	151	Property Depth1.FPS was changed to 30.
 5392945	[INFO]	XnProperty.cpp	151	Property Depth1.OutputFormat was changed to 1.
 5392970	[INFO]	XnProperty.cpp	151	Property Depth1.BytesPerPixel was changed to 2.
 5392995	[INFO]	XnProperty.cpp	151	Property Depth1.RequiredDataSize was changed to 153600.
 5393026	[INFO]	XnProperty.cpp	151	Property Depth1.ParamCoeff was changed to 4.
 5393135	[INFO]	XnProperty.cpp	151	Property Depth1.ShiftScale was changed to 10.
 5405435	[INFO]	XnProperty.cpp	151	Property Depth1.ConstShift was changed to 200.
 5405553	[INFO]	XnProperty.cpp	151	Property Depth1.ZPD was changed to 120.
 5405688	[INFO]	XnProperty.cpp	151	Property Depth1.ZPPS was changed to 0.104200.
 5405709	[INFO]	XnProperty.cpp	151	Property Depth1.LDDIS was changed to 7.500000.
 5405830	[INFO]	XnProperty.cpp	151	Property Depth1.Gain was changed to 30.
 5405871	[INFO]	XnDeviceBase.cpp	1458	Stream 'Depth1' was initialized.
 5405889	[INFO]	XnDeviceBase.cpp	1463	'Depth1' stream was created.
 5406069	[INFO]	XnProperty.cpp	74	Setting Depth1.InputFormat to 3...
 5406094	[INFO]	XnProperty.cpp	151	Property Depth1.InputFormat was changed to 3.
 5406110	[INFO]	XnProperty.cpp	101	Depth1.InputFormat was successfully set.
 5406670	[INFO]	XnProperty.cpp	74	Setting Depth1.RegistrationType to 2...
 5406692	[INFO]	XnProperty.cpp	151	Property Depth1.RegistrationType was changed to 2.
 5406707	[INFO]	XnProperty.cpp	101	Depth1.RegistrationType was successfully set.
 5407298	[INFO]	XnDeviceModule.cpp	431	Module 'Depth1' configuration was loaded from file.
 5407542	[INFO]	XnProperty.cpp	74	Setting Depth1.FPS to 30...
 5407565	[INFO]	XnProperty.cpp	86	Depth1.FPS value did not change.
 5407581	[INFO]	XnProperty.cpp	74	Setting Depth1.YRes to 480...
 5407599	[INFO]	XnProperty.cpp	151	Property Depth1.Resolution was changed to 1.
 5407616	[INFO]	XnProperty.cpp	151	Property Depth1.XRes was changed to 640.
 5407632	[INFO]	XnProperty.cpp	151	Property Depth1.RequiredDataSize was changed to 307200.
 5407651	[INFO]	XnProperty.cpp	151	Property Depth1.YRes was changed to 480.
 5407666	[INFO]	XnProperty.cpp	151	Property Depth1.RequiredDataSize was changed to 614400.
 5407682	[INFO]	XnProperty.cpp	101	Depth1.YRes was successfully set.
 5407697	[INFO]	XnProperty.cpp	74	Setting Depth1.XRes to 640...
 5407711	[INFO]	XnProperty.cpp	86	Depth1.XRes value did not change.
 5407767	[INFO]	XnProperty.cpp	74	Setting Depth1.Mirror to 1...
 5407786	[INFO]	XnProperty.cpp	151	Property Depth1.FirmwareMirror was changed to 1.
 5407839	[INFO]	XnProperty.cpp	151	Property Depth1.Mirror was changed to 1.
 5407854	[INFO]	XnProperty.cpp	101	Depth1.Mirror was successfully set.
 7972241	[INFO]	XnOpenNI.cpp	1261	Creating node 'User1' of type User...
 7997834	[WARNING]	Linux-x86Threads.cpp	173	Failed to set thread priority: Invalid argument
 7997883	[WARNING]	XnUSBLinux-x86.cpp	126	USB events thread: Failed to set thread priority to critical. This might cause loss of data...
 7998738	[INFO]	XnUSBLinux-x86.cpp	1222	USB read thread was started.
 7998762	[INFO]	XnProperty.cpp	151	Property Depth1.ActualReadData was changed to 1.
 8469444	[INFO]	XnProperty.cpp	151	Property Depth1.State was changed to 1.
 8469488	[INFO]	XnDeviceBase.cpp	370	Stream Depth1 is open.
11001660	[INFO]	XnOpenNI.cpp	1261	Creating node 'Image1' of type Image...
11001713	[INFO]	XnDeviceBase.cpp	1383	Creating stream 'Image1' of type 'Image'...
11001931	[INFO]	XnProperty.cpp	151	Property Image1.Resolution was changed to 0.
11001957	[INFO]	XnProperty.cpp	151	Property Image1.XRes was changed to 320.
11001977	[INFO]	XnProperty.cpp	151	Property Image1.YRes was changed to 240.
11001995	[INFO]	XnProperty.cpp	151	Property Image1.FPS was changed to 30.
11002014	[INFO]	XnProperty.cpp	151	Property Image1.OutputFormat was changed to 5.
11002031	[INFO]	XnProperty.cpp	151	Property Image1.BytesPerPixel was changed to 3.
11002049	[INFO]	XnProperty.cpp	151	Property Image1.RequiredDataSize was changed to 230400.
11002090	[INFO]	XnDeviceBase.cpp	1458	Stream 'Image1' was initialized.
11002109	[INFO]	XnDeviceBase.cpp	1463	'Image1' stream was created.
11002250	[INFO]	XnProperty.cpp	74	Setting Image1.InputFormat to 6...
11002280	[INFO]	XnProperty.cpp	151	Property Image1.InputFormat was changed to 6.
11002300	[INFO]	XnProperty.cpp	101	Image1.InputFormat was successfully set.
11002857	[INFO]	XnDeviceModule.cpp	431	Module 'Image1' configuration was loaded from file.
11002966	[INFO]	XnProperty.cpp	74	Setting Image1.FPS to 30...
11002984	[INFO]	XnProperty.cpp	86	Image1.FPS value did not change.
11002996	[INFO]	XnProperty.cpp	74	Setting Image1.YRes to 480...
11003011	[INFO]	XnProperty.cpp	151	Property Image1.Resolution was changed to 1.
11003028	[INFO]	XnProperty.cpp	151	Property Image1.XRes was changed to 640.
11003045	[INFO]	XnProperty.cpp	151	Property Image1.RequiredDataSize was changed to 460800.
11003064	[INFO]	XnProperty.cpp	151	Property Image1.YRes was changed to 480.
11003080	[INFO]	XnProperty.cpp	151	Property Image1.RequiredDataSize was changed to 921600.
11003094	[INFO]	XnProperty.cpp	101	Image1.YRes was successfully set.
11003106	[INFO]	XnProperty.cpp	74	Setting Image1.XRes to 640...
11003116	[INFO]	XnProperty.cpp	86	Image1.XRes value did not change.
11003987	[INFO]	XnUSBLinux-x86.cpp	1222	USB read thread was started.
11004013	[INFO]	XnProperty.cpp	151	Property Image1.ActualReadData was changed to 1.
11070010	[WARNING]	XnDepthProcessor.cpp	133	Read: Depth buffer is corrupt. Size is 595760 (!= 614400)
11070060	[WARNING]	XnFrameStreamProcessor.cpp	132	Depth frame is corrupt!
11202046	[WARNING]	XnDepthProcessor.cpp	133	Read: Depth buffer is corrupt. Size is 578432 (!= 614400)
11202097	[WARNING]	XnFrameStreamProcessor.cpp	132	Depth frame is corrupt!
14206069	[INFO]	XnProperty.cpp	151	Property Image1.State was changed to 1.
14206117	[INFO]	XnDeviceBase.cpp	370	Stream Image1 is open.
14206315	[INFO]	XnProperty.cpp	74	Setting Depth1.Registration to 1...
14358124	[INFO]	XnProperty.cpp	151	Property Depth1.Registration was changed to 1.
14358174	[INFO]	XnProperty.cpp	101	Depth1.Registration was successfully set.
14358230	[INFO]	XnProperty.cpp	74	Setting Image1.Mirror to 1...
14370774	[INFO]	XnProperty.cpp	151	Property Image1.FirmwareMirror was changed to 1.
14370807	[INFO]	XnProperty.cpp	151	Property Image1.Mirror was changed to 1.
14370820	[INFO]	XnProperty.cpp	101	Image1.Mirror was successfully set.
44523378	[INFO]	XnOpenNI.cpp	1459	Destroying node 'User1'
44529810	[INFO]	XnOpenNI.cpp	1459	Destroying node 'Depth1'
44529906	[INFO]	XnDeviceBase.cpp	1507	Destroying stream 'Depth1'...
44531049	[INFO]	XnOpenNI.cpp	1459	Destroying node 'Image1'
44531300	[INFO]	XnDeviceBase.cpp	1507	Destroying stream 'Image1'...
44532261	[INFO]	XnOpenNI.cpp	1459	Destroying node 'Device1'
