    5232	[INFO]	XnLog.cpp	165	OpenNI version is 1.0.0 (Build 25)-MacOSX (Jan  7 2011 14:20:18)
    5282	[INFO]	XnLog.cpp	173	Log system initialized. Console: 1, File: 1, Severity: INFO, Masks: ALL
    5306	[INFO]	XnLog.cpp	173	Log system initialized. Console: 1, File: 1, Severity: INFO, Masks: ALL
    6699	[INFO]	XnUSBLinux-x86.cpp	98	USB is initialized.
 4066865	[INFO]	XnOpenNI.cpp	1261	Creating node 'Device1' of type Device...
 4067725	[INFO]	XnDeviceModule.cpp	431	Module 'Device' configuration was loaded from file.
 4412844	[INFO]	XnDeviceSensorIO.cpp	135	Connected to USB device
 4412902	[INFO]	XnProperty.cpp	151	Property Device.USBPath was changed to 045e/02ae@250/11.
 4420394	[INFO]	XnHostProtocol.cpp	825	Hardware versions: FW=5.1.4 (7) HW=4 Chip=2 Sensor=4 SYS=7
 5829697	[INFO]	XnProperty.cpp	151	Property Device.ID was changed to 0.
 5829760	[INFO]	XnSensor.cpp	182	Device sensor initialized
 5829869	[INFO]	XnOpenNI.cpp	1261	Creating node 'Depth1' of type Depth...
 5829911	[INFO]	XnDeviceBase.cpp	1383	Creating stream 'Depth1' of type 'Depth'...
 5829927	[INFO]	XnProperty.cpp	74	Setting Device.ReadData to 1...
 5829956	[INFO]	XnDeviceSensorIO.cpp	298	Endpoints open
 5842216	[INFO]	XnProperty.cpp	151	Property Device.ReadData was changed to 1.
 5842246	[INFO]	XnProperty.cpp	101	Device.ReadData was successfully set.
 5842621	[INFO]	XnProperty.cpp	151	Property Depth1.Resolution was changed to 0.
 5842645	[INFO]	XnProperty.cpp	151	Property Depth1.XRes was changed to 320.
 5842665	[INFO]	XnProperty.cpp	151	Property Depth1.YRes was changed to 240.
 5842682	[INFO]	XnProperty.cpp	151	Property Depth1.FPS was changed to 30.
 5842700	[INFO]	XnProperty.cpp	151	Property Depth1.OutputFormat was changed to 1.
 5842715	[INFO]	XnProperty.cpp	151	Property Depth1.BytesPerPixel was changed to 2.
 5842727	[INFO]	XnProperty.cpp	151	Property Depth1.RequiredDataSize was changed to 153600.
 5842743	[INFO]	XnProperty.cpp	151	Property Depth1.ParamCoeff was changed to 4.
 5842812	[INFO]	XnProperty.cpp	151	Property Depth1.ShiftScale was changed to 10.
 5855416	[INFO]	XnProperty.cpp	151	Property Depth1.ConstShift was changed to 200.
 5855480	[INFO]	XnProperty.cpp	151	Property Depth1.ZPD was changed to 120.
 5855606	[INFO]	XnProperty.cpp	151	Property Depth1.ZPPS was changed to 0.104200.
 5855631	[INFO]	XnProperty.cpp	151	Property Depth1.LDDIS was changed to 7.500000.
 5855747	[INFO]	XnProperty.cpp	151	Property Depth1.Gain was changed to 30.
 5855783	[INFO]	XnDeviceBase.cpp	1458	Stream 'Depth1' was initialized.
 5855805	[INFO]	XnDeviceBase.cpp	1463	'Depth1' stream was created.
 5856007	[INFO]	XnProperty.cpp	74	Setting Depth1.InputFormat to 3...
 5856037	[INFO]	XnProperty.cpp	151	Property Depth1.InputFormat was changed to 3.
 5856055	[INFO]	XnProperty.cpp	101	Depth1.InputFormat was successfully set.
 5856657	[INFO]	XnProperty.cpp	74	Setting Depth1.RegistrationType to 2...
 5856677	[INFO]	XnProperty.cpp	151	Property Depth1.RegistrationType was changed to 2.
 5856689	[INFO]	XnProperty.cpp	101	Depth1.RegistrationType was successfully set.
 5857290	[INFO]	XnDeviceModule.cpp	431	Module 'Depth1' configuration was loaded from file.
 5857483	[INFO]	XnProperty.cpp	74	Setting Depth1.FPS to 30...
 5857507	[INFO]	XnProperty.cpp	86	Depth1.FPS value did not change.
 5857526	[INFO]	XnProperty.cpp	74	Setting Depth1.YRes to 480...
 5857548	[INFO]	XnProperty.cpp	151	Property Depth1.Resolution was changed to 1.
 5857568	[INFO]	XnProperty.cpp	151	Property Depth1.XRes was changed to 640.
 5857586	[INFO]	XnProperty.cpp	151	Property Depth1.RequiredDataSize was changed to 307200.
 5857607	[INFO]	XnProperty.cpp	151	Property Depth1.YRes was changed to 480.
 5857627	[INFO]	XnProperty.cpp	151	Property Depth1.RequiredDataSize was changed to 614400.
 5857647	[INFO]	XnProperty.cpp	101	Depth1.YRes was successfully set.
 5857667	[INFO]	XnProperty.cpp	74	Setting Depth1.XRes to 640...
 5857684	[INFO]	XnProperty.cpp	86	Depth1.XRes value did not change.
 5857746	[INFO]	XnProperty.cpp	74	Setting Depth1.Mirror to 1...
 5857767	[INFO]	XnProperty.cpp	151	Property Depth1.FirmwareMirror was changed to 1.
 5857816	[INFO]	XnProperty.cpp	151	Property Depth1.Mirror was changed to 1.
 5857832	[INFO]	XnProperty.cpp	101	Depth1.Mirror was successfully set.
 8403013	[INFO]	XnOpenNI.cpp	1261	Creating node 'User1' of type User...
 8502507	[WARNING]	Linux-x86Threads.cpp	173	Failed to set thread priority: Invalid argument
 8502555	[WARNING]	XnUSBLinux-x86.cpp	126	USB events thread: Failed to set thread priority to critical. This might cause loss of data...
 8503471	[INFO]	XnUSBLinux-x86.cpp	1222	USB read thread was started.
 8503497	[INFO]	XnProperty.cpp	151	Property Depth1.ActualReadData was changed to 1.
 8975303	[INFO]	XnProperty.cpp	151	Property Depth1.State was changed to 1.
 8975347	[INFO]	XnDeviceBase.cpp	370	Stream Depth1 is open.
11525241	[INFO]	XnOpenNI.cpp	1261	Creating node 'Image1' of type Image...
11525296	[INFO]	XnDeviceBase.cpp	1383	Creating stream 'Image1' of type 'Image'...
11525523	[INFO]	XnProperty.cpp	151	Property Image1.Resolution was changed to 0.
11525549	[INFO]	XnProperty.cpp	151	Property Image1.XRes was changed to 320.
11525569	[INFO]	XnProperty.cpp	151	Property Image1.YRes was changed to 240.
11525589	[INFO]	XnProperty.cpp	151	Property Image1.FPS was changed to 30.
11525606	[INFO]	XnProperty.cpp	151	Property Image1.OutputFormat was changed to 5.
11525625	[INFO]	XnProperty.cpp	151	Property Image1.BytesPerPixel was changed to 3.
11525645	[INFO]	XnProperty.cpp	151	Property Image1.RequiredDataSize was changed to 230400.
11525684	[INFO]	XnDeviceBase.cpp	1458	Stream 'Image1' was initialized.
11525706	[INFO]	XnDeviceBase.cpp	1463	'Image1' stream was created.
11525857	[INFO]	XnProperty.cpp	74	Setting Image1.InputFormat to 6...
11525889	[INFO]	XnProperty.cpp	151	Property Image1.InputFormat was changed to 6.
11525909	[INFO]	XnProperty.cpp	101	Image1.InputFormat was successfully set.
11526445	[INFO]	XnDeviceModule.cpp	431	Module 'Image1' configuration was loaded from file.
11526542	[INFO]	XnProperty.cpp	74	Setting Image1.FPS to 30...
11526564	[INFO]	XnProperty.cpp	86	Image1.FPS value did not change.
11526584	[INFO]	XnProperty.cpp	74	Setting Image1.YRes to 480...
11526604	[INFO]	XnProperty.cpp	151	Property Image1.Resolution was changed to 1.
11526624	[INFO]	XnProperty.cpp	151	Property Image1.XRes was changed to 640.
11526642	[INFO]	XnProperty.cpp	151	Property Image1.RequiredDataSize was changed to 460800.
11526663	[INFO]	XnProperty.cpp	151	Property Image1.YRes was changed to 480.
11526682	[INFO]	XnProperty.cpp	151	Property Image1.RequiredDataSize was changed to 921600.
11526701	[INFO]	XnProperty.cpp	101	Image1.YRes was successfully set.
11526720	[INFO]	XnProperty.cpp	74	Setting Image1.XRes to 640...
11526737	[INFO]	XnProperty.cpp	86	Image1.XRes value did not change.
11527685	[INFO]	XnUSBLinux-x86.cpp	1222	USB read thread was started.
11527712	[INFO]	XnProperty.cpp	151	Property Image1.ActualReadData was changed to 1.
11706918	[WARNING]	XnDepthProcessor.cpp	133	Read: Depth buffer is corrupt. Size is 538816 (!= 614400)
11706969	[WARNING]	XnFrameStreamProcessor.cpp	132	Depth frame is corrupt!
14728748	[INFO]	XnProperty.cpp	151	Property Image1.State was changed to 1.
14728809	[INFO]	XnDeviceBase.cpp	370	Stream Image1 is open.
14729027	[INFO]	XnProperty.cpp	74	Setting Depth1.Registration to 1...
14880640	[INFO]	XnProperty.cpp	151	Property Depth1.Registration was changed to 1.
14880684	[INFO]	XnProperty.cpp	101	Depth1.Registration was successfully set.
14880733	[INFO]	XnProperty.cpp	74	Setting Image1.Mirror to 1...
14893120	[INFO]	XnProperty.cpp	151	Property Image1.FirmwareMirror was changed to 1.
14893159	[INFO]	XnProperty.cpp	151	Property Image1.Mirror was changed to 1.
14893172	[INFO]	XnProperty.cpp	101	Image1.Mirror was successfully set.
