   24213	[INFO]	XnLog.cpp	165	OpenNI version is 1.0.0 (Build 25)-MacOSX (Jan  7 2011 14:20:18)
   24273	[INFO]	XnLog.cpp	173	Log system initialized. Console: 1, File: 1, Severity: INFO, Masks: ALL
   24307	[INFO]	XnLog.cpp	173	Log system initialized. Console: 1, File: 1, Severity: INFO, Masks: ALL
   26088	[INFO]	XnUSBLinux-x86.cpp	98	USB is initialized.
 4055986	[INFO]	XnOpenNI.cpp	1261	Creating node 'Device1' of type Device...
 4057119	[INFO]	XnDeviceModule.cpp	431	Module 'Device' configuration was loaded from file.
 4512817	[INFO]	XnDeviceSensorIO.cpp	135	Connected to USB device
 4512874	[INFO]	XnProperty.cpp	151	Property Device.USBPath was changed to 045e/02ae@250/11.
 4520375	[INFO]	XnHostProtocol.cpp	825	Hardware versions: FW=5.1.4 (7) HW=4 Chip=2 Sensor=4 SYS=7
 5933125	[INFO]	XnProperty.cpp	151	Property Device.ID was changed to 0.
 5933211	[INFO]	XnSensor.cpp	182	Device sensor initialized
 5933389	[INFO]	XnOpenNI.cpp	1261	Creating node 'Depth1' of type Depth...
 5933457	[INFO]	XnDeviceBase.cpp	1383	Creating stream 'Depth1' of type 'Depth'...
 5933488	[INFO]	XnProperty.cpp	74	Setting Device.ReadData to 1...
 5933544	[INFO]	XnDeviceSensorIO.cpp	298	Endpoints open
 5946196	[INFO]	XnProperty.cpp	151	Property Device.ReadData was changed to 1.
 5946236	[INFO]	XnProperty.cpp	101	Device.ReadData was successfully set.
 5946973	[INFO]	XnProperty.cpp	151	Property Depth1.Resolution was changed to 0.
 5947014	[INFO]	XnProperty.cpp	151	Property Depth1.XRes was changed to 320.
 5947041	[INFO]	XnProperty.cpp	151	Property Depth1.YRes was changed to 240.
 5947069	[INFO]	XnProperty.cpp	151	Property Depth1.FPS was changed to 30.
 5947105	[INFO]	XnProperty.cpp	151	Property Depth1.OutputFormat was changed to 1.
 5947144	[INFO]	XnProperty.cpp	151	Property Depth1.BytesPerPixel was changed to 2.
 5947183	[INFO]	XnProperty.cpp	151	Property Depth1.RequiredDataSize was changed to 153600.
 5947229	[INFO]	XnProperty.cpp	151	Property Depth1.ParamCoeff was changed to 4.
 5947381	[INFO]	XnProperty.cpp	151	Property Depth1.ShiftScale was changed to 10.
 5959883	[INFO]	XnProperty.cpp	151	Property Depth1.ConstShift was changed to 200.
 5960051	[INFO]	XnProperty.cpp	151	Property Depth1.ZPD was changed to 120.
 5960289	[INFO]	XnProperty.cpp	151	Property Depth1.ZPPS was changed to 0.104200.
 5960337	[INFO]	XnProperty.cpp	151	Property Depth1.LDDIS was changed to 7.500000.
 5960593	[INFO]	XnProperty.cpp	151	Property Depth1.Gain was changed to 30.
 5960657	[INFO]	XnDeviceBase.cpp	1458	Stream 'Depth1' was initialized.
 5960696	[INFO]	XnDeviceBase.cpp	1463	'Depth1' stream was created.
 5961044	[INFO]	XnProperty.cpp	74	Setting Depth1.InputFormat to 3...
 5961103	[INFO]	XnProperty.cpp	151	Property Depth1.InputFormat was changed to 3.
 5961143	[INFO]	XnProperty.cpp	101	Depth1.InputFormat was successfully set.
 5962214	[INFO]	XnProperty.cpp	74	Setting Depth1.RegistrationType to 2...
 5962252	[INFO]	XnProperty.cpp	151	Property Depth1.RegistrationType was changed to 2.
 5962276	[INFO]	XnProperty.cpp	101	Depth1.RegistrationType was successfully set.
 5963204	[INFO]	XnDeviceModule.cpp	431	Module 'Depth1' configuration was loaded from file.
 5963460	[INFO]	XnProperty.cpp	74	Setting Depth1.FPS to 30...
 5963495	[INFO]	XnProperty.cpp	86	Depth1.FPS value did not change.
 5963526	[INFO]	XnProperty.cpp	74	Setting Depth1.YRes to 480...
 5963561	[INFO]	XnProperty.cpp	151	Property Depth1.Resolution was changed to 1.
 5963594	[INFO]	XnProperty.cpp	151	Property Depth1.XRes was changed to 640.
 5963624	[INFO]	XnProperty.cpp	151	Property Depth1.RequiredDataSize was changed to 307200.
 5963656	[INFO]	XnProperty.cpp	151	Property Depth1.YRes was changed to 480.
 5963686	[INFO]	XnProperty.cpp	151	Property Depth1.RequiredDataSize was changed to 614400.
 5963719	[INFO]	XnProperty.cpp	101	Depth1.YRes was successfully set.
 5963750	[INFO]	XnProperty.cpp	74	Setting Depth1.XRes to 640...
 5963778	[INFO]	XnProperty.cpp	86	Depth1.XRes value did not change.
 5963866	[INFO]	XnProperty.cpp	74	Setting Depth1.Mirror to 1...
 5963901	[INFO]	XnProperty.cpp	151	Property Depth1.FirmwareMirror was changed to 1.
 5963974	[INFO]	XnProperty.cpp	151	Property Depth1.Mirror was changed to 1.
 5964004	[INFO]	XnProperty.cpp	101	Depth1.Mirror was successfully set.
 9385268	[INFO]	XnOpenNI.cpp	1261	Creating node 'User1' of type User...
 9410860	[WARNING]	Linux-x86Threads.cpp	173	Failed to set thread priority: Invalid argument
 9410906	[WARNING]	XnUSBLinux-x86.cpp	126	USB events thread: Failed to set thread priority to critical. This might cause loss of data...
 9411760	[INFO]	XnUSBLinux-x86.cpp	1222	USB read thread was started.
 9411789	[INFO]	XnProperty.cpp	151	Property Depth1.ActualReadData was changed to 1.
 9882203	[INFO]	XnProperty.cpp	151	Property Depth1.State was changed to 1.
 9882248	[INFO]	XnDeviceBase.cpp	370	Stream Depth1 is open.
13264522	[INFO]	XnOpenNI.cpp	1261	Creating node 'Image1' of type Image...
13264579	[INFO]	XnDeviceBase.cpp	1383	Creating stream 'Image1' of type 'Image'...
13264787	[INFO]	XnProperty.cpp	151	Property Image1.Resolution was changed to 0.
13264806	[INFO]	XnProperty.cpp	151	Property Image1.XRes was changed to 320.
13264820	[INFO]	XnProperty.cpp	151	Property Image1.YRes was changed to 240.
13264837	[INFO]	XnProperty.cpp	151	Property Image1.FPS was changed to 30.
13264856	[INFO]	XnProperty.cpp	151	Property Image1.OutputFormat was changed to 5.
13264873	[INFO]	XnProperty.cpp	151	Property Image1.BytesPerPixel was changed to 3.
13264891	[INFO]	XnProperty.cpp	151	Property Image1.RequiredDataSize was changed to 230400.
13264923	[INFO]	XnDeviceBase.cpp	1458	Stream 'Image1' was initialized.
13264937	[INFO]	XnDeviceBase.cpp	1463	'Image1' stream was created.
13265045	[INFO]	XnProperty.cpp	74	Setting Image1.InputFormat to 6...
13265065	[INFO]	XnProperty.cpp	151	Property Image1.InputFormat was changed to 6.
13265083	[INFO]	XnProperty.cpp	101	Image1.InputFormat was successfully set.
13265558	[INFO]	XnDeviceModule.cpp	431	Module 'Image1' configuration was loaded from file.
13265651	[INFO]	XnProperty.cpp	74	Setting Image1.FPS to 30...
13265668	[INFO]	XnProperty.cpp	86	Image1.FPS value did not change.
13265680	[INFO]	XnProperty.cpp	74	Setting Image1.YRes to 480...
13265698	[INFO]	XnProperty.cpp	151	Property Image1.Resolution was changed to 1.
13265713	[INFO]	XnProperty.cpp	151	Property Image1.XRes was changed to 640.
13265728	[INFO]	XnProperty.cpp	151	Property Image1.RequiredDataSize was changed to 460800.
13265748	[INFO]	XnProperty.cpp	151	Property Image1.YRes was changed to 480.
13265764	[INFO]	XnProperty.cpp	151	Property Image1.RequiredDataSize was changed to 921600.
13265781	[INFO]	XnProperty.cpp	101	Image1.YRes was successfully set.
13265795	[INFO]	XnProperty.cpp	74	Setting Image1.XRes to 640...
13265805	[INFO]	XnProperty.cpp	86	Image1.XRes value did not change.
13266653	[INFO]	XnUSBLinux-x86.cpp	1222	USB read thread was started.
13266683	[INFO]	XnProperty.cpp	151	Property Image1.ActualReadData was changed to 1.
13447684	[WARNING]	XnDepthProcessor.cpp	133	Read: Depth buffer is corrupt. Size is 533872 (!= 614400)
13447735	[WARNING]	XnFrameStreamProcessor.cpp	132	Depth frame is corrupt!
16467069	[INFO]	XnProperty.cpp	151	Property Image1.State was changed to 1.
16467115	[INFO]	XnDeviceBase.cpp	370	Stream Image1 is open.
16467313	[INFO]	XnProperty.cpp	74	Setting Depth1.Registration to 1...
16487697	[WARNING]	XnDepthProcessor.cpp	133	Read: Depth buffer is corrupt. Size is 598672 (!= 614400)
16487743	[WARNING]	XnFrameStreamProcessor.cpp	132	Depth frame is corrupt!
16618933	[INFO]	XnProperty.cpp	151	Property Depth1.Registration was changed to 1.
16618983	[INFO]	XnProperty.cpp	101	Depth1.Registration was successfully set.
16619036	[INFO]	XnProperty.cpp	74	Setting Image1.Mirror to 1...
16631412	[INFO]	XnProperty.cpp	151	Property Image1.FirmwareMirror was changed to 1.
16631443	[INFO]	XnProperty.cpp	151	Property Image1.Mirror was changed to 1.
16631456	[INFO]	XnProperty.cpp	101	Image1.Mirror was successfully set.
63660104	[INFO]	XnOpenNI.cpp	1459	Destroying node 'User1'
63666803	[INFO]	XnOpenNI.cpp	1459	Destroying node 'Depth1'
63666893	[INFO]	XnDeviceBase.cpp	1507	Destroying stream 'Depth1'...
63668000	[INFO]	XnOpenNI.cpp	1459	Destroying node 'Image1'
63668073	[INFO]	XnDeviceBase.cpp	1507	Destroying stream 'Image1'...
63668999	[INFO]	XnOpenNI.cpp	1459	Destroying node 'Device1'
