   72223	[INFO]	XnLog.cpp	165	OpenNI version is 1.0.0 (Build 25)-MacOSX (Jan  7 2011 14:20:18)
   72272	[INFO]	XnLog.cpp	173	Log system initialized. Console: 1, File: 1, Severity: INFO, Masks: ALL
   72296	[INFO]	XnLog.cpp	173	Log system initialized. Console: 1, File: 1, Severity: INFO, Masks: ALL
   73645	[INFO]	XnUSBLinux-x86.cpp	98	USB is initialized.
 4098940	[INFO]	XnOpenNI.cpp	1261	Creating node 'Device1' of type Device...
 4099858	[INFO]	XnDeviceModule.cpp	431	Module 'Device' configuration was loaded from file.
 4554498	[INFO]	XnDeviceSensorIO.cpp	135	Connected to USB device
 4554554	[INFO]	XnProperty.cpp	151	Property Device.USBPath was changed to 045e/02ae@250/11.
 4562183	[INFO]	XnHostProtocol.cpp	825	Hardware versions: FW=5.1.4 (7) HW=4 Chip=2 Sensor=4 SYS=7
 5975704	[INFO]	XnProperty.cpp	151	Property Device.ID was changed to 0.
 5975772	[INFO]	XnSensor.cpp	182	Device sensor initialized
 5975931	[INFO]	XnOpenNI.cpp	1261	Creating node 'Depth1' of type Depth...
 5975990	[INFO]	XnDeviceBase.cpp	1383	Creating stream 'Depth1' of type 'Depth'...
 5976015	[INFO]	XnProperty.cpp	74	Setting Device.ReadData to 1...
 5976068	[INFO]	XnDeviceSensorIO.cpp	298	Endpoints open
 5988847	[INFO]	XnProperty.cpp	151	Property Device.ReadData was changed to 1.
 5988881	[INFO]	XnProperty.cpp	101	Device.ReadData was successfully set.
 5989429	[INFO]	XnProperty.cpp	151	Property Depth1.Resolution was changed to 0.
 5989463	[INFO]	XnProperty.cpp	151	Property Depth1.XRes was changed to 320.
 5989485	[INFO]	XnProperty.cpp	151	Property Depth1.YRes was changed to 240.
 5989504	[INFO]	XnProperty.cpp	151	Property Depth1.FPS was changed to 30.
 5989533	[INFO]	XnProperty.cpp	151	Property Depth1.OutputFormat was changed to 1.
 5989563	[INFO]	XnProperty.cpp	151	Property Depth1.BytesPerPixel was changed to 2.
 5989594	[INFO]	XnProperty.cpp	151	Property Depth1.RequiredDataSize was changed to 153600.
 5989630	[INFO]	XnProperty.cpp	151	Property Depth1.ParamCoeff was changed to 4.
 5989751	[INFO]	XnProperty.cpp	151	Property Depth1.ShiftScale was changed to 10.
 6002247	[INFO]	XnProperty.cpp	151	Property Depth1.ConstShift was changed to 200.
 6002341	[INFO]	XnProperty.cpp	151	Property Depth1.ZPD was changed to 120.
 6002485	[INFO]	XnProperty.cpp	151	Property Depth1.ZPPS was changed to 0.104200.
 6002514	[INFO]	XnProperty.cpp	151	Property Depth1.LDDIS was changed to 7.500000.
 6002646	[INFO]	XnProperty.cpp	151	Property Depth1.Gain was changed to 30.
 6002687	[INFO]	XnDeviceBase.cpp	1458	Stream 'Depth1' was initialized.
 6002712	[INFO]	XnDeviceBase.cpp	1463	'Depth1' stream was created.
 6002909	[INFO]	XnProperty.cpp	74	Setting Depth1.InputFormat to 3...
 6002943	[INFO]	XnProperty.cpp	151	Property Depth1.InputFormat was changed to 3.
 6002965	[INFO]	XnProperty.cpp	101	Depth1.InputFormat was successfully set.
 6003589	[INFO]	XnProperty.cpp	74	Setting Depth1.RegistrationType to 2...
 6003612	[INFO]	XnProperty.cpp	151	Property Depth1.RegistrationType was changed to 2.
 6003630	[INFO]	XnProperty.cpp	101	Depth1.RegistrationType was successfully set.
 6004401	[INFO]	XnDeviceModule.cpp	431	Module 'Depth1' configuration was loaded from file.
 6004629	[INFO]	XnProperty.cpp	74	Setting Depth1.FPS to 30...
 6004658	[INFO]	XnProperty.cpp	101	Depth1.FPS was successfully set.
 6004682	[INFO]	XnProperty.cpp	74	Setting Depth1.YRes to 480...
 6004710	[INFO]	XnProperty.cpp	151	Property Depth1.Resolution was changed to 1.
 6004736	[INFO]	XnProperty.cpp	151	Property Depth1.XRes was changed to 640.
 6004762	[INFO]	XnProperty.cpp	151	Property Depth1.RequiredDataSize was changed to 307200.
 6004789	[INFO]	XnProperty.cpp	151	Property Depth1.YRes was changed to 480.
 6004814	[INFO]	XnProperty.cpp	151	Property Depth1.RequiredDataSize was changed to 614400.
 6004841	[INFO]	XnProperty.cpp	101	Depth1.YRes was successfully set.
 6004867	[INFO]	XnProperty.cpp	74	Setting Depth1.XRes to 640...
 6004891	[INFO]	XnProperty.cpp	101	Depth1.XRes was successfully set.
 6004964	[INFO]	XnProperty.cpp	74	Setting Depth1.Mirror to 1...
 6004986	[INFO]	XnProperty.cpp	151	Property Depth1.FirmwareMirror was changed to 1.
 6005053	[INFO]	XnProperty.cpp	151	Property Depth1.Mirror was changed to 1.
 6005075	[INFO]	XnProperty.cpp	101	Depth1.Mirror was successfully set.
 9421073	[INFO]	XnOpenNI.cpp	1261	Creating node 'User1' of type User...
 9444993	[WARNING]	Linux-x86Threads.cpp	173	Failed to set thread priority: Invalid argument
 9445041	[WARNING]	XnUSBLinux-x86.cpp	126	USB events thread: Failed to set thread priority to critical. This might cause loss of data...
 9445948	[INFO]	XnUSBLinux-x86.cpp	1222	USB read thread was started.
 9445972	[INFO]	XnProperty.cpp	151	Property Depth1.ActualReadData was changed to 1.
 9917210	[INFO]	XnProperty.cpp	151	Property Depth1.State was changed to 1.
 9917258	[INFO]	XnDeviceBase.cpp	370	Stream Depth1 is open.
13315003	[INFO]	XnOpenNI.cpp	1261	Creating node 'Image1' of type Image...
13315057	[INFO]	XnDeviceBase.cpp	1383	Creating stream 'Image1' of type 'Image'...
13315282	[INFO]	XnProperty.cpp	151	Property Image1.Resolution was changed to 0.
13315305	[INFO]	XnProperty.cpp	151	Property Image1.XRes was changed to 320.
13315324	[INFO]	XnProperty.cpp	151	Property Image1.YRes was changed to 240.
13315342	[INFO]	XnProperty.cpp	151	Property Image1.FPS was changed to 30.
13315359	[INFO]	XnProperty.cpp	151	Property Image1.OutputFormat was changed to 5.
13315374	[INFO]	XnProperty.cpp	151	Property Image1.BytesPerPixel was changed to 3.
13315386	[INFO]	XnProperty.cpp	151	Property Image1.RequiredDataSize was changed to 230400.
13315414	[INFO]	XnDeviceBase.cpp	1458	Stream 'Image1' was initialized.
13315428	[INFO]	XnDeviceBase.cpp	1463	'Image1' stream was created.
13315544	[INFO]	XnProperty.cpp	74	Setting Image1.InputFormat to 6...
13315571	[INFO]	XnProperty.cpp	151	Property Image1.InputFormat was changed to 6.
13315588	[INFO]	XnProperty.cpp	101	Image1.InputFormat was successfully set.
13316042	[INFO]	XnDeviceModule.cpp	431	Module 'Image1' configuration was loaded from file.
13316154	[INFO]	XnProperty.cpp	74	Setting Image1.FPS to 30...
13316171	[INFO]	XnProperty.cpp	86	Image1.FPS value did not change.
13316184	[INFO]	XnProperty.cpp	74	Setting Image1.YRes to 480...
13316201	[INFO]	XnProperty.cpp	151	Property Image1.Resolution was changed to 1.
13316218	[INFO]	XnProperty.cpp	151	Property Image1.XRes was changed to 640.
13316235	[INFO]	XnProperty.cpp	151	Property Image1.RequiredDataSize was changed to 460800.
13316252	[INFO]	XnProperty.cpp	151	Property Image1.YRes was changed to 480.
13316267	[INFO]	XnProperty.cpp	151	Property Image1.RequiredDataSize was changed to 921600.
13316279	[INFO]	XnProperty.cpp	101	Image1.YRes was successfully set.
13316291	[INFO]	XnProperty.cpp	74	Setting Image1.XRes to 640...
13316301	[INFO]	XnProperty.cpp	86	Image1.XRes value did not change.
13317192	[INFO]	XnUSBLinux-x86.cpp	1222	USB read thread was started.
13317224	[INFO]	XnProperty.cpp	151	Property Image1.ActualReadData was changed to 1.
13485233	[WARNING]	XnDepthProcessor.cpp	133	Read: Depth buffer is corrupt. Size is 599712 (!= 614400)
13485285	[WARNING]	XnFrameStreamProcessor.cpp	132	Depth frame is corrupt!
13517282	[WARNING]	XnDepthProcessor.cpp	133	Read: Depth buffer is corrupt. Size is 573776 (!= 614400)
13517320	[WARNING]	XnFrameStreamProcessor.cpp	132	Depth frame is corrupt!
16518232	[INFO]	XnProperty.cpp	151	Property Image1.State was changed to 1.
16518277	[INFO]	XnDeviceBase.cpp	370	Stream Image1 is open.
16518479	[INFO]	XnProperty.cpp	74	Setting Depth1.Registration to 1...
16670480	[INFO]	XnProperty.cpp	151	Property Depth1.Registration was changed to 1.
16670525	[INFO]	XnProperty.cpp	101	Depth1.Registration was successfully set.
16670573	[INFO]	XnProperty.cpp	74	Setting Image1.Mirror to 1...
16683116	[INFO]	XnProperty.cpp	151	Property Image1.FirmwareMirror was changed to 1.
16683150	[INFO]	XnProperty.cpp	151	Property Image1.Mirror was changed to 1.
16683162	[INFO]	XnProperty.cpp	101	Image1.Mirror was successfully set.
