    3970	[INFO]	XnLog.cpp	165	OpenNI version is 1.0.0 (Build 25)-MacOSX (Jan  7 2011 14:20:18)
    4032	[INFO]	XnLog.cpp	173	Log system initialized. Console: 1, File: 1, Severity: INFO, Masks: ALL
    4067	[INFO]	XnLog.cpp	173	Log system initialized. Console: 1, File: 1, Severity: INFO, Masks: ALL
    7136	[INFO]	XnUSBLinux-x86.cpp	98	USB is initialized.
 4032245	[INFO]	XnOpenNI.cpp	1261	Creating node 'Device1' of type Device...
 4033317	[INFO]	XnDeviceModule.cpp	431	Module 'Device' configuration was loaded from file.
 4489056	[INFO]	XnDeviceSensorIO.cpp	135	Connected to USB device
 4489109	[INFO]	XnProperty.cpp	151	Property Device.USBPath was changed to 045e/02ae@250/11.
 4496410	[INFO]	XnHostProtocol.cpp	825	Hardware versions: FW=5.1.4 (7) HW=4 Chip=2 Sensor=4 SYS=7
 5907286	[INFO]	XnProperty.cpp	151	Property Device.ID was changed to 0.
 5907373	[INFO]	XnSensor.cpp	182	Device sensor initialized
 5907547	[INFO]	XnOpenNI.cpp	1261	Creating node 'Depth1' of type Depth...
 5907627	[INFO]	XnDeviceBase.cpp	1383	Creating stream 'Depth1' of type 'Depth'...
 5907670	[INFO]	XnProperty.cpp	74	Setting Device.ReadData to 1...
 5907725	[INFO]	XnDeviceSensorIO.cpp	298	Endpoints open
 5920348	[INFO]	XnProperty.cpp	151	Property Device.ReadData was changed to 1.
 5920389	[INFO]	XnProperty.cpp	101	Device.ReadData was successfully set.
 5921059	[INFO]	XnProperty.cpp	151	Property Depth1.Resolution was changed to 0.
 5921099	[INFO]	XnProperty.cpp	151	Property Depth1.XRes was changed to 320.
 5921133	[INFO]	XnProperty.cpp	151	Property Depth1.YRes was changed to 240.
 5921178	[INFO]	XnProperty.cpp	151	Property Depth1.FPS was changed to 30.
 5921216	[INFO]	XnProperty.cpp	151	Property Depth1.OutputFormat was changed to 1.
 5921248	[INFO]	XnProperty.cpp	151	Property Depth1.BytesPerPixel was changed to 2.
 5921267	[INFO]	XnProperty.cpp	151	Property Depth1.RequiredDataSize was changed to 153600.
 5921300	[INFO]	XnProperty.cpp	151	Property Depth1.ParamCoeff was changed to 4.
 5921412	[INFO]	XnProperty.cpp	151	Property Depth1.ShiftScale was changed to 10.
 5933983	[INFO]	XnProperty.cpp	151	Property Depth1.ConstShift was changed to 200.
 5934158	[INFO]	XnProperty.cpp	151	Property Depth1.ZPD was changed to 120.
 5934386	[INFO]	XnProperty.cpp	151	Property Depth1.ZPPS was changed to 0.104200.
 5934430	[INFO]	XnProperty.cpp	151	Property Depth1.LDDIS was changed to 7.500000.
 5934638	[INFO]	XnProperty.cpp	151	Property Depth1.Gain was changed to 30.
 5934697	[INFO]	XnDeviceBase.cpp	1458	Stream 'Depth1' was initialized.
 5934731	[INFO]	XnDeviceBase.cpp	1463	'Depth1' stream was created.
 5935026	[INFO]	XnProperty.cpp	74	Setting Depth1.InputFormat to 3...
 5935069	[INFO]	XnProperty.cpp	151	Property Depth1.InputFormat was changed to 3.
 5935112	[INFO]	XnProperty.cpp	101	Depth1.InputFormat was successfully set.
 5936118	[INFO]	XnProperty.cpp	74	Setting Depth1.RegistrationType to 2...
 5936157	[INFO]	XnProperty.cpp	151	Property Depth1.RegistrationType was changed to 2.
 5936186	[INFO]	XnProperty.cpp	101	Depth1.RegistrationType was successfully set.
 5937110	[INFO]	XnDeviceModule.cpp	431	Module 'Depth1' configuration was loaded from file.
 5937365	[INFO]	XnProperty.cpp	74	Setting Depth1.FPS to 30...
 5937402	[INFO]	XnProperty.cpp	86	Depth1.FPS value did not change.
 5937433	[INFO]	XnProperty.cpp	74	Setting Depth1.YRes to 480...
 5937468	[INFO]	XnProperty.cpp	151	Property Depth1.Resolution was changed to 1.
 5937501	[INFO]	XnProperty.cpp	151	Property Depth1.XRes was changed to 640.
 5937528	[INFO]	XnProperty.cpp	151	Property Depth1.RequiredDataSize was changed to 307200.
 5937561	[INFO]	XnProperty.cpp	151	Property Depth1.YRes was changed to 480.
 5937591	[INFO]	XnProperty.cpp	151	Property Depth1.RequiredDataSize was changed to 614400.
 5937621	[INFO]	XnProperty.cpp	101	Depth1.YRes was successfully set.
 5937652	[INFO]	XnProperty.cpp	74	Setting Depth1.XRes to 640...
 5937679	[INFO]	XnProperty.cpp	86	Depth1.XRes value did not change.
 5937770	[INFO]	XnProperty.cpp	74	Setting Depth1.Mirror to 1...
 5937806	[INFO]	XnProperty.cpp	151	Property Depth1.FirmwareMirror was changed to 1.
 5937887	[INFO]	XnProperty.cpp	151	Property Depth1.Mirror was changed to 1.
 5937917	[INFO]	XnProperty.cpp	101	Depth1.Mirror was successfully set.
 9368540	[INFO]	XnOpenNI.cpp	1261	Creating node 'User1' of type User...
 9394258	[WARNING]	Linux-x86Threads.cpp	173	Failed to set thread priority: Invalid argument
 9394306	[WARNING]	XnUSBLinux-x86.cpp	126	USB events thread: Failed to set thread priority to critical. This might cause loss of data...
 9395205	[INFO]	XnUSBLinux-x86.cpp	1222	USB read thread was started.
 9395229	[INFO]	XnProperty.cpp	151	Property Depth1.ActualReadData was changed to 1.
 9866010	[INFO]	XnProperty.cpp	151	Property Depth1.State was changed to 1.
 9866054	[INFO]	XnDeviceBase.cpp	370	Stream Depth1 is open.
13247175	[INFO]	XnOpenNI.cpp	1261	Creating node 'Image1' of type Image...
13247230	[INFO]	XnDeviceBase.cpp	1383	Creating stream 'Image1' of type 'Image'...
13247495	[INFO]	XnProperty.cpp	151	Property Image1.Resolution was changed to 0.
13247520	[INFO]	XnProperty.cpp	151	Property Image1.XRes was changed to 320.
13247541	[INFO]	XnProperty.cpp	151	Property Image1.YRes was changed to 240.
13247565	[INFO]	XnProperty.cpp	151	Property Image1.FPS was changed to 30.
13247582	[INFO]	XnProperty.cpp	151	Property Image1.OutputFormat was changed to 5.
13247600	[INFO]	XnProperty.cpp	151	Property Image1.BytesPerPixel was changed to 3.
13247618	[INFO]	XnProperty.cpp	151	Property Image1.RequiredDataSize was changed to 230400.
13247659	[INFO]	XnDeviceBase.cpp	1458	Stream 'Image1' was initialized.
13247679	[INFO]	XnDeviceBase.cpp	1463	'Image1' stream was created.
13247827	[INFO]	XnProperty.cpp	74	Setting Image1.InputFormat to 6...
13247859	[INFO]	XnProperty.cpp	151	Property Image1.InputFormat was changed to 6.
13247879	[INFO]	XnProperty.cpp	101	Image1.InputFormat was successfully set.
13248441	[INFO]	XnDeviceModule.cpp	431	Module 'Image1' configuration was loaded from file.
13248553	[INFO]	XnProperty.cpp	74	Setting Image1.FPS to 30...
13248570	[INFO]	XnProperty.cpp	86	Image1.FPS value did not change.
13248582	[INFO]	XnProperty.cpp	74	Setting Image1.YRes to 480...
13248596	[INFO]	XnProperty.cpp	151	Property Image1.Resolution was changed to 1.
13248612	[INFO]	XnProperty.cpp	151	Property Image1.XRes was changed to 640.
13248630	[INFO]	XnProperty.cpp	151	Property Image1.RequiredDataSize was changed to 460800.
13248648	[INFO]	XnProperty.cpp	151	Property Image1.YRes was changed to 480.
13248665	[INFO]	XnProperty.cpp	151	Property Image1.RequiredDataSize was changed to 921600.
13248680	[INFO]	XnProperty.cpp	101	Image1.YRes was successfully set.
13248692	[INFO]	XnProperty.cpp	74	Setting Image1.XRes to 640...
13248702	[INFO]	XnProperty.cpp	86	Image1.XRes value did not change.
13249531	[INFO]	XnUSBLinux-x86.cpp	1222	USB read thread was started.
13249556	[INFO]	XnProperty.cpp	151	Property Image1.ActualReadData was changed to 1.
13434615	[WARNING]	XnDepthProcessor.cpp	133	Read: Depth buffer is corrupt. Size is 531616 (!= 614400)
13434663	[WARNING]	XnFrameStreamProcessor.cpp	132	Depth frame is corrupt!
16449659	[INFO]	XnProperty.cpp	151	Property Image1.State was changed to 1.
16449713	[INFO]	XnDeviceBase.cpp	370	Stream Image1 is open.
16449906	[INFO]	XnProperty.cpp	74	Setting Depth1.Registration to 1...
16470671	[WARNING]	XnDepthProcessor.cpp	133	Read: Depth buffer is corrupt. Size is 595616 (!= 614400)
16470715	[WARNING]	XnFrameStreamProcessor.cpp	132	Depth frame is corrupt!
16601385	[INFO]	XnProperty.cpp	151	Property Depth1.Registration was changed to 1.
16601430	[INFO]	XnProperty.cpp	101	Depth1.Registration was successfully set.
16601481	[INFO]	XnProperty.cpp	74	Setting Image1.Mirror to 1...
16613890	[INFO]	XnProperty.cpp	151	Property Image1.FirmwareMirror was changed to 1.
16613920	[INFO]	XnProperty.cpp	151	Property Image1.Mirror was changed to 1.
16613933	[INFO]	XnProperty.cpp	101	Image1.Mirror was successfully set.
