    1791	[INFO]	XnLog.cpp	165	OpenNI version is 1.0.0 (Build 25)-MacOSX (Jan  7 2011 14:20:18)
    1837	[INFO]	XnLog.cpp	173	Log system initialized. Console: 1, File: 1, Severity: INFO, Masks: ALL
    1867	[INFO]	XnLog.cpp	173	Log system initialized. Console: 1, File: 1, Severity: INFO, Masks: ALL
    3256	[INFO]	XnUSBLinux-x86.cpp	98	USB is initialized.
 4044698	[INFO]	XnOpenNI.cpp	1261	Creating node 'Device1' of type Device...
 4045529	[INFO]	XnDeviceModule.cpp	431	Module 'Device' configuration was loaded from file.
 4498403	[INFO]	XnDeviceSensorIO.cpp	135	Connected to USB device
 4498461	[INFO]	XnProperty.cpp	151	Property Device.USBPath was changed to 045e/02ae@250/11.
 4505938	[INFO]	XnHostProtocol.cpp	825	Hardware versions: FW=5.1.4 (7) HW=4 Chip=2 Sensor=4 SYS=7
 5915923	[INFO]	XnProperty.cpp	151	Property Device.ID was changed to 0.
 5915980	[INFO]	XnSensor.cpp	182	Device sensor initialized
 5916089	[INFO]	XnOpenNI.cpp	1261	Creating node 'Depth1' of type Depth...
 5916132	[INFO]	XnDeviceBase.cpp	1383	Creating stream 'Depth1' of type 'Depth'...
 5916148	[INFO]	XnProperty.cpp	74	Setting Device.ReadData to 1...
 5916179	[INFO]	XnDeviceSensorIO.cpp	298	Endpoints open
 5928295	[INFO]	XnProperty.cpp	151	Property Device.ReadData was changed to 1.
 5928321	[INFO]	XnProperty.cpp	101	Device.ReadData was successfully set.
 5928712	[INFO]	XnProperty.cpp	151	Property Depth1.Resolution was changed to 0.
 5928735	[INFO]	XnProperty.cpp	151	Property Depth1.XRes was changed to 320.
 5928752	[INFO]	XnProperty.cpp	151	Property Depth1.YRes was changed to 240.
 5928771	[INFO]	XnProperty.cpp	151	Property Depth1.FPS was changed to 30.
 5928788	[INFO]	XnProperty.cpp	151	Property Depth1.OutputFormat was changed to 1.
 5928805	[INFO]	XnProperty.cpp	151	Property Depth1.BytesPerPixel was changed to 2.
 5928820	[INFO]	XnProperty.cpp	151	Property Depth1.RequiredDataSize was changed to 153600.
 5928836	[INFO]	XnProperty.cpp	151	Property Depth1.ParamCoeff was changed to 4.
 5928898	[INFO]	XnProperty.cpp	151	Property Depth1.ShiftScale was changed to 10.
 5941339	[INFO]	XnProperty.cpp	151	Property Depth1.ConstShift was changed to 200.
 5941413	[INFO]	XnProperty.cpp	151	Property Depth1.ZPD was changed to 120.
 5941525	[INFO]	XnProperty.cpp	151	Property Depth1.ZPPS was changed to 0.104200.
 5941546	[INFO]	XnProperty.cpp	151	Property Depth1.LDDIS was changed to 7.500000.
 5941648	[INFO]	XnProperty.cpp	151	Property Depth1.Gain was changed to 30.
 5941679	[INFO]	XnDeviceBase.cpp	1458	Stream 'Depth1' was initialized.
 5941701	[INFO]	XnDeviceBase.cpp	1463	'Depth1' stream was created.
 5941920	[INFO]	XnProperty.cpp	74	Setting Depth1.InputFormat to 3...
 5941951	[INFO]	XnProperty.cpp	151	Property Depth1.InputFormat was changed to 3.
 5941971	[INFO]	XnProperty.cpp	101	Depth1.InputFormat was successfully set.
 5942511	[INFO]	XnProperty.cpp	74	Setting Depth1.RegistrationType to 2...
 5942531	[INFO]	XnProperty.cpp	151	Property Depth1.RegistrationType was changed to 2.
 5942543	[INFO]	XnProperty.cpp	101	Depth1.RegistrationType was successfully set.
 5943117	[INFO]	XnDeviceModule.cpp	431	Module 'Depth1' configuration was loaded from file.
 5943321	[INFO]	XnProperty.cpp	74	Setting Depth1.FPS to 30...
 5943345	[INFO]	XnProperty.cpp	86	Depth1.FPS value did not change.
 5943364	[INFO]	XnProperty.cpp	74	Setting Depth1.YRes to 480...
 5943383	[INFO]	XnProperty.cpp	151	Property Depth1.Resolution was changed to 1.
 5943402	[INFO]	XnProperty.cpp	151	Property Depth1.XRes was changed to 640.
 5943421	[INFO]	XnProperty.cpp	151	Property Depth1.RequiredDataSize was changed to 307200.
 5943442	[INFO]	XnProperty.cpp	151	Property Depth1.YRes was changed to 480.
 5943460	[INFO]	XnProperty.cpp	151	Property Depth1.RequiredDataSize was changed to 614400.
 5943480	[INFO]	XnProperty.cpp	101	Depth1.YRes was successfully set.
 5943500	[INFO]	XnProperty.cpp	74	Setting Depth1.XRes to 640...
 5943518	[INFO]	XnProperty.cpp	86	Depth1.XRes value did not change.
 5943581	[INFO]	XnProperty.cpp	74	Setting Depth1.Mirror to 1...
 5943604	[INFO]	XnProperty.cpp	151	Property Depth1.FirmwareMirror was changed to 1.
 5943663	[INFO]	XnProperty.cpp	151	Property Depth1.Mirror was changed to 1.
 5943683	[INFO]	XnProperty.cpp	101	Depth1.Mirror was successfully set.
 9341980	[INFO]	XnOpenNI.cpp	1261	Creating node 'User1' of type User...
 9366654	[WARNING]	Linux-x86Threads.cpp	173	Failed to set thread priority: Invalid argument
 9366700	[WARNING]	XnUSBLinux-x86.cpp	126	USB events thread: Failed to set thread priority to critical. This might cause loss of data...
 9367520	[INFO]	XnUSBLinux-x86.cpp	1222	USB read thread was started.
 9367552	[INFO]	XnProperty.cpp	151	Property Depth1.ActualReadData was changed to 1.
 9839145	[INFO]	XnProperty.cpp	151	Property Depth1.State was changed to 1.
 9839189	[INFO]	XnDeviceBase.cpp	370	Stream Depth1 is open.
13242373	[INFO]	XnOpenNI.cpp	1261	Creating node 'Image1' of type Image...
13242426	[INFO]	XnDeviceBase.cpp	1383	Creating stream 'Image1' of type 'Image'...
13242646	[INFO]	XnProperty.cpp	151	Property Image1.Resolution was changed to 0.
13242667	[INFO]	XnProperty.cpp	151	Property Image1.XRes was changed to 320.
13242688	[INFO]	XnProperty.cpp	151	Property Image1.YRes was changed to 240.
13242706	[INFO]	XnProperty.cpp	151	Property Image1.FPS was changed to 30.
13242724	[INFO]	XnProperty.cpp	151	Property Image1.OutputFormat was changed to 5.
13242741	[INFO]	XnProperty.cpp	151	Property Image1.BytesPerPixel was changed to 3.
13242760	[INFO]	XnProperty.cpp	151	Property Image1.RequiredDataSize was changed to 230400.
13242800	[INFO]	XnDeviceBase.cpp	1458	Stream 'Image1' was initialized.
13242820	[INFO]	XnDeviceBase.cpp	1463	'Image1' stream was created.
13242948	[INFO]	XnProperty.cpp	74	Setting Image1.InputFormat to 6...
13242979	[INFO]	XnProperty.cpp	151	Property Image1.InputFormat was changed to 6.
13242999	[INFO]	XnProperty.cpp	101	Image1.InputFormat was successfully set.
13243554	[INFO]	XnDeviceModule.cpp	431	Module 'Image1' configuration was loaded from file.
13243679	[INFO]	XnProperty.cpp	74	Setting Image1.FPS to 30...
13243701	[INFO]	XnProperty.cpp	86	Image1.FPS value did not change.
13243720	[INFO]	XnProperty.cpp	74	Setting Image1.YRes to 480...
13243740	[INFO]	XnProperty.cpp	151	Property Image1.Resolution was changed to 1.
13243759	[INFO]	XnProperty.cpp	151	Property Image1.XRes was changed to 640.
13243777	[INFO]	XnProperty.cpp	151	Property Image1.RequiredDataSize was changed to 460800.
13243800	[INFO]	XnProperty.cpp	151	Property Image1.YRes was changed to 480.
13243819	[INFO]	XnProperty.cpp	151	Property Image1.RequiredDataSize was changed to 921600.
13243839	[INFO]	XnProperty.cpp	101	Image1.YRes was successfully set.
13243859	[INFO]	XnProperty.cpp	74	Setting Image1.XRes to 640...
13243876	[INFO]	XnProperty.cpp	86	Image1.XRes value did not change.
13244898	[INFO]	XnUSBLinux-x86.cpp	1222	USB read thread was started.
13244928	[INFO]	XnProperty.cpp	151	Property Image1.ActualReadData was changed to 1.
13307687	[WARNING]	XnDepthProcessor.cpp	133	Read: Depth buffer is corrupt. Size is 597152 (!= 614400)
13307738	[WARNING]	XnFrameStreamProcessor.cpp	132	Depth frame is corrupt!
13439751	[WARNING]	XnDepthProcessor.cpp	133	Read: Depth buffer is corrupt. Size is 565984 (!= 614400)
13439800	[WARNING]	XnFrameStreamProcessor.cpp	132	Depth frame is corrupt!
16343777	[WARNING]	XnDepthProcessor.cpp	133	Read: Depth buffer is corrupt. Size is 593600 (!= 614400)
16343828	[WARNING]	XnFrameStreamProcessor.cpp	132	Depth frame is corrupt!
16445602	[INFO]	XnProperty.cpp	151	Property Image1.State was changed to 1.
16445647	[INFO]	XnDeviceBase.cpp	370	Stream Image1 is open.
16445869	[INFO]	XnProperty.cpp	74	Setting Depth1.Registration to 1...
16598062	[INFO]	XnProperty.cpp	151	Property Depth1.Registration was changed to 1.
16598107	[INFO]	XnProperty.cpp	101	Depth1.Registration was successfully set.
16598155	[INFO]	XnProperty.cpp	74	Setting Image1.Mirror to 1...
16610599	[INFO]	XnProperty.cpp	151	Property Image1.FirmwareMirror was changed to 1.
16610644	[INFO]	XnProperty.cpp	151	Property Image1.Mirror was changed to 1.
16610663	[INFO]	XnProperty.cpp	101	Image1.Mirror was successfully set.
