    2725	[INFO]	XnLog.cpp	165	OpenNI version is 1.0.0 (Build 25)-MacOSX (Jan  7 2011 14:20:18)
    2787	[INFO]	XnLog.cpp	173	Log system initialized. Console: 1, File: 1, Severity: INFO, Masks: ALL
    4090	[INFO]	XnLog.cpp	173	Log system initialized. Console: 1, File: 1, Severity: INFO, Masks: ALL
    6239	[INFO]	XnUSBLinux-x86.cpp	98	USB is initialized.
 4044419	[INFO]	XnOpenNI.cpp	1261	Creating node 'Device1' of type Device...
 4045648	[INFO]	XnDeviceModule.cpp	431	Module 'Device' configuration was loaded from file.
 4385642	[INFO]	XnDeviceSensorIO.cpp	135	Connected to USB device
 4385695	[INFO]	XnProperty.cpp	151	Property Device.USBPath was changed to 045e/02ae@250/11.
 4393310	[INFO]	XnHostProtocol.cpp	825	Hardware versions: FW=5.1.4 (7) HW=4 Chip=2 Sensor=4 SYS=7
 5803599	[INFO]	XnProperty.cpp	151	Property Device.ID was changed to 0.
 5803693	[INFO]	XnSensor.cpp	182	Device sensor initialized
 5803890	[INFO]	XnOpenNI.cpp	1261	Creating node 'Depth1' of type Depth...
 5803967	[INFO]	XnDeviceBase.cpp	1383	Creating stream 'Depth1' of type 'Depth'...
 5804011	[INFO]	XnProperty.cpp	74	Setting Device.ReadData to 1...
 5804066	[INFO]	XnDeviceSensorIO.cpp	298	Endpoints open
 5816542	[INFO]	XnProperty.cpp	151	Property Device.ReadData was changed to 1.
 5816574	[INFO]	XnProperty.cpp	101	Device.ReadData was successfully set.
 5817172	[INFO]	XnProperty.cpp	151	Property Depth1.Resolution was changed to 0.
 5817205	[INFO]	XnProperty.cpp	151	Property Depth1.XRes was changed to 320.
 5817232	[INFO]	XnProperty.cpp	151	Property Depth1.YRes was changed to 240.
 5817263	[INFO]	XnProperty.cpp	151	Property Depth1.FPS was changed to 30.
 5817290	[INFO]	XnProperty.cpp	151	Property Depth1.OutputFormat was changed to 1.
 5817318	[INFO]	XnProperty.cpp	151	Property Depth1.BytesPerPixel was changed to 2.
 5817340	[INFO]	XnProperty.cpp	151	Property Depth1.RequiredDataSize was changed to 153600.
 5817367	[INFO]	XnProperty.cpp	151	Property Depth1.ParamCoeff was changed to 4.
 5817478	[INFO]	XnProperty.cpp	151	Property Depth1.ShiftScale was changed to 10.
 5830031	[INFO]	XnProperty.cpp	151	Property Depth1.ConstShift was changed to 200.
 5830140	[INFO]	XnProperty.cpp	151	Property Depth1.ZPD was changed to 120.
 5830315	[INFO]	XnProperty.cpp	151	Property Depth1.ZPPS was changed to 0.104200.
 5830350	[INFO]	XnProperty.cpp	151	Property Depth1.LDDIS was changed to 7.500000.
 5830512	[INFO]	XnProperty.cpp	151	Property Depth1.Gain was changed to 30.
 5830561	[INFO]	XnDeviceBase.cpp	1458	Stream 'Depth1' was initialized.
 5830591	[INFO]	XnDeviceBase.cpp	1463	'Depth1' stream was created.
 5830868	[INFO]	XnProperty.cpp	74	Setting Depth1.InputFormat to 3...
 5830909	[INFO]	XnProperty.cpp	151	Property Depth1.InputFormat was changed to 3.
 5830938	[INFO]	XnProperty.cpp	101	Depth1.InputFormat was successfully set.
 5831738	[INFO]	XnProperty.cpp	74	Setting Depth1.RegistrationType to 2...
 5831769	[INFO]	XnProperty.cpp	151	Property Depth1.RegistrationType was changed to 2.
 5831797	[INFO]	XnProperty.cpp	101	Depth1.RegistrationType was successfully set.
 5832647	[INFO]	XnDeviceModule.cpp	431	Module 'Depth1' configuration was loaded from file.
 5832918	[INFO]	XnProperty.cpp	74	Setting Depth1.FPS to 30...
 5832958	[INFO]	XnProperty.cpp	86	Depth1.FPS value did not change.
 5832990	[INFO]	XnProperty.cpp	74	Setting Depth1.YRes to 480...
 5833024	[INFO]	XnProperty.cpp	151	Property Depth1.Resolution was changed to 1.
 5833055	[INFO]	XnProperty.cpp	151	Property Depth1.XRes was changed to 640.
 5833085	[INFO]	XnProperty.cpp	151	Property Depth1.RequiredDataSize was changed to 307200.
 5833118	[INFO]	XnProperty.cpp	151	Property Depth1.YRes was changed to 480.
 5833146	[INFO]	XnProperty.cpp	151	Property Depth1.RequiredDataSize was changed to 614400.
 5833181	[INFO]	XnProperty.cpp	101	Depth1.YRes was successfully set.
 5833208	[INFO]	XnProperty.cpp	74	Setting Depth1.XRes to 640...
 5833233	[INFO]	XnProperty.cpp	86	Depth1.XRes value did not change.
 5833306	[INFO]	XnProperty.cpp	74	Setting Depth1.Mirror to 1...
 5833333	[INFO]	XnProperty.cpp	151	Property Depth1.FirmwareMirror was changed to 1.
 5833404	[INFO]	XnProperty.cpp	151	Property Depth1.Mirror was changed to 1.
 5833429	[INFO]	XnProperty.cpp	101	Depth1.Mirror was successfully set.
 8383416	[INFO]	XnOpenNI.cpp	1261	Creating node 'User1' of type User...
 8410731	[WARNING]	Linux-x86Threads.cpp	173	Failed to set thread priority: Invalid argument
 8410798	[WARNING]	XnUSBLinux-x86.cpp	126	USB events thread: Failed to set thread priority to critical. This might cause loss of data...
 8411870	[INFO]	XnUSBLinux-x86.cpp	1222	USB read thread was started.
 8411911	[INFO]	XnProperty.cpp	151	Property Depth1.ActualReadData was changed to 1.
 8882441	[INFO]	XnProperty.cpp	151	Property Depth1.State was changed to 1.
 8882486	[INFO]	XnDeviceBase.cpp	370	Stream Depth1 is open.
11832583	[INFO]	XnOpenNI.cpp	1261	Creating node 'Image1' of type Image...
11832637	[INFO]	XnDeviceBase.cpp	1383	Creating stream 'Image1' of type 'Image'...
11832885	[INFO]	XnProperty.cpp	151	Property Image1.Resolution was changed to 0.
11832923	[INFO]	XnProperty.cpp	151	Property Image1.XRes was changed to 320.
11832945	[INFO]	XnProperty.cpp	151	Property Image1.YRes was changed to 240.
11832963	[INFO]	XnProperty.cpp	151	Property Image1.FPS was changed to 30.
11832979	[INFO]	XnProperty.cpp	151	Property Image1.OutputFormat was changed to 5.
11832998	[INFO]	XnProperty.cpp	151	Property Image1.BytesPerPixel was changed to 3.
11833016	[INFO]	XnProperty.cpp	151	Property Image1.RequiredDataSize was changed to 230400.
11833065	[INFO]	XnDeviceBase.cpp	1458	Stream 'Image1' was initialized.
11833087	[INFO]	XnDeviceBase.cpp	1463	'Image1' stream was created.
11833230	[INFO]	XnProperty.cpp	74	Setting Image1.InputFormat to 6...
11833261	[INFO]	XnProperty.cpp	151	Property Image1.InputFormat was changed to 6.
11833281	[INFO]	XnProperty.cpp	101	Image1.InputFormat was successfully set.
11833846	[INFO]	XnDeviceModule.cpp	431	Module 'Image1' configuration was loaded from file.
11833962	[INFO]	XnProperty.cpp	74	Setting Image1.FPS to 30...
11833986	[INFO]	XnProperty.cpp	86	Image1.FPS value did not change.
11834006	[INFO]	XnProperty.cpp	74	Setting Image1.YRes to 480...
11834026	[INFO]	XnProperty.cpp	151	Property Image1.Resolution was changed to 1.
11834046	[INFO]	XnProperty.cpp	151	Property Image1.XRes was changed to 640.
11834064	[INFO]	XnProperty.cpp	151	Property Image1.RequiredDataSize was changed to 460800.
11834084	[INFO]	XnProperty.cpp	151	Property Image1.YRes was changed to 480.
11834103	[INFO]	XnProperty.cpp	151	Property Image1.RequiredDataSize was changed to 921600.
11834122	[INFO]	XnProperty.cpp	101	Image1.YRes was successfully set.
11834142	[INFO]	XnProperty.cpp	74	Setting Image1.XRes to 640...
11834160	[INFO]	XnProperty.cpp	86	Image1.XRes value did not change.
11835156	[INFO]	XnUSBLinux-x86.cpp	1222	USB read thread was started.
11835181	[INFO]	XnProperty.cpp	151	Property Image1.ActualReadData was changed to 1.
11992076	[WARNING]	XnFirmwareStreams.cpp	324	Unknown packet type (0x4847)!!!
11996004	[WARNING]	XnFirmwareStreams.cpp	324	Unknown packet type (0x4847)!!!
12016054	[WARNING]	XnDepthProcessor.cpp	133	Read: Depth buffer is corrupt. Size is 535936 (!= 614400)
12016076	[WARNING]	XnFrameStreamProcessor.cpp	132	Depth frame is corrupt!
12048050	[WARNING]	XnDepthProcessor.cpp	133	Read: Depth buffer is corrupt. Size is 601120 (!= 614400)
12048112	[WARNING]	XnFrameStreamProcessor.cpp	132	Depth frame is corrupt!
14920077	[WARNING]	XnDepthProcessor.cpp	133	Read: Depth buffer is corrupt. Size is 592048 (!= 614400)
14920123	[WARNING]	XnFrameStreamProcessor.cpp	132	Depth frame is corrupt!
15035539	[INFO]	XnProperty.cpp	151	Property Image1.State was changed to 1.
15035583	[INFO]	XnDeviceBase.cpp	370	Stream Image1 is open.
15035772	[INFO]	XnProperty.cpp	74	Setting Depth1.Registration to 1...
15043075	[WARNING]	XnFirmwareStreams.cpp	324	Unknown packet type (0x614f)!!!
15052104	[WARNING]	XnDepthProcessor.cpp	133	Read: Depth buffer is corrupt. Size is 583856 (!= 614400)
15052127	[WARNING]	XnFrameStreamProcessor.cpp	132	Depth frame is corrupt!
15187674	[INFO]	XnProperty.cpp	151	Property Depth1.Registration was changed to 1.
15187755	[INFO]	XnProperty.cpp	101	Depth1.Registration was successfully set.
15187804	[INFO]	XnProperty.cpp	74	Setting Image1.Mirror to 1...
15200419	[INFO]	XnProperty.cpp	151	Property Image1.FirmwareMirror was changed to 1.
15200448	[INFO]	XnProperty.cpp	151	Property Image1.Mirror was changed to 1.
15200462	[INFO]	XnProperty.cpp	101	Image1.Mirror was successfully set.
20485243	[INFO]	XnOpenNI.cpp	1459	Destroying node 'User1'
20493470	[INFO]	XnOpenNI.cpp	1459	Destroying node 'Depth1'
20493559	[INFO]	XnDeviceBase.cpp	1507	Destroying stream 'Depth1'...
20494730	[INFO]	XnOpenNI.cpp	1459	Destroying node 'Image1'
20494764	[INFO]	XnDeviceBase.cpp	1507	Destroying stream 'Image1'...
20495738	[INFO]	XnOpenNI.cpp	1459	Destroying node 'Device1'
