   34453	[INFO]	XnLog.cpp	165	OpenNI version is 1.0.0 (Build 25)-MacOSX (Jan  7 2011 14:20:18)
   34503	[INFO]	XnLog.cpp	173	Log system initialized. Console: 1, File: 1, Severity: INFO, Masks: ALL
   34528	[INFO]	XnLog.cpp	173	Log system initialized. Console: 1, File: 1, Severity: INFO, Masks: ALL
   35931	[INFO]	XnUSBLinux-x86.cpp	98	USB is initialized.
 4072073	[INFO]	XnOpenNI.cpp	1261	Creating node 'Device1' of type Device...
 4073025	[INFO]	XnDeviceModule.cpp	431	Module 'Device' configuration was loaded from file.
 4521022	[INFO]	XnDeviceSensorIO.cpp	135	Connected to USB device
 4521082	[INFO]	XnProperty.cpp	151	Property Device.USBPath was changed to 045e/02ae@250/11.
 4529750	[INFO]	XnHostProtocol.cpp	825	Hardware versions: FW=5.1.4 (7) HW=4 Chip=2 Sensor=4 SYS=7
 5928467	[INFO]	XnProperty.cpp	151	Property Device.ID was changed to 0.
 5928553	[INFO]	XnSensor.cpp	182	Device sensor initialized
 5928703	[INFO]	XnOpenNI.cpp	1261	Creating node 'Depth1' of type Depth...
 5928752	[INFO]	XnDeviceBase.cpp	1383	Creating stream 'Depth1' of type 'Depth'...
 5928770	[INFO]	XnProperty.cpp	74	Setting Device.ReadData to 1...
 5928802	[INFO]	XnDeviceSensorIO.cpp	298	Endpoints open
 5941239	[INFO]	XnProperty.cpp	151	Property Device.ReadData was changed to 1.
 5941286	[INFO]	XnProperty.cpp	101	Device.ReadData was successfully set.
 5941744	[INFO]	XnProperty.cpp	151	Property Depth1.Resolution was changed to 0.
 5941773	[INFO]	XnProperty.cpp	151	Property Depth1.XRes was changed to 320.
 5941791	[INFO]	XnProperty.cpp	151	Property Depth1.YRes was changed to 240.
 5941808	[INFO]	XnProperty.cpp	151	Property Depth1.FPS was changed to 30.
 5941823	[INFO]	XnProperty.cpp	151	Property Depth1.OutputFormat was changed to 1.
 5941839	[INFO]	XnProperty.cpp	151	Property Depth1.BytesPerPixel was changed to 2.
 5941854	[INFO]	XnProperty.cpp	151	Property Depth1.RequiredDataSize was changed to 153600.
 5941875	[INFO]	XnProperty.cpp	151	Property Depth1.ParamCoeff was changed to 4.
 5941950	[INFO]	XnProperty.cpp	151	Property Depth1.ShiftScale was changed to 10.
 5954213	[INFO]	XnProperty.cpp	151	Property Depth1.ConstShift was changed to 200.
 5954328	[INFO]	XnProperty.cpp	151	Property Depth1.ZPD was changed to 120.
 5954433	[INFO]	XnProperty.cpp	151	Property Depth1.ZPPS was changed to 0.104200.
 5954452	[INFO]	XnProperty.cpp	151	Property Depth1.LDDIS was changed to 7.500000.
 5954552	[INFO]	XnProperty.cpp	151	Property Depth1.Gain was changed to 30.
 5954585	[INFO]	XnDeviceBase.cpp	1458	Stream 'Depth1' was initialized.
 5954598	[INFO]	XnDeviceBase.cpp	1463	'Depth1' stream was created.
 5954775	[INFO]	XnProperty.cpp	74	Setting Depth1.InputFormat to 3...
 5954797	[INFO]	XnProperty.cpp	151	Property Depth1.InputFormat was changed to 3.
 5954809	[INFO]	XnProperty.cpp	101	Depth1.InputFormat was successfully set.
 5955242	[INFO]	XnProperty.cpp	74	Setting Depth1.RegistrationType to 2...
 5955257	[INFO]	XnProperty.cpp	151	Property Depth1.RegistrationType was changed to 2.
 5955268	[INFO]	XnProperty.cpp	101	Depth1.RegistrationType was successfully set.
 5955809	[INFO]	XnDeviceModule.cpp	431	Module 'Depth1' configuration was loaded from file.
 5956057	[INFO]	XnProperty.cpp	74	Setting Depth1.FPS to 30...
 5956080	[INFO]	XnProperty.cpp	86	Depth1.FPS value did not change.
 5956098	[INFO]	XnProperty.cpp	74	Setting Depth1.YRes to 480...
 5956118	[INFO]	XnProperty.cpp	151	Property Depth1.Resolution was changed to 1.
 5956136	[INFO]	XnProperty.cpp	151	Property Depth1.XRes was changed to 640.
 5956152	[INFO]	XnProperty.cpp	151	Property Depth1.RequiredDataSize was changed to 307200.
 5959908	[INFO]	XnProperty.cpp	151	Property Depth1.YRes was changed to 480.
 5959945	[INFO]	XnProperty.cpp	151	Property Depth1.RequiredDataSize was changed to 614400.
 5959970	[INFO]	XnProperty.cpp	101	Depth1.YRes was successfully set.
 5959993	[INFO]	XnProperty.cpp	74	Setting Depth1.XRes to 640...
 5960011	[INFO]	XnProperty.cpp	86	Depth1.XRes value did not change.
 5960099	[INFO]	XnProperty.cpp	74	Setting Depth1.Mirror to 1...
 5960123	[INFO]	XnProperty.cpp	151	Property Depth1.FirmwareMirror was changed to 1.
 5960186	[INFO]	XnProperty.cpp	151	Property Depth1.Mirror was changed to 1.
 5960204	[INFO]	XnProperty.cpp	101	Depth1.Mirror was successfully set.
 9334890	[INFO]	XnOpenNI.cpp	1261	Creating node 'User1' of type User...
 9364368	[WARNING]	Linux-x86Threads.cpp	173	Failed to set thread priority: Invalid argument
 9364419	[WARNING]	XnUSBLinux-x86.cpp	126	USB events thread: Failed to set thread priority to critical. This might cause loss of data...
 9365255	[INFO]	XnUSBLinux-x86.cpp	1222	USB read thread was started.
 9365284	[INFO]	XnProperty.cpp	151	Property Depth1.ActualReadData was changed to 1.
 9835622	[INFO]	XnProperty.cpp	151	Property Depth1.State was changed to 1.
 9835673	[INFO]	XnDeviceBase.cpp	370	Stream Depth1 is open.
13240854	[INFO]	XnOpenNI.cpp	1261	Creating node 'Image1' of type Image...
13240908	[INFO]	XnDeviceBase.cpp	1383	Creating stream 'Image1' of type 'Image'...
13241183	[INFO]	XnProperty.cpp	151	Property Image1.Resolution was changed to 0.
13241212	[INFO]	XnProperty.cpp	151	Property Image1.XRes was changed to 320.
13241247	[INFO]	XnProperty.cpp	151	Property Image1.YRes was changed to 240.
13241273	[INFO]	XnProperty.cpp	151	Property Image1.FPS was changed to 30.
13241292	[INFO]	XnProperty.cpp	151	Property Image1.OutputFormat was changed to 5.
13241311	[INFO]	XnProperty.cpp	151	Property Image1.BytesPerPixel was changed to 3.
13241329	[INFO]	XnProperty.cpp	151	Property Image1.RequiredDataSize was changed to 230400.
13241365	[INFO]	XnDeviceBase.cpp	1458	Stream 'Image1' was initialized.
13241379	[INFO]	XnDeviceBase.cpp	1463	'Image1' stream was created.
13241476	[INFO]	XnProperty.cpp	74	Setting Image1.InputFormat to 6...
13241497	[INFO]	XnProperty.cpp	151	Property Image1.InputFormat was changed to 6.
13241508	[INFO]	XnProperty.cpp	101	Image1.InputFormat was successfully set.
13241965	[INFO]	XnDeviceModule.cpp	431	Module 'Image1' configuration was loaded from file.
13242062	[INFO]	XnProperty.cpp	74	Setting Image1.FPS to 30...
13242079	[INFO]	XnProperty.cpp	86	Image1.FPS value did not change.
13242092	[INFO]	XnProperty.cpp	74	Setting Image1.YRes to 480...
13242110	[INFO]	XnProperty.cpp	151	Property Image1.Resolution was changed to 1.
13242127	[INFO]	XnProperty.cpp	151	Property Image1.XRes was changed to 640.
13242144	[INFO]	XnProperty.cpp	151	Property Image1.RequiredDataSize was changed to 460800.
13242164	[INFO]	XnProperty.cpp	151	Property Image1.YRes was changed to 480.
13242179	[INFO]	XnProperty.cpp	151	Property Image1.RequiredDataSize was changed to 921600.
13242192	[INFO]	XnProperty.cpp	101	Image1.YRes was successfully set.
13242206	[INFO]	XnProperty.cpp	74	Setting Image1.XRes to 640...
13242221	[INFO]	XnProperty.cpp	86	Image1.XRes value did not change.
13243097	[INFO]	XnUSBLinux-x86.cpp	1222	USB read thread was started.
13243127	[INFO]	XnProperty.cpp	151	Property Image1.ActualReadData was changed to 1.
13285345	[WARNING]	XnFirmwareStreams.cpp	324	Unknown packet type (0x4948)!!!
13301413	[WARNING]	XnDepthProcessor.cpp	133	Read: Depth buffer is corrupt. Size is 583424 (!= 614400)
13301463	[WARNING]	XnFrameStreamProcessor.cpp	132	Depth frame is corrupt!
13437342	[WARNING]	XnDepthProcessor.cpp	133	Read: Depth buffer is corrupt. Size is 543616 (!= 614400)
13437391	[WARNING]	XnFrameStreamProcessor.cpp	132	Depth frame is corrupt!
16341368	[WARNING]	XnDepthProcessor.cpp	133	Read: Depth buffer is corrupt. Size is 598256 (!= 614400)
16341415	[WARNING]	XnFrameStreamProcessor.cpp	132	Depth frame is corrupt!
16443977	[INFO]	XnProperty.cpp	151	Property Image1.State was changed to 1.
16444021	[INFO]	XnDeviceBase.cpp	370	Stream Image1 is open.
16444249	[INFO]	XnProperty.cpp	74	Setting Depth1.Registration to 1...
16473390	[WARNING]	XnDepthProcessor.cpp	133	Read: Depth buffer is corrupt. Size is 577456 (!= 614400)
16473438	[WARNING]	XnFrameStreamProcessor.cpp	132	Depth frame is corrupt!
16596346	[INFO]	XnProperty.cpp	151	Property Depth1.Registration was changed to 1.
16596389	[INFO]	XnProperty.cpp	101	Depth1.Registration was successfully set.
16596441	[INFO]	XnProperty.cpp	74	Setting Image1.Mirror to 1...
16608984	[INFO]	XnProperty.cpp	151	Property Image1.FirmwareMirror was changed to 1.
16609047	[INFO]	XnProperty.cpp	151	Property Image1.Mirror was changed to 1.
16609059	[INFO]	XnProperty.cpp	101	Image1.Mirror was successfully set.
