   37174	[INFO]	XnLog.cpp	165	OpenNI version is 1.0.0 (Build 25)-MacOSX (Jan  7 2011 14:20:18)
   37232	[INFO]	XnLog.cpp	173	Log system initialized. Console: 1, File: 1, Severity: INFO, Masks: ALL
   37264	[INFO]	XnLog.cpp	173	Log system initialized. Console: 1, File: 1, Severity: INFO, Masks: ALL
   40871	[INFO]	XnUSBLinux-x86.cpp	98	USB is initialized.
 4457803	[INFO]	XnOpenNI.cpp	1261	Creating node 'Device1' of type Device...
 4459497	[INFO]	XnDeviceModule.cpp	431	Module 'Device' configuration was loaded from file.
 5071348	[INFO]	XnDeviceSensorIO.cpp	135	Connected to USB device
 5071403	[INFO]	XnProperty.cpp	151	Property Device.USBPath was changed to 045e/02ae@250/11.
 5078875	[INFO]	XnHostProtocol.cpp	825	Hardware versions: FW=5.1.4 (7) HW=4 Chip=2 Sensor=4 SYS=7
 6493190	[INFO]	XnProperty.cpp	151	Property Device.ID was changed to 0.
 6493285	[INFO]	XnSensor.cpp	182	Device sensor initialized
 6493418	[INFO]	XnOpenNI.cpp	1261	Creating node 'Depth1' of type Depth...
 6493492	[INFO]	XnDeviceBase.cpp	1383	Creating stream 'Depth1' of type 'Depth'...
 6493529	[INFO]	XnProperty.cpp	74	Setting Device.ReadData to 1...
 6493589	[INFO]	XnDeviceSensorIO.cpp	298	Endpoints open
 6513552	[INFO]	XnProperty.cpp	151	Property Device.ReadData was changed to 1.
 6513609	[INFO]	XnProperty.cpp	101	Device.ReadData was successfully set.
 6514297	[INFO]	XnProperty.cpp	151	Property Depth1.Resolution was changed to 0.
 6514336	[INFO]	XnProperty.cpp	151	Property Depth1.XRes was changed to 320.
 6514370	[INFO]	XnProperty.cpp	151	Property Depth1.YRes was changed to 240.
 6514408	[INFO]	XnProperty.cpp	151	Property Depth1.FPS was changed to 30.
 6514443	[INFO]	XnProperty.cpp	151	Property Depth1.OutputFormat was changed to 1.
 6514478	[INFO]	XnProperty.cpp	151	Property Depth1.BytesPerPixel was changed to 2.
 6514504	[INFO]	XnProperty.cpp	151	Property Depth1.RequiredDataSize was changed to 153600.
 6514539	[INFO]	XnProperty.cpp	151	Property Depth1.ParamCoeff was changed to 4.
 6514676	[INFO]	XnProperty.cpp	151	Property Depth1.ShiftScale was changed to 10.
 6527473	[INFO]	XnProperty.cpp	151	Property Depth1.ConstShift was changed to 200.
 6527613	[INFO]	XnProperty.cpp	151	Property Depth1.ZPD was changed to 120.
 6527837	[INFO]	XnProperty.cpp	151	Property Depth1.ZPPS was changed to 0.104200.
 6527876	[INFO]	XnProperty.cpp	151	Property Depth1.LDDIS was changed to 7.500000.
 6528062	[INFO]	XnProperty.cpp	151	Property Depth1.Gain was changed to 30.
 6528115	[INFO]	XnDeviceBase.cpp	1458	Stream 'Depth1' was initialized.
 6528148	[INFO]	XnDeviceBase.cpp	1463	'Depth1' stream was created.
 6528450	[INFO]	XnProperty.cpp	74	Setting Depth1.InputFormat to 3...
 6528495	[INFO]	XnProperty.cpp	151	Property Depth1.InputFormat was changed to 3.
 6528527	[INFO]	XnProperty.cpp	101	Depth1.InputFormat was successfully set.
 6529448	[INFO]	XnProperty.cpp	74	Setting Depth1.RegistrationType to 2...
 6529477	[INFO]	XnProperty.cpp	151	Property Depth1.RegistrationType was changed to 2.
 6529496	[INFO]	XnProperty.cpp	101	Depth1.RegistrationType was successfully set.
 6530447	[INFO]	XnDeviceModule.cpp	431	Module 'Depth1' configuration was loaded from file.
 6530695	[INFO]	XnProperty.cpp	74	Setting Depth1.FPS to 30...
 6530724	[INFO]	XnProperty.cpp	86	Depth1.FPS value did not change.
 6530748	[INFO]	XnProperty.cpp	74	Setting Depth1.YRes to 480...
 6530781	[INFO]	XnProperty.cpp	151	Property Depth1.Resolution was changed to 1.
 6530811	[INFO]	XnProperty.cpp	151	Property Depth1.XRes was changed to 640.
 6530836	[INFO]	XnProperty.cpp	151	Property Depth1.RequiredDataSize was changed to 307200.
 6530857	[INFO]	XnProperty.cpp	151	Property Depth1.YRes was changed to 480.
 6530876	[INFO]	XnProperty.cpp	151	Property Depth1.RequiredDataSize was changed to 614400.
 6530898	[INFO]	XnProperty.cpp	101	Depth1.YRes was successfully set.
 6530927	[INFO]	XnProperty.cpp	74	Setting Depth1.XRes to 640...
 6530953	[INFO]	XnProperty.cpp	86	Depth1.XRes value did not change.
 6531043	[INFO]	XnProperty.cpp	74	Setting Depth1.Mirror to 1...
 6531078	[INFO]	XnProperty.cpp	151	Property Depth1.FirmwareMirror was changed to 1.
 6531153	[INFO]	XnProperty.cpp	151	Property Depth1.Mirror was changed to 1.
 6531183	[INFO]	XnProperty.cpp	101	Depth1.Mirror was successfully set.
 9958657	[INFO]	XnOpenNI.cpp	1261	Creating node 'User1' of type User...
 9984588	[WARNING]	Linux-x86Threads.cpp	173	Failed to set thread priority: Invalid argument
 9984635	[WARNING]	XnUSBLinux-x86.cpp	126	USB events thread: Failed to set thread priority to critical. This might cause loss of data...
 9985483	[INFO]	XnUSBLinux-x86.cpp	1222	USB read thread was started.
 9985507	[INFO]	XnProperty.cpp	151	Property Depth1.ActualReadData was changed to 1.
10456016	[INFO]	XnProperty.cpp	151	Property Depth1.State was changed to 1.
10456060	[INFO]	XnDeviceBase.cpp	370	Stream Depth1 is open.
13024866	[WARNING]	XnDepthProcessor.cpp	133	Read: Depth buffer is corrupt. Size is 602000 (!= 614400)
13024911	[WARNING]	XnFrameStreamProcessor.cpp	132	Depth frame is corrupt!
13840658	[INFO]	XnOpenNI.cpp	1261	Creating node 'Image1' of type Image...
13840719	[INFO]	XnDeviceBase.cpp	1383	Creating stream 'Image1' of type 'Image'...
13840965	[INFO]	XnProperty.cpp	151	Property Image1.Resolution was changed to 0.
13840991	[INFO]	XnProperty.cpp	151	Property Image1.XRes was changed to 320.
13841012	[INFO]	XnProperty.cpp	151	Property Image1.YRes was changed to 240.
13841030	[INFO]	XnProperty.cpp	151	Property Image1.FPS was changed to 30.
13841049	[INFO]	XnProperty.cpp	151	Property Image1.OutputFormat was changed to 5.
13841065	[INFO]	XnProperty.cpp	151	Property Image1.BytesPerPixel was changed to 3.
13841083	[INFO]	XnProperty.cpp	151	Property Image1.RequiredDataSize was changed to 230400.
13841125	[INFO]	XnDeviceBase.cpp	1458	Stream 'Image1' was initialized.
13841146	[INFO]	XnDeviceBase.cpp	1463	'Image1' stream was created.
13841285	[INFO]	XnProperty.cpp	74	Setting Image1.InputFormat to 6...
13841319	[INFO]	XnProperty.cpp	151	Property Image1.InputFormat was changed to 6.
13841339	[INFO]	XnProperty.cpp	101	Image1.InputFormat was successfully set.
13841903	[INFO]	XnDeviceModule.cpp	431	Module 'Image1' configuration was loaded from file.
13842013	[INFO]	XnProperty.cpp	74	Setting Image1.FPS to 30...
13842030	[INFO]	XnProperty.cpp	86	Image1.FPS value did not change.
13842045	[INFO]	XnProperty.cpp	74	Setting Image1.YRes to 480...
13842062	[INFO]	XnProperty.cpp	151	Property Image1.Resolution was changed to 1.
13842077	[INFO]	XnProperty.cpp	151	Property Image1.XRes was changed to 640.
13842094	[INFO]	XnProperty.cpp	151	Property Image1.RequiredDataSize was changed to 460800.
13842113	[INFO]	XnProperty.cpp	151	Property Image1.YRes was changed to 480.
13842130	[INFO]	XnProperty.cpp	151	Property Image1.RequiredDataSize was changed to 921600.
13842145	[INFO]	XnProperty.cpp	101	Image1.YRes was successfully set.
13842157	[INFO]	XnProperty.cpp	74	Setting Image1.XRes to 640...
13842167	[INFO]	XnProperty.cpp	86	Image1.XRes value did not change.
13843046	[INFO]	XnUSBLinux-x86.cpp	1222	USB read thread was started.
13843072	[INFO]	XnProperty.cpp	151	Property Image1.ActualReadData was changed to 1.
14012863	[WARNING]	XnFirmwareStreams.cpp	324	Unknown packet type (0x4948)!!!
14012917	[WARNING]	XnFirmwareStreams.cpp	324	Unknown packet type (0x4846)!!!
14024888	[WARNING]	XnDepthProcessor.cpp	133	Read: Depth buffer is corrupt. Size is 509024 (!= 614400)
14024910	[WARNING]	XnFrameStreamProcessor.cpp	132	Depth frame is corrupt!
16928913	[WARNING]	XnDepthProcessor.cpp	133	Read: Depth buffer is corrupt. Size is 583296 (!= 614400)
16928957	[WARNING]	XnFrameStreamProcessor.cpp	132	Depth frame is corrupt!
17043275	[INFO]	XnProperty.cpp	151	Property Image1.State was changed to 1.
17043320	[INFO]	XnDeviceBase.cpp	370	Stream Image1 is open.
17043523	[INFO]	XnProperty.cpp	74	Setting Depth1.Registration to 1...
17092972	[WARNING]	XnDepthProcessor.cpp	133	Read: Depth buffer is corrupt. Size is 589280 (!= 614400)
17093020	[WARNING]	XnFrameStreamProcessor.cpp	132	Depth frame is corrupt!
17195138	[INFO]	XnProperty.cpp	151	Property Depth1.Registration was changed to 1.
17195189	[INFO]	XnProperty.cpp	101	Depth1.Registration was successfully set.
17195285	[INFO]	XnProperty.cpp	74	Setting Image1.Mirror to 1...
17208249	[INFO]	XnProperty.cpp	151	Property Image1.FirmwareMirror was changed to 1.
17208286	[INFO]	XnProperty.cpp	151	Property Image1.Mirror was changed to 1.
17208304	[INFO]	XnProperty.cpp	101	Image1.Mirror was successfully set.
46231730	[INFO]	XnOpenNI.cpp	1459	Destroying node 'User1'
46238267	[INFO]	XnOpenNI.cpp	1459	Destroying node 'Depth1'
46238359	[INFO]	XnDeviceBase.cpp	1507	Destroying stream 'Depth1'...
46239481	[INFO]	XnOpenNI.cpp	1459	Destroying node 'Image1'
46239519	[INFO]	XnDeviceBase.cpp	1507	Destroying stream 'Image1'...
46241757	[INFO]	XnOpenNI.cpp	1459	Destroying node 'Device1'
