    4579	[INFO]	XnLog.cpp	165	OpenNI version is 1.0.0 (Build 25)-MacOSX (Jan  7 2011 14:20:18)
    4646	[INFO]	XnLog.cpp	173	Log system initialized. Console: 1, File: 1, Severity: INFO, Masks: ALL
    4682	[INFO]	XnLog.cpp	173	Log system initialized. Console: 1, File: 1, Severity: INFO, Masks: ALL
   13259	[INFO]	XnUSBLinux-x86.cpp	98	USB is initialized.
 4040899	[INFO]	XnOpenNI.cpp	1261	Creating node 'Device1' of type Device...
 4042133	[INFO]	XnDeviceModule.cpp	431	Module 'Device' configuration was loaded from file.
 4491942	[INFO]	XnDeviceSensorIO.cpp	135	Connected to USB device
 4492009	[INFO]	XnProperty.cpp	151	Property Device.USBPath was changed to 045e/02ae@250/11.
 4500697	[INFO]	XnHostProtocol.cpp	825	Hardware versions: FW=5.1.4 (7) HW=4 Chip=2 Sensor=4 SYS=7
 5895741	[INFO]	XnProperty.cpp	151	Property Device.ID was changed to 0.
 5895811	[INFO]	XnSensor.cpp	182	Device sensor initialized
 5895973	[INFO]	XnOpenNI.cpp	1261	Creating node 'Depth1' of type Depth...
 5896033	[INFO]	XnDeviceBase.cpp	1383	Creating stream 'Depth1' of type 'Depth'...
 5896059	[INFO]	XnProperty.cpp	74	Setting Device.ReadData to 1...
 5896105	[INFO]	XnDeviceSensorIO.cpp	298	Endpoints open
 5908261	[INFO]	XnProperty.cpp	151	Property Device.ReadData was changed to 1.
 5908310	[INFO]	XnProperty.cpp	101	Device.ReadData was successfully set.
 5908818	[INFO]	XnProperty.cpp	151	Property Depth1.Resolution was changed to 0.
 5908849	[INFO]	XnProperty.cpp	151	Property Depth1.XRes was changed to 320.
 5908873	[INFO]	XnProperty.cpp	151	Property Depth1.YRes was changed to 240.
 5908894	[INFO]	XnProperty.cpp	151	Property Depth1.FPS was changed to 30.
 5908914	[INFO]	XnProperty.cpp	151	Property Depth1.OutputFormat was changed to 1.
 5908933	[INFO]	XnProperty.cpp	151	Property Depth1.BytesPerPixel was changed to 2.
 5908953	[INFO]	XnProperty.cpp	151	Property Depth1.RequiredDataSize was changed to 153600.
 5908977	[INFO]	XnProperty.cpp	151	Property Depth1.ParamCoeff was changed to 4.
 5909056	[INFO]	XnProperty.cpp	151	Property Depth1.ShiftScale was changed to 10.
 5921358	[INFO]	XnProperty.cpp	151	Property Depth1.ConstShift was changed to 200.
 5921469	[INFO]	XnProperty.cpp	151	Property Depth1.ZPD was changed to 120.
 5921598	[INFO]	XnProperty.cpp	151	Property Depth1.ZPPS was changed to 0.104200.
 5921624	[INFO]	XnProperty.cpp	151	Property Depth1.LDDIS was changed to 7.500000.
 5921744	[INFO]	XnProperty.cpp	151	Property Depth1.Gain was changed to 30.
 5921789	[INFO]	XnDeviceBase.cpp	1458	Stream 'Depth1' was initialized.
 5921812	[INFO]	XnDeviceBase.cpp	1463	'Depth1' stream was created.
 5922039	[INFO]	XnProperty.cpp	74	Setting Depth1.InputFormat to 3...
 5922076	[INFO]	XnProperty.cpp	151	Property Depth1.InputFormat was changed to 3.
 5922098	[INFO]	XnProperty.cpp	101	Depth1.InputFormat was successfully set.
 5922787	[INFO]	XnProperty.cpp	74	Setting Depth1.RegistrationType to 2...
 5922816	[INFO]	XnProperty.cpp	151	Property Depth1.RegistrationType was changed to 2.
 5922835	[INFO]	XnProperty.cpp	101	Depth1.RegistrationType was successfully set.
 5923574	[INFO]	XnDeviceModule.cpp	431	Module 'Depth1' configuration was loaded from file.
 5923840	[INFO]	XnProperty.cpp	74	Setting Depth1.FPS to 30...
 5923867	[INFO]	XnProperty.cpp	86	Depth1.FPS value did not change.
 5923888	[INFO]	XnProperty.cpp	74	Setting Depth1.YRes to 480...
 5923911	[INFO]	XnProperty.cpp	151	Property Depth1.Resolution was changed to 1.
 5923933	[INFO]	XnProperty.cpp	151	Property Depth1.XRes was changed to 640.
 5923954	[INFO]	XnProperty.cpp	151	Property Depth1.RequiredDataSize was changed to 307200.
 5923977	[INFO]	XnProperty.cpp	151	Property Depth1.YRes was changed to 480.
 5923997	[INFO]	XnProperty.cpp	151	Property Depth1.RequiredDataSize was changed to 614400.
 5924019	[INFO]	XnProperty.cpp	101	Depth1.YRes was successfully set.
 5924039	[INFO]	XnProperty.cpp	74	Setting Depth1.XRes to 640...
 5924057	[INFO]	XnProperty.cpp	86	Depth1.XRes value did not change.
 5924120	[INFO]	XnProperty.cpp	74	Setting Depth1.Mirror to 1...
 5924144	[INFO]	XnProperty.cpp	151	Property Depth1.FirmwareMirror was changed to 1.
 5924206	[INFO]	XnProperty.cpp	151	Property Depth1.Mirror was changed to 1.
 5924227	[INFO]	XnProperty.cpp	101	Depth1.Mirror was successfully set.
 9303614	[INFO]	XnOpenNI.cpp	1261	Creating node 'User1' of type User...
 9335430	[WARNING]	Linux-x86Threads.cpp	173	Failed to set thread priority: Invalid argument
 9335518	[WARNING]	XnUSBLinux-x86.cpp	126	USB events thread: Failed to set thread priority to critical. This might cause loss of data...
 9336653	[INFO]	XnUSBLinux-x86.cpp	1222	USB read thread was started.
 9336710	[INFO]	XnProperty.cpp	151	Property Depth1.ActualReadData was changed to 1.
 9814840	[INFO]	XnProperty.cpp	151	Property Depth1.State was changed to 1.
 9814951	[INFO]	XnDeviceBase.cpp	370	Stream Depth1 is open.
13231248	[INFO]	XnOpenNI.cpp	1261	Creating node 'Image1' of type Image...
13231300	[INFO]	XnDeviceBase.cpp	1383	Creating stream 'Image1' of type 'Image'...
13231475	[INFO]	XnProperty.cpp	151	Property Image1.Resolution was changed to 0.
13231496	[INFO]	XnProperty.cpp	151	Property Image1.XRes was changed to 320.
13231513	[INFO]	XnProperty.cpp	151	Property Image1.YRes was changed to 240.
13231528	[INFO]	XnProperty.cpp	151	Property Image1.FPS was changed to 30.
13231542	[INFO]	XnProperty.cpp	151	Property Image1.OutputFormat was changed to 5.
13231557	[INFO]	XnProperty.cpp	151	Property Image1.BytesPerPixel was changed to 3.
13231571	[INFO]	XnProperty.cpp	151	Property Image1.RequiredDataSize was changed to 230400.
13231608	[INFO]	XnDeviceBase.cpp	1458	Stream 'Image1' was initialized.
13231624	[INFO]	XnDeviceBase.cpp	1463	'Image1' stream was created.
13231726	[INFO]	XnProperty.cpp	74	Setting Image1.InputFormat to 6...
13231748	[INFO]	XnProperty.cpp	151	Property Image1.InputFormat was changed to 6.
13231763	[INFO]	XnProperty.cpp	101	Image1.InputFormat was successfully set.
13232317	[INFO]	XnDeviceModule.cpp	431	Module 'Image1' configuration was loaded from file.
13232404	[INFO]	XnProperty.cpp	74	Setting Image1.FPS to 30...
13232424	[INFO]	XnProperty.cpp	101	Image1.FPS was successfully set.
13232439	[INFO]	XnProperty.cpp	74	Setting Image1.YRes to 480...
13232454	[INFO]	XnProperty.cpp	151	Property Image1.Resolution was changed to 1.
13232468	[INFO]	XnProperty.cpp	151	Property Image1.XRes was changed to 640.
13232485	[INFO]	XnProperty.cpp	151	Property Image1.RequiredDataSize was changed to 460800.
13232501	[INFO]	XnProperty.cpp	151	Property Image1.YRes was changed to 480.
13232516	[INFO]	XnProperty.cpp	151	Property Image1.RequiredDataSize was changed to 921600.
13232531	[INFO]	XnProperty.cpp	101	Image1.YRes was successfully set.
13232545	[INFO]	XnProperty.cpp	74	Setting Image1.XRes to 640...
13232559	[INFO]	XnProperty.cpp	101	Image1.XRes was successfully set.
13233675	[INFO]	XnUSBLinux-x86.cpp	1222	USB read thread was started.
13233707	[INFO]	XnProperty.cpp	151	Property Image1.ActualReadData was changed to 1.
13416915	[WARNING]	XnDepthProcessor.cpp	133	Read: Depth buffer is corrupt. Size is 530832 (!= 614400)
13416968	[WARNING]	XnFrameStreamProcessor.cpp	132	Depth frame is corrupt!
13448897	[WARNING]	XnDepthProcessor.cpp	133	Read: Depth buffer is corrupt. Size is 597552 (!= 614400)
13448937	[WARNING]	XnFrameStreamProcessor.cpp	132	Depth frame is corrupt!
16317028	[WARNING]	XnDepthProcessor.cpp	133	Read: Depth buffer is corrupt. Size is 568688 (!= 614400)
16317077	[WARNING]	XnFrameStreamProcessor.cpp	132	Depth frame is corrupt!
16434162	[INFO]	XnProperty.cpp	151	Property Image1.State was changed to 1.
16434207	[INFO]	XnDeviceBase.cpp	370	Stream Image1 is open.
16434404	[INFO]	XnProperty.cpp	74	Setting Depth1.Registration to 1...
16452974	[WARNING]	XnDepthProcessor.cpp	133	Read: Depth buffer is corrupt. Size is 589408 (!= 614400)
16453025	[WARNING]	XnFrameStreamProcessor.cpp	132	Depth frame is corrupt!
16484956	[WARNING]	XnDepthProcessor.cpp	133	Read: Depth buffer is corrupt. Size is 592928 (!= 614400)
16485017	[WARNING]	XnFrameStreamProcessor.cpp	132	Depth frame is corrupt!
16585948	[INFO]	XnProperty.cpp	151	Property Depth1.Registration was changed to 1.
16586006	[INFO]	XnProperty.cpp	101	Depth1.Registration was successfully set.
16586097	[INFO]	XnProperty.cpp	74	Setting Image1.Mirror to 1...
16598826	[INFO]	XnProperty.cpp	151	Property Image1.FirmwareMirror was changed to 1.
16598860	[INFO]	XnProperty.cpp	151	Property Image1.Mirror was changed to 1.
16598873	[INFO]	XnProperty.cpp	101	Image1.Mirror was successfully set.
16718448	[WARNING]	XnDepthProcessor.cpp	133	Read: Depth buffer is corrupt. Size is 366048 (!= 614400)
16718495	[WARNING]	XnFrameStreamProcessor.cpp	132	Depth frame is corrupt!
16912982	[WARNING]	XnFrameStreamProcessor.cpp	140	Depth Frame Buffer overflow! current size: 612768
16913035	[WARNING]	XnFrameStreamProcessor.cpp	132	Depth frame is corrupt!
16920907	[WARNING]	XnDepthProcessor.cpp	133	Read: Depth buffer is corrupt. Size is 612768 (!= 614400)
