  106719	[INFO]	XnLog.cpp	165	OpenNI version is 1.0.0 (Build 25)-MacOSX (Jan  7 2011 14:20:18)
  107066	[INFO]	XnLog.cpp	173	Log system initialized. Console: 1, File: 1, Severity: INFO, Masks: ALL
  107130	[INFO]	XnLog.cpp	173	Log system initialized. Console: 1, File: 1, Severity: INFO, Masks: ALL
  109339	[INFO]	XnUSBLinux-x86.cpp	98	USB is initialized.
 4528337	[INFO]	XnOpenNI.cpp	1261	Creating node 'Device1' of type Device...
 4529915	[INFO]	XnDeviceModule.cpp	431	Module 'Device' configuration was loaded from file.
 5141598	[INFO]	XnDeviceSensorIO.cpp	135	Connected to USB device
 5141651	[INFO]	XnProperty.cpp	151	Property Device.USBPath was changed to 045e/02ae@250/11.
 5149117	[INFO]	XnHostProtocol.cpp	825	Hardware versions: FW=5.1.4 (7) HW=4 Chip=2 Sensor=4 SYS=7
 6558737	[INFO]	XnProperty.cpp	151	Property Device.ID was changed to 0.
 6558833	[INFO]	XnSensor.cpp	182	Device sensor initialized
 6559039	[INFO]	XnOpenNI.cpp	1261	Creating node 'Depth1' of type Depth...
 6559110	[INFO]	XnDeviceBase.cpp	1383	Creating stream 'Depth1' of type 'Depth'...
 6559142	[INFO]	XnProperty.cpp	74	Setting Device.ReadData to 1...
 6559196	[INFO]	XnDeviceSensorIO.cpp	298	Endpoints open
 6571643	[INFO]	XnProperty.cpp	151	Property Device.ReadData was changed to 1.
 6571687	[INFO]	XnProperty.cpp	101	Device.ReadData was successfully set.
 6572372	[INFO]	XnProperty.cpp	151	Property Depth1.Resolution was changed to 0.
 6572414	[INFO]	XnProperty.cpp	151	Property Depth1.XRes was changed to 320.
 6572454	[INFO]	XnProperty.cpp	151	Property Depth1.YRes was changed to 240.
 6572494	[INFO]	XnProperty.cpp	151	Property Depth1.FPS was changed to 30.
 6572532	[INFO]	XnProperty.cpp	151	Property Depth1.OutputFormat was changed to 1.
 6572570	[INFO]	XnProperty.cpp	151	Property Depth1.BytesPerPixel was changed to 2.
 6572608	[INFO]	XnProperty.cpp	151	Property Depth1.RequiredDataSize was changed to 153600.
 6572656	[INFO]	XnProperty.cpp	151	Property Depth1.ParamCoeff was changed to 4.
 6572810	[INFO]	XnProperty.cpp	151	Property Depth1.ShiftScale was changed to 10.
 6585522	[INFO]	XnProperty.cpp	151	Property Depth1.ConstShift was changed to 200.
 6585637	[INFO]	XnProperty.cpp	151	Property Depth1.ZPD was changed to 120.
 6585819	[INFO]	XnProperty.cpp	151	Property Depth1.ZPPS was changed to 0.104200.
 6585857	[INFO]	XnProperty.cpp	151	Property Depth1.LDDIS was changed to 7.500000.
 6586040	[INFO]	XnProperty.cpp	151	Property Depth1.Gain was changed to 30.
 6586092	[INFO]	XnDeviceBase.cpp	1458	Stream 'Depth1' was initialized.
 6586126	[INFO]	XnDeviceBase.cpp	1463	'Depth1' stream was created.
 6586443	[INFO]	XnProperty.cpp	74	Setting Depth1.InputFormat to 3...
 6586492	[INFO]	XnProperty.cpp	151	Property Depth1.InputFormat was changed to 3.
 6586524	[INFO]	XnProperty.cpp	101	Depth1.InputFormat was successfully set.
 6587449	[INFO]	XnProperty.cpp	74	Setting Depth1.RegistrationType to 2...
 6587480	[INFO]	XnProperty.cpp	151	Property Depth1.RegistrationType was changed to 2.
 6587500	[INFO]	XnProperty.cpp	101	Depth1.RegistrationType was successfully set.
 6588442	[INFO]	XnDeviceModule.cpp	431	Module 'Depth1' configuration was loaded from file.
 6588725	[INFO]	XnProperty.cpp	74	Setting Depth1.FPS to 30...
 6588755	[INFO]	XnProperty.cpp	86	Depth1.FPS value did not change.
 6588775	[INFO]	XnProperty.cpp	74	Setting Depth1.YRes to 480...
 6588801	[INFO]	XnProperty.cpp	151	Property Depth1.Resolution was changed to 1.
 6588833	[INFO]	XnProperty.cpp	151	Property Depth1.XRes was changed to 640.
 6588870	[INFO]	XnProperty.cpp	151	Property Depth1.RequiredDataSize was changed to 307200.
 6588903	[INFO]	XnProperty.cpp	151	Property Depth1.YRes was changed to 480.
 6588933	[INFO]	XnProperty.cpp	151	Property Depth1.RequiredDataSize was changed to 614400.
 6588960	[INFO]	XnProperty.cpp	101	Depth1.YRes was successfully set.
 6588987	[INFO]	XnProperty.cpp	74	Setting Depth1.XRes to 640...
 6589010	[INFO]	XnProperty.cpp	86	Depth1.XRes value did not change.
 6589088	[INFO]	XnProperty.cpp	74	Setting Depth1.Mirror to 1...
 6589120	[INFO]	XnProperty.cpp	151	Property Depth1.FirmwareMirror was changed to 1.
 6589487	[INFO]	XnProperty.cpp	151	Property Depth1.Mirror was changed to 1.
 6589505	[INFO]	XnProperty.cpp	101	Depth1.Mirror was successfully set.
10017304	[INFO]	XnOpenNI.cpp	1261	Creating node 'User1' of type User...
10042926	[WARNING]	Linux-x86Threads.cpp	173	Failed to set thread priority: Invalid argument
10042975	[WARNING]	XnUSBLinux-x86.cpp	126	USB events thread: Failed to set thread priority to critical. This might cause loss of data...
10043836	[INFO]	XnUSBLinux-x86.cpp	1222	USB read thread was started.
10043860	[INFO]	XnProperty.cpp	151	Property Depth1.ActualReadData was changed to 1.
10514800	[INFO]	XnProperty.cpp	151	Property Depth1.State was changed to 1.
10514845	[INFO]	XnDeviceBase.cpp	370	Stream Depth1 is open.
13895770	[INFO]	XnOpenNI.cpp	1261	Creating node 'Image1' of type Image...
13895827	[INFO]	XnDeviceBase.cpp	1383	Creating stream 'Image1' of type 'Image'...
13896035	[INFO]	XnProperty.cpp	151	Property Image1.Resolution was changed to 0.
13896055	[INFO]	XnProperty.cpp	151	Property Image1.XRes was changed to 320.
13896068	[INFO]	XnProperty.cpp	151	Property Image1.YRes was changed to 240.
13896080	[INFO]	XnProperty.cpp	151	Property Image1.FPS was changed to 30.
13896091	[INFO]	XnProperty.cpp	151	Property Image1.OutputFormat was changed to 5.
13896102	[INFO]	XnProperty.cpp	151	Property Image1.BytesPerPixel was changed to 3.
13896114	[INFO]	XnProperty.cpp	151	Property Image1.RequiredDataSize was changed to 230400.
13896148	[INFO]	XnDeviceBase.cpp	1458	Stream 'Image1' was initialized.
13896161	[INFO]	XnDeviceBase.cpp	1463	'Image1' stream was created.
13896285	[INFO]	XnProperty.cpp	74	Setting Image1.InputFormat to 6...
13896308	[INFO]	XnProperty.cpp	151	Property Image1.InputFormat was changed to 6.
13896321	[INFO]	XnProperty.cpp	101	Image1.InputFormat was successfully set.
13896769	[INFO]	XnDeviceModule.cpp	431	Module 'Image1' configuration was loaded from file.
13896858	[INFO]	XnProperty.cpp	74	Setting Image1.FPS to 30...
13896881	[INFO]	XnProperty.cpp	86	Image1.FPS value did not change.
13896899	[INFO]	XnProperty.cpp	74	Setting Image1.YRes to 480...
13896917	[INFO]	XnProperty.cpp	151	Property Image1.Resolution was changed to 1.
13896936	[INFO]	XnProperty.cpp	151	Property Image1.XRes was changed to 640.
13896955	[INFO]	XnProperty.cpp	151	Property Image1.RequiredDataSize was changed to 460800.
13896976	[INFO]	XnProperty.cpp	151	Property Image1.YRes was changed to 480.
13896995	[INFO]	XnProperty.cpp	151	Property Image1.RequiredDataSize was changed to 921600.
13897015	[INFO]	XnProperty.cpp	101	Image1.YRes was successfully set.
13897034	[INFO]	XnProperty.cpp	74	Setting Image1.XRes to 640...
13897052	[INFO]	XnProperty.cpp	86	Image1.XRes value did not change.
13897992	[INFO]	XnUSBLinux-x86.cpp	1222	USB read thread was started.
13898019	[INFO]	XnProperty.cpp	151	Property Image1.ActualReadData was changed to 1.
14083126	[WARNING]	XnDepthProcessor.cpp	133	Read: Depth buffer is corrupt. Size is 549568 (!= 614400)
14083175	[WARNING]	XnFrameStreamProcessor.cpp	132	Depth frame is corrupt!
14115160	[WARNING]	XnDepthProcessor.cpp	133	Read: Depth buffer is corrupt. Size is 594992 (!= 614400)
14115189	[WARNING]	XnFrameStreamProcessor.cpp	132	Depth frame is corrupt!
16983238	[WARNING]	XnDepthProcessor.cpp	133	Read: Depth buffer is corrupt. Size is 591280 (!= 614400)
16983285	[WARNING]	XnFrameStreamProcessor.cpp	132	Depth frame is corrupt!
17098411	[INFO]	XnProperty.cpp	151	Property Image1.State was changed to 1.
17098460	[INFO]	XnDeviceBase.cpp	370	Stream Image1 is open.
17098660	[INFO]	XnProperty.cpp	74	Setting Depth1.Registration to 1...
17151181	[WARNING]	XnDepthProcessor.cpp	133	Read: Depth buffer is corrupt. Size is 594592 (!= 614400)
17151244	[WARNING]	XnFrameStreamProcessor.cpp	132	Depth frame is corrupt!
17250632	[INFO]	XnProperty.cpp	151	Property Depth1.Registration was changed to 1.
17250677	[INFO]	XnProperty.cpp	101	Depth1.Registration was successfully set.
17250726	[INFO]	XnProperty.cpp	74	Setting Image1.Mirror to 1...
17262887	[INFO]	XnProperty.cpp	151	Property Image1.FirmwareMirror was changed to 1.
17262949	[INFO]	XnProperty.cpp	151	Property Image1.Mirror was changed to 1.
17262963	[INFO]	XnProperty.cpp	101	Image1.Mirror was successfully set.
78542810	[INFO]	XnOpenNI.cpp	1459	Destroying node 'User1'
78549458	[INFO]	XnOpenNI.cpp	1459	Destroying node 'Depth1'
78549559	[INFO]	XnDeviceBase.cpp	1507	Destroying stream 'Depth1'...
78550620	[INFO]	XnOpenNI.cpp	1459	Destroying node 'Image1'
78550657	[INFO]	XnDeviceBase.cpp	1507	Destroying stream 'Image1'...
78551579	[INFO]	XnOpenNI.cpp	1459	Destroying node 'Device1'
