   13957	[INFO]	XnLog.cpp	165	OpenNI version is 1.0.0 (Build 25)-MacOSX (Jan  7 2011 14:20:18)
   14018	[INFO]	XnLog.cpp	173	Log system initialized. Console: 1, File: 1, Severity: INFO, Masks: ALL
   14052	[INFO]	XnLog.cpp	173	Log system initialized. Console: 1, File: 1, Severity: INFO, Masks: ALL
   15741	[INFO]	XnUSBLinux-x86.cpp	98	USB is initialized.
 4045364	[INFO]	XnOpenNI.cpp	1261	Creating node 'Device1' of type Device...
 4046284	[INFO]	XnDeviceModule.cpp	431	Module 'Device' configuration was loaded from file.
 4500129	[INFO]	XnDeviceSensorIO.cpp	135	Connected to USB device
 4500183	[INFO]	XnProperty.cpp	151	Property Device.USBPath was changed to 045e/02ae@250/11.
 4507651	[INFO]	XnHostProtocol.cpp	825	Hardware versions: FW=5.1.4 (7) HW=4 Chip=2 Sensor=4 SYS=7
 5920603	[INFO]	XnProperty.cpp	151	Property Device.ID was changed to 0.
 5920690	[INFO]	XnSensor.cpp	182	Device sensor initialized
 5920817	[INFO]	XnOpenNI.cpp	1261	Creating node 'Depth1' of type Depth...
 5920889	[INFO]	XnDeviceBase.cpp	1383	Creating stream 'Depth1' of type 'Depth'...
 5920921	[INFO]	XnProperty.cpp	74	Setting Device.ReadData to 1...
 5920964	[INFO]	XnDeviceSensorIO.cpp	298	Endpoints open
 5933363	[INFO]	XnProperty.cpp	151	Property Device.ReadData was changed to 1.
 5933421	[INFO]	XnProperty.cpp	101	Device.ReadData was successfully set.
 5934063	[INFO]	XnProperty.cpp	151	Property Depth1.Resolution was changed to 0.
 5934104	[INFO]	XnProperty.cpp	151	Property Depth1.XRes was changed to 320.
 5934131	[INFO]	XnProperty.cpp	151	Property Depth1.YRes was changed to 240.
 5934158	[INFO]	XnProperty.cpp	151	Property Depth1.FPS was changed to 30.
 5934193	[INFO]	XnProperty.cpp	151	Property Depth1.OutputFormat was changed to 1.
 5934232	[INFO]	XnProperty.cpp	151	Property Depth1.BytesPerPixel was changed to 2.
 5934269	[INFO]	XnProperty.cpp	151	Property Depth1.RequiredDataSize was changed to 153600.
 5934315	[INFO]	XnProperty.cpp	151	Property Depth1.ParamCoeff was changed to 4.
 5934467	[INFO]	XnProperty.cpp	151	Property Depth1.ShiftScale was changed to 10.
 5947089	[INFO]	XnProperty.cpp	151	Property Depth1.ConstShift was changed to 200.
 5947228	[INFO]	XnProperty.cpp	151	Property Depth1.ZPD was changed to 120.
 5947403	[INFO]	XnProperty.cpp	151	Property Depth1.ZPPS was changed to 0.104200.
 5947432	[INFO]	XnProperty.cpp	151	Property Depth1.LDDIS was changed to 7.500000.
 5947601	[INFO]	XnProperty.cpp	151	Property Depth1.Gain was changed to 30.
 5947644	[INFO]	XnDeviceBase.cpp	1458	Stream 'Depth1' was initialized.
 5947675	[INFO]	XnDeviceBase.cpp	1463	'Depth1' stream was created.
 5947948	[INFO]	XnProperty.cpp	74	Setting Depth1.InputFormat to 3...
 5947983	[INFO]	XnProperty.cpp	151	Property Depth1.InputFormat was changed to 3.
 5948002	[INFO]	XnProperty.cpp	101	Depth1.InputFormat was successfully set.
 5948754	[INFO]	XnProperty.cpp	74	Setting Depth1.RegistrationType to 2...
 5948784	[INFO]	XnProperty.cpp	151	Property Depth1.RegistrationType was changed to 2.
 5948810	[INFO]	XnProperty.cpp	101	Depth1.RegistrationType was successfully set.
 5949764	[INFO]	XnDeviceModule.cpp	431	Module 'Depth1' configuration was loaded from file.
 5950097	[INFO]	XnProperty.cpp	74	Setting Depth1.FPS to 30...
 5950128	[INFO]	XnProperty.cpp	101	Depth1.FPS was successfully set.
 5950150	[INFO]	XnProperty.cpp	74	Setting Depth1.YRes to 480...
 5950177	[INFO]	XnProperty.cpp	151	Property Depth1.Resolution was changed to 1.
 5950201	[INFO]	XnProperty.cpp	151	Property Depth1.XRes was changed to 640.
 5950222	[INFO]	XnProperty.cpp	151	Property Depth1.RequiredDataSize was changed to 307200.
 5950242	[INFO]	XnProperty.cpp	151	Property Depth1.YRes was changed to 480.
 5950257	[INFO]	XnProperty.cpp	151	Property Depth1.RequiredDataSize was changed to 614400.
 5950279	[INFO]	XnProperty.cpp	101	Depth1.YRes was successfully set.
 5950301	[INFO]	XnProperty.cpp	74	Setting Depth1.XRes to 640...
 5950318	[INFO]	XnProperty.cpp	101	Depth1.XRes was successfully set.
 5950390	[INFO]	XnProperty.cpp	74	Setting Depth1.Mirror to 1...
 5950413	[INFO]	XnProperty.cpp	151	Property Depth1.FirmwareMirror was changed to 1.
 5950471	[INFO]	XnProperty.cpp	151	Property Depth1.Mirror was changed to 1.
 5950491	[INFO]	XnProperty.cpp	101	Depth1.Mirror was successfully set.
 9365366	[INFO]	XnOpenNI.cpp	1261	Creating node 'User1' of type User...
 9391816	[WARNING]	Linux-x86Threads.cpp	173	Failed to set thread priority: Invalid argument
 9391865	[WARNING]	XnUSBLinux-x86.cpp	126	USB events thread: Failed to set thread priority to critical. This might cause loss of data...
 9392835	[INFO]	XnUSBLinux-x86.cpp	1222	USB read thread was started.
 9392861	[INFO]	XnProperty.cpp	151	Property Depth1.ActualReadData was changed to 1.
 9864076	[INFO]	XnProperty.cpp	151	Property Depth1.State was changed to 1.
 9864120	[INFO]	XnDeviceBase.cpp	370	Stream Depth1 is open.
13264211	[INFO]	XnOpenNI.cpp	1261	Creating node 'Image1' of type Image...
13264263	[INFO]	XnDeviceBase.cpp	1383	Creating stream 'Image1' of type 'Image'...
13264503	[INFO]	XnProperty.cpp	151	Property Image1.Resolution was changed to 0.
13264544	[INFO]	XnProperty.cpp	151	Property Image1.XRes was changed to 320.
13264568	[INFO]	XnProperty.cpp	151	Property Image1.YRes was changed to 240.
13264589	[INFO]	XnProperty.cpp	151	Property Image1.FPS was changed to 30.
13264607	[INFO]	XnProperty.cpp	151	Property Image1.OutputFormat was changed to 5.
13264625	[INFO]	XnProperty.cpp	151	Property Image1.BytesPerPixel was changed to 3.
13264642	[INFO]	XnProperty.cpp	151	Property Image1.RequiredDataSize was changed to 230400.
13264684	[INFO]	XnDeviceBase.cpp	1458	Stream 'Image1' was initialized.
13264703	[INFO]	XnDeviceBase.cpp	1463	'Image1' stream was created.
13264826	[INFO]	XnProperty.cpp	74	Setting Image1.InputFormat to 6...
13264854	[INFO]	XnProperty.cpp	151	Property Image1.InputFormat was changed to 6.
13264872	[INFO]	XnProperty.cpp	101	Image1.InputFormat was successfully set.
13265322	[INFO]	XnDeviceModule.cpp	431	Module 'Image1' configuration was loaded from file.
13265422	[INFO]	XnProperty.cpp	74	Setting Image1.FPS to 30...
13265439	[INFO]	XnProperty.cpp	86	Image1.FPS value did not change.
13265456	[INFO]	XnProperty.cpp	74	Setting Image1.YRes to 480...
13265472	[INFO]	XnProperty.cpp	151	Property Image1.Resolution was changed to 1.
13265488	[INFO]	XnProperty.cpp	151	Property Image1.XRes was changed to 640.
13265505	[INFO]	XnProperty.cpp	151	Property Image1.RequiredDataSize was changed to 460800.
13265534	[INFO]	XnProperty.cpp	151	Property Image1.YRes was changed to 480.
13265549	[INFO]	XnProperty.cpp	151	Property Image1.RequiredDataSize was changed to 921600.
13265561	[INFO]	XnProperty.cpp	101	Image1.YRes was successfully set.
13265573	[INFO]	XnProperty.cpp	74	Setting Image1.XRes to 640...
13265586	[INFO]	XnProperty.cpp	86	Image1.XRes value did not change.
13266596	[INFO]	XnUSBLinux-x86.cpp	1222	USB read thread was started.
13266624	[INFO]	XnProperty.cpp	151	Property Image1.ActualReadData was changed to 1.
13464675	[WARNING]	XnDepthProcessor.cpp	133	Read: Depth buffer is corrupt. Size is 589216 (!= 614400)
13464725	[WARNING]	XnFrameStreamProcessor.cpp	132	Depth frame is corrupt!
16467911	[INFO]	XnProperty.cpp	151	Property Image1.State was changed to 1.
16467957	[INFO]	XnDeviceBase.cpp	370	Stream Image1 is open.
16468159	[INFO]	XnProperty.cpp	74	Setting Depth1.Registration to 1...
16500753	[WARNING]	XnDepthProcessor.cpp	133	Read: Depth buffer is corrupt. Size is 585344 (!= 614400)
16500821	[WARNING]	XnFrameStreamProcessor.cpp	132	Depth frame is corrupt!
16619436	[INFO]	XnProperty.cpp	151	Property Depth1.Registration was changed to 1.
16619481	[INFO]	XnProperty.cpp	101	Depth1.Registration was successfully set.
16619529	[INFO]	XnProperty.cpp	74	Setting Image1.Mirror to 1...
16632532	[INFO]	XnProperty.cpp	151	Property Image1.FirmwareMirror was changed to 1.
16632575	[INFO]	XnProperty.cpp	151	Property Image1.Mirror was changed to 1.
16632590	[INFO]	XnProperty.cpp	101	Image1.Mirror was successfully set.
