    3954	[INFO]	XnLog.cpp	165	OpenNI version is 1.0.0 (Build 25)-MacOSX (Jan  7 2011 14:20:18)
    4002	[INFO]	XnLog.cpp	173	Log system initialized. Console: 1, File: 1, Severity: INFO, Masks: ALL
    4026	[INFO]	XnLog.cpp	173	Log system initialized. Console: 1, File: 1, Severity: INFO, Masks: ALL
    5262	[INFO]	XnUSBLinux-x86.cpp	98	USB is initialized.
 4036637	[INFO]	XnOpenNI.cpp	1261	Creating node 'Device1' of type Device...
 4037624	[INFO]	XnDeviceModule.cpp	431	Module 'Device' configuration was loaded from file.
 4488642	[INFO]	XnDeviceSensorIO.cpp	135	Connected to USB device
 4488699	[INFO]	XnProperty.cpp	151	Property Device.USBPath was changed to 045e/02ae@250/11.
 4496216	[INFO]	XnHostProtocol.cpp	825	Hardware versions: FW=5.1.4 (7) HW=4 Chip=2 Sensor=4 SYS=7
 5907135	[INFO]	XnProperty.cpp	151	Property Device.ID was changed to 0.
 5907218	[INFO]	XnSensor.cpp	182	Device sensor initialized
 5907324	[INFO]	XnOpenNI.cpp	1261	Creating node 'Depth1' of type Depth...
 5907378	[INFO]	XnDeviceBase.cpp	1383	Creating stream 'Depth1' of type 'Depth'...
 5907403	[INFO]	XnProperty.cpp	74	Setting Device.ReadData to 1...
 5907445	[INFO]	XnDeviceSensorIO.cpp	298	Endpoints open
 5919634	[INFO]	XnProperty.cpp	151	Property Device.ReadData was changed to 1.
 5919684	[INFO]	XnProperty.cpp	101	Device.ReadData was successfully set.
 5920123	[INFO]	XnProperty.cpp	151	Property Depth1.Resolution was changed to 0.
 5920151	[INFO]	XnProperty.cpp	151	Property Depth1.XRes was changed to 320.
 5920172	[INFO]	XnProperty.cpp	151	Property Depth1.YRes was changed to 240.
 5920193	[INFO]	XnProperty.cpp	151	Property Depth1.FPS was changed to 30.
 5920211	[INFO]	XnProperty.cpp	151	Property Depth1.OutputFormat was changed to 1.
 5920230	[INFO]	XnProperty.cpp	151	Property Depth1.BytesPerPixel was changed to 2.
 5920245	[INFO]	XnProperty.cpp	151	Property Depth1.RequiredDataSize was changed to 153600.
 5920262	[INFO]	XnProperty.cpp	151	Property Depth1.ParamCoeff was changed to 4.
 5920322	[INFO]	XnProperty.cpp	151	Property Depth1.ShiftScale was changed to 10.
 5932576	[INFO]	XnProperty.cpp	151	Property Depth1.ConstShift was changed to 200.
 5932646	[INFO]	XnProperty.cpp	151	Property Depth1.ZPD was changed to 120.
 5932760	[INFO]	XnProperty.cpp	151	Property Depth1.ZPPS was changed to 0.104200.
 5932782	[INFO]	XnProperty.cpp	151	Property Depth1.LDDIS was changed to 7.500000.
 5932883	[INFO]	XnProperty.cpp	151	Property Depth1.Gain was changed to 30.
 5932920	[INFO]	XnDeviceBase.cpp	1458	Stream 'Depth1' was initialized.
 5932943	[INFO]	XnDeviceBase.cpp	1463	'Depth1' stream was created.
 5933148	[INFO]	XnProperty.cpp	74	Setting Depth1.InputFormat to 3...
 5933178	[INFO]	XnProperty.cpp	151	Property Depth1.InputFormat was changed to 3.
 5933198	[INFO]	XnProperty.cpp	101	Depth1.InputFormat was successfully set.
 5933733	[INFO]	XnProperty.cpp	74	Setting Depth1.RegistrationType to 2...
 5933753	[INFO]	XnProperty.cpp	151	Property Depth1.RegistrationType was changed to 2.
 5933765	[INFO]	XnProperty.cpp	101	Depth1.RegistrationType was successfully set.
 5934367	[INFO]	XnDeviceModule.cpp	431	Module 'Depth1' configuration was loaded from file.
 5934626	[INFO]	XnProperty.cpp	74	Setting Depth1.FPS to 30...
 5934647	[INFO]	XnProperty.cpp	86	Depth1.FPS value did not change.
 5934659	[INFO]	XnProperty.cpp	74	Setting Depth1.YRes to 480...
 5934674	[INFO]	XnProperty.cpp	151	Property Depth1.Resolution was changed to 1.
 5934688	[INFO]	XnProperty.cpp	151	Property Depth1.XRes was changed to 640.
 5934706	[INFO]	XnProperty.cpp	151	Property Depth1.RequiredDataSize was changed to 307200.
 5934723	[INFO]	XnProperty.cpp	151	Property Depth1.YRes was changed to 480.
 5934735	[INFO]	XnProperty.cpp	151	Property Depth1.RequiredDataSize was changed to 614400.
 5934747	[INFO]	XnProperty.cpp	101	Depth1.YRes was successfully set.
 5934761	[INFO]	XnProperty.cpp	74	Setting Depth1.XRes to 640...
 5934776	[INFO]	XnProperty.cpp	86	Depth1.XRes value did not change.
 5934839	[INFO]	XnProperty.cpp	74	Setting Depth1.Mirror to 1...
 5934862	[INFO]	XnProperty.cpp	151	Property Depth1.FirmwareMirror was changed to 1.
 5934924	[INFO]	XnProperty.cpp	151	Property Depth1.Mirror was changed to 1.
 5934942	[INFO]	XnProperty.cpp	101	Depth1.Mirror was successfully set.
 9334370	[INFO]	XnOpenNI.cpp	1261	Creating node 'User1' of type User...
 9358454	[WARNING]	Linux-x86Threads.cpp	173	Failed to set thread priority: Invalid argument
 9358502	[WARNING]	XnUSBLinux-x86.cpp	126	USB events thread: Failed to set thread priority to critical. This might cause loss of data...
 9359371	[INFO]	XnUSBLinux-x86.cpp	1222	USB read thread was started.
 9359400	[INFO]	XnProperty.cpp	151	Property Depth1.ActualReadData was changed to 1.
 9830516	[INFO]	XnProperty.cpp	151	Property Depth1.State was changed to 1.
 9830562	[INFO]	XnDeviceBase.cpp	370	Stream Depth1 is open.
13233848	[INFO]	XnOpenNI.cpp	1261	Creating node 'Image1' of type Image...
13233904	[INFO]	XnDeviceBase.cpp	1383	Creating stream 'Image1' of type 'Image'...
13234128	[INFO]	XnProperty.cpp	151	Property Image1.Resolution was changed to 0.
13234158	[INFO]	XnProperty.cpp	151	Property Image1.XRes was changed to 320.
13234176	[INFO]	XnProperty.cpp	151	Property Image1.YRes was changed to 240.
13234193	[INFO]	XnProperty.cpp	151	Property Image1.FPS was changed to 30.
13234211	[INFO]	XnProperty.cpp	151	Property Image1.OutputFormat was changed to 5.
13234227	[INFO]	XnProperty.cpp	151	Property Image1.BytesPerPixel was changed to 3.
13234244	[INFO]	XnProperty.cpp	151	Property Image1.RequiredDataSize was changed to 230400.
13234283	[INFO]	XnDeviceBase.cpp	1458	Stream 'Image1' was initialized.
13234303	[INFO]	XnDeviceBase.cpp	1463	'Image1' stream was created.
13234444	[INFO]	XnProperty.cpp	74	Setting Image1.InputFormat to 6...
13234484	[INFO]	XnProperty.cpp	151	Property Image1.InputFormat was changed to 6.
13234499	[INFO]	XnProperty.cpp	101	Image1.InputFormat was successfully set.
13234949	[INFO]	XnDeviceModule.cpp	431	Module 'Image1' configuration was loaded from file.
13235049	[INFO]	XnProperty.cpp	74	Setting Image1.FPS to 30...
13235066	[INFO]	XnProperty.cpp	86	Image1.FPS value did not change.
13235082	[INFO]	XnProperty.cpp	74	Setting Image1.YRes to 480...
13235098	[INFO]	XnProperty.cpp	151	Property Image1.Resolution was changed to 1.
13235114	[INFO]	XnProperty.cpp	151	Property Image1.XRes was changed to 640.
13235132	[INFO]	XnProperty.cpp	151	Property Image1.RequiredDataSize was changed to 460800.
13235150	[INFO]	XnProperty.cpp	151	Property Image1.YRes was changed to 480.
13235166	[INFO]	XnProperty.cpp	151	Property Image1.RequiredDataSize was changed to 921600.
13235180	[INFO]	XnProperty.cpp	101	Image1.YRes was successfully set.
13235192	[INFO]	XnProperty.cpp	74	Setting Image1.XRes to 640...
13235205	[INFO]	XnProperty.cpp	86	Image1.XRes value did not change.
13236174	[INFO]	XnUSBLinux-x86.cpp	1222	USB read thread was started.
13236203	[INFO]	XnProperty.cpp	151	Property Image1.ActualReadData was changed to 1.
13295698	[WARNING]	XnDepthProcessor.cpp	133	Read: Depth buffer is corrupt. Size is 599696 (!= 614400)
13295751	[WARNING]	XnFrameStreamProcessor.cpp	132	Depth frame is corrupt!
13431633	[WARNING]	XnDepthProcessor.cpp	133	Read: Depth buffer is corrupt. Size is 571072 (!= 614400)
13431698	[WARNING]	XnFrameStreamProcessor.cpp	132	Depth frame is corrupt!
16335672	[WARNING]	XnDepthProcessor.cpp	133	Read: Depth buffer is corrupt. Size is 594656 (!= 614400)
16335726	[WARNING]	XnFrameStreamProcessor.cpp	132	Depth frame is corrupt!
16436986	[INFO]	XnProperty.cpp	151	Property Image1.State was changed to 1.
16437031	[INFO]	XnDeviceBase.cpp	370	Stream Image1 is open.
16437252	[INFO]	XnProperty.cpp	74	Setting Depth1.Registration to 1...
16467690	[WARNING]	XnDepthProcessor.cpp	133	Read: Depth buffer is corrupt. Size is 592832 (!= 614400)
16467753	[WARNING]	XnFrameStreamProcessor.cpp	132	Depth frame is corrupt!
16589105	[INFO]	XnProperty.cpp	151	Property Depth1.Registration was changed to 1.
16589150	[INFO]	XnProperty.cpp	101	Depth1.Registration was successfully set.
16589201	[INFO]	XnProperty.cpp	74	Setting Image1.Mirror to 1...
16601746	[INFO]	XnProperty.cpp	151	Property Image1.FirmwareMirror was changed to 1.
16601827	[INFO]	XnProperty.cpp	151	Property Image1.Mirror was changed to 1.
16601840	[INFO]	XnProperty.cpp	101	Image1.Mirror was successfully set.
50820855	[INFO]	XnOpenNI.cpp	1459	Destroying node 'User1'
50827552	[INFO]	XnOpenNI.cpp	1459	Destroying node 'Depth1'
50827654	[INFO]	XnDeviceBase.cpp	1507	Destroying stream 'Depth1'...
50828840	[INFO]	XnOpenNI.cpp	1459	Destroying node 'Image1'
50828880	[INFO]	XnDeviceBase.cpp	1507	Destroying stream 'Image1'...
50829855	[INFO]	XnOpenNI.cpp	1459	Destroying node 'Device1'
