   51660	[INFO]	XnLog.cpp	165	OpenNI version is 1.0.0 (Build 25)-MacOSX (Jan  7 2011 14:20:18)
   51711	[INFO]	XnLog.cpp	173	Log system initialized. Console: 1, File: 1, Severity: INFO, Masks: ALL
   51742	[INFO]	XnLog.cpp	173	Log system initialized. Console: 1, File: 1, Severity: INFO, Masks: ALL
   53048	[INFO]	XnUSBLinux-x86.cpp	98	USB is initialized.
 4078234	[INFO]	XnOpenNI.cpp	1261	Creating node 'Device1' of type Device...
 4078995	[INFO]	XnDeviceModule.cpp	431	Module 'Device' configuration was loaded from file.
 4530815	[INFO]	XnDeviceSensorIO.cpp	135	Connected to USB device
 4530872	[INFO]	XnProperty.cpp	151	Property Device.USBPath was changed to 045e/02ae@250/11.
 4538322	[INFO]	XnHostProtocol.cpp	825	Hardware versions: FW=5.1.4 (7) HW=4 Chip=2 Sensor=4 SYS=7
 5948980	[INFO]	XnProperty.cpp	151	Property Device.ID was changed to 0.
 5949038	[INFO]	XnSensor.cpp	182	Device sensor initialized
 5949132	[INFO]	XnOpenNI.cpp	1261	Creating node 'Depth1' of type Depth...
 5949185	[INFO]	XnDeviceBase.cpp	1383	Creating stream 'Depth1' of type 'Depth'...
 5949210	[INFO]	XnProperty.cpp	74	Setting Device.ReadData to 1...
 5949248	[INFO]	XnDeviceSensorIO.cpp	298	Endpoints open
 5961514	[INFO]	XnProperty.cpp	151	Property Device.ReadData was changed to 1.
 5961551	[INFO]	XnProperty.cpp	101	Device.ReadData was successfully set.
 5961968	[INFO]	XnProperty.cpp	151	Property Depth1.Resolution was changed to 0.
 5961991	[INFO]	XnProperty.cpp	151	Property Depth1.XRes was changed to 320.
 5962005	[INFO]	XnProperty.cpp	151	Property Depth1.YRes was changed to 240.
 5962019	[INFO]	XnProperty.cpp	151	Property Depth1.FPS was changed to 30.
 5962036	[INFO]	XnProperty.cpp	151	Property Depth1.OutputFormat was changed to 1.
 5962055	[INFO]	XnProperty.cpp	151	Property Depth1.BytesPerPixel was changed to 2.
 5962074	[INFO]	XnProperty.cpp	151	Property Depth1.RequiredDataSize was changed to 153600.
 5962098	[INFO]	XnProperty.cpp	151	Property Depth1.ParamCoeff was changed to 4.
 5962174	[INFO]	XnProperty.cpp	151	Property Depth1.ShiftScale was changed to 10.
 5974390	[INFO]	XnProperty.cpp	151	Property Depth1.ConstShift was changed to 200.
 5974461	[INFO]	XnProperty.cpp	151	Property Depth1.ZPD was changed to 120.
 5974572	[INFO]	XnProperty.cpp	151	Property Depth1.ZPPS was changed to 0.104200.
 5974598	[INFO]	XnProperty.cpp	151	Property Depth1.LDDIS was changed to 7.500000.
 5974715	[INFO]	XnProperty.cpp	151	Property Depth1.Gain was changed to 30.
 5974756	[INFO]	XnDeviceBase.cpp	1458	Stream 'Depth1' was initialized.
 5974779	[INFO]	XnDeviceBase.cpp	1463	'Depth1' stream was created.
 5974991	[INFO]	XnProperty.cpp	74	Setting Depth1.InputFormat to 3...
 5975021	[INFO]	XnProperty.cpp	151	Property Depth1.InputFormat was changed to 3.
 5975041	[INFO]	XnProperty.cpp	101	Depth1.InputFormat was successfully set.
 5975613	[INFO]	XnProperty.cpp	74	Setting Depth1.RegistrationType to 2...
 5975633	[INFO]	XnProperty.cpp	151	Property Depth1.RegistrationType was changed to 2.
 5975646	[INFO]	XnProperty.cpp	101	Depth1.RegistrationType was successfully set.
 5976247	[INFO]	XnDeviceModule.cpp	431	Module 'Depth1' configuration was loaded from file.
 5976466	[INFO]	XnProperty.cpp	74	Setting Depth1.FPS to 30...
 5976496	[INFO]	XnProperty.cpp	101	Depth1.FPS was successfully set.
 5976516	[INFO]	XnProperty.cpp	74	Setting Depth1.YRes to 480...
 5976537	[INFO]	XnProperty.cpp	151	Property Depth1.Resolution was changed to 1.
 5976555	[INFO]	XnProperty.cpp	151	Property Depth1.XRes was changed to 640.
 5976572	[INFO]	XnProperty.cpp	151	Property Depth1.RequiredDataSize was changed to 307200.
 5976586	[INFO]	XnProperty.cpp	151	Property Depth1.YRes was changed to 480.
 5976598	[INFO]	XnProperty.cpp	151	Property Depth1.RequiredDataSize was changed to 614400.
 5976609	[INFO]	XnProperty.cpp	101	Depth1.YRes was successfully set.
 5976626	[INFO]	XnProperty.cpp	74	Setting Depth1.XRes to 640...
 5976644	[INFO]	XnProperty.cpp	101	Depth1.XRes was successfully set.
 5976708	[INFO]	XnProperty.cpp	74	Setting Depth1.Mirror to 1...
 5976732	[INFO]	XnProperty.cpp	151	Property Depth1.FirmwareMirror was changed to 1.
 5976793	[INFO]	XnProperty.cpp	151	Property Depth1.Mirror was changed to 1.
 5976813	[INFO]	XnProperty.cpp	101	Depth1.Mirror was successfully set.
 9376557	[INFO]	XnOpenNI.cpp	1261	Creating node 'User1' of type User...
 9401851	[WARNING]	Linux-x86Threads.cpp	173	Failed to set thread priority: Invalid argument
 9401900	[WARNING]	XnUSBLinux-x86.cpp	126	USB events thread: Failed to set thread priority to critical. This might cause loss of data...
 9402820	[INFO]	XnUSBLinux-x86.cpp	1222	USB read thread was started.
 9402845	[INFO]	XnProperty.cpp	151	Property Depth1.ActualReadData was changed to 1.
 9874508	[INFO]	XnProperty.cpp	151	Property Depth1.State was changed to 1.
 9874552	[INFO]	XnDeviceBase.cpp	370	Stream Depth1 is open.
13280772	[INFO]	XnOpenNI.cpp	1261	Creating node 'Image1' of type Image...
13280825	[INFO]	XnDeviceBase.cpp	1383	Creating stream 'Image1' of type 'Image'...
13281059	[INFO]	XnProperty.cpp	151	Property Image1.Resolution was changed to 0.
13281084	[INFO]	XnProperty.cpp	151	Property Image1.XRes was changed to 320.
13281103	[INFO]	XnProperty.cpp	151	Property Image1.YRes was changed to 240.
13281122	[INFO]	XnProperty.cpp	151	Property Image1.FPS was changed to 30.
13281140	[INFO]	XnProperty.cpp	151	Property Image1.OutputFormat was changed to 5.
13281158	[INFO]	XnProperty.cpp	151	Property Image1.BytesPerPixel was changed to 3.
13281176	[INFO]	XnProperty.cpp	151	Property Image1.RequiredDataSize was changed to 230400.
13281225	[INFO]	XnDeviceBase.cpp	1458	Stream 'Image1' was initialized.
13281245	[INFO]	XnDeviceBase.cpp	1463	'Image1' stream was created.
13281384	[INFO]	XnProperty.cpp	74	Setting Image1.InputFormat to 6...
13281415	[INFO]	XnProperty.cpp	151	Property Image1.InputFormat was changed to 6.
13281435	[INFO]	XnProperty.cpp	101	Image1.InputFormat was successfully set.
13281984	[INFO]	XnDeviceModule.cpp	431	Module 'Image1' configuration was loaded from file.
13282084	[INFO]	XnProperty.cpp	74	Setting Image1.FPS to 30...
13282102	[INFO]	XnProperty.cpp	86	Image1.FPS value did not change.
13282114	[INFO]	XnProperty.cpp	74	Setting Image1.YRes to 480...
13282126	[INFO]	XnProperty.cpp	151	Property Image1.Resolution was changed to 1.
13282143	[INFO]	XnProperty.cpp	151	Property Image1.XRes was changed to 640.
13282162	[INFO]	XnProperty.cpp	151	Property Image1.RequiredDataSize was changed to 460800.
13282183	[INFO]	XnProperty.cpp	151	Property Image1.YRes was changed to 480.
13282202	[INFO]	XnProperty.cpp	151	Property Image1.RequiredDataSize was changed to 921600.
13282221	[INFO]	XnProperty.cpp	101	Image1.YRes was successfully set.
13282241	[INFO]	XnProperty.cpp	74	Setting Image1.XRes to 640...
13282258	[INFO]	XnProperty.cpp	86	Image1.XRes value did not change.
13283243	[INFO]	XnUSBLinux-x86.cpp	1222	USB read thread was started.
13283271	[INFO]	XnProperty.cpp	151	Property Image1.ActualReadData was changed to 1.
13458385	[WARNING]	XnFirmwareStreams.cpp	324	Unknown packet type (0x4846)!!!
13474388	[WARNING]	XnDepthProcessor.cpp	133	Read: Depth buffer is corrupt. Size is 506912 (!= 614400)
13474416	[WARNING]	XnFrameStreamProcessor.cpp	132	Depth frame is corrupt!
16378430	[WARNING]	XnDepthProcessor.cpp	133	Read: Depth buffer is corrupt. Size is 572448 (!= 614400)
16378479	[WARNING]	XnFrameStreamProcessor.cpp	132	Depth frame is corrupt!
16484003	[INFO]	XnProperty.cpp	151	Property Image1.State was changed to 1.
16484048	[INFO]	XnDeviceBase.cpp	370	Stream Image1 is open.
16484243	[INFO]	XnProperty.cpp	74	Setting Depth1.Registration to 1...
16510459	[WARNING]	XnDepthProcessor.cpp	133	Read: Depth buffer is corrupt. Size is 568256 (!= 614400)
16510509	[WARNING]	XnFrameStreamProcessor.cpp	132	Depth frame is corrupt!
16635781	[INFO]	XnProperty.cpp	151	Property Depth1.Registration was changed to 1.
16635828	[INFO]	XnProperty.cpp	101	Depth1.Registration was successfully set.
16635880	[INFO]	XnProperty.cpp	74	Setting Image1.Mirror to 1...
16649426	[INFO]	XnProperty.cpp	151	Property Image1.FirmwareMirror was changed to 1.
16649471	[INFO]	XnProperty.cpp	151	Property Image1.Mirror was changed to 1.
16649484	[INFO]	XnProperty.cpp	101	Image1.Mirror was successfully set.
222656208	[INFO]	XnOpenNI.cpp	1459	Destroying node 'User1'
222663271	[INFO]	XnOpenNI.cpp	1459	Destroying node 'Depth1'
222663365	[INFO]	XnDeviceBase.cpp	1507	Destroying stream 'Depth1'...
222664497	[INFO]	XnOpenNI.cpp	1459	Destroying node 'Image1'
222664532	[INFO]	XnDeviceBase.cpp	1507	Destroying stream 'Image1'...
222665475	[INFO]	XnOpenNI.cpp	1459	Destroying node 'Device1'
