    4421	[INFO]	XnLog.cpp	165	OpenNI version is 1.0.0 (Build 25)-MacOSX (Jan  7 2011 14:20:18)
    4487	[INFO]	XnLog.cpp	173	Log system initialized. Console: 1, File: 1, Severity: INFO, Masks: ALL
    4523	[INFO]	XnLog.cpp	173	Log system initialized. Console: 1, File: 1, Severity: INFO, Masks: ALL
   61230	[INFO]	XnUSBLinux-x86.cpp	98	USB is initialized.
 4078226	[INFO]	XnOpenNI.cpp	1261	Creating node 'Device1' of type Device...
 4079353	[INFO]	XnDeviceModule.cpp	431	Module 'Device' configuration was loaded from file.
 4527642	[INFO]	XnDeviceSensorIO.cpp	135	Connected to USB device
 4527711	[INFO]	XnProperty.cpp	151	Property Device.USBPath was changed to 045e/02ae@250/11.
 4535387	[INFO]	XnHostProtocol.cpp	825	Hardware versions: FW=5.1.4 (7) HW=4 Chip=2 Sensor=4 SYS=7
 5935288	[INFO]	XnProperty.cpp	151	Property Device.ID was changed to 0.
 5935370	[INFO]	XnSensor.cpp	182	Device sensor initialized
 5935520	[INFO]	XnOpenNI.cpp	1261	Creating node 'Depth1' of type Depth...
 5935580	[INFO]	XnDeviceBase.cpp	1383	Creating stream 'Depth1' of type 'Depth'...
 5935606	[INFO]	XnProperty.cpp	74	Setting Device.ReadData to 1...
 5935650	[INFO]	XnDeviceSensorIO.cpp	298	Endpoints open
 5947771	[INFO]	XnProperty.cpp	151	Property Device.ReadData was changed to 1.
 5947803	[INFO]	XnProperty.cpp	101	Device.ReadData was successfully set.
 5948400	[INFO]	XnProperty.cpp	151	Property Depth1.Resolution was changed to 0.
 5948434	[INFO]	XnProperty.cpp	151	Property Depth1.XRes was changed to 320.
 5948463	[INFO]	XnProperty.cpp	151	Property Depth1.YRes was changed to 240.
 5948494	[INFO]	XnProperty.cpp	151	Property Depth1.FPS was changed to 30.
 5948521	[INFO]	XnProperty.cpp	151	Property Depth1.OutputFormat was changed to 1.
 5948548	[INFO]	XnProperty.cpp	151	Property Depth1.BytesPerPixel was changed to 2.
 5948569	[INFO]	XnProperty.cpp	151	Property Depth1.RequiredDataSize was changed to 153600.
 5948594	[INFO]	XnProperty.cpp	151	Property Depth1.ParamCoeff was changed to 4.
 5948699	[INFO]	XnProperty.cpp	151	Property Depth1.ShiftScale was changed to 10.
 5960883	[INFO]	XnProperty.cpp	151	Property Depth1.ConstShift was changed to 200.
 5960966	[INFO]	XnProperty.cpp	151	Property Depth1.ZPD was changed to 120.
 5961125	[INFO]	XnProperty.cpp	151	Property Depth1.ZPPS was changed to 0.104200.
 5961157	[INFO]	XnProperty.cpp	151	Property Depth1.LDDIS was changed to 7.500000.
 5961321	[INFO]	XnProperty.cpp	151	Property Depth1.Gain was changed to 30.
 5961365	[INFO]	XnDeviceBase.cpp	1458	Stream 'Depth1' was initialized.
 5961394	[INFO]	XnDeviceBase.cpp	1463	'Depth1' stream was created.
 5961657	[INFO]	XnProperty.cpp	74	Setting Depth1.InputFormat to 3...
 5961703	[INFO]	XnProperty.cpp	151	Property Depth1.InputFormat was changed to 3.
 5961730	[INFO]	XnProperty.cpp	101	Depth1.InputFormat was successfully set.
 5962469	[INFO]	XnProperty.cpp	74	Setting Depth1.RegistrationType to 2...
 5962495	[INFO]	XnProperty.cpp	151	Property Depth1.RegistrationType was changed to 2.
 5962512	[INFO]	XnProperty.cpp	101	Depth1.RegistrationType was successfully set.
 5963300	[INFO]	XnDeviceModule.cpp	431	Module 'Depth1' configuration was loaded from file.
 5963581	[INFO]	XnProperty.cpp	74	Setting Depth1.FPS to 30...
 5963615	[INFO]	XnProperty.cpp	86	Depth1.FPS value did not change.
 5963641	[INFO]	XnProperty.cpp	74	Setting Depth1.YRes to 480...
 5963668	[INFO]	XnProperty.cpp	151	Property Depth1.Resolution was changed to 1.
 5963692	[INFO]	XnProperty.cpp	151	Property Depth1.XRes was changed to 640.
 5963711	[INFO]	XnProperty.cpp	151	Property Depth1.RequiredDataSize was changed to 307200.
 5963728	[INFO]	XnProperty.cpp	151	Property Depth1.YRes was changed to 480.
 5963743	[INFO]	XnProperty.cpp	151	Property Depth1.RequiredDataSize was changed to 614400.
 5963762	[INFO]	XnProperty.cpp	101	Depth1.YRes was successfully set.
 5963787	[INFO]	XnProperty.cpp	74	Setting Depth1.XRes to 640...
 5963810	[INFO]	XnProperty.cpp	86	Depth1.XRes value did not change.
 5963889	[INFO]	XnProperty.cpp	74	Setting Depth1.Mirror to 1...
 5963919	[INFO]	XnProperty.cpp	151	Property Depth1.FirmwareMirror was changed to 1.
 5964305	[INFO]	XnProperty.cpp	151	Property Depth1.Mirror was changed to 1.
 5964328	[INFO]	XnProperty.cpp	101	Depth1.Mirror was successfully set.
 9366981	[INFO]	XnOpenNI.cpp	1261	Creating node 'User1' of type User...
 9392495	[WARNING]	Linux-x86Threads.cpp	173	Failed to set thread priority: Invalid argument
 9392544	[WARNING]	XnUSBLinux-x86.cpp	126	USB events thread: Failed to set thread priority to critical. This might cause loss of data...
 9393399	[INFO]	XnUSBLinux-x86.cpp	1222	USB read thread was started.
 9393423	[INFO]	XnProperty.cpp	151	Property Depth1.ActualReadData was changed to 1.
 9863825	[INFO]	XnProperty.cpp	151	Property Depth1.State was changed to 1.
 9863870	[INFO]	XnDeviceBase.cpp	370	Stream Depth1 is open.
13244700	[INFO]	XnOpenNI.cpp	1261	Creating node 'Image1' of type Image...
13244753	[INFO]	XnDeviceBase.cpp	1383	Creating stream 'Image1' of type 'Image'...
13245006	[INFO]	XnProperty.cpp	151	Property Image1.Resolution was changed to 0.
13245032	[INFO]	XnProperty.cpp	151	Property Image1.XRes was changed to 320.
13245051	[INFO]	XnProperty.cpp	151	Property Image1.YRes was changed to 240.
13245070	[INFO]	XnProperty.cpp	151	Property Image1.FPS was changed to 30.
13245086	[INFO]	XnProperty.cpp	151	Property Image1.OutputFormat was changed to 5.
13245103	[INFO]	XnProperty.cpp	151	Property Image1.BytesPerPixel was changed to 3.
13245117	[INFO]	XnProperty.cpp	151	Property Image1.RequiredDataSize was changed to 230400.
13245147	[INFO]	XnDeviceBase.cpp	1458	Stream 'Image1' was initialized.
13245160	[INFO]	XnDeviceBase.cpp	1463	'Image1' stream was created.
13245273	[INFO]	XnProperty.cpp	74	Setting Image1.InputFormat to 6...
13245298	[INFO]	XnProperty.cpp	151	Property Image1.InputFormat was changed to 6.
13245315	[INFO]	XnProperty.cpp	101	Image1.InputFormat was successfully set.
13245783	[INFO]	XnDeviceModule.cpp	431	Module 'Image1' configuration was loaded from file.
13245893	[INFO]	XnProperty.cpp	74	Setting Image1.FPS to 30...
13245916	[INFO]	XnProperty.cpp	86	Image1.FPS value did not change.
13245935	[INFO]	XnProperty.cpp	74	Setting Image1.YRes to 480...
13245954	[INFO]	XnProperty.cpp	151	Property Image1.Resolution was changed to 1.
13245973	[INFO]	XnProperty.cpp	151	Property Image1.XRes was changed to 640.
13245992	[INFO]	XnProperty.cpp	151	Property Image1.RequiredDataSize was changed to 460800.
13246014	[INFO]	XnProperty.cpp	151	Property Image1.YRes was changed to 480.
13246033	[INFO]	XnProperty.cpp	151	Property Image1.RequiredDataSize was changed to 921600.
13246053	[INFO]	XnProperty.cpp	101	Image1.YRes was successfully set.
13246073	[INFO]	XnProperty.cpp	74	Setting Image1.XRes to 640...
13246088	[INFO]	XnProperty.cpp	86	Image1.XRes value did not change.
13246987	[INFO]	XnUSBLinux-x86.cpp	1222	USB read thread was started.
13247013	[INFO]	XnProperty.cpp	151	Property Image1.ActualReadData was changed to 1.
13432909	[WARNING]	XnDepthProcessor.cpp	133	Read: Depth buffer is corrupt. Size is 523728 (!= 614400)
13432961	[WARNING]	XnFrameStreamProcessor.cpp	132	Depth frame is corrupt!
16447427	[INFO]	XnProperty.cpp	151	Property Image1.State was changed to 1.
16447471	[INFO]	XnDeviceBase.cpp	370	Stream Image1 is open.
16447677	[INFO]	XnProperty.cpp	74	Setting Depth1.Registration to 1...
16468970	[WARNING]	XnDepthProcessor.cpp	133	Read: Depth buffer is corrupt. Size is 593104 (!= 614400)
16469016	[WARNING]	XnFrameStreamProcessor.cpp	132	Depth frame is corrupt!
16600174	[INFO]	XnProperty.cpp	151	Property Depth1.Registration was changed to 1.
16600220	[INFO]	XnProperty.cpp	101	Depth1.Registration was successfully set.
16600273	[INFO]	XnProperty.cpp	74	Setting Image1.Mirror to 1...
16612431	[INFO]	XnProperty.cpp	151	Property Image1.FirmwareMirror was changed to 1.
16612459	[INFO]	XnProperty.cpp	151	Property Image1.Mirror was changed to 1.
16612472	[INFO]	XnProperty.cpp	101	Image1.Mirror was successfully set.
57861708	[INFO]	XnOpenNI.cpp	1459	Destroying node 'User1'
57868051	[INFO]	XnOpenNI.cpp	1459	Destroying node 'Depth1'
57868146	[INFO]	XnDeviceBase.cpp	1507	Destroying stream 'Depth1'...
57869294	[INFO]	XnOpenNI.cpp	1459	Destroying node 'Image1'
57869372	[INFO]	XnDeviceBase.cpp	1507	Destroying stream 'Image1'...
57870351	[INFO]	XnOpenNI.cpp	1459	Destroying node 'Device1'
