   19636	[INFO]	XnLog.cpp	165	OpenNI version is 1.0.0 (Build 25)-MacOSX (Jan  7 2011 14:20:18)
   19701	[INFO]	XnLog.cpp	173	Log system initialized. Console: 1, File: 1, Severity: INFO, Masks: ALL
   19739	[INFO]	XnLog.cpp	173	Log system initialized. Console: 1, File: 1, Severity: INFO, Masks: ALL
   21506	[INFO]	XnUSBLinux-x86.cpp	98	USB is initialized.
 4064925	[INFO]	XnOpenNI.cpp	1261	Creating node 'Device1' of type Device...
 4683197	[INFO]	XnDeviceModule.cpp	431	Module 'Device' configuration was loaded from file.
 5136225	[INFO]	XnDeviceSensorIO.cpp	135	Connected to USB device
 5136282	[INFO]	XnProperty.cpp	151	Property Device.USBPath was changed to 045e/02ae@250/11.
 5143927	[INFO]	XnHostProtocol.cpp	825	Hardware versions: FW=5.1.4 (7) HW=4 Chip=2 Sensor=4 SYS=7
 6553442	[INFO]	XnProperty.cpp	151	Property Device.ID was changed to 0.
 6553527	[INFO]	XnSensor.cpp	182	Device sensor initialized
 6553676	[INFO]	XnOpenNI.cpp	1261	Creating node 'Depth1' of type Depth...
 6553758	[INFO]	XnDeviceBase.cpp	1383	Creating stream 'Depth1' of type 'Depth'...
 6553796	[INFO]	XnProperty.cpp	74	Setting Device.ReadData to 1...
 6553857	[INFO]	XnDeviceSensorIO.cpp	298	Endpoints open
 6566360	[INFO]	XnProperty.cpp	151	Property Device.ReadData was changed to 1.
 6566393	[INFO]	XnProperty.cpp	101	Device.ReadData was successfully set.
 6567000	[INFO]	XnProperty.cpp	151	Property Depth1.Resolution was changed to 0.
 6567033	[INFO]	XnProperty.cpp	151	Property Depth1.XRes was changed to 320.
 6567056	[INFO]	XnProperty.cpp	151	Property Depth1.YRes was changed to 240.
 6567079	[INFO]	XnProperty.cpp	151	Property Depth1.FPS was changed to 30.
 6567109	[INFO]	XnProperty.cpp	151	Property Depth1.OutputFormat was changed to 1.
 6567140	[INFO]	XnProperty.cpp	151	Property Depth1.BytesPerPixel was changed to 2.
 6567169	[INFO]	XnProperty.cpp	151	Property Depth1.RequiredDataSize was changed to 153600.
 6567207	[INFO]	XnProperty.cpp	151	Property Depth1.ParamCoeff was changed to 4.
 6567328	[INFO]	XnProperty.cpp	151	Property Depth1.ShiftScale was changed to 10.
 6579928	[INFO]	XnProperty.cpp	151	Property Depth1.ConstShift was changed to 200.
 6580011	[INFO]	XnProperty.cpp	151	Property Depth1.ZPD was changed to 120.
 6580168	[INFO]	XnProperty.cpp	151	Property Depth1.ZPPS was changed to 0.104200.
 6580202	[INFO]	XnProperty.cpp	151	Property Depth1.LDDIS was changed to 7.500000.
 6580356	[INFO]	XnProperty.cpp	151	Property Depth1.Gain was changed to 30.
 6580402	[INFO]	XnDeviceBase.cpp	1458	Stream 'Depth1' was initialized.
 6580431	[INFO]	XnDeviceBase.cpp	1463	'Depth1' stream was created.
 6580702	[INFO]	XnProperty.cpp	74	Setting Depth1.InputFormat to 3...
 6580743	[INFO]	XnProperty.cpp	151	Property Depth1.InputFormat was changed to 3.
 6580770	[INFO]	XnProperty.cpp	101	Depth1.InputFormat was successfully set.
 6581549	[INFO]	XnProperty.cpp	74	Setting Depth1.RegistrationType to 2...
 6581575	[INFO]	XnProperty.cpp	151	Property Depth1.RegistrationType was changed to 2.
 6581591	[INFO]	XnProperty.cpp	101	Depth1.RegistrationType was successfully set.
 6582386	[INFO]	XnDeviceModule.cpp	431	Module 'Depth1' configuration was loaded from file.
 6582678	[INFO]	XnProperty.cpp	74	Setting Depth1.FPS to 30...
 6582712	[INFO]	XnProperty.cpp	86	Depth1.FPS value did not change.
 6582736	[INFO]	XnProperty.cpp	74	Setting Depth1.YRes to 480...
 6582765	[INFO]	XnProperty.cpp	151	Property Depth1.Resolution was changed to 1.
 6582792	[INFO]	XnProperty.cpp	151	Property Depth1.XRes was changed to 640.
 6582817	[INFO]	XnProperty.cpp	151	Property Depth1.RequiredDataSize was changed to 307200.
 6582843	[INFO]	XnProperty.cpp	151	Property Depth1.YRes was changed to 480.
 6582869	[INFO]	XnProperty.cpp	151	Property Depth1.RequiredDataSize was changed to 614400.
 6582896	[INFO]	XnProperty.cpp	101	Depth1.YRes was successfully set.
 6582923	[INFO]	XnProperty.cpp	74	Setting Depth1.XRes to 640...
 6582946	[INFO]	XnProperty.cpp	86	Depth1.XRes value did not change.
 6583024	[INFO]	XnProperty.cpp	74	Setting Depth1.Mirror to 1...
 6583054	[INFO]	XnProperty.cpp	151	Property Depth1.FirmwareMirror was changed to 1.
 6583124	[INFO]	XnProperty.cpp	151	Property Depth1.Mirror was changed to 1.
 6583150	[INFO]	XnProperty.cpp	101	Depth1.Mirror was successfully set.
 9989286	[INFO]	XnOpenNI.cpp	1261	Creating node 'User1' of type User...
10013675	[WARNING]	Linux-x86Threads.cpp	173	Failed to set thread priority: Invalid argument
10013724	[WARNING]	XnUSBLinux-x86.cpp	126	USB events thread: Failed to set thread priority to critical. This might cause loss of data...
10014617	[INFO]	XnUSBLinux-x86.cpp	1222	USB read thread was started.
10014640	[INFO]	XnProperty.cpp	151	Property Depth1.ActualReadData was changed to 1.
10485554	[INFO]	XnProperty.cpp	151	Property Depth1.State was changed to 1.
10485600	[INFO]	XnDeviceBase.cpp	370	Stream Depth1 is open.
13890086	[INFO]	XnOpenNI.cpp	1261	Creating node 'Image1' of type Image...
13890142	[INFO]	XnDeviceBase.cpp	1383	Creating stream 'Image1' of type 'Image'...
13890352	[INFO]	XnProperty.cpp	151	Property Image1.Resolution was changed to 0.
13890371	[INFO]	XnProperty.cpp	151	Property Image1.XRes was changed to 320.
13890384	[INFO]	XnProperty.cpp	151	Property Image1.YRes was changed to 240.
13890396	[INFO]	XnProperty.cpp	151	Property Image1.FPS was changed to 30.
13890407	[INFO]	XnProperty.cpp	151	Property Image1.OutputFormat was changed to 5.
13890418	[INFO]	XnProperty.cpp	151	Property Image1.BytesPerPixel was changed to 3.
13890430	[INFO]	XnProperty.cpp	151	Property Image1.RequiredDataSize was changed to 230400.
13890471	[INFO]	XnDeviceBase.cpp	1458	Stream 'Image1' was initialized.
13890491	[INFO]	XnDeviceBase.cpp	1463	'Image1' stream was created.
13890604	[INFO]	XnProperty.cpp	74	Setting Image1.InputFormat to 6...
13890625	[INFO]	XnProperty.cpp	151	Property Image1.InputFormat was changed to 6.
13890637	[INFO]	XnProperty.cpp	101	Image1.InputFormat was successfully set.
13891086	[INFO]	XnDeviceModule.cpp	431	Module 'Image1' configuration was loaded from file.
13891187	[INFO]	XnProperty.cpp	74	Setting Image1.FPS to 30...
13891204	[INFO]	XnProperty.cpp	86	Image1.FPS value did not change.
13891220	[INFO]	XnProperty.cpp	74	Setting Image1.YRes to 480...
13891236	[INFO]	XnProperty.cpp	151	Property Image1.Resolution was changed to 1.
13891250	[INFO]	XnProperty.cpp	151	Property Image1.XRes was changed to 640.
13891268	[INFO]	XnProperty.cpp	151	Property Image1.RequiredDataSize was changed to 460800.
13891286	[INFO]	XnProperty.cpp	151	Property Image1.YRes was changed to 480.
13891303	[INFO]	XnProperty.cpp	151	Property Image1.RequiredDataSize was changed to 921600.
13891317	[INFO]	XnProperty.cpp	101	Image1.YRes was successfully set.
13891329	[INFO]	XnProperty.cpp	74	Setting Image1.XRes to 640...
13891339	[INFO]	XnProperty.cpp	86	Image1.XRes value did not change.
13892314	[INFO]	XnUSBLinux-x86.cpp	1222	USB read thread was started.
13892342	[INFO]	XnProperty.cpp	151	Property Image1.ActualReadData was changed to 1.
14054066	[WARNING]	XnDepthProcessor.cpp	133	Read: Depth buffer is corrupt. Size is 594064 (!= 614400)
14054117	[WARNING]	XnFrameStreamProcessor.cpp	132	Depth frame is corrupt!
14086146	[WARNING]	XnDepthProcessor.cpp	133	Read: Depth buffer is corrupt. Size is 517776 (!= 614400)
14086177	[WARNING]	XnFrameStreamProcessor.cpp	132	Depth frame is corrupt!
16990147	[WARNING]	XnDepthProcessor.cpp	133	Read: Depth buffer is corrupt. Size is 595824 (!= 614400)
16990194	[WARNING]	XnFrameStreamProcessor.cpp	132	Depth frame is corrupt!
17092633	[INFO]	XnProperty.cpp	151	Property Image1.State was changed to 1.
17092676	[INFO]	XnDeviceBase.cpp	370	Stream Image1 is open.
17092890	[INFO]	XnProperty.cpp	74	Setting Depth1.Registration to 1...
17122212	[WARNING]	XnDepthProcessor.cpp	133	Read: Depth buffer is corrupt. Size is 571488 (!= 614400)
17122260	[WARNING]	XnFrameStreamProcessor.cpp	132	Depth frame is corrupt!
17244925	[INFO]	XnProperty.cpp	151	Property Depth1.Registration was changed to 1.
17244971	[INFO]	XnProperty.cpp	101	Depth1.Registration was successfully set.
17245019	[INFO]	XnProperty.cpp	74	Setting Image1.Mirror to 1...
17257648	[INFO]	XnProperty.cpp	151	Property Image1.FirmwareMirror was changed to 1.
17257715	[INFO]	XnProperty.cpp	151	Property Image1.Mirror was changed to 1.
17257728	[INFO]	XnProperty.cpp	101	Image1.Mirror was successfully set.
72158933	[INFO]	XnOpenNI.cpp	1459	Destroying node 'User1'
72166206	[INFO]	XnOpenNI.cpp	1459	Destroying node 'Depth1'
72166304	[INFO]	XnDeviceBase.cpp	1507	Destroying stream 'Depth1'...
72167397	[INFO]	XnOpenNI.cpp	1459	Destroying node 'Image1'
72167434	[INFO]	XnDeviceBase.cpp	1507	Destroying stream 'Image1'...
72168345	[INFO]	XnOpenNI.cpp	1459	Destroying node 'Device1'
