   77594	[INFO]	XnLog.cpp	165	OpenNI version is 1.0.0 (Build 25)-MacOSX (Jan  7 2011 14:20:18)
   77649	[INFO]	XnLog.cpp	173	Log system initialized. Console: 1, File: 1, Severity: INFO, Masks: ALL
   77674	[INFO]	XnLog.cpp	173	Log system initialized. Console: 1, File: 1, Severity: INFO, Masks: ALL
   79023	[INFO]	XnUSBLinux-x86.cpp	98	USB is initialized.
 4088969	[INFO]	XnOpenNI.cpp	1261	Creating node 'Device1' of type Device...
 4089948	[INFO]	XnDeviceModule.cpp	431	Module 'Device' configuration was loaded from file.
 4543377	[INFO]	XnDeviceSensorIO.cpp	135	Connected to USB device
 4543431	[INFO]	XnProperty.cpp	151	Property Device.USBPath was changed to 045e/02ae@250/11.
 4550578	[INFO]	XnHostProtocol.cpp	825	Hardware versions: FW=5.1.4 (7) HW=4 Chip=2 Sensor=4 SYS=7
 5964924	[INFO]	XnProperty.cpp	151	Property Device.ID was changed to 0.
 5965021	[INFO]	XnSensor.cpp	182	Device sensor initialized
 5965236	[INFO]	XnOpenNI.cpp	1261	Creating node 'Depth1' of type Depth...
 5965327	[INFO]	XnDeviceBase.cpp	1383	Creating stream 'Depth1' of type 'Depth'...
 5965373	[INFO]	XnProperty.cpp	74	Setting Device.ReadData to 1...
 5965449	[INFO]	XnDeviceSensorIO.cpp	298	Endpoints open
 5977982	[INFO]	XnProperty.cpp	151	Property Device.ReadData was changed to 1.
 5978029	[INFO]	XnProperty.cpp	101	Device.ReadData was successfully set.
 5978749	[INFO]	XnProperty.cpp	151	Property Depth1.Resolution was changed to 0.
 5978794	[INFO]	XnProperty.cpp	151	Property Depth1.XRes was changed to 320.
 5978833	[INFO]	XnProperty.cpp	151	Property Depth1.YRes was changed to 240.
 5978863	[INFO]	XnProperty.cpp	151	Property Depth1.FPS was changed to 30.
 5978890	[INFO]	XnProperty.cpp	151	Property Depth1.OutputFormat was changed to 1.
 5978917	[INFO]	XnProperty.cpp	151	Property Depth1.BytesPerPixel was changed to 2.
 5978938	[INFO]	XnProperty.cpp	151	Property Depth1.RequiredDataSize was changed to 153600.
 5978965	[INFO]	XnProperty.cpp	151	Property Depth1.ParamCoeff was changed to 4.
 5979075	[INFO]	XnProperty.cpp	151	Property Depth1.ShiftScale was changed to 10.
 5991716	[INFO]	XnProperty.cpp	151	Property Depth1.ConstShift was changed to 200.
 5991817	[INFO]	XnProperty.cpp	151	Property Depth1.ZPD was changed to 120.
 5992005	[INFO]	XnProperty.cpp	151	Property Depth1.ZPPS was changed to 0.104200.
 5992044	[INFO]	XnProperty.cpp	151	Property Depth1.LDDIS was changed to 7.500000.
 5992224	[INFO]	XnProperty.cpp	151	Property Depth1.Gain was changed to 30.
 5992276	[INFO]	XnDeviceBase.cpp	1458	Stream 'Depth1' was initialized.
 5992310	[INFO]	XnDeviceBase.cpp	1463	'Depth1' stream was created.
 5992616	[INFO]	XnProperty.cpp	74	Setting Depth1.InputFormat to 3...
 5992663	[INFO]	XnProperty.cpp	151	Property Depth1.InputFormat was changed to 3.
 5992696	[INFO]	XnProperty.cpp	101	Depth1.InputFormat was successfully set.
 5993605	[INFO]	XnProperty.cpp	74	Setting Depth1.RegistrationType to 2...
 5993636	[INFO]	XnProperty.cpp	151	Property Depth1.RegistrationType was changed to 2.
 5993659	[INFO]	XnProperty.cpp	101	Depth1.RegistrationType was successfully set.
 5994525	[INFO]	XnDeviceModule.cpp	431	Module 'Depth1' configuration was loaded from file.
 5994808	[INFO]	XnProperty.cpp	74	Setting Depth1.FPS to 30...
 5994842	[INFO]	XnProperty.cpp	86	Depth1.FPS value did not change.
 5994867	[INFO]	XnProperty.cpp	74	Setting Depth1.YRes to 480...
 5994894	[INFO]	XnProperty.cpp	151	Property Depth1.Resolution was changed to 1.
 5994921	[INFO]	XnProperty.cpp	151	Property Depth1.XRes was changed to 640.
 5994945	[INFO]	XnProperty.cpp	151	Property Depth1.RequiredDataSize was changed to 307200.
 5994972	[INFO]	XnProperty.cpp	151	Property Depth1.YRes was changed to 480.
 5994997	[INFO]	XnProperty.cpp	151	Property Depth1.RequiredDataSize was changed to 614400.
 5995024	[INFO]	XnProperty.cpp	101	Depth1.YRes was successfully set.
 5995053	[INFO]	XnProperty.cpp	74	Setting Depth1.XRes to 640...
 5995076	[INFO]	XnProperty.cpp	86	Depth1.XRes value did not change.
 5995153	[INFO]	XnProperty.cpp	74	Setting Depth1.Mirror to 1...
 5995184	[INFO]	XnProperty.cpp	151	Property Depth1.FirmwareMirror was changed to 1.
 5995255	[INFO]	XnProperty.cpp	151	Property Depth1.Mirror was changed to 1.
 5995280	[INFO]	XnProperty.cpp	101	Depth1.Mirror was successfully set.
 9425061	[INFO]	XnOpenNI.cpp	1261	Creating node 'User1' of type User...
 9448802	[WARNING]	Linux-x86Threads.cpp	173	Failed to set thread priority: Invalid argument
 9448849	[WARNING]	XnUSBLinux-x86.cpp	126	USB events thread: Failed to set thread priority to critical. This might cause loss of data...
 9449712	[INFO]	XnUSBLinux-x86.cpp	1222	USB read thread was started.
 9449737	[INFO]	XnProperty.cpp	151	Property Depth1.ActualReadData was changed to 1.
 9920830	[INFO]	XnProperty.cpp	151	Property Depth1.State was changed to 1.
 9920876	[INFO]	XnDeviceBase.cpp	370	Stream Depth1 is open.
13319219	[INFO]	XnOpenNI.cpp	1261	Creating node 'Image1' of type Image...
13319285	[INFO]	XnDeviceBase.cpp	1383	Creating stream 'Image1' of type 'Image'...
13319500	[INFO]	XnProperty.cpp	151	Property Image1.Resolution was changed to 0.
13319524	[INFO]	XnProperty.cpp	151	Property Image1.XRes was changed to 320.
13319544	[INFO]	XnProperty.cpp	151	Property Image1.YRes was changed to 240.
13319562	[INFO]	XnProperty.cpp	151	Property Image1.FPS was changed to 30.
13319579	[INFO]	XnProperty.cpp	151	Property Image1.OutputFormat was changed to 5.
13319593	[INFO]	XnProperty.cpp	151	Property Image1.BytesPerPixel was changed to 3.
13319605	[INFO]	XnProperty.cpp	151	Property Image1.RequiredDataSize was changed to 230400.
13319634	[INFO]	XnDeviceBase.cpp	1458	Stream 'Image1' was initialized.
13319647	[INFO]	XnDeviceBase.cpp	1463	'Image1' stream was created.
13319759	[INFO]	XnProperty.cpp	74	Setting Image1.InputFormat to 6...
13319785	[INFO]	XnProperty.cpp	151	Property Image1.InputFormat was changed to 6.
13319801	[INFO]	XnProperty.cpp	101	Image1.InputFormat was successfully set.
13320270	[INFO]	XnDeviceModule.cpp	431	Module 'Image1' configuration was loaded from file.
13320382	[INFO]	XnProperty.cpp	74	Setting Image1.FPS to 30...
13320404	[INFO]	XnProperty.cpp	86	Image1.FPS value did not change.
13320423	[INFO]	XnProperty.cpp	74	Setting Image1.YRes to 480...
13320443	[INFO]	XnProperty.cpp	151	Property Image1.Resolution was changed to 1.
13320463	[INFO]	XnProperty.cpp	151	Property Image1.XRes was changed to 640.
13320481	[INFO]	XnProperty.cpp	151	Property Image1.RequiredDataSize was changed to 460800.
13320501	[INFO]	XnProperty.cpp	151	Property Image1.YRes was changed to 480.
13320520	[INFO]	XnProperty.cpp	151	Property Image1.RequiredDataSize was changed to 921600.
13320540	[INFO]	XnProperty.cpp	101	Image1.YRes was successfully set.
13320559	[INFO]	XnProperty.cpp	74	Setting Image1.XRes to 640...
13320575	[INFO]	XnProperty.cpp	86	Image1.XRes value did not change.
13321540	[INFO]	XnUSBLinux-x86.cpp	1222	USB read thread was started.
13321574	[INFO]	XnProperty.cpp	151	Property Image1.ActualReadData was changed to 1.
13521328	[WARNING]	XnDepthProcessor.cpp	133	Read: Depth buffer is corrupt. Size is 572016 (!= 614400)
13521377	[WARNING]	XnFrameStreamProcessor.cpp	132	Depth frame is corrupt!
16425358	[WARNING]	XnDepthProcessor.cpp	133	Read: Depth buffer is corrupt. Size is 594256 (!= 614400)
16425411	[WARNING]	XnFrameStreamProcessor.cpp	132	Depth frame is corrupt!
16522676	[INFO]	XnProperty.cpp	151	Property Image1.State was changed to 1.
16522721	[INFO]	XnDeviceBase.cpp	370	Stream Image1 is open.
16522915	[INFO]	XnProperty.cpp	74	Setting Depth1.Registration to 1...
16557377	[WARNING]	XnDepthProcessor.cpp	133	Read: Depth buffer is corrupt. Size is 553584 (!= 614400)
16557426	[WARNING]	XnFrameStreamProcessor.cpp	132	Depth frame is corrupt!
16674214	[INFO]	XnProperty.cpp	151	Property Depth1.Registration was changed to 1.
16674259	[INFO]	XnProperty.cpp	101	Depth1.Registration was successfully set.
16674308	[INFO]	XnProperty.cpp	74	Setting Image1.Mirror to 1...
16686669	[INFO]	XnProperty.cpp	151	Property Image1.FirmwareMirror was changed to 1.
16686709	[INFO]	XnProperty.cpp	151	Property Image1.Mirror was changed to 1.
16686727	[INFO]	XnProperty.cpp	101	Image1.Mirror was successfully set.
