   94267	[INFO]	XnLog.cpp	165	OpenNI version is 1.0.0 (Build 25)-MacOSX (Jan  7 2011 14:20:18)
   94331	[INFO]	XnLog.cpp	173	Log system initialized. Console: 1, File: 1, Severity: INFO, Masks: ALL
   94365	[INFO]	XnLog.cpp	173	Log system initialized. Console: 1, File: 1, Severity: INFO, Masks: ALL
  103068	[INFO]	XnUSBLinux-x86.cpp	98	USB is initialized.
 3494003	[INFO]	XnOpenNI.cpp	1261	Creating node 'Device1' of type Device...
 3494845	[INFO]	XnDeviceModule.cpp	431	Module 'Device' configuration was loaded from file.
 3946349	[INFO]	XnDeviceSensorIO.cpp	135	Connected to USB device
 3946409	[INFO]	XnProperty.cpp	151	Property Device.USBPath was changed to 045e/02ae@250/11.
 3954101	[INFO]	XnHostProtocol.cpp	825	Hardware versions: FW=5.1.4 (7) HW=4 Chip=2 Sensor=4 SYS=7
 5363525	[INFO]	XnProperty.cpp	151	Property Device.ID was changed to 0.
 5363593	[INFO]	XnSensor.cpp	182	Device sensor initialized
 5363735	[INFO]	XnOpenNI.cpp	1261	Creating node 'Depth1' of type Depth...
 5363797	[INFO]	XnDeviceBase.cpp	1383	Creating stream 'Depth1' of type 'Depth'...
 5363822	[INFO]	XnProperty.cpp	74	Setting Device.ReadData to 1...
 5363871	[INFO]	XnDeviceSensorIO.cpp	298	Endpoints open
 5376197	[INFO]	XnProperty.cpp	151	Property Device.ReadData was changed to 1.
 5376231	[INFO]	XnProperty.cpp	101	Device.ReadData was successfully set.
 5376774	[INFO]	XnProperty.cpp	151	Property Depth1.Resolution was changed to 0.
 5376802	[INFO]	XnProperty.cpp	151	Property Depth1.XRes was changed to 320.
 5376820	[INFO]	XnProperty.cpp	151	Property Depth1.YRes was changed to 240.
 5376838	[INFO]	XnProperty.cpp	151	Property Depth1.FPS was changed to 30.
 5376861	[INFO]	XnProperty.cpp	151	Property Depth1.OutputFormat was changed to 1.
 5376886	[INFO]	XnProperty.cpp	151	Property Depth1.BytesPerPixel was changed to 2.
 5376911	[INFO]	XnProperty.cpp	151	Property Depth1.RequiredDataSize was changed to 153600.
 5376942	[INFO]	XnProperty.cpp	151	Property Depth1.ParamCoeff was changed to 4.
 5377043	[INFO]	XnProperty.cpp	151	Property Depth1.ShiftScale was changed to 10.
 5389445	[INFO]	XnProperty.cpp	151	Property Depth1.ConstShift was changed to 200.
 5389531	[INFO]	XnProperty.cpp	151	Property Depth1.ZPD was changed to 120.
 5389688	[INFO]	XnProperty.cpp	151	Property Depth1.ZPPS was changed to 0.104200.
 5389721	[INFO]	XnProperty.cpp	151	Property Depth1.LDDIS was changed to 7.500000.
 5389876	[INFO]	XnProperty.cpp	151	Property Depth1.Gain was changed to 30.
 5389920	[INFO]	XnDeviceBase.cpp	1458	Stream 'Depth1' was initialized.
 5389949	[INFO]	XnDeviceBase.cpp	1463	'Depth1' stream was created.
 5390220	[INFO]	XnProperty.cpp	74	Setting Depth1.InputFormat to 3...
 5390265	[INFO]	XnProperty.cpp	151	Property Depth1.InputFormat was changed to 3.
 5390289	[INFO]	XnProperty.cpp	101	Depth1.InputFormat was successfully set.
 5391050	[INFO]	XnProperty.cpp	74	Setting Depth1.RegistrationType to 2...
 5391076	[INFO]	XnProperty.cpp	151	Property Depth1.RegistrationType was changed to 2.
 5391092	[INFO]	XnProperty.cpp	101	Depth1.RegistrationType was successfully set.
 5391846	[INFO]	XnDeviceModule.cpp	431	Module 'Depth1' configuration was loaded from file.
 5392103	[INFO]	XnProperty.cpp	74	Setting Depth1.FPS to 30...
 5392132	[INFO]	XnProperty.cpp	86	Depth1.FPS value did not change.
 5392153	[INFO]	XnProperty.cpp	74	Setting Depth1.YRes to 480...
 5392177	[INFO]	XnProperty.cpp	151	Property Depth1.Resolution was changed to 1.
 5392200	[INFO]	XnProperty.cpp	151	Property Depth1.XRes was changed to 640.
 5392221	[INFO]	XnProperty.cpp	151	Property Depth1.RequiredDataSize was changed to 307200.
 5392243	[INFO]	XnProperty.cpp	151	Property Depth1.YRes was changed to 480.
 5392265	[INFO]	XnProperty.cpp	151	Property Depth1.RequiredDataSize was changed to 614400.
 5392288	[INFO]	XnProperty.cpp	101	Depth1.YRes was successfully set.
 5392311	[INFO]	XnProperty.cpp	74	Setting Depth1.XRes to 640...
 5392331	[INFO]	XnProperty.cpp	86	Depth1.XRes value did not change.
 5392401	[INFO]	XnProperty.cpp	74	Setting Depth1.Mirror to 1...
 5392427	[INFO]	XnProperty.cpp	151	Property Depth1.FirmwareMirror was changed to 1.
 5392493	[INFO]	XnProperty.cpp	151	Property Depth1.Mirror was changed to 1.
 5392514	[INFO]	XnProperty.cpp	101	Depth1.Mirror was successfully set.
 8793860	[INFO]	XnOpenNI.cpp	1261	Creating node 'User1' of type User...
 8818463	[WARNING]	Linux-x86Threads.cpp	173	Failed to set thread priority: Invalid argument
 8818512	[WARNING]	XnUSBLinux-x86.cpp	126	USB events thread: Failed to set thread priority to critical. This might cause loss of data...
 8819391	[INFO]	XnUSBLinux-x86.cpp	1222	USB read thread was started.
 8819415	[INFO]	XnProperty.cpp	151	Property Depth1.ActualReadData was changed to 1.
 9289830	[INFO]	XnProperty.cpp	151	Property Depth1.State was changed to 1.
 9289876	[INFO]	XnDeviceBase.cpp	370	Stream Depth1 is open.
12675704	[INFO]	XnOpenNI.cpp	1261	Creating node 'Image1' of type Image...
12675760	[INFO]	XnDeviceBase.cpp	1383	Creating stream 'Image1' of type 'Image'...
12675970	[INFO]	XnProperty.cpp	151	Property Image1.Resolution was changed to 0.
12675991	[INFO]	XnProperty.cpp	151	Property Image1.XRes was changed to 320.
12676011	[INFO]	XnProperty.cpp	151	Property Image1.YRes was changed to 240.
12676030	[INFO]	XnProperty.cpp	151	Property Image1.FPS was changed to 30.
12676047	[INFO]	XnProperty.cpp	151	Property Image1.OutputFormat was changed to 5.
12676063	[INFO]	XnProperty.cpp	151	Property Image1.BytesPerPixel was changed to 3.
12676082	[INFO]	XnProperty.cpp	151	Property Image1.RequiredDataSize was changed to 230400.
12676112	[INFO]	XnDeviceBase.cpp	1458	Stream 'Image1' was initialized.
12676125	[INFO]	XnDeviceBase.cpp	1463	'Image1' stream was created.
12676229	[INFO]	XnProperty.cpp	74	Setting Image1.InputFormat to 6...
12676249	[INFO]	XnProperty.cpp	151	Property Image1.InputFormat was changed to 6.
12676261	[INFO]	XnProperty.cpp	101	Image1.InputFormat was successfully set.
12676703	[INFO]	XnDeviceModule.cpp	431	Module 'Image1' configuration was loaded from file.
12676810	[INFO]	XnProperty.cpp	74	Setting Image1.FPS to 30...
12676831	[INFO]	XnProperty.cpp	86	Image1.FPS value did not change.
12676851	[INFO]	XnProperty.cpp	74	Setting Image1.YRes to 480...
12676871	[INFO]	XnProperty.cpp	151	Property Image1.Resolution was changed to 1.
12676890	[INFO]	XnProperty.cpp	151	Property Image1.XRes was changed to 640.
12676908	[INFO]	XnProperty.cpp	151	Property Image1.RequiredDataSize was changed to 460800.
12676929	[INFO]	XnProperty.cpp	151	Property Image1.YRes was changed to 480.
12676947	[INFO]	XnProperty.cpp	151	Property Image1.RequiredDataSize was changed to 921600.
12676967	[INFO]	XnProperty.cpp	101	Image1.YRes was successfully set.
12676987	[INFO]	XnProperty.cpp	74	Setting Image1.XRes to 640...
12677003	[INFO]	XnProperty.cpp	86	Image1.XRes value did not change.
12677985	[INFO]	XnUSBLinux-x86.cpp	1222	USB read thread was started.
12678019	[INFO]	XnProperty.cpp	151	Property Image1.ActualReadData was changed to 1.
12723310	[WARNING]	XnDepthProcessor.cpp	133	Read: Depth buffer is corrupt. Size is 599152 (!= 614400)
12723352	[WARNING]	XnFrameStreamProcessor.cpp	132	Depth frame is corrupt!
12855359	[WARNING]	XnDepthProcessor.cpp	133	Read: Depth buffer is corrupt. Size is 544048 (!= 614400)
12855408	[WARNING]	XnFrameStreamProcessor.cpp	132	Depth frame is corrupt!
15759383	[WARNING]	XnDepthProcessor.cpp	133	Read: Depth buffer is corrupt. Size is 593024 (!= 614400)
15759430	[WARNING]	XnFrameStreamProcessor.cpp	132	Depth frame is corrupt!
15878559	[INFO]	XnProperty.cpp	151	Property Image1.State was changed to 1.
15878604	[INFO]	XnDeviceBase.cpp	370	Stream Image1 is open.
15878800	[INFO]	XnProperty.cpp	74	Setting Depth1.Registration to 1...
15895343	[WARNING]	XnDepthProcessor.cpp	133	Read: Depth buffer is corrupt. Size is 594208 (!= 614400)
15895389	[WARNING]	XnFrameStreamProcessor.cpp	132	Depth frame is corrupt!
15927370	[WARNING]	XnDepthProcessor.cpp	133	Read: Depth buffer is corrupt. Size is 586240 (!= 614400)
15927417	[WARNING]	XnFrameStreamProcessor.cpp	132	Depth frame is corrupt!
16030795	[INFO]	XnProperty.cpp	151	Property Depth1.Registration was changed to 1.
16030846	[INFO]	XnProperty.cpp	101	Depth1.Registration was successfully set.
16031239	[INFO]	XnProperty.cpp	74	Setting Image1.Mirror to 1...
16043709	[INFO]	XnProperty.cpp	151	Property Image1.FirmwareMirror was changed to 1.
16043755	[INFO]	XnProperty.cpp	151	Property Image1.Mirror was changed to 1.
16043767	[INFO]	XnProperty.cpp	101	Image1.Mirror was successfully set.
473375270	[INFO]	XnOpenNI.cpp	1459	Destroying node 'User1'
473382069	[INFO]	XnOpenNI.cpp	1459	Destroying node 'Depth1'
473382172	[INFO]	XnDeviceBase.cpp	1507	Destroying stream 'Depth1'...
473383382	[INFO]	XnOpenNI.cpp	1459	Destroying node 'Image1'
473383420	[INFO]	XnDeviceBase.cpp	1507	Destroying stream 'Image1'...
473384396	[INFO]	XnOpenNI.cpp	1459	Destroying node 'Device1'
