   40547	[INFO]	XnLog.cpp	165	OpenNI version is 1.0.0 (Build 25)-MacOSX (Jan  7 2011 14:20:18)
   40603	[INFO]	XnLog.cpp	173	Log system initialized. Console: 1, File: 1, Severity: INFO, Masks: ALL
   40635	[INFO]	XnLog.cpp	173	Log system initialized. Console: 1, File: 1, Severity: INFO, Masks: ALL
   42154	[INFO]	XnUSBLinux-x86.cpp	98	USB is initialized.
 4091958	[INFO]	XnOpenNI.cpp	1261	Creating node 'Device1' of type Device...
 4092830	[INFO]	XnDeviceModule.cpp	431	Module 'Device' configuration was loaded from file.
 4544323	[INFO]	XnDeviceSensorIO.cpp	135	Connected to USB device
 4544380	[INFO]	XnProperty.cpp	151	Property Device.USBPath was changed to 045e/02ae@250/11.
 4551469	[INFO]	XnHostProtocol.cpp	825	Hardware versions: FW=5.1.4 (7) HW=4 Chip=2 Sensor=4 SYS=7
 5960828	[INFO]	XnProperty.cpp	151	Property Device.ID was changed to 0.
 5960920	[INFO]	XnSensor.cpp	182	Device sensor initialized
 5961010	[INFO]	XnOpenNI.cpp	1261	Creating node 'Depth1' of type Depth...
 5961062	[INFO]	XnDeviceBase.cpp	1383	Creating stream 'Depth1' of type 'Depth'...
 5961086	[INFO]	XnProperty.cpp	74	Setting Device.ReadData to 1...
 5961128	[INFO]	XnDeviceSensorIO.cpp	298	Endpoints open
 5973605	[INFO]	XnProperty.cpp	151	Property Device.ReadData was changed to 1.
 5973660	[INFO]	XnProperty.cpp	101	Device.ReadData was successfully set.
 5974463	[INFO]	XnProperty.cpp	151	Property Depth1.Resolution was changed to 0.
 5974504	[INFO]	XnProperty.cpp	151	Property Depth1.XRes was changed to 320.
 5974531	[INFO]	XnProperty.cpp	151	Property Depth1.YRes was changed to 240.
 5974556	[INFO]	XnProperty.cpp	151	Property Depth1.FPS was changed to 30.
 5974581	[INFO]	XnProperty.cpp	151	Property Depth1.OutputFormat was changed to 1.
 5974617	[INFO]	XnProperty.cpp	151	Property Depth1.BytesPerPixel was changed to 2.
 5974650	[INFO]	XnProperty.cpp	151	Property Depth1.RequiredDataSize was changed to 153600.
 5974681	[INFO]	XnProperty.cpp	151	Property Depth1.ParamCoeff was changed to 4.
 5974829	[INFO]	XnProperty.cpp	151	Property Depth1.ShiftScale was changed to 10.
 5987458	[INFO]	XnProperty.cpp	151	Property Depth1.ConstShift was changed to 200.
 5987562	[INFO]	XnProperty.cpp	151	Property Depth1.ZPD was changed to 120.
 5987746	[INFO]	XnProperty.cpp	151	Property Depth1.ZPPS was changed to 0.104200.
 5987780	[INFO]	XnProperty.cpp	151	Property Depth1.LDDIS was changed to 7.500000.
 5987932	[INFO]	XnProperty.cpp	151	Property Depth1.Gain was changed to 30.
 5987977	[INFO]	XnDeviceBase.cpp	1458	Stream 'Depth1' was initialized.
 5988007	[INFO]	XnDeviceBase.cpp	1463	'Depth1' stream was created.
 5988281	[INFO]	XnProperty.cpp	74	Setting Depth1.InputFormat to 3...
 5988326	[INFO]	XnProperty.cpp	151	Property Depth1.InputFormat was changed to 3.
 5988358	[INFO]	XnProperty.cpp	101	Depth1.InputFormat was successfully set.
 5989282	[INFO]	XnProperty.cpp	74	Setting Depth1.RegistrationType to 2...
 5989313	[INFO]	XnProperty.cpp	151	Property Depth1.RegistrationType was changed to 2.
 5989332	[INFO]	XnProperty.cpp	101	Depth1.RegistrationType was successfully set.
 5990296	[INFO]	XnDeviceModule.cpp	431	Module 'Depth1' configuration was loaded from file.
 5990600	[INFO]	XnProperty.cpp	74	Setting Depth1.FPS to 30...
 5990640	[INFO]	XnProperty.cpp	86	Depth1.FPS value did not change.
 5990671	[INFO]	XnProperty.cpp	74	Setting Depth1.YRes to 480...
 5990701	[INFO]	XnProperty.cpp	151	Property Depth1.Resolution was changed to 1.
 5990731	[INFO]	XnProperty.cpp	151	Property Depth1.XRes was changed to 640.
 5990753	[INFO]	XnProperty.cpp	151	Property Depth1.RequiredDataSize was changed to 307200.
 5990774	[INFO]	XnProperty.cpp	151	Property Depth1.YRes was changed to 480.
 5990793	[INFO]	XnProperty.cpp	151	Property Depth1.RequiredDataSize was changed to 614400.
 5990817	[INFO]	XnProperty.cpp	101	Depth1.YRes was successfully set.
 5990847	[INFO]	XnProperty.cpp	74	Setting Depth1.XRes to 640...
 5990875	[INFO]	XnProperty.cpp	86	Depth1.XRes value did not change.
 5990966	[INFO]	XnProperty.cpp	74	Setting Depth1.Mirror to 1...
 5991002	[INFO]	XnProperty.cpp	151	Property Depth1.FirmwareMirror was changed to 1.
 6656313	[INFO]	XnProperty.cpp	151	Property Depth1.Mirror was changed to 1.
 6656343	[INFO]	XnProperty.cpp	101	Depth1.Mirror was successfully set.
10077690	[INFO]	XnOpenNI.cpp	1261	Creating node 'User1' of type User...
10101850	[WARNING]	Linux-x86Threads.cpp	173	Failed to set thread priority: Invalid argument
10101897	[WARNING]	XnUSBLinux-x86.cpp	126	USB events thread: Failed to set thread priority to critical. This might cause loss of data...
10102824	[INFO]	XnUSBLinux-x86.cpp	1222	USB read thread was started.
10102847	[INFO]	XnProperty.cpp	151	Property Depth1.ActualReadData was changed to 1.
10574276	[INFO]	XnProperty.cpp	151	Property Depth1.State was changed to 1.
10574321	[INFO]	XnDeviceBase.cpp	370	Stream Depth1 is open.
13975993	[INFO]	XnOpenNI.cpp	1261	Creating node 'Image1' of type Image...
13976047	[INFO]	XnDeviceBase.cpp	1383	Creating stream 'Image1' of type 'Image'...
13976285	[INFO]	XnProperty.cpp	151	Property Image1.Resolution was changed to 0.
13976311	[INFO]	XnProperty.cpp	151	Property Image1.XRes was changed to 320.
13976331	[INFO]	XnProperty.cpp	151	Property Image1.YRes was changed to 240.
13976349	[INFO]	XnProperty.cpp	151	Property Image1.FPS was changed to 30.
13976367	[INFO]	XnProperty.cpp	151	Property Image1.OutputFormat was changed to 5.
13976385	[INFO]	XnProperty.cpp	151	Property Image1.BytesPerPixel was changed to 3.
13976405	[INFO]	XnProperty.cpp	151	Property Image1.RequiredDataSize was changed to 230400.
13976443	[INFO]	XnDeviceBase.cpp	1458	Stream 'Image1' was initialized.
13976464	[INFO]	XnDeviceBase.cpp	1463	'Image1' stream was created.
13976595	[INFO]	XnProperty.cpp	74	Setting Image1.InputFormat to 6...
13976623	[INFO]	XnProperty.cpp	151	Property Image1.InputFormat was changed to 6.
13976643	[INFO]	XnProperty.cpp	101	Image1.InputFormat was successfully set.
13977241	[INFO]	XnDeviceModule.cpp	431	Module 'Image1' configuration was loaded from file.
13977356	[INFO]	XnProperty.cpp	74	Setting Image1.FPS to 30...
13977379	[INFO]	XnProperty.cpp	86	Image1.FPS value did not change.
13977399	[INFO]	XnProperty.cpp	74	Setting Image1.YRes to 480...
13977419	[INFO]	XnProperty.cpp	151	Property Image1.Resolution was changed to 1.
13977439	[INFO]	XnProperty.cpp	151	Property Image1.XRes was changed to 640.
13977457	[INFO]	XnProperty.cpp	151	Property Image1.RequiredDataSize was changed to 460800.
13977479	[INFO]	XnProperty.cpp	151	Property Image1.YRes was changed to 480.
13977498	[INFO]	XnProperty.cpp	151	Property Image1.RequiredDataSize was changed to 921600.
13977516	[INFO]	XnProperty.cpp	101	Image1.YRes was successfully set.
13977537	[INFO]	XnProperty.cpp	74	Setting Image1.XRes to 640...
13977554	[INFO]	XnProperty.cpp	86	Image1.XRes value did not change.
13978620	[INFO]	XnUSBLinux-x86.cpp	1222	USB read thread was started.
13978656	[INFO]	XnProperty.cpp	151	Property Image1.ActualReadData was changed to 1.
14042710	[WARNING]	XnDepthProcessor.cpp	133	Read: Depth buffer is corrupt. Size is 597296 (!= 614400)
14042763	[WARNING]	XnFrameStreamProcessor.cpp	132	Depth frame is corrupt!
14174776	[WARNING]	XnDepthProcessor.cpp	133	Read: Depth buffer is corrupt. Size is 540960 (!= 614400)
14174835	[WARNING]	XnFrameStreamProcessor.cpp	132	Depth frame is corrupt!
17078791	[WARNING]	XnDepthProcessor.cpp	133	Read: Depth buffer is corrupt. Size is 588720 (!= 614400)
17078841	[WARNING]	XnFrameStreamProcessor.cpp	132	Depth frame is corrupt!
17179372	[INFO]	XnProperty.cpp	151	Property Image1.State was changed to 1.
17179417	[INFO]	XnDeviceBase.cpp	370	Stream Image1 is open.
17179616	[INFO]	XnProperty.cpp	74	Setting Depth1.Registration to 1...
17210824	[WARNING]	XnDepthProcessor.cpp	133	Read: Depth buffer is corrupt. Size is 591952 (!= 614400)
17210878	[WARNING]	XnFrameStreamProcessor.cpp	132	Depth frame is corrupt!
17331861	[INFO]	XnProperty.cpp	151	Property Depth1.Registration was changed to 1.
17331905	[INFO]	XnProperty.cpp	101	Depth1.Registration was successfully set.
17331957	[INFO]	XnProperty.cpp	74	Setting Image1.Mirror to 1...
17344501	[INFO]	XnProperty.cpp	151	Property Image1.FirmwareMirror was changed to 1.
17344563	[INFO]	XnProperty.cpp	151	Property Image1.Mirror was changed to 1.
17344576	[INFO]	XnProperty.cpp	101	Image1.Mirror was successfully set.
113727809	[INFO]	XnOpenNI.cpp	1459	Destroying node 'User1'
113734983	[INFO]	XnOpenNI.cpp	1459	Destroying node 'Depth1'
113735086	[INFO]	XnDeviceBase.cpp	1507	Destroying stream 'Depth1'...
113736206	[INFO]	XnOpenNI.cpp	1459	Destroying node 'Image1'
113736247	[INFO]	XnDeviceBase.cpp	1507	Destroying stream 'Image1'...
113737158	[INFO]	XnOpenNI.cpp	1459	Destroying node 'Device1'
