   25044	[INFO]	XnLog.cpp	165	OpenNI version is 1.0.0 (Build 25)-MacOSX (Jan  7 2011 14:20:18)
   25104	[INFO]	XnLog.cpp	173	Log system initialized. Console: 1, File: 1, Severity: INFO, Masks: ALL
   25138	[INFO]	XnLog.cpp	173	Log system initialized. Console: 1, File: 1, Severity: INFO, Masks: ALL
   26551	[INFO]	XnUSBLinux-x86.cpp	98	USB is initialized.
 4093270	[INFO]	XnOpenNI.cpp	1261	Creating node 'Device1' of type Device...
 4094376	[INFO]	XnDeviceModule.cpp	431	Module 'Device' configuration was loaded from file.
 4550060	[INFO]	XnDeviceSensorIO.cpp	135	Connected to USB device
 4550113	[INFO]	XnProperty.cpp	151	Property Device.USBPath was changed to 045e/02ae@250/11.
 4557085	[INFO]	XnHostProtocol.cpp	825	Hardware versions: FW=5.1.4 (7) HW=4 Chip=2 Sensor=4 SYS=7
 5968862	[INFO]	XnProperty.cpp	151	Property Device.ID was changed to 0.
 5968941	[INFO]	XnSensor.cpp	182	Device sensor initialized
 5969056	[INFO]	XnOpenNI.cpp	1261	Creating node 'Depth1' of type Depth...
 5969130	[INFO]	XnDeviceBase.cpp	1383	Creating stream 'Depth1' of type 'Depth'...
 5969167	[INFO]	XnProperty.cpp	74	Setting Device.ReadData to 1...
 5969227	[INFO]	XnDeviceSensorIO.cpp	298	Endpoints open
 5981776	[INFO]	XnProperty.cpp	151	Property Device.ReadData was changed to 1.
 5981825	[INFO]	XnProperty.cpp	101	Device.ReadData was successfully set.
 5982594	[INFO]	XnProperty.cpp	151	Property Depth1.Resolution was changed to 0.
 5982635	[INFO]	XnProperty.cpp	151	Property Depth1.XRes was changed to 320.
 5982662	[INFO]	XnProperty.cpp	151	Property Depth1.YRes was changed to 240.
 5982687	[INFO]	XnProperty.cpp	151	Property Depth1.FPS was changed to 30.
 5982733	[INFO]	XnProperty.cpp	151	Property Depth1.OutputFormat was changed to 1.
 5982773	[INFO]	XnProperty.cpp	151	Property Depth1.BytesPerPixel was changed to 2.
 5982810	[INFO]	XnProperty.cpp	151	Property Depth1.RequiredDataSize was changed to 153600.
 5982855	[INFO]	XnProperty.cpp	151	Property Depth1.ParamCoeff was changed to 4.
 5983008	[INFO]	XnProperty.cpp	151	Property Depth1.ShiftScale was changed to 10.
 5995694	[INFO]	XnProperty.cpp	151	Property Depth1.ConstShift was changed to 200.
 5995836	[INFO]	XnProperty.cpp	151	Property Depth1.ZPD was changed to 120.
 5996057	[INFO]	XnProperty.cpp	151	Property Depth1.ZPPS was changed to 0.104200.
 5996093	[INFO]	XnProperty.cpp	151	Property Depth1.LDDIS was changed to 7.500000.
 5996308	[INFO]	XnProperty.cpp	151	Property Depth1.Gain was changed to 30.
 5996361	[INFO]	XnDeviceBase.cpp	1458	Stream 'Depth1' was initialized.
 5996398	[INFO]	XnDeviceBase.cpp	1463	'Depth1' stream was created.
 5996733	[INFO]	XnProperty.cpp	74	Setting Depth1.InputFormat to 3...
 5996780	[INFO]	XnProperty.cpp	151	Property Depth1.InputFormat was changed to 3.
 5996805	[INFO]	XnProperty.cpp	101	Depth1.InputFormat was successfully set.
 5997645	[INFO]	XnProperty.cpp	74	Setting Depth1.RegistrationType to 2...
 5997673	[INFO]	XnProperty.cpp	151	Property Depth1.RegistrationType was changed to 2.
 5997691	[INFO]	XnProperty.cpp	101	Depth1.RegistrationType was successfully set.
 5998647	[INFO]	XnDeviceModule.cpp	431	Module 'Depth1' configuration was loaded from file.
 5998972	[INFO]	XnProperty.cpp	74	Setting Depth1.FPS to 30...
 5999012	[INFO]	XnProperty.cpp	86	Depth1.FPS value did not change.
 5999043	[INFO]	XnProperty.cpp	74	Setting Depth1.YRes to 480...
 5999076	[INFO]	XnProperty.cpp	151	Property Depth1.Resolution was changed to 1.
 5999108	[INFO]	XnProperty.cpp	151	Property Depth1.XRes was changed to 640.
 5999137	[INFO]	XnProperty.cpp	151	Property Depth1.RequiredDataSize was changed to 307200.
 5999169	[INFO]	XnProperty.cpp	151	Property Depth1.YRes was changed to 480.
 5999200	[INFO]	XnProperty.cpp	151	Property Depth1.RequiredDataSize was changed to 614400.
 5999232	[INFO]	XnProperty.cpp	101	Depth1.YRes was successfully set.
 5999264	[INFO]	XnProperty.cpp	74	Setting Depth1.XRes to 640...
 5999292	[INFO]	XnProperty.cpp	86	Depth1.XRes value did not change.
 5999385	[INFO]	XnProperty.cpp	74	Setting Depth1.Mirror to 1...
 5999421	[INFO]	XnProperty.cpp	151	Property Depth1.FirmwareMirror was changed to 1.
 5999501	[INFO]	XnProperty.cpp	151	Property Depth1.Mirror was changed to 1.
 5999531	[INFO]	XnProperty.cpp	101	Depth1.Mirror was successfully set.
 9426607	[INFO]	XnOpenNI.cpp	1261	Creating node 'User1' of type User...
 9451615	[WARNING]	Linux-x86Threads.cpp	173	Failed to set thread priority: Invalid argument
 9451662	[WARNING]	XnUSBLinux-x86.cpp	126	USB events thread: Failed to set thread priority to critical. This might cause loss of data...
 9452521	[INFO]	XnUSBLinux-x86.cpp	1222	USB read thread was started.
 9452546	[INFO]	XnProperty.cpp	151	Property Depth1.ActualReadData was changed to 1.
 9923179	[INFO]	XnProperty.cpp	151	Property Depth1.State was changed to 1.
 9923225	[INFO]	XnDeviceBase.cpp	370	Stream Depth1 is open.
13305606	[INFO]	XnOpenNI.cpp	1261	Creating node 'Image1' of type Image...
13305660	[INFO]	XnDeviceBase.cpp	1383	Creating stream 'Image1' of type 'Image'...
13305872	[INFO]	XnProperty.cpp	151	Property Image1.Resolution was changed to 0.
13305892	[INFO]	XnProperty.cpp	151	Property Image1.XRes was changed to 320.
13305911	[INFO]	XnProperty.cpp	151	Property Image1.YRes was changed to 240.
13305927	[INFO]	XnProperty.cpp	151	Property Image1.FPS was changed to 30.
13305943	[INFO]	XnProperty.cpp	151	Property Image1.OutputFormat was changed to 5.
13305962	[INFO]	XnProperty.cpp	151	Property Image1.BytesPerPixel was changed to 3.
13305978	[INFO]	XnProperty.cpp	151	Property Image1.RequiredDataSize was changed to 230400.
13306012	[INFO]	XnDeviceBase.cpp	1458	Stream 'Image1' was initialized.
13306026	[INFO]	XnDeviceBase.cpp	1463	'Image1' stream was created.
13306139	[INFO]	XnProperty.cpp	74	Setting Image1.InputFormat to 6...
13306160	[INFO]	XnProperty.cpp	151	Property Image1.InputFormat was changed to 6.
13306171	[INFO]	XnProperty.cpp	101	Image1.InputFormat was successfully set.
13306616	[INFO]	XnDeviceModule.cpp	431	Module 'Image1' configuration was loaded from file.
13306717	[INFO]	XnProperty.cpp	74	Setting Image1.FPS to 30...
13306734	[INFO]	XnProperty.cpp	86	Image1.FPS value did not change.
13306752	[INFO]	XnProperty.cpp	74	Setting Image1.YRes to 480...
13306767	[INFO]	XnProperty.cpp	151	Property Image1.Resolution was changed to 1.
13306783	[INFO]	XnProperty.cpp	151	Property Image1.XRes was changed to 640.
13306801	[INFO]	XnProperty.cpp	151	Property Image1.RequiredDataSize was changed to 460800.
13306819	[INFO]	XnProperty.cpp	151	Property Image1.YRes was changed to 480.
13306834	[INFO]	XnProperty.cpp	151	Property Image1.RequiredDataSize was changed to 921600.
13306848	[INFO]	XnProperty.cpp	101	Image1.YRes was successfully set.
13306860	[INFO]	XnProperty.cpp	74	Setting Image1.XRes to 640...
13306873	[INFO]	XnProperty.cpp	86	Image1.XRes value did not change.
13307728	[INFO]	XnUSBLinux-x86.cpp	1222	USB read thread was started.
13307753	[INFO]	XnProperty.cpp	151	Property Image1.ActualReadData was changed to 1.
13488308	[WARNING]	XnDepthProcessor.cpp	133	Read: Depth buffer is corrupt. Size is 549328 (!= 614400)
13488358	[WARNING]	XnFrameStreamProcessor.cpp	132	Depth frame is corrupt!
16508136	[INFO]	XnProperty.cpp	151	Property Image1.State was changed to 1.
16508180	[INFO]	XnDeviceBase.cpp	370	Stream Image1 is open.
16508414	[INFO]	XnProperty.cpp	74	Setting Depth1.Registration to 1...
16560268	[WARNING]	XnDepthProcessor.cpp	133	Read: Depth buffer is corrupt. Size is 594288 (!= 614400)
16560321	[WARNING]	XnFrameStreamProcessor.cpp	132	Depth frame is corrupt!
16661005	[INFO]	XnProperty.cpp	151	Property Depth1.Registration was changed to 1.
16661050	[INFO]	XnProperty.cpp	101	Depth1.Registration was successfully set.
16661099	[INFO]	XnProperty.cpp	74	Setting Image1.Mirror to 1...
16673537	[INFO]	XnProperty.cpp	151	Property Image1.FirmwareMirror was changed to 1.
16673568	[INFO]	XnProperty.cpp	151	Property Image1.Mirror was changed to 1.
16673580	[INFO]	XnProperty.cpp	101	Image1.Mirror was successfully set.
