   61032	[INFO]	XnLog.cpp	165	OpenNI version is 1.0.0 (Build 25)-MacOSX (Jan  7 2011 14:20:18)
   61094	[INFO]	XnLog.cpp	173	Log system initialized. Console: 1, File: 1, Severity: INFO, Masks: ALL
   61128	[INFO]	XnLog.cpp	173	Log system initialized. Console: 1, File: 1, Severity: INFO, Masks: ALL
   62841	[INFO]	XnUSBLinux-x86.cpp	98	USB is initialized.
 4115717	[INFO]	XnOpenNI.cpp	1261	Creating node 'Device1' of type Device...
 4116964	[INFO]	XnDeviceModule.cpp	431	Module 'Device' configuration was loaded from file.
 4573375	[INFO]	XnDeviceSensorIO.cpp	135	Connected to USB device
 4573440	[INFO]	XnProperty.cpp	151	Property Device.USBPath was changed to 045e/02ae@250/11.
 4580973	[INFO]	XnHostProtocol.cpp	825	Hardware versions: FW=5.1.4 (7) HW=4 Chip=2 Sensor=4 SYS=7
 5990906	[INFO]	XnProperty.cpp	151	Property Device.ID was changed to 0.
 5990985	[INFO]	XnSensor.cpp	182	Device sensor initialized
 5991131	[INFO]	XnOpenNI.cpp	1261	Creating node 'Depth1' of type Depth...
 5991221	[INFO]	XnDeviceBase.cpp	1383	Creating stream 'Depth1' of type 'Depth'...
 5991269	[INFO]	XnProperty.cpp	74	Setting Device.ReadData to 1...
 5991347	[INFO]	XnDeviceSensorIO.cpp	298	Endpoints open
 6003804	[INFO]	XnProperty.cpp	151	Property Device.ReadData was changed to 1.
 6003846	[INFO]	XnProperty.cpp	101	Device.ReadData was successfully set.
 6004593	[INFO]	XnProperty.cpp	151	Property Depth1.Resolution was changed to 0.
 6004626	[INFO]	XnProperty.cpp	151	Property Depth1.XRes was changed to 320.
 6004648	[INFO]	XnProperty.cpp	151	Property Depth1.YRes was changed to 240.
 6004670	[INFO]	XnProperty.cpp	151	Property Depth1.FPS was changed to 30.
 6004699	[INFO]	XnProperty.cpp	151	Property Depth1.OutputFormat was changed to 1.
 6004730	[INFO]	XnProperty.cpp	151	Property Depth1.BytesPerPixel was changed to 2.
 6004760	[INFO]	XnProperty.cpp	151	Property Depth1.RequiredDataSize was changed to 153600.
 6004797	[INFO]	XnProperty.cpp	151	Property Depth1.ParamCoeff was changed to 4.
 6004917	[INFO]	XnProperty.cpp	151	Property Depth1.ShiftScale was changed to 10.
 6017309	[INFO]	XnProperty.cpp	151	Property Depth1.ConstShift was changed to 200.
 6017423	[INFO]	XnProperty.cpp	151	Property Depth1.ZPD was changed to 120.
 6017591	[INFO]	XnProperty.cpp	151	Property Depth1.ZPPS was changed to 0.104200.
 6017629	[INFO]	XnProperty.cpp	151	Property Depth1.LDDIS was changed to 7.500000.
 6017811	[INFO]	XnProperty.cpp	151	Property Depth1.Gain was changed to 30.
 6017865	[INFO]	XnDeviceBase.cpp	1458	Stream 'Depth1' was initialized.
 6017899	[INFO]	XnDeviceBase.cpp	1463	'Depth1' stream was created.
 6018189	[INFO]	XnProperty.cpp	74	Setting Depth1.InputFormat to 3...
 6018234	[INFO]	XnProperty.cpp	151	Property Depth1.InputFormat was changed to 3.
 6018264	[INFO]	XnProperty.cpp	101	Depth1.InputFormat was successfully set.
 6019133	[INFO]	XnProperty.cpp	74	Setting Depth1.RegistrationType to 2...
 6019164	[INFO]	XnProperty.cpp	151	Property Depth1.RegistrationType was changed to 2.
 6019183	[INFO]	XnProperty.cpp	101	Depth1.RegistrationType was successfully set.
 6019966	[INFO]	XnDeviceModule.cpp	431	Module 'Depth1' configuration was loaded from file.
 6020186	[INFO]	XnProperty.cpp	74	Setting Depth1.FPS to 30...
 6020216	[INFO]	XnProperty.cpp	86	Depth1.FPS value did not change.
 6020242	[INFO]	XnProperty.cpp	74	Setting Depth1.YRes to 480...
 6020272	[INFO]	XnProperty.cpp	151	Property Depth1.Resolution was changed to 1.
 6020299	[INFO]	XnProperty.cpp	151	Property Depth1.XRes was changed to 640.
 6020324	[INFO]	XnProperty.cpp	151	Property Depth1.RequiredDataSize was changed to 307200.
 6020353	[INFO]	XnProperty.cpp	151	Property Depth1.YRes was changed to 480.
 6020378	[INFO]	XnProperty.cpp	151	Property Depth1.RequiredDataSize was changed to 614400.
 6020403	[INFO]	XnProperty.cpp	101	Depth1.YRes was successfully set.
 6020430	[INFO]	XnProperty.cpp	74	Setting Depth1.XRes to 640...
 6020453	[INFO]	XnProperty.cpp	86	Depth1.XRes value did not change.
 6020531	[INFO]	XnProperty.cpp	74	Setting Depth1.Mirror to 1...
 6020563	[INFO]	XnProperty.cpp	151	Property Depth1.FirmwareMirror was changed to 1.
 6020639	[INFO]	XnProperty.cpp	151	Property Depth1.Mirror was changed to 1.
 6020665	[INFO]	XnProperty.cpp	101	Depth1.Mirror was successfully set.
 9407245	[INFO]	XnOpenNI.cpp	1261	Creating node 'User1' of type User...
 9437290	[WARNING]	Linux-x86Threads.cpp	173	Failed to set thread priority: Invalid argument
 9437355	[WARNING]	XnUSBLinux-x86.cpp	126	USB events thread: Failed to set thread priority to critical. This might cause loss of data...
 9438401	[INFO]	XnUSBLinux-x86.cpp	1222	USB read thread was started.
 9438442	[INFO]	XnProperty.cpp	151	Property Depth1.ActualReadData was changed to 1.
 9909249	[INFO]	XnProperty.cpp	151	Property Depth1.State was changed to 1.
 9909296	[INFO]	XnDeviceBase.cpp	370	Stream Depth1 is open.
13309155	[INFO]	XnOpenNI.cpp	1261	Creating node 'Image1' of type Image...
13309210	[INFO]	XnDeviceBase.cpp	1383	Creating stream 'Image1' of type 'Image'...
13309422	[INFO]	XnProperty.cpp	151	Property Image1.Resolution was changed to 0.
13309447	[INFO]	XnProperty.cpp	151	Property Image1.XRes was changed to 320.
13309464	[INFO]	XnProperty.cpp	151	Property Image1.YRes was changed to 240.
13309481	[INFO]	XnProperty.cpp	151	Property Image1.FPS was changed to 30.
13309499	[INFO]	XnProperty.cpp	151	Property Image1.OutputFormat was changed to 5.
13309516	[INFO]	XnProperty.cpp	151	Property Image1.BytesPerPixel was changed to 3.
13309532	[INFO]	XnProperty.cpp	151	Property Image1.RequiredDataSize was changed to 230400.
13309562	[INFO]	XnDeviceBase.cpp	1458	Stream 'Image1' was initialized.
13309575	[INFO]	XnDeviceBase.cpp	1463	'Image1' stream was created.
13309680	[INFO]	XnProperty.cpp	74	Setting Image1.InputFormat to 6...
13309705	[INFO]	XnProperty.cpp	151	Property Image1.InputFormat was changed to 6.
13309722	[INFO]	XnProperty.cpp	101	Image1.InputFormat was successfully set.
13310303	[INFO]	XnDeviceModule.cpp	431	Module 'Image1' configuration was loaded from file.
13310407	[INFO]	XnProperty.cpp	74	Setting Image1.FPS to 30...
13310424	[INFO]	XnProperty.cpp	86	Image1.FPS value did not change.
13310442	[INFO]	XnProperty.cpp	74	Setting Image1.YRes to 480...
13310457	[INFO]	XnProperty.cpp	151	Property Image1.Resolution was changed to 1.
13310473	[INFO]	XnProperty.cpp	151	Property Image1.XRes was changed to 640.
13310491	[INFO]	XnProperty.cpp	151	Property Image1.RequiredDataSize was changed to 460800.
13310510	[INFO]	XnProperty.cpp	151	Property Image1.YRes was changed to 480.
13310525	[INFO]	XnProperty.cpp	151	Property Image1.RequiredDataSize was changed to 921600.
13310538	[INFO]	XnProperty.cpp	101	Image1.YRes was successfully set.
13310550	[INFO]	XnProperty.cpp	74	Setting Image1.XRes to 640...
13310562	[INFO]	XnProperty.cpp	86	Image1.XRes value did not change.
13311514	[INFO]	XnUSBLinux-x86.cpp	1222	USB read thread was started.
13311541	[INFO]	XnProperty.cpp	151	Property Image1.ActualReadData was changed to 1.
13511017	[WARNING]	XnDepthProcessor.cpp	133	Read: Depth buffer is corrupt. Size is 561648 (!= 614400)
13511074	[WARNING]	XnFrameStreamProcessor.cpp	132	Depth frame is corrupt!
16411093	[WARNING]	XnDepthProcessor.cpp	133	Read: Depth buffer is corrupt. Size is 588976 (!= 614400)
16411151	[WARNING]	XnFrameStreamProcessor.cpp	132	Depth frame is corrupt!
16512476	[INFO]	XnProperty.cpp	151	Property Image1.State was changed to 1.
16512530	[INFO]	XnDeviceBase.cpp	370	Stream Image1 is open.
16512758	[INFO]	XnProperty.cpp	74	Setting Depth1.Registration to 1...
16547035	[WARNING]	XnDepthProcessor.cpp	133	Read: Depth buffer is corrupt. Size is 582992 (!= 614400)
16547089	[WARNING]	XnFrameStreamProcessor.cpp	132	Depth frame is corrupt!
16668861	[INFO]	XnProperty.cpp	151	Property Depth1.Registration was changed to 1.
16668914	[INFO]	XnProperty.cpp	101	Depth1.Registration was successfully set.
16668971	[INFO]	XnProperty.cpp	74	Setting Image1.Mirror to 1...
16681235	[INFO]	XnProperty.cpp	151	Property Image1.FirmwareMirror was changed to 1.
16681285	[INFO]	XnProperty.cpp	151	Property Image1.Mirror was changed to 1.
16681302	[INFO]	XnProperty.cpp	101	Image1.Mirror was successfully set.
