    3371	[INFO]	XnLog.cpp	165	OpenNI version is 1.0.0 (Build 25)-MacOSX (Jan  7 2011 14:20:18)
    3433	[INFO]	XnLog.cpp	173	Log system initialized. Console: 1, File: 1, Severity: INFO, Masks: ALL
    3468	[INFO]	XnLog.cpp	173	Log system initialized. Console: 1, File: 1, Severity: INFO, Masks: ALL
    5033	[INFO]	XnUSBLinux-x86.cpp	98	USB is initialized.
 4026092	[INFO]	XnOpenNI.cpp	1261	Creating node 'Device1' of type Device...
 4027396	[INFO]	XnDeviceModule.cpp	431	Module 'Device' configuration was loaded from file.
 4474289	[INFO]	XnDeviceSensorIO.cpp	135	Connected to USB device
 4474343	[INFO]	XnProperty.cpp	151	Property Device.USBPath was changed to 045e/02ae@250/11.
 4491808	[INFO]	XnHostProtocol.cpp	825	Hardware versions: FW=5.1.4 (7) HW=4 Chip=2 Sensor=4 SYS=7
 5895545	[INFO]	XnProperty.cpp	151	Property Device.ID was changed to 0.
 5895611	[INFO]	XnSensor.cpp	182	Device sensor initialized
 5895721	[INFO]	XnOpenNI.cpp	1261	Creating node 'Depth1' of type Depth...
 5895771	[INFO]	XnDeviceBase.cpp	1383	Creating stream 'Depth1' of type 'Depth'...
 5895797	[INFO]	XnProperty.cpp	74	Setting Device.ReadData to 1...
 5895840	[INFO]	XnDeviceSensorIO.cpp	298	Endpoints open
 5908294	[INFO]	XnProperty.cpp	151	Property Device.ReadData was changed to 1.
 5908325	[INFO]	XnProperty.cpp	101	Device.ReadData was successfully set.
 5908695	[INFO]	XnProperty.cpp	151	Property Depth1.Resolution was changed to 0.
 5908717	[INFO]	XnProperty.cpp	151	Property Depth1.XRes was changed to 320.
 5908733	[INFO]	XnProperty.cpp	151	Property Depth1.YRes was changed to 240.
 5908753	[INFO]	XnProperty.cpp	151	Property Depth1.FPS was changed to 30.
 5908769	[INFO]	XnProperty.cpp	151	Property Depth1.OutputFormat was changed to 1.
 5908786	[INFO]	XnProperty.cpp	151	Property Depth1.BytesPerPixel was changed to 2.
 5908801	[INFO]	XnProperty.cpp	151	Property Depth1.RequiredDataSize was changed to 153600.
 5908819	[INFO]	XnProperty.cpp	151	Property Depth1.ParamCoeff was changed to 4.
 5908889	[INFO]	XnProperty.cpp	151	Property Depth1.ShiftScale was changed to 10.
 5921288	[INFO]	XnProperty.cpp	151	Property Depth1.ConstShift was changed to 200.
 5921372	[INFO]	XnProperty.cpp	151	Property Depth1.ZPD was changed to 120.
 5921486	[INFO]	XnProperty.cpp	151	Property Depth1.ZPPS was changed to 0.104200.
 5921512	[INFO]	XnProperty.cpp	151	Property Depth1.LDDIS was changed to 7.500000.
 5921631	[INFO]	XnProperty.cpp	151	Property Depth1.Gain was changed to 30.
 5921672	[INFO]	XnDeviceBase.cpp	1458	Stream 'Depth1' was initialized.
 5921696	[INFO]	XnDeviceBase.cpp	1463	'Depth1' stream was created.
 5921888	[INFO]	XnProperty.cpp	74	Setting Depth1.InputFormat to 3...
 5921918	[INFO]	XnProperty.cpp	151	Property Depth1.InputFormat was changed to 3.
 5921939	[INFO]	XnProperty.cpp	101	Depth1.InputFormat was successfully set.
 5922469	[INFO]	XnProperty.cpp	74	Setting Depth1.RegistrationType to 2...
 5922489	[INFO]	XnProperty.cpp	151	Property Depth1.RegistrationType was changed to 2.
 5922502	[INFO]	XnProperty.cpp	101	Depth1.RegistrationType was successfully set.
 5923091	[INFO]	XnDeviceModule.cpp	431	Module 'Depth1' configuration was loaded from file.
 5923316	[INFO]	XnProperty.cpp	74	Setting Depth1.FPS to 30...
 5923340	[INFO]	XnProperty.cpp	86	Depth1.FPS value did not change.
 5923358	[INFO]	XnProperty.cpp	74	Setting Depth1.YRes to 480...
 5923381	[INFO]	XnProperty.cpp	151	Property Depth1.Resolution was changed to 1.
 5923400	[INFO]	XnProperty.cpp	151	Property Depth1.XRes was changed to 640.
 5923415	[INFO]	XnProperty.cpp	151	Property Depth1.RequiredDataSize was changed to 307200.
 5923432	[INFO]	XnProperty.cpp	151	Property Depth1.YRes was changed to 480.
 5923444	[INFO]	XnProperty.cpp	151	Property Depth1.RequiredDataSize was changed to 614400.
 5923456	[INFO]	XnProperty.cpp	101	Depth1.YRes was successfully set.
 5923473	[INFO]	XnProperty.cpp	74	Setting Depth1.XRes to 640...
 5923492	[INFO]	XnProperty.cpp	86	Depth1.XRes value did not change.
 5923554	[INFO]	XnProperty.cpp	74	Setting Depth1.Mirror to 1...
 5923578	[INFO]	XnProperty.cpp	151	Property Depth1.FirmwareMirror was changed to 1.
 5931055	[INFO]	XnProperty.cpp	151	Property Depth1.Mirror was changed to 1.
 5931071	[INFO]	XnProperty.cpp	101	Depth1.Mirror was successfully set.
 9313476	[INFO]	XnOpenNI.cpp	1261	Creating node 'User1' of type User...
 9353709	[WARNING]	Linux-x86Threads.cpp	173	Failed to set thread priority: Invalid argument
 9353755	[WARNING]	XnUSBLinux-x86.cpp	126	USB events thread: Failed to set thread priority to critical. This might cause loss of data...
 9354594	[INFO]	XnUSBLinux-x86.cpp	1222	USB read thread was started.
 9354619	[INFO]	XnProperty.cpp	151	Property Depth1.ActualReadData was changed to 1.
 9825512	[INFO]	XnProperty.cpp	151	Property Depth1.State was changed to 1.
 9825571	[INFO]	XnDeviceBase.cpp	370	Stream Depth1 is open.
13218832	[INFO]	XnOpenNI.cpp	1261	Creating node 'Image1' of type Image...
13218895	[INFO]	XnDeviceBase.cpp	1383	Creating stream 'Image1' of type 'Image'...
13219148	[INFO]	XnProperty.cpp	151	Property Image1.Resolution was changed to 0.
13219178	[INFO]	XnProperty.cpp	151	Property Image1.XRes was changed to 320.
13219200	[INFO]	XnProperty.cpp	151	Property Image1.YRes was changed to 240.
13219219	[INFO]	XnProperty.cpp	151	Property Image1.FPS was changed to 30.
13219236	[INFO]	XnProperty.cpp	151	Property Image1.OutputFormat was changed to 5.
13219252	[INFO]	XnProperty.cpp	151	Property Image1.BytesPerPixel was changed to 3.
13219264	[INFO]	XnProperty.cpp	151	Property Image1.RequiredDataSize was changed to 230400.
13219295	[INFO]	XnDeviceBase.cpp	1458	Stream 'Image1' was initialized.
13219308	[INFO]	XnDeviceBase.cpp	1463	'Image1' stream was created.
13219404	[INFO]	XnProperty.cpp	74	Setting Image1.InputFormat to 6...
13219430	[INFO]	XnProperty.cpp	151	Property Image1.InputFormat was changed to 6.
13219446	[INFO]	XnProperty.cpp	101	Image1.InputFormat was successfully set.
13219902	[INFO]	XnDeviceModule.cpp	431	Module 'Image1' configuration was loaded from file.
13219996	[INFO]	XnProperty.cpp	74	Setting Image1.FPS to 30...
13220013	[INFO]	XnProperty.cpp	86	Image1.FPS value did not change.
13220029	[INFO]	XnProperty.cpp	74	Setting Image1.YRes to 480...
13220047	[INFO]	XnProperty.cpp	151	Property Image1.Resolution was changed to 1.
13220066	[INFO]	XnProperty.cpp	151	Property Image1.XRes was changed to 640.
13220082	[INFO]	XnProperty.cpp	151	Property Image1.RequiredDataSize was changed to 460800.
13220101	[INFO]	XnProperty.cpp	151	Property Image1.YRes was changed to 480.
13220114	[INFO]	XnProperty.cpp	151	Property Image1.RequiredDataSize was changed to 921600.
13220126	[INFO]	XnProperty.cpp	101	Image1.YRes was successfully set.
13220139	[INFO]	XnProperty.cpp	74	Setting Image1.XRes to 640...
13220154	[INFO]	XnProperty.cpp	86	Image1.XRes value did not change.
13221110	[INFO]	XnUSBLinux-x86.cpp	1222	USB read thread was started.
13221142	[INFO]	XnProperty.cpp	151	Property Image1.ActualReadData was changed to 1.
13394590	[WARNING]	XnDepthProcessor.cpp	133	Read: Depth buffer is corrupt. Size is 571552 (!= 614400)
13394638	[WARNING]	XnFrameStreamProcessor.cpp	132	Depth frame is corrupt!
13426568	[WARNING]	XnDepthProcessor.cpp	133	Read: Depth buffer is corrupt. Size is 575680 (!= 614400)
13426627	[WARNING]	XnFrameStreamProcessor.cpp	132	Depth frame is corrupt!
16421860	[INFO]	XnProperty.cpp	151	Property Image1.State was changed to 1.
16421910	[INFO]	XnDeviceBase.cpp	370	Stream Image1 is open.
16422162	[INFO]	XnProperty.cpp	74	Setting Depth1.Registration to 1...
16430576	[WARNING]	XnDepthProcessor.cpp	133	Read: Depth buffer is corrupt. Size is 592416 (!= 614400)
16430630	[WARNING]	XnFrameStreamProcessor.cpp	132	Depth frame is corrupt!
16462616	[WARNING]	XnDepthProcessor.cpp	133	Read: Depth buffer is corrupt. Size is 597600 (!= 614400)
16462671	[WARNING]	XnFrameStreamProcessor.cpp	132	Depth frame is corrupt!
16575213	[INFO]	XnProperty.cpp	151	Property Depth1.Registration was changed to 1.
16575256	[INFO]	XnProperty.cpp	101	Depth1.Registration was successfully set.
16575307	[INFO]	XnProperty.cpp	74	Setting Image1.Mirror to 1...
16588127	[INFO]	XnProperty.cpp	151	Property Image1.FirmwareMirror was changed to 1.
16588194	[INFO]	XnProperty.cpp	151	Property Image1.Mirror was changed to 1.
16588212	[INFO]	XnProperty.cpp	101	Image1.Mirror was successfully set.
