   28489	[INFO]	XnLog.cpp	165	OpenNI version is 1.0.0 (Build 25)-MacOSX (Jan  7 2011 14:20:18)
   28551	[INFO]	XnLog.cpp	173	Log system initialized. Console: 1, File: 1, Severity: INFO, Masks: ALL
   28584	[INFO]	XnLog.cpp	173	Log system initialized. Console: 1, File: 1, Severity: INFO, Masks: ALL
   30284	[INFO]	XnUSBLinux-x86.cpp	98	USB is initialized.
 4051885	[INFO]	XnOpenNI.cpp	1261	Creating node 'Device1' of type Device...
 4052815	[INFO]	XnDeviceModule.cpp	431	Module 'Device' configuration was loaded from file.
 4504968	[INFO]	XnDeviceSensorIO.cpp	135	Connected to USB device
 4505022	[INFO]	XnProperty.cpp	151	Property Device.USBPath was changed to 045e/02ae@250/11.
 4513280	[INFO]	XnHostProtocol.cpp	825	Hardware versions: FW=5.1.4 (7) HW=4 Chip=2 Sensor=4 SYS=7
 5926808	[INFO]	XnProperty.cpp	151	Property Device.ID was changed to 0.
 5926869	[INFO]	XnSensor.cpp	182	Device sensor initialized
 5926982	[INFO]	XnOpenNI.cpp	1261	Creating node 'Depth1' of type Depth...
 5927035	[INFO]	XnDeviceBase.cpp	1383	Creating stream 'Depth1' of type 'Depth'...
 5927060	[INFO]	XnProperty.cpp	74	Setting Device.ReadData to 1...
 5927098	[INFO]	XnDeviceSensorIO.cpp	298	Endpoints open
 5939658	[INFO]	XnProperty.cpp	151	Property Device.ReadData was changed to 1.
 5939704	[INFO]	XnProperty.cpp	101	Device.ReadData was successfully set.
 5940204	[INFO]	XnProperty.cpp	151	Property Depth1.Resolution was changed to 0.
 5940227	[INFO]	XnProperty.cpp	151	Property Depth1.XRes was changed to 320.
 5940246	[INFO]	XnProperty.cpp	151	Property Depth1.YRes was changed to 240.
 5940265	[INFO]	XnProperty.cpp	151	Property Depth1.FPS was changed to 30.
 5940282	[INFO]	XnProperty.cpp	151	Property Depth1.OutputFormat was changed to 1.
 5940298	[INFO]	XnProperty.cpp	151	Property Depth1.BytesPerPixel was changed to 2.
 5940312	[INFO]	XnProperty.cpp	151	Property Depth1.RequiredDataSize was changed to 153600.
 5940328	[INFO]	XnProperty.cpp	151	Property Depth1.ParamCoeff was changed to 4.
 5940397	[INFO]	XnProperty.cpp	151	Property Depth1.ShiftScale was changed to 10.
 5952611	[INFO]	XnProperty.cpp	151	Property Depth1.ConstShift was changed to 200.
 5952676	[INFO]	XnProperty.cpp	151	Property Depth1.ZPD was changed to 120.
 5952793	[INFO]	XnProperty.cpp	151	Property Depth1.ZPPS was changed to 0.104200.
 5952824	[INFO]	XnProperty.cpp	151	Property Depth1.LDDIS was changed to 7.500000.
 5952940	[INFO]	XnProperty.cpp	151	Property Depth1.Gain was changed to 30.
 5952978	[INFO]	XnDeviceBase.cpp	1458	Stream 'Depth1' was initialized.
 5953000	[INFO]	XnDeviceBase.cpp	1463	'Depth1' stream was created.
 5953216	[INFO]	XnProperty.cpp	74	Setting Depth1.InputFormat to 3...
 5953248	[INFO]	XnProperty.cpp	151	Property Depth1.InputFormat was changed to 3.
 5953268	[INFO]	XnProperty.cpp	101	Depth1.InputFormat was successfully set.
 5953843	[INFO]	XnProperty.cpp	74	Setting Depth1.RegistrationType to 2...
 5953863	[INFO]	XnProperty.cpp	151	Property Depth1.RegistrationType was changed to 2.
 5953875	[INFO]	XnProperty.cpp	101	Depth1.RegistrationType was successfully set.
 5954493	[INFO]	XnDeviceModule.cpp	431	Module 'Depth1' configuration was loaded from file.
 5954719	[INFO]	XnProperty.cpp	74	Setting Depth1.FPS to 30...
 5954742	[INFO]	XnProperty.cpp	86	Depth1.FPS value did not change.
 5954761	[INFO]	XnProperty.cpp	74	Setting Depth1.YRes to 480...
 5954784	[INFO]	XnProperty.cpp	151	Property Depth1.Resolution was changed to 1.
 5954804	[INFO]	XnProperty.cpp	151	Property Depth1.XRes was changed to 640.
 5954819	[INFO]	XnProperty.cpp	151	Property Depth1.RequiredDataSize was changed to 307200.
 5954834	[INFO]	XnProperty.cpp	151	Property Depth1.YRes was changed to 480.
 5954850	[INFO]	XnProperty.cpp	151	Property Depth1.RequiredDataSize was changed to 614400.
 5954865	[INFO]	XnProperty.cpp	101	Depth1.YRes was successfully set.
 5954880	[INFO]	XnProperty.cpp	74	Setting Depth1.XRes to 640...
 5954895	[INFO]	XnProperty.cpp	86	Depth1.XRes value did not change.
 5954953	[INFO]	XnProperty.cpp	74	Setting Depth1.Mirror to 1...
 5954971	[INFO]	XnProperty.cpp	151	Property Depth1.FirmwareMirror was changed to 1.
 5955020	[INFO]	XnProperty.cpp	151	Property Depth1.Mirror was changed to 1.
 5955037	[INFO]	XnProperty.cpp	101	Depth1.Mirror was successfully set.
 9352704	[INFO]	XnOpenNI.cpp	1261	Creating node 'User1' of type User...
 9377258	[WARNING]	Linux-x86Threads.cpp	173	Failed to set thread priority: Invalid argument
 9377308	[WARNING]	XnUSBLinux-x86.cpp	126	USB events thread: Failed to set thread priority to critical. This might cause loss of data...
 9378238	[INFO]	XnUSBLinux-x86.cpp	1222	USB read thread was started.
 9378263	[INFO]	XnProperty.cpp	151	Property Depth1.ActualReadData was changed to 1.
 9849356	[INFO]	XnProperty.cpp	151	Property Depth1.State was changed to 1.
 9849401	[INFO]	XnDeviceBase.cpp	370	Stream Depth1 is open.
13251902	[INFO]	XnOpenNI.cpp	1261	Creating node 'Image1' of type Image...
13251956	[INFO]	XnDeviceBase.cpp	1383	Creating stream 'Image1' of type 'Image'...
13252218	[INFO]	XnProperty.cpp	151	Property Image1.Resolution was changed to 0.
13252246	[INFO]	XnProperty.cpp	151	Property Image1.XRes was changed to 320.
13252266	[INFO]	XnProperty.cpp	151	Property Image1.YRes was changed to 240.
13252285	[INFO]	XnProperty.cpp	151	Property Image1.FPS was changed to 30.
13252303	[INFO]	XnProperty.cpp	151	Property Image1.OutputFormat was changed to 5.
13252321	[INFO]	XnProperty.cpp	151	Property Image1.BytesPerPixel was changed to 3.
13252337	[INFO]	XnProperty.cpp	151	Property Image1.RequiredDataSize was changed to 230400.
13252377	[INFO]	XnDeviceBase.cpp	1458	Stream 'Image1' was initialized.
13252398	[INFO]	XnDeviceBase.cpp	1463	'Image1' stream was created.
13252545	[INFO]	XnProperty.cpp	74	Setting Image1.InputFormat to 6...
13252575	[INFO]	XnProperty.cpp	151	Property Image1.InputFormat was changed to 6.
13252595	[INFO]	XnProperty.cpp	101	Image1.InputFormat was successfully set.
13253129	[INFO]	XnDeviceModule.cpp	431	Module 'Image1' configuration was loaded from file.
13253247	[INFO]	XnProperty.cpp	74	Setting Image1.FPS to 30...
13253269	[INFO]	XnProperty.cpp	86	Image1.FPS value did not change.
13253289	[INFO]	XnProperty.cpp	74	Setting Image1.YRes to 480...
13253309	[INFO]	XnProperty.cpp	151	Property Image1.Resolution was changed to 1.
13253328	[INFO]	XnProperty.cpp	151	Property Image1.XRes was changed to 640.
13253346	[INFO]	XnProperty.cpp	151	Property Image1.RequiredDataSize was changed to 460800.
13253366	[INFO]	XnProperty.cpp	151	Property Image1.YRes was changed to 480.
13253385	[INFO]	XnProperty.cpp	151	Property Image1.RequiredDataSize was changed to 921600.
13253403	[INFO]	XnProperty.cpp	101	Image1.YRes was successfully set.
13253423	[INFO]	XnProperty.cpp	74	Setting Image1.XRes to 640...
13253440	[INFO]	XnProperty.cpp	86	Image1.XRes value did not change.
13254433	[INFO]	XnUSBLinux-x86.cpp	1222	USB read thread was started.
13254462	[INFO]	XnProperty.cpp	151	Property Image1.ActualReadData was changed to 1.
13450017	[WARNING]	XnDepthProcessor.cpp	133	Read: Depth buffer is corrupt. Size is 594304 (!= 614400)
13450068	[WARNING]	XnFrameStreamProcessor.cpp	132	Depth frame is corrupt!
16454853	[INFO]	XnProperty.cpp	151	Property Image1.State was changed to 1.
16454897	[INFO]	XnDeviceBase.cpp	370	Stream Image1 is open.
16455092	[INFO]	XnProperty.cpp	74	Setting Depth1.Registration to 1...
16607099	[INFO]	XnProperty.cpp	151	Property Depth1.Registration was changed to 1.
16607144	[INFO]	XnProperty.cpp	101	Depth1.Registration was successfully set.
16607195	[INFO]	XnProperty.cpp	74	Setting Image1.Mirror to 1...
16619896	[INFO]	XnProperty.cpp	151	Property Image1.FirmwareMirror was changed to 1.
16619932	[INFO]	XnProperty.cpp	151	Property Image1.Mirror was changed to 1.
16619944	[INFO]	XnProperty.cpp	101	Image1.Mirror was successfully set.
33803805	[INFO]	XnOpenNI.cpp	1459	Destroying node 'User1'
33810802	[INFO]	XnOpenNI.cpp	1459	Destroying node 'Depth1'
33810892	[INFO]	XnDeviceBase.cpp	1507	Destroying stream 'Depth1'...
33812021	[INFO]	XnOpenNI.cpp	1459	Destroying node 'Image1'
33812056	[INFO]	XnDeviceBase.cpp	1507	Destroying stream 'Image1'...
33812954	[INFO]	XnOpenNI.cpp	1459	Destroying node 'Device1'
