  277021	[INFO]	XnLog.cpp	165	OpenNI version is 1.0.0 (Build 25)-MacOSX (Jan  7 2011 14:20:18)
  277078	[INFO]	XnLog.cpp	173	Log system initialized. Console: 1, File: 1, Severity: INFO, Masks: ALL
  277112	[INFO]	XnLog.cpp	173	Log system initialized. Console: 1, File: 1, Severity: INFO, Masks: ALL
  278664	[INFO]	XnUSBLinux-x86.cpp	98	USB is initialized.
 4300333	[INFO]	XnOpenNI.cpp	1261	Creating node 'Device1' of type Device...
 4301275	[INFO]	XnDeviceModule.cpp	431	Module 'Device' configuration was loaded from file.
 4752584	[INFO]	XnDeviceSensorIO.cpp	135	Connected to USB device
 4752643	[INFO]	XnProperty.cpp	151	Property Device.USBPath was changed to 045e/02ae@250/11.
 4760261	[INFO]	XnHostProtocol.cpp	825	Hardware versions: FW=5.1.4 (7) HW=4 Chip=2 Sensor=4 SYS=7
 6170106	[INFO]	XnProperty.cpp	151	Property Device.ID was changed to 0.
 6170168	[INFO]	XnSensor.cpp	182	Device sensor initialized
 6170274	[INFO]	XnOpenNI.cpp	1261	Creating node 'Depth1' of type Depth...
 6170329	[INFO]	XnDeviceBase.cpp	1383	Creating stream 'Depth1' of type 'Depth'...
 6170354	[INFO]	XnProperty.cpp	74	Setting Device.ReadData to 1...
 6170393	[INFO]	XnDeviceSensorIO.cpp	298	Endpoints open
 6182790	[INFO]	XnProperty.cpp	151	Property Device.ReadData was changed to 1.
 6182847	[INFO]	XnProperty.cpp	101	Device.ReadData was successfully set.
 6183233	[INFO]	XnProperty.cpp	151	Property Depth1.Resolution was changed to 0.
 6183255	[INFO]	XnProperty.cpp	151	Property Depth1.XRes was changed to 320.
 6183269	[INFO]	XnProperty.cpp	151	Property Depth1.YRes was changed to 240.
 6183282	[INFO]	XnProperty.cpp	151	Property Depth1.FPS was changed to 30.
 6183298	[INFO]	XnProperty.cpp	151	Property Depth1.OutputFormat was changed to 1.
 6183316	[INFO]	XnProperty.cpp	151	Property Depth1.BytesPerPixel was changed to 2.
 6183332	[INFO]	XnProperty.cpp	151	Property Depth1.RequiredDataSize was changed to 153600.
 6183348	[INFO]	XnProperty.cpp	151	Property Depth1.ParamCoeff was changed to 4.
 6183412	[INFO]	XnProperty.cpp	151	Property Depth1.ShiftScale was changed to 10.
 6195977	[INFO]	XnProperty.cpp	151	Property Depth1.ConstShift was changed to 200.
 6196044	[INFO]	XnProperty.cpp	151	Property Depth1.ZPD was changed to 120.
 6196150	[INFO]	XnProperty.cpp	151	Property Depth1.ZPPS was changed to 0.104200.
 6196168	[INFO]	XnProperty.cpp	151	Property Depth1.LDDIS was changed to 7.500000.
 6196276	[INFO]	XnProperty.cpp	151	Property Depth1.Gain was changed to 30.
 6196305	[INFO]	XnDeviceBase.cpp	1458	Stream 'Depth1' was initialized.
 6196320	[INFO]	XnDeviceBase.cpp	1463	'Depth1' stream was created.
 6196486	[INFO]	XnProperty.cpp	74	Setting Depth1.InputFormat to 3...
 6196510	[INFO]	XnProperty.cpp	151	Property Depth1.InputFormat was changed to 3.
 6196528	[INFO]	XnProperty.cpp	101	Depth1.InputFormat was successfully set.
 6197016	[INFO]	XnProperty.cpp	74	Setting Depth1.RegistrationType to 2...
 6197035	[INFO]	XnProperty.cpp	151	Property Depth1.RegistrationType was changed to 2.
 6197048	[INFO]	XnProperty.cpp	101	Depth1.RegistrationType was successfully set.
 6197593	[INFO]	XnDeviceModule.cpp	431	Module 'Depth1' configuration was loaded from file.
 6197786	[INFO]	XnProperty.cpp	74	Setting Depth1.FPS to 30...
 6197806	[INFO]	XnProperty.cpp	86	Depth1.FPS value did not change.
 6197818	[INFO]	XnProperty.cpp	74	Setting Depth1.YRes to 480...
 6197832	[INFO]	XnProperty.cpp	151	Property Depth1.Resolution was changed to 1.
 6197848	[INFO]	XnProperty.cpp	151	Property Depth1.XRes was changed to 640.
 6197864	[INFO]	XnProperty.cpp	151	Property Depth1.RequiredDataSize was changed to 307200.
 6197879	[INFO]	XnProperty.cpp	151	Property Depth1.YRes was changed to 480.
 6197891	[INFO]	XnProperty.cpp	151	Property Depth1.RequiredDataSize was changed to 614400.
 6197903	[INFO]	XnProperty.cpp	101	Depth1.YRes was successfully set.
 6197914	[INFO]	XnProperty.cpp	74	Setting Depth1.XRes to 640...
 6197925	[INFO]	XnProperty.cpp	86	Depth1.XRes value did not change.
 6197995	[INFO]	XnProperty.cpp	74	Setting Depth1.Mirror to 1...
 6198019	[INFO]	XnProperty.cpp	151	Property Depth1.FirmwareMirror was changed to 1.
 6198071	[INFO]	XnProperty.cpp	151	Property Depth1.Mirror was changed to 1.
 6198086	[INFO]	XnProperty.cpp	101	Depth1.Mirror was successfully set.
 9600963	[INFO]	XnOpenNI.cpp	1261	Creating node 'User1' of type User...
 9625059	[WARNING]	Linux-x86Threads.cpp	173	Failed to set thread priority: Invalid argument
 9625116	[WARNING]	XnUSBLinux-x86.cpp	126	USB events thread: Failed to set thread priority to critical. This might cause loss of data...
 9625988	[INFO]	XnUSBLinux-x86.cpp	1222	USB read thread was started.
 9626013	[INFO]	XnProperty.cpp	151	Property Depth1.ActualReadData was changed to 1.
10097028	[INFO]	XnProperty.cpp	151	Property Depth1.State was changed to 1.
10097072	[INFO]	XnDeviceBase.cpp	370	Stream Depth1 is open.
13500431	[INFO]	XnOpenNI.cpp	1261	Creating node 'Image1' of type Image...
13500494	[INFO]	XnDeviceBase.cpp	1383	Creating stream 'Image1' of type 'Image'...
13500691	[INFO]	XnProperty.cpp	151	Property Image1.Resolution was changed to 0.
13500724	[INFO]	XnProperty.cpp	151	Property Image1.XRes was changed to 320.
13500803	[INFO]	XnProperty.cpp	151	Property Image1.YRes was changed to 240.
13500824	[INFO]	XnProperty.cpp	151	Property Image1.FPS was changed to 30.
13500841	[INFO]	XnProperty.cpp	151	Property Image1.OutputFormat was changed to 5.
13500857	[INFO]	XnProperty.cpp	151	Property Image1.BytesPerPixel was changed to 3.
13500873	[INFO]	XnProperty.cpp	151	Property Image1.RequiredDataSize was changed to 230400.
13500912	[INFO]	XnDeviceBase.cpp	1458	Stream 'Image1' was initialized.
13500933	[INFO]	XnDeviceBase.cpp	1463	'Image1' stream was created.
13501070	[INFO]	XnProperty.cpp	74	Setting Image1.InputFormat to 6...
13501101	[INFO]	XnProperty.cpp	151	Property Image1.InputFormat was changed to 6.
13501120	[INFO]	XnProperty.cpp	101	Image1.InputFormat was successfully set.
13501769	[INFO]	XnDeviceModule.cpp	431	Module 'Image1' configuration was loaded from file.
13501887	[INFO]	XnProperty.cpp	74	Setting Image1.FPS to 30...
13501909	[INFO]	XnProperty.cpp	86	Image1.FPS value did not change.
13501926	[INFO]	XnProperty.cpp	74	Setting Image1.YRes to 480...
13501941	[INFO]	XnProperty.cpp	151	Property Image1.Resolution was changed to 1.
13501952	[INFO]	XnProperty.cpp	151	Property Image1.XRes was changed to 640.
13501966	[INFO]	XnProperty.cpp	151	Property Image1.RequiredDataSize was changed to 460800.
13501984	[INFO]	XnProperty.cpp	151	Property Image1.YRes was changed to 480.
13501998	[INFO]	XnProperty.cpp	151	Property Image1.RequiredDataSize was changed to 921600.
13502015	[INFO]	XnProperty.cpp	101	Image1.YRes was successfully set.
13502033	[INFO]	XnProperty.cpp	74	Setting Image1.XRes to 640...
13502049	[INFO]	XnProperty.cpp	86	Image1.XRes value did not change.
13502953	[INFO]	XnUSBLinux-x86.cpp	1222	USB read thread was started.
13502986	[INFO]	XnProperty.cpp	151	Property Image1.ActualReadData was changed to 1.
13697650	[WARNING]	XnDepthProcessor.cpp	133	Read: Depth buffer is corrupt. Size is 570320 (!= 614400)
13697700	[WARNING]	XnFrameStreamProcessor.cpp	132	Depth frame is corrupt!
16703716	[INFO]	XnProperty.cpp	151	Property Image1.State was changed to 1.
16703764	[INFO]	XnDeviceBase.cpp	370	Stream Image1 is open.
16703976	[INFO]	XnProperty.cpp	74	Setting Depth1.Registration to 1...
16855758	[INFO]	XnProperty.cpp	151	Property Depth1.Registration was changed to 1.
16855802	[INFO]	XnProperty.cpp	101	Depth1.Registration was successfully set.
16855851	[INFO]	XnProperty.cpp	74	Setting Image1.Mirror to 1...
16868255	[INFO]	XnProperty.cpp	151	Property Image1.FirmwareMirror was changed to 1.
16868293	[INFO]	XnProperty.cpp	151	Property Image1.Mirror was changed to 1.
16868305	[INFO]	XnProperty.cpp	101	Image1.Mirror was successfully set.
