   47891	[INFO]	XnLog.cpp	165	OpenNI version is 1.0.0 (Build 25)-MacOSX (Jan  7 2011 14:20:18)
   47948	[INFO]	XnLog.cpp	173	Log system initialized. Console: 1, File: 1, Severity: INFO, Masks: ALL
   47973	[INFO]	XnLog.cpp	173	Log system initialized. Console: 1, File: 1, Severity: INFO, Masks: ALL
   49270	[INFO]	XnUSBLinux-x86.cpp	98	USB is initialized.
 4153126	[INFO]	XnOpenNI.cpp	1261	Creating node 'Device1' of type Device...
 4154350	[INFO]	XnDeviceModule.cpp	431	Module 'Device' configuration was loaded from file.
 4600908	[INFO]	XnDeviceSensorIO.cpp	135	Connected to USB device
 4600970	[INFO]	XnProperty.cpp	151	Property Device.USBPath was changed to 045e/02ae@250/11.
 4609639	[INFO]	XnHostProtocol.cpp	825	Hardware versions: FW=5.1.4 (7) HW=4 Chip=2 Sensor=4 SYS=7
 6016005	[INFO]	XnProperty.cpp	151	Property Device.ID was changed to 0.
 6016092	[INFO]	XnSensor.cpp	182	Device sensor initialized
 6016217	[INFO]	XnOpenNI.cpp	1261	Creating node 'Depth1' of type Depth...
 6016290	[INFO]	XnDeviceBase.cpp	1383	Creating stream 'Depth1' of type 'Depth'...
 6016329	[INFO]	XnProperty.cpp	74	Setting Device.ReadData to 1...
 6016390	[INFO]	XnDeviceSensorIO.cpp	298	Endpoints open
 6028752	[INFO]	XnProperty.cpp	151	Property Device.ReadData was changed to 1.
 6028786	[INFO]	XnProperty.cpp	101	Device.ReadData was successfully set.
 6029390	[INFO]	XnProperty.cpp	151	Property Depth1.Resolution was changed to 0.
 6029430	[INFO]	XnProperty.cpp	151	Property Depth1.XRes was changed to 320.
 6029453	[INFO]	XnProperty.cpp	151	Property Depth1.YRes was changed to 240.
 6029481	[INFO]	XnProperty.cpp	151	Property Depth1.FPS was changed to 30.
 6029511	[INFO]	XnProperty.cpp	151	Property Depth1.OutputFormat was changed to 1.
 6029542	[INFO]	XnProperty.cpp	151	Property Depth1.BytesPerPixel was changed to 2.
 6029580	[INFO]	XnProperty.cpp	151	Property Depth1.RequiredDataSize was changed to 153600.
 6029619	[INFO]	XnProperty.cpp	151	Property Depth1.ParamCoeff was changed to 4.
 6029742	[INFO]	XnProperty.cpp	151	Property Depth1.ShiftScale was changed to 10.
 6041947	[INFO]	XnProperty.cpp	151	Property Depth1.ConstShift was changed to 200.
 6042037	[INFO]	XnProperty.cpp	151	Property Depth1.ZPD was changed to 120.
 6042195	[INFO]	XnProperty.cpp	151	Property Depth1.ZPPS was changed to 0.104200.
 6042228	[INFO]	XnProperty.cpp	151	Property Depth1.LDDIS was changed to 7.500000.
 6042391	[INFO]	XnProperty.cpp	151	Property Depth1.Gain was changed to 30.
 6042436	[INFO]	XnDeviceBase.cpp	1458	Stream 'Depth1' was initialized.
 6042465	[INFO]	XnDeviceBase.cpp	1463	'Depth1' stream was created.
 6042729	[INFO]	XnProperty.cpp	74	Setting Depth1.InputFormat to 3...
 6042774	[INFO]	XnProperty.cpp	151	Property Depth1.InputFormat was changed to 3.
 6042802	[INFO]	XnProperty.cpp	101	Depth1.InputFormat was successfully set.
 6043554	[INFO]	XnProperty.cpp	74	Setting Depth1.RegistrationType to 2...
 6043579	[INFO]	XnProperty.cpp	151	Property Depth1.RegistrationType was changed to 2.
 6043595	[INFO]	XnProperty.cpp	101	Depth1.RegistrationType was successfully set.
 6044393	[INFO]	XnDeviceModule.cpp	431	Module 'Depth1' configuration was loaded from file.
 6044659	[INFO]	XnProperty.cpp	74	Setting Depth1.FPS to 30...
 6044693	[INFO]	XnProperty.cpp	86	Depth1.FPS value did not change.
 6044718	[INFO]	XnProperty.cpp	74	Setting Depth1.YRes to 480...
 6044746	[INFO]	XnProperty.cpp	151	Property Depth1.Resolution was changed to 1.
 6044773	[INFO]	XnProperty.cpp	151	Property Depth1.XRes was changed to 640.
 6044798	[INFO]	XnProperty.cpp	151	Property Depth1.RequiredDataSize was changed to 307200.
 6044827	[INFO]	XnProperty.cpp	151	Property Depth1.YRes was changed to 480.
 6044853	[INFO]	XnProperty.cpp	151	Property Depth1.RequiredDataSize was changed to 614400.
 6044881	[INFO]	XnProperty.cpp	101	Depth1.YRes was successfully set.
 6044909	[INFO]	XnProperty.cpp	74	Setting Depth1.XRes to 640...
 6044931	[INFO]	XnProperty.cpp	86	Depth1.XRes value did not change.
 6045007	[INFO]	XnProperty.cpp	74	Setting Depth1.Mirror to 1...
 6045037	[INFO]	XnProperty.cpp	151	Property Depth1.FirmwareMirror was changed to 1.
 6045112	[INFO]	XnProperty.cpp	151	Property Depth1.Mirror was changed to 1.
 6045138	[INFO]	XnProperty.cpp	101	Depth1.Mirror was successfully set.
 9452779	[INFO]	XnOpenNI.cpp	1261	Creating node 'User1' of type User...
 9479097	[WARNING]	Linux-x86Threads.cpp	173	Failed to set thread priority: Invalid argument
 9479144	[WARNING]	XnUSBLinux-x86.cpp	126	USB events thread: Failed to set thread priority to critical. This might cause loss of data...
 9480024	[INFO]	XnUSBLinux-x86.cpp	1222	USB read thread was started.
 9480048	[INFO]	XnProperty.cpp	151	Property Depth1.ActualReadData was changed to 1.
 9950368	[INFO]	XnProperty.cpp	151	Property Depth1.State was changed to 1.
 9950413	[INFO]	XnDeviceBase.cpp	370	Stream Depth1 is open.
13331172	[INFO]	XnOpenNI.cpp	1261	Creating node 'Image1' of type Image...
13331234	[INFO]	XnDeviceBase.cpp	1383	Creating stream 'Image1' of type 'Image'...
13331467	[INFO]	XnProperty.cpp	151	Property Image1.Resolution was changed to 0.
13331493	[INFO]	XnProperty.cpp	151	Property Image1.XRes was changed to 320.
13331513	[INFO]	XnProperty.cpp	151	Property Image1.YRes was changed to 240.
13331534	[INFO]	XnProperty.cpp	151	Property Image1.FPS was changed to 30.
13331552	[INFO]	XnProperty.cpp	151	Property Image1.OutputFormat was changed to 5.
13331572	[INFO]	XnProperty.cpp	151	Property Image1.BytesPerPixel was changed to 3.
13331599	[INFO]	XnProperty.cpp	151	Property Image1.RequiredDataSize was changed to 230400.
13331645	[INFO]	XnDeviceBase.cpp	1458	Stream 'Image1' was initialized.
13331668	[INFO]	XnDeviceBase.cpp	1463	'Image1' stream was created.
13331791	[INFO]	XnProperty.cpp	74	Setting Image1.InputFormat to 6...
13331821	[INFO]	XnProperty.cpp	151	Property Image1.InputFormat was changed to 6.
13331841	[INFO]	XnProperty.cpp	101	Image1.InputFormat was successfully set.
13332398	[INFO]	XnDeviceModule.cpp	431	Module 'Image1' configuration was loaded from file.
13332505	[INFO]	XnProperty.cpp	74	Setting Image1.FPS to 30...
13332522	[INFO]	XnProperty.cpp	86	Image1.FPS value did not change.
13332534	[INFO]	XnProperty.cpp	74	Setting Image1.YRes to 480...
13332546	[INFO]	XnProperty.cpp	151	Property Image1.Resolution was changed to 1.
13332557	[INFO]	XnProperty.cpp	151	Property Image1.XRes was changed to 640.
13332568	[INFO]	XnProperty.cpp	151	Property Image1.RequiredDataSize was changed to 460800.
13332595	[INFO]	XnProperty.cpp	151	Property Image1.YRes was changed to 480.
13332615	[INFO]	XnProperty.cpp	151	Property Image1.RequiredDataSize was changed to 921600.
13332637	[INFO]	XnProperty.cpp	101	Image1.YRes was successfully set.
13332658	[INFO]	XnProperty.cpp	74	Setting Image1.XRes to 640...
13332676	[INFO]	XnProperty.cpp	86	Image1.XRes value did not change.
13333754	[INFO]	XnUSBLinux-x86.cpp	1222	USB read thread was started.
13333794	[INFO]	XnProperty.cpp	151	Property Image1.ActualReadData was changed to 1.
13519660	[WARNING]	XnDepthProcessor.cpp	133	Read: Depth buffer is corrupt. Size is 541792 (!= 614400)
13519717	[WARNING]	XnFrameStreamProcessor.cpp	132	Depth frame is corrupt!
16534223	[INFO]	XnProperty.cpp	151	Property Image1.State was changed to 1.
16534269	[INFO]	XnDeviceBase.cpp	370	Stream Image1 is open.
16534483	[INFO]	XnProperty.cpp	74	Setting Depth1.Registration to 1...
16686947	[INFO]	XnProperty.cpp	151	Property Depth1.Registration was changed to 1.
16686995	[INFO]	XnProperty.cpp	101	Depth1.Registration was successfully set.
16687054	[INFO]	XnProperty.cpp	74	Setting Image1.Mirror to 1...
16699331	[INFO]	XnProperty.cpp	151	Property Image1.FirmwareMirror was changed to 1.
16699381	[INFO]	XnProperty.cpp	151	Property Image1.Mirror was changed to 1.
16699398	[INFO]	XnProperty.cpp	101	Image1.Mirror was successfully set.
48684861	[INFO]	XnOpenNI.cpp	1459	Destroying node 'User1'
48691474	[INFO]	XnOpenNI.cpp	1459	Destroying node 'Depth1'
48691569	[INFO]	XnDeviceBase.cpp	1507	Destroying stream 'Depth1'...
48692718	[INFO]	XnOpenNI.cpp	1459	Destroying node 'Image1'
48692765	[INFO]	XnDeviceBase.cpp	1507	Destroying stream 'Image1'...
48693750	[INFO]	XnOpenNI.cpp	1459	Destroying node 'Device1'
