   32565	[INFO]	XnLog.cpp	165	OpenNI version is 1.0.0 (Build 25)-MacOSX (Jan  7 2011 14:20:18)
   32621	[INFO]	XnLog.cpp	173	Log system initialized. Console: 1, File: 1, Severity: INFO, Masks: ALL
   32645	[INFO]	XnLog.cpp	173	Log system initialized. Console: 1, File: 1, Severity: INFO, Masks: ALL
   34051	[INFO]	XnUSBLinux-x86.cpp	98	USB is initialized.
 4059537	[INFO]	XnOpenNI.cpp	1261	Creating node 'Device1' of type Device...
 4060732	[INFO]	XnDeviceModule.cpp	431	Module 'Device' configuration was loaded from file.
 4516233	[INFO]	XnDeviceSensorIO.cpp	135	Connected to USB device
 4516287	[INFO]	XnProperty.cpp	151	Property Device.USBPath was changed to 045e/02ae@250/11.
 4523667	[INFO]	XnHostProtocol.cpp	825	Hardware versions: FW=5.1.4 (7) HW=4 Chip=2 Sensor=4 SYS=7
 5935728	[INFO]	XnProperty.cpp	151	Property Device.ID was changed to 0.
 5935824	[INFO]	XnSensor.cpp	182	Device sensor initialized
 5935993	[INFO]	XnOpenNI.cpp	1261	Creating node 'Depth1' of type Depth...
 5936081	[INFO]	XnDeviceBase.cpp	1383	Creating stream 'Depth1' of type 'Depth'...
 5936128	[INFO]	XnProperty.cpp	74	Setting Device.ReadData to 1...
 5936201	[INFO]	XnDeviceSensorIO.cpp	298	Endpoints open
 5948721	[INFO]	XnProperty.cpp	151	Property Device.ReadData was changed to 1.
 5948761	[INFO]	XnProperty.cpp	101	Device.ReadData was successfully set.
 5949463	[INFO]	XnProperty.cpp	151	Property Depth1.Resolution was changed to 0.
 5949497	[INFO]	XnProperty.cpp	151	Property Depth1.XRes was changed to 320.
 5949519	[INFO]	XnProperty.cpp	151	Property Depth1.YRes was changed to 240.
 5949538	[INFO]	XnProperty.cpp	151	Property Depth1.FPS was changed to 30.
 5949564	[INFO]	XnProperty.cpp	151	Property Depth1.OutputFormat was changed to 1.
 5949594	[INFO]	XnProperty.cpp	151	Property Depth1.BytesPerPixel was changed to 2.
 5949624	[INFO]	XnProperty.cpp	151	Property Depth1.RequiredDataSize was changed to 153600.
 5949660	[INFO]	XnProperty.cpp	151	Property Depth1.ParamCoeff was changed to 4.
 5949780	[INFO]	XnProperty.cpp	151	Property Depth1.ShiftScale was changed to 10.
 5962227	[INFO]	XnProperty.cpp	151	Property Depth1.ConstShift was changed to 200.
 5962386	[INFO]	XnProperty.cpp	151	Property Depth1.ZPD was changed to 120.
 5962644	[INFO]	XnProperty.cpp	151	Property Depth1.ZPPS was changed to 0.104200.
 5962694	[INFO]	XnProperty.cpp	151	Property Depth1.LDDIS was changed to 7.500000.
 5962923	[INFO]	XnProperty.cpp	151	Property Depth1.Gain was changed to 30.
 5962985	[INFO]	XnDeviceBase.cpp	1458	Stream 'Depth1' was initialized.
 5963023	[INFO]	XnDeviceBase.cpp	1463	'Depth1' stream was created.
 5963382	[INFO]	XnProperty.cpp	74	Setting Depth1.InputFormat to 3...
 5963437	[INFO]	XnProperty.cpp	151	Property Depth1.InputFormat was changed to 3.
 5963478	[INFO]	XnProperty.cpp	101	Depth1.InputFormat was successfully set.
 5964559	[INFO]	XnProperty.cpp	74	Setting Depth1.RegistrationType to 2...
 5964597	[INFO]	XnProperty.cpp	151	Property Depth1.RegistrationType was changed to 2.
 5964621	[INFO]	XnProperty.cpp	101	Depth1.RegistrationType was successfully set.
 5965565	[INFO]	XnDeviceModule.cpp	431	Module 'Depth1' configuration was loaded from file.
 5965833	[INFO]	XnProperty.cpp	74	Setting Depth1.FPS to 30...
 5965873	[INFO]	XnProperty.cpp	86	Depth1.FPS value did not change.
 5965905	[INFO]	XnProperty.cpp	74	Setting Depth1.YRes to 480...
 5965940	[INFO]	XnProperty.cpp	151	Property Depth1.Resolution was changed to 1.
 5965970	[INFO]	XnProperty.cpp	151	Property Depth1.XRes was changed to 640.
 5966001	[INFO]	XnProperty.cpp	151	Property Depth1.RequiredDataSize was changed to 307200.
 5966035	[INFO]	XnProperty.cpp	151	Property Depth1.YRes was changed to 480.
 5966066	[INFO]	XnProperty.cpp	151	Property Depth1.RequiredDataSize was changed to 614400.
 5966099	[INFO]	XnProperty.cpp	101	Depth1.YRes was successfully set.
 5966131	[INFO]	XnProperty.cpp	74	Setting Depth1.XRes to 640...
 5966158	[INFO]	XnProperty.cpp	86	Depth1.XRes value did not change.
 5966245	[INFO]	XnProperty.cpp	74	Setting Depth1.Mirror to 1...
 5966282	[INFO]	XnProperty.cpp	151	Property Depth1.FirmwareMirror was changed to 1.
 5966361	[INFO]	XnProperty.cpp	151	Property Depth1.Mirror was changed to 1.
 5966391	[INFO]	XnProperty.cpp	101	Depth1.Mirror was successfully set.
 9389339	[INFO]	XnOpenNI.cpp	1261	Creating node 'User1' of type User...
 9415053	[WARNING]	Linux-x86Threads.cpp	173	Failed to set thread priority: Invalid argument
 9415101	[WARNING]	XnUSBLinux-x86.cpp	126	USB events thread: Failed to set thread priority to critical. This might cause loss of data...
 9415967	[INFO]	XnUSBLinux-x86.cpp	1222	USB read thread was started.
 9415990	[INFO]	XnProperty.cpp	151	Property Depth1.ActualReadData was changed to 1.
 9886874	[INFO]	XnProperty.cpp	151	Property Depth1.State was changed to 1.
 9886921	[INFO]	XnDeviceBase.cpp	370	Stream Depth1 is open.
13267716	[INFO]	XnOpenNI.cpp	1261	Creating node 'Image1' of type Image...
13267773	[INFO]	XnDeviceBase.cpp	1383	Creating stream 'Image1' of type 'Image'...
13268051	[INFO]	XnProperty.cpp	151	Property Image1.Resolution was changed to 0.
13268077	[INFO]	XnProperty.cpp	151	Property Image1.XRes was changed to 320.
13268096	[INFO]	XnProperty.cpp	151	Property Image1.YRes was changed to 240.
13268116	[INFO]	XnProperty.cpp	151	Property Image1.FPS was changed to 30.
13268133	[INFO]	XnProperty.cpp	151	Property Image1.OutputFormat was changed to 5.
13268151	[INFO]	XnProperty.cpp	151	Property Image1.BytesPerPixel was changed to 3.
13268169	[INFO]	XnProperty.cpp	151	Property Image1.RequiredDataSize was changed to 230400.
13268209	[INFO]	XnDeviceBase.cpp	1458	Stream 'Image1' was initialized.
13268229	[INFO]	XnDeviceBase.cpp	1463	'Image1' stream was created.
13268384	[INFO]	XnProperty.cpp	74	Setting Image1.InputFormat to 6...
13268415	[INFO]	XnProperty.cpp	151	Property Image1.InputFormat was changed to 6.
13268436	[INFO]	XnProperty.cpp	101	Image1.InputFormat was successfully set.
13268978	[INFO]	XnDeviceModule.cpp	431	Module 'Image1' configuration was loaded from file.
13269074	[INFO]	XnProperty.cpp	74	Setting Image1.FPS to 30...
13269091	[INFO]	XnProperty.cpp	86	Image1.FPS value did not change.
13269103	[INFO]	XnProperty.cpp	74	Setting Image1.YRes to 480...
13269120	[INFO]	XnProperty.cpp	151	Property Image1.Resolution was changed to 1.
13269135	[INFO]	XnProperty.cpp	151	Property Image1.XRes was changed to 640.
13269152	[INFO]	XnProperty.cpp	151	Property Image1.RequiredDataSize was changed to 460800.
13269172	[INFO]	XnProperty.cpp	151	Property Image1.YRes was changed to 480.
13269190	[INFO]	XnProperty.cpp	151	Property Image1.RequiredDataSize was changed to 921600.
13269205	[INFO]	XnProperty.cpp	101	Image1.YRes was successfully set.
13269219	[INFO]	XnProperty.cpp	74	Setting Image1.XRes to 640...
13269229	[INFO]	XnProperty.cpp	86	Image1.XRes value did not change.
13270101	[INFO]	XnUSBLinux-x86.cpp	1222	USB read thread was started.
13270127	[INFO]	XnProperty.cpp	151	Property Image1.ActualReadData was changed to 1.
13455444	[WARNING]	XnDepthProcessor.cpp	133	Read: Depth buffer is corrupt. Size is 526112 (!= 614400)
13455493	[WARNING]	XnFrameStreamProcessor.cpp	132	Depth frame is corrupt!
16355558	[WARNING]	XnDepthProcessor.cpp	133	Read: Depth buffer is corrupt. Size is 591888 (!= 614400)
16355604	[WARNING]	XnFrameStreamProcessor.cpp	132	Depth frame is corrupt!
16470458	[INFO]	XnProperty.cpp	151	Property Image1.State was changed to 1.
16470503	[INFO]	XnDeviceBase.cpp	370	Stream Image1 is open.
16470699	[INFO]	XnProperty.cpp	74	Setting Depth1.Registration to 1...
16491505	[WARNING]	XnDepthProcessor.cpp	133	Read: Depth buffer is corrupt. Size is 577424 (!= 614400)
16491551	[WARNING]	XnFrameStreamProcessor.cpp	132	Depth frame is corrupt!
16523541	[WARNING]	XnDepthProcessor.cpp	133	Read: Depth buffer is corrupt. Size is 591936 (!= 614400)
16523607	[WARNING]	XnFrameStreamProcessor.cpp	132	Depth frame is corrupt!
16623220	[INFO]	XnProperty.cpp	151	Property Depth1.Registration was changed to 1.
16623266	[INFO]	XnProperty.cpp	101	Depth1.Registration was successfully set.
16623319	[INFO]	XnProperty.cpp	74	Setting Image1.Mirror to 1...
16635730	[INFO]	XnProperty.cpp	151	Property Image1.FirmwareMirror was changed to 1.
16635798	[INFO]	XnProperty.cpp	151	Property Image1.Mirror was changed to 1.
16635812	[INFO]	XnProperty.cpp	101	Image1.Mirror was successfully set.
35814772	[INFO]	XnOpenNI.cpp	1459	Destroying node 'User1'
35821498	[INFO]	XnOpenNI.cpp	1459	Destroying node 'Depth1'
35821594	[INFO]	XnDeviceBase.cpp	1507	Destroying stream 'Depth1'...
35822742	[INFO]	XnOpenNI.cpp	1459	Destroying node 'Image1'
35822780	[INFO]	XnDeviceBase.cpp	1507	Destroying stream 'Image1'...
35823656	[INFO]	XnOpenNI.cpp	1459	Destroying node 'Device1'
