    1984	[INFO]	XnLog.cpp	165	OpenNI version is 1.0.0 (Build 25)-MacOSX (Jan  7 2011 14:20:18)
    2044	[INFO]	XnLog.cpp	173	Log system initialized. Console: 1, File: 1, Severity: INFO, Masks: ALL
    2080	[INFO]	XnLog.cpp	173	Log system initialized. Console: 1, File: 1, Severity: INFO, Masks: ALL
    3562	[INFO]	XnUSBLinux-x86.cpp	98	USB is initialized.
 4013918	[INFO]	XnOpenNI.cpp	1261	Creating node 'Device1' of type Device...
 4014873	[INFO]	XnDeviceModule.cpp	431	Module 'Device' configuration was loaded from file.
 4466121	[INFO]	XnDeviceSensorIO.cpp	135	Connected to USB device
 4466181	[INFO]	XnProperty.cpp	151	Property Device.USBPath was changed to 045e/02ae@250/11.
 4473623	[INFO]	XnHostProtocol.cpp	825	Hardware versions: FW=5.1.4 (7) HW=4 Chip=2 Sensor=4 SYS=7
 5882892	[INFO]	XnProperty.cpp	151	Property Device.ID was changed to 0.
 5882948	[INFO]	XnSensor.cpp	182	Device sensor initialized
 5883045	[INFO]	XnOpenNI.cpp	1261	Creating node 'Depth1' of type Depth...
 5883089	[INFO]	XnDeviceBase.cpp	1383	Creating stream 'Depth1' of type 'Depth'...
 5883106	[INFO]	XnProperty.cpp	74	Setting Device.ReadData to 1...
 5883136	[INFO]	XnDeviceSensorIO.cpp	298	Endpoints open
 5895578	[INFO]	XnProperty.cpp	151	Property Device.ReadData was changed to 1.
 5895605	[INFO]	XnProperty.cpp	101	Device.ReadData was successfully set.
 5896027	[INFO]	XnProperty.cpp	151	Property Depth1.Resolution was changed to 0.
 5896050	[INFO]	XnProperty.cpp	151	Property Depth1.XRes was changed to 320.
 5896068	[INFO]	XnProperty.cpp	151	Property Depth1.YRes was changed to 240.
 5896086	[INFO]	XnProperty.cpp	151	Property Depth1.FPS was changed to 30.
 5896110	[INFO]	XnProperty.cpp	151	Property Depth1.OutputFormat was changed to 1.
 5896130	[INFO]	XnProperty.cpp	151	Property Depth1.BytesPerPixel was changed to 2.
 5896149	[INFO]	XnProperty.cpp	151	Property Depth1.RequiredDataSize was changed to 153600.
 5896173	[INFO]	XnProperty.cpp	151	Property Depth1.ParamCoeff was changed to 4.
 5896250	[INFO]	XnProperty.cpp	151	Property Depth1.ShiftScale was changed to 10.
 5908389	[INFO]	XnProperty.cpp	151	Property Depth1.ConstShift was changed to 200.
 5908459	[INFO]	XnProperty.cpp	151	Property Depth1.ZPD was changed to 120.
 5908576	[INFO]	XnProperty.cpp	151	Property Depth1.ZPPS was changed to 0.104200.
 5908602	[INFO]	XnProperty.cpp	151	Property Depth1.LDDIS was changed to 7.500000.
 5908717	[INFO]	XnProperty.cpp	151	Property Depth1.Gain was changed to 30.
 5908765	[INFO]	XnDeviceBase.cpp	1458	Stream 'Depth1' was initialized.
 5908786	[INFO]	XnDeviceBase.cpp	1463	'Depth1' stream was created.
 5908994	[INFO]	XnProperty.cpp	74	Setting Depth1.InputFormat to 3...
 5909025	[INFO]	XnProperty.cpp	151	Property Depth1.InputFormat was changed to 3.
 5909044	[INFO]	XnProperty.cpp	101	Depth1.InputFormat was successfully set.
 5909587	[INFO]	XnProperty.cpp	74	Setting Depth1.RegistrationType to 2...
 5909607	[INFO]	XnProperty.cpp	151	Property Depth1.RegistrationType was changed to 2.
 5909619	[INFO]	XnProperty.cpp	101	Depth1.RegistrationType was successfully set.
 5910217	[INFO]	XnDeviceModule.cpp	431	Module 'Depth1' configuration was loaded from file.
 5910459	[INFO]	XnProperty.cpp	74	Setting Depth1.FPS to 30...
 5910484	[INFO]	XnProperty.cpp	86	Depth1.FPS value did not change.
 5910502	[INFO]	XnProperty.cpp	74	Setting Depth1.YRes to 480...
 5910525	[INFO]	XnProperty.cpp	151	Property Depth1.Resolution was changed to 1.
 5910545	[INFO]	XnProperty.cpp	151	Property Depth1.XRes was changed to 640.
 5910561	[INFO]	XnProperty.cpp	151	Property Depth1.RequiredDataSize was changed to 307200.
 5910578	[INFO]	XnProperty.cpp	151	Property Depth1.YRes was changed to 480.
 5910589	[INFO]	XnProperty.cpp	151	Property Depth1.RequiredDataSize was changed to 614400.
 5910601	[INFO]	XnProperty.cpp	101	Depth1.YRes was successfully set.
 5910613	[INFO]	XnProperty.cpp	74	Setting Depth1.XRes to 640...
 5910626	[INFO]	XnProperty.cpp	86	Depth1.XRes value did not change.
 5910691	[INFO]	XnProperty.cpp	74	Setting Depth1.Mirror to 1...
 5910711	[INFO]	XnProperty.cpp	151	Property Depth1.FirmwareMirror was changed to 1.
 5910755	[INFO]	XnProperty.cpp	151	Property Depth1.Mirror was changed to 1.
 5910768	[INFO]	XnProperty.cpp	101	Depth1.Mirror was successfully set.
 9309298	[INFO]	XnOpenNI.cpp	1261	Creating node 'User1' of type User...
 9333164	[WARNING]	Linux-x86Threads.cpp	173	Failed to set thread priority: Invalid argument
 9333212	[WARNING]	XnUSBLinux-x86.cpp	126	USB events thread: Failed to set thread priority to critical. This might cause loss of data...
 9334084	[INFO]	XnUSBLinux-x86.cpp	1222	USB read thread was started.
 9334110	[INFO]	XnProperty.cpp	151	Property Depth1.ActualReadData was changed to 1.
 9806456	[INFO]	XnProperty.cpp	151	Property Depth1.State was changed to 1.
 9806501	[INFO]	XnDeviceBase.cpp	370	Stream Depth1 is open.
13210832	[INFO]	XnOpenNI.cpp	1261	Creating node 'Image1' of type Image...
13210887	[INFO]	XnDeviceBase.cpp	1383	Creating stream 'Image1' of type 'Image'...
13211094	[INFO]	XnProperty.cpp	151	Property Image1.Resolution was changed to 0.
13211113	[INFO]	XnProperty.cpp	151	Property Image1.XRes was changed to 320.
13211130	[INFO]	XnProperty.cpp	151	Property Image1.YRes was changed to 240.
13211149	[INFO]	XnProperty.cpp	151	Property Image1.FPS was changed to 30.
13211168	[INFO]	XnProperty.cpp	151	Property Image1.OutputFormat was changed to 5.
13211185	[INFO]	XnProperty.cpp	151	Property Image1.BytesPerPixel was changed to 3.
13211202	[INFO]	XnProperty.cpp	151	Property Image1.RequiredDataSize was changed to 230400.
13211233	[INFO]	XnDeviceBase.cpp	1458	Stream 'Image1' was initialized.
13211246	[INFO]	XnDeviceBase.cpp	1463	'Image1' stream was created.
13211352	[INFO]	XnProperty.cpp	74	Setting Image1.InputFormat to 6...
13211379	[INFO]	XnProperty.cpp	151	Property Image1.InputFormat was changed to 6.
13211397	[INFO]	XnProperty.cpp	101	Image1.InputFormat was successfully set.
13211876	[INFO]	XnDeviceModule.cpp	431	Module 'Image1' configuration was loaded from file.
13211982	[INFO]	XnProperty.cpp	74	Setting Image1.FPS to 30...
13212003	[INFO]	XnProperty.cpp	86	Image1.FPS value did not change.
13212023	[INFO]	XnProperty.cpp	74	Setting Image1.YRes to 480...
13212042	[INFO]	XnProperty.cpp	151	Property Image1.Resolution was changed to 1.
13212061	[INFO]	XnProperty.cpp	151	Property Image1.XRes was changed to 640.
13212080	[INFO]	XnProperty.cpp	151	Property Image1.RequiredDataSize was changed to 460800.
13212101	[INFO]	XnProperty.cpp	151	Property Image1.YRes was changed to 480.
13212120	[INFO]	XnProperty.cpp	151	Property Image1.RequiredDataSize was changed to 921600.
13212139	[INFO]	XnProperty.cpp	101	Image1.YRes was successfully set.
13212159	[INFO]	XnProperty.cpp	74	Setting Image1.XRes to 640...
13212176	[INFO]	XnProperty.cpp	86	Image1.XRes value did not change.
13213095	[INFO]	XnUSBLinux-x86.cpp	1222	USB read thread was started.
13213121	[INFO]	XnProperty.cpp	151	Property Image1.ActualReadData was changed to 1.
13406184	[WARNING]	XnDepthProcessor.cpp	133	Read: Depth buffer is corrupt. Size is 529648 (!= 614400)
13406235	[WARNING]	XnFrameStreamProcessor.cpp	132	Depth frame is corrupt!
16310186	[WARNING]	XnDepthProcessor.cpp	133	Read: Depth buffer is corrupt. Size is 577888 (!= 614400)
16310236	[WARNING]	XnFrameStreamProcessor.cpp	132	Depth frame is corrupt!
16413820	[INFO]	XnProperty.cpp	151	Property Image1.State was changed to 1.
16413885	[INFO]	XnDeviceBase.cpp	370	Stream Image1 is open.
16414089	[INFO]	XnProperty.cpp	74	Setting Depth1.Registration to 1...
16442170	[WARNING]	XnDepthProcessor.cpp	133	Read: Depth buffer is corrupt. Size is 576144 (!= 614400)
16442221	[WARNING]	XnFrameStreamProcessor.cpp	132	Depth frame is corrupt!
16566000	[INFO]	XnProperty.cpp	151	Property Depth1.Registration was changed to 1.
16566055	[INFO]	XnProperty.cpp	101	Depth1.Registration was successfully set.
16566113	[INFO]	XnProperty.cpp	74	Setting Image1.Mirror to 1...
16578388	[INFO]	XnProperty.cpp	151	Property Image1.FirmwareMirror was changed to 1.
16578426	[INFO]	XnProperty.cpp	151	Property Image1.Mirror was changed to 1.
16578438	[INFO]	XnProperty.cpp	101	Image1.Mirror was successfully set.
101262798	[INFO]	XnOpenNI.cpp	1459	Destroying node 'User1'
101269585	[INFO]	XnOpenNI.cpp	1459	Destroying node 'Depth1'
101269676	[INFO]	XnDeviceBase.cpp	1507	Destroying stream 'Depth1'...
101270837	[INFO]	XnOpenNI.cpp	1459	Destroying node 'Image1'
101270873	[INFO]	XnDeviceBase.cpp	1507	Destroying stream 'Image1'...
101271807	[INFO]	XnOpenNI.cpp	1459	Destroying node 'Device1'
