    7882	[INFO]	XnLog.cpp	165	OpenNI version is 1.0.0 (Build 25)-MacOSX (Jan  7 2011 14:20:18)
    7930	[INFO]	XnLog.cpp	173	Log system initialized. Console: 1, File: 1, Severity: INFO, Masks: ALL
    7954	[INFO]	XnLog.cpp	173	Log system initialized. Console: 1, File: 1, Severity: INFO, Masks: ALL
    9297	[INFO]	XnUSBLinux-x86.cpp	98	USB is initialized.
 4034708	[INFO]	XnOpenNI.cpp	1261	Creating node 'Device1' of type Device...
 4035992	[INFO]	XnDeviceModule.cpp	431	Module 'Device' configuration was loaded from file.
 4491936	[INFO]	XnDeviceSensorIO.cpp	135	Connected to USB device
 4491989	[INFO]	XnProperty.cpp	151	Property Device.USBPath was changed to 045e/02ae@250/11.
 4499258	[INFO]	XnHostProtocol.cpp	825	Hardware versions: FW=5.1.4 (7) HW=4 Chip=2 Sensor=4 SYS=7
 5910105	[INFO]	XnProperty.cpp	151	Property Device.ID was changed to 0.
 5910200	[INFO]	XnSensor.cpp	182	Device sensor initialized
 5910392	[INFO]	XnOpenNI.cpp	1261	Creating node 'Depth1' of type Depth...
 5910483	[INFO]	XnDeviceBase.cpp	1383	Creating stream 'Depth1' of type 'Depth'...
 5910529	[INFO]	XnProperty.cpp	74	Setting Device.ReadData to 1...
 5910606	[INFO]	XnDeviceSensorIO.cpp	298	Endpoints open
 5923076	[INFO]	XnProperty.cpp	151	Property Device.ReadData was changed to 1.
 5923117	[INFO]	XnProperty.cpp	101	Device.ReadData was successfully set.
 5923783	[INFO]	XnProperty.cpp	151	Property Depth1.Resolution was changed to 0.
 5923824	[INFO]	XnProperty.cpp	151	Property Depth1.XRes was changed to 320.
 5923851	[INFO]	XnProperty.cpp	151	Property Depth1.YRes was changed to 240.
 5923879	[INFO]	XnProperty.cpp	151	Property Depth1.FPS was changed to 30.
 5923916	[INFO]	XnProperty.cpp	151	Property Depth1.OutputFormat was changed to 1.
 5923955	[INFO]	XnProperty.cpp	151	Property Depth1.BytesPerPixel was changed to 2.
 5923993	[INFO]	XnProperty.cpp	151	Property Depth1.RequiredDataSize was changed to 153600.
 5924040	[INFO]	XnProperty.cpp	151	Property Depth1.ParamCoeff was changed to 4.
 5924195	[INFO]	XnProperty.cpp	151	Property Depth1.ShiftScale was changed to 10.
 5936823	[INFO]	XnProperty.cpp	151	Property Depth1.ConstShift was changed to 200.
 5936998	[INFO]	XnProperty.cpp	151	Property Depth1.ZPD was changed to 120.
 5937233	[INFO]	XnProperty.cpp	151	Property Depth1.ZPPS was changed to 0.104200.
 5937278	[INFO]	XnProperty.cpp	151	Property Depth1.LDDIS was changed to 7.500000.
 5937467	[INFO]	XnProperty.cpp	151	Property Depth1.Gain was changed to 30.
 5937526	[INFO]	XnDeviceBase.cpp	1458	Stream 'Depth1' was initialized.
 5937560	[INFO]	XnDeviceBase.cpp	1463	'Depth1' stream was created.
 5937870	[INFO]	XnProperty.cpp	74	Setting Depth1.InputFormat to 3...
 5937919	[INFO]	XnProperty.cpp	151	Property Depth1.InputFormat was changed to 3.
 5937944	[INFO]	XnProperty.cpp	101	Depth1.InputFormat was successfully set.
 5938946	[INFO]	XnProperty.cpp	74	Setting Depth1.RegistrationType to 2...
 5938990	[INFO]	XnProperty.cpp	151	Property Depth1.RegistrationType was changed to 2.
 5939015	[INFO]	XnProperty.cpp	101	Depth1.RegistrationType was successfully set.
 5939937	[INFO]	XnDeviceModule.cpp	431	Module 'Depth1' configuration was loaded from file.
 5940215	[INFO]	XnProperty.cpp	74	Setting Depth1.FPS to 30...
 5940250	[INFO]	XnProperty.cpp	101	Depth1.FPS was successfully set.
 5940276	[INFO]	XnProperty.cpp	74	Setting Depth1.YRes to 480...
 5940308	[INFO]	XnProperty.cpp	151	Property Depth1.Resolution was changed to 1.
 5940338	[INFO]	XnProperty.cpp	151	Property Depth1.XRes was changed to 640.
 5940364	[INFO]	XnProperty.cpp	151	Property Depth1.RequiredDataSize was changed to 307200.
 5940386	[INFO]	XnProperty.cpp	151	Property Depth1.YRes was changed to 480.
 5940404	[INFO]	XnProperty.cpp	151	Property Depth1.RequiredDataSize was changed to 614400.
 5940433	[INFO]	XnProperty.cpp	101	Depth1.YRes was successfully set.
 5940457	[INFO]	XnProperty.cpp	74	Setting Depth1.XRes to 640...
 5940479	[INFO]	XnProperty.cpp	86	Depth1.XRes value did not change.
 5940562	[INFO]	XnProperty.cpp	74	Setting Depth1.Mirror to 1...
 5940590	[INFO]	XnProperty.cpp	151	Property Depth1.FirmwareMirror was changed to 1.
 5940944	[INFO]	XnProperty.cpp	151	Property Depth1.Mirror was changed to 1.
 5940969	[INFO]	XnProperty.cpp	101	Depth1.Mirror was successfully set.
 9364528	[INFO]	XnOpenNI.cpp	1261	Creating node 'User1' of type User...
 9389587	[WARNING]	Linux-x86Threads.cpp	173	Failed to set thread priority: Invalid argument
 9389636	[WARNING]	XnUSBLinux-x86.cpp	126	USB events thread: Failed to set thread priority to critical. This might cause loss of data...
 9390538	[INFO]	XnUSBLinux-x86.cpp	1222	USB read thread was started.
 9390562	[INFO]	XnProperty.cpp	151	Property Depth1.ActualReadData was changed to 1.
 9860951	[INFO]	XnProperty.cpp	151	Property Depth1.State was changed to 1.
 9861002	[INFO]	XnDeviceBase.cpp	370	Stream Depth1 is open.
13243398	[INFO]	XnOpenNI.cpp	1261	Creating node 'Image1' of type Image...
13243451	[INFO]	XnDeviceBase.cpp	1383	Creating stream 'Image1' of type 'Image'...
13243659	[INFO]	XnProperty.cpp	151	Property Image1.Resolution was changed to 0.
13243678	[INFO]	XnProperty.cpp	151	Property Image1.XRes was changed to 320.
13243696	[INFO]	XnProperty.cpp	151	Property Image1.YRes was changed to 240.
13243714	[INFO]	XnProperty.cpp	151	Property Image1.FPS was changed to 30.
13243730	[INFO]	XnProperty.cpp	151	Property Image1.OutputFormat was changed to 5.
13243748	[INFO]	XnProperty.cpp	151	Property Image1.BytesPerPixel was changed to 3.
13243765	[INFO]	XnProperty.cpp	151	Property Image1.RequiredDataSize was changed to 230400.
13243801	[INFO]	XnDeviceBase.cpp	1458	Stream 'Image1' was initialized.
13243816	[INFO]	XnDeviceBase.cpp	1463	'Image1' stream was created.
13243921	[INFO]	XnProperty.cpp	74	Setting Image1.InputFormat to 6...
13243945	[INFO]	XnProperty.cpp	151	Property Image1.InputFormat was changed to 6.
13243962	[INFO]	XnProperty.cpp	101	Image1.InputFormat was successfully set.
13244414	[INFO]	XnDeviceModule.cpp	431	Module 'Image1' configuration was loaded from file.
13244522	[INFO]	XnProperty.cpp	74	Setting Image1.FPS to 30...
13244541	[INFO]	XnProperty.cpp	86	Image1.FPS value did not change.
13244558	[INFO]	XnProperty.cpp	74	Setting Image1.YRes to 480...
13244574	[INFO]	XnProperty.cpp	151	Property Image1.Resolution was changed to 1.
13244591	[INFO]	XnProperty.cpp	151	Property Image1.XRes was changed to 640.
13244607	[INFO]	XnProperty.cpp	151	Property Image1.RequiredDataSize was changed to 460800.
13244626	[INFO]	XnProperty.cpp	151	Property Image1.YRes was changed to 480.
13244641	[INFO]	XnProperty.cpp	151	Property Image1.RequiredDataSize was changed to 921600.
13244653	[INFO]	XnProperty.cpp	101	Image1.YRes was successfully set.
13244665	[INFO]	XnProperty.cpp	74	Setting Image1.XRes to 640...
13244681	[INFO]	XnProperty.cpp	86	Image1.XRes value did not change.
13245584	[INFO]	XnUSBLinux-x86.cpp	1222	USB read thread was started.
13245610	[INFO]	XnProperty.cpp	151	Property Image1.ActualReadData was changed to 1.
13426229	[WARNING]	XnDepthProcessor.cpp	133	Read: Depth buffer is corrupt. Size is 513200 (!= 614400)
13426278	[WARNING]	XnFrameStreamProcessor.cpp	132	Depth frame is corrupt!
16445440	[INFO]	XnProperty.cpp	151	Property Image1.State was changed to 1.
16445489	[INFO]	XnDeviceBase.cpp	370	Stream Image1 is open.
16445685	[INFO]	XnProperty.cpp	74	Setting Depth1.Registration to 1...
16466215	[WARNING]	XnDepthProcessor.cpp	133	Read: Depth buffer is corrupt. Size is 590048 (!= 614400)
16466260	[WARNING]	XnFrameStreamProcessor.cpp	132	Depth frame is corrupt!
16597634	[INFO]	XnProperty.cpp	151	Property Depth1.Registration was changed to 1.
16597679	[INFO]	XnProperty.cpp	101	Depth1.Registration was successfully set.
16597732	[INFO]	XnProperty.cpp	74	Setting Image1.Mirror to 1...
16610585	[INFO]	XnProperty.cpp	151	Property Image1.FirmwareMirror was changed to 1.
16610615	[INFO]	XnProperty.cpp	151	Property Image1.Mirror was changed to 1.
16610629	[INFO]	XnProperty.cpp	101	Image1.Mirror was successfully set.
153283317	[INFO]	XnOpenNI.cpp	1459	Destroying node 'User1'
153289825	[INFO]	XnOpenNI.cpp	1459	Destroying node 'Depth1'
153289924	[INFO]	XnDeviceBase.cpp	1507	Destroying stream 'Depth1'...
153290985	[INFO]	XnOpenNI.cpp	1459	Destroying node 'Image1'
153291054	[INFO]	XnDeviceBase.cpp	1507	Destroying stream 'Image1'...
153291999	[INFO]	XnOpenNI.cpp	1459	Destroying node 'Device1'
