  119730	[INFO]	XnLog.cpp	165	OpenNI version is 1.0.0 (Build 25)-MacOSX (Jan  7 2011 14:20:18)
  119787	[INFO]	XnLog.cpp	173	Log system initialized. Console: 1, File: 1, Severity: INFO, Masks: ALL
  119821	[INFO]	XnLog.cpp	173	Log system initialized. Console: 1, File: 1, Severity: INFO, Masks: ALL
  121540	[INFO]	XnUSBLinux-x86.cpp	98	USB is initialized.
 4506601	[INFO]	XnOpenNI.cpp	1261	Creating node 'Device1' of type Device...
 4507527	[INFO]	XnDeviceModule.cpp	431	Module 'Device' configuration was loaded from file.
 5124022	[INFO]	XnDeviceSensorIO.cpp	135	Connected to USB device
 5124084	[INFO]	XnProperty.cpp	151	Property Device.USBPath was changed to 045e/02ae@250/11.
 5131556	[INFO]	XnHostProtocol.cpp	825	Hardware versions: FW=5.1.4 (7) HW=4 Chip=2 Sensor=4 SYS=7
 6537144	[INFO]	XnProperty.cpp	151	Property Device.ID was changed to 0.
 6537214	[INFO]	XnSensor.cpp	182	Device sensor initialized
 6537335	[INFO]	XnOpenNI.cpp	1261	Creating node 'Depth1' of type Depth...
 6537393	[INFO]	XnDeviceBase.cpp	1383	Creating stream 'Depth1' of type 'Depth'...
 6537416	[INFO]	XnProperty.cpp	74	Setting Device.ReadData to 1...
 6537454	[INFO]	XnDeviceSensorIO.cpp	298	Endpoints open
 6549760	[INFO]	XnProperty.cpp	151	Property Device.ReadData was changed to 1.
 6549811	[INFO]	XnProperty.cpp	101	Device.ReadData was successfully set.
 6550130	[INFO]	XnProperty.cpp	151	Property Depth1.Resolution was changed to 0.
 6550151	[INFO]	XnProperty.cpp	151	Property Depth1.XRes was changed to 320.
 6550164	[INFO]	XnProperty.cpp	151	Property Depth1.YRes was changed to 240.
 6550176	[INFO]	XnProperty.cpp	151	Property Depth1.FPS was changed to 30.
 6550187	[INFO]	XnProperty.cpp	151	Property Depth1.OutputFormat was changed to 1.
 6550198	[INFO]	XnProperty.cpp	151	Property Depth1.BytesPerPixel was changed to 2.
 6550209	[INFO]	XnProperty.cpp	151	Property Depth1.RequiredDataSize was changed to 153600.
 6550225	[INFO]	XnProperty.cpp	151	Property Depth1.ParamCoeff was changed to 4.
 6550299	[INFO]	XnProperty.cpp	151	Property Depth1.ShiftScale was changed to 10.
 6562939	[INFO]	XnProperty.cpp	151	Property Depth1.ConstShift was changed to 200.
 6563004	[INFO]	XnProperty.cpp	151	Property Depth1.ZPD was changed to 120.
 6563121	[INFO]	XnProperty.cpp	151	Property Depth1.ZPPS was changed to 0.104200.
 6563147	[INFO]	XnProperty.cpp	151	Property Depth1.LDDIS was changed to 7.500000.
 6563264	[INFO]	XnProperty.cpp	151	Property Depth1.Gain was changed to 30.
 6563300	[INFO]	XnDeviceBase.cpp	1458	Stream 'Depth1' was initialized.
 6563323	[INFO]	XnDeviceBase.cpp	1463	'Depth1' stream was created.
 6563529	[INFO]	XnProperty.cpp	74	Setting Depth1.InputFormat to 3...
 6563559	[INFO]	XnProperty.cpp	151	Property Depth1.InputFormat was changed to 3.
 6563579	[INFO]	XnProperty.cpp	101	Depth1.InputFormat was successfully set.
 6564146	[INFO]	XnProperty.cpp	74	Setting Depth1.RegistrationType to 2...
 6564166	[INFO]	XnProperty.cpp	151	Property Depth1.RegistrationType was changed to 2.
 6564179	[INFO]	XnProperty.cpp	101	Depth1.RegistrationType was successfully set.
 6564731	[INFO]	XnDeviceModule.cpp	431	Module 'Depth1' configuration was loaded from file.
 6564951	[INFO]	XnProperty.cpp	74	Setting Depth1.FPS to 30...
 6564974	[INFO]	XnProperty.cpp	101	Depth1.FPS was successfully set.
 6564993	[INFO]	XnProperty.cpp	74	Setting Depth1.YRes to 480...
 6565015	[INFO]	XnProperty.cpp	151	Property Depth1.Resolution was changed to 1.
 6565037	[INFO]	XnProperty.cpp	151	Property Depth1.XRes was changed to 640.
 6565056	[INFO]	XnProperty.cpp	151	Property Depth1.RequiredDataSize was changed to 307200.
 6565079	[INFO]	XnProperty.cpp	151	Property Depth1.YRes was changed to 480.
 6565097	[INFO]	XnProperty.cpp	151	Property Depth1.RequiredDataSize was changed to 614400.
 6565117	[INFO]	XnProperty.cpp	101	Depth1.YRes was successfully set.
 6565137	[INFO]	XnProperty.cpp	74	Setting Depth1.XRes to 640...
 6565155	[INFO]	XnProperty.cpp	101	Depth1.XRes was successfully set.
 6565219	[INFO]	XnProperty.cpp	74	Setting Depth1.Mirror to 1...
 6565243	[INFO]	XnProperty.cpp	151	Property Depth1.FirmwareMirror was changed to 1.
 6565304	[INFO]	XnProperty.cpp	151	Property Depth1.Mirror was changed to 1.
 6565325	[INFO]	XnProperty.cpp	101	Depth1.Mirror was successfully set.
 9947092	[INFO]	XnOpenNI.cpp	1261	Creating node 'User1' of type User...
 9971441	[WARNING]	Linux-x86Threads.cpp	173	Failed to set thread priority: Invalid argument
 9971490	[WARNING]	XnUSBLinux-x86.cpp	126	USB events thread: Failed to set thread priority to critical. This might cause loss of data...
 9972459	[INFO]	XnUSBLinux-x86.cpp	1222	USB read thread was started.
 9972484	[INFO]	XnProperty.cpp	151	Property Depth1.ActualReadData was changed to 1.
10442796	[INFO]	XnProperty.cpp	151	Property Depth1.State was changed to 1.
10442845	[INFO]	XnDeviceBase.cpp	370	Stream Depth1 is open.
13830661	[INFO]	XnOpenNI.cpp	1261	Creating node 'Image1' of type Image...
13830715	[INFO]	XnDeviceBase.cpp	1383	Creating stream 'Image1' of type 'Image'...
13830928	[INFO]	XnProperty.cpp	151	Property Image1.Resolution was changed to 0.
13830948	[INFO]	XnProperty.cpp	151	Property Image1.XRes was changed to 320.
13830961	[INFO]	XnProperty.cpp	151	Property Image1.YRes was changed to 240.
13830974	[INFO]	XnProperty.cpp	151	Property Image1.FPS was changed to 30.
13830985	[INFO]	XnProperty.cpp	151	Property Image1.OutputFormat was changed to 5.
13830996	[INFO]	XnProperty.cpp	151	Property Image1.BytesPerPixel was changed to 3.
13831008	[INFO]	XnProperty.cpp	151	Property Image1.RequiredDataSize was changed to 230400.
13831036	[INFO]	XnDeviceBase.cpp	1458	Stream 'Image1' was initialized.
13831049	[INFO]	XnDeviceBase.cpp	1463	'Image1' stream was created.
13831154	[INFO]	XnProperty.cpp	74	Setting Image1.InputFormat to 6...
13831181	[INFO]	XnProperty.cpp	151	Property Image1.InputFormat was changed to 6.
13831200	[INFO]	XnProperty.cpp	101	Image1.InputFormat was successfully set.
13831665	[INFO]	XnDeviceModule.cpp	431	Module 'Image1' configuration was loaded from file.
13831781	[INFO]	XnProperty.cpp	74	Setting Image1.FPS to 30...
13831802	[INFO]	XnProperty.cpp	86	Image1.FPS value did not change.
13831822	[INFO]	XnProperty.cpp	74	Setting Image1.YRes to 480...
13831842	[INFO]	XnProperty.cpp	151	Property Image1.Resolution was changed to 1.
13831862	[INFO]	XnProperty.cpp	151	Property Image1.XRes was changed to 640.
13831881	[INFO]	XnProperty.cpp	151	Property Image1.RequiredDataSize was changed to 460800.
13831902	[INFO]	XnProperty.cpp	151	Property Image1.YRes was changed to 480.
13831921	[INFO]	XnProperty.cpp	151	Property Image1.RequiredDataSize was changed to 921600.
13831941	[INFO]	XnProperty.cpp	101	Image1.YRes was successfully set.
13831961	[INFO]	XnProperty.cpp	74	Setting Image1.XRes to 640...
13831977	[INFO]	XnProperty.cpp	86	Image1.XRes value did not change.
13832977	[INFO]	XnUSBLinux-x86.cpp	1222	USB read thread was started.
13833012	[INFO]	XnProperty.cpp	151	Property Image1.ActualReadData was changed to 1.
14011889	[WARNING]	XnDepthProcessor.cpp	133	Read: Depth buffer is corrupt. Size is 551168 (!= 614400)
14011943	[WARNING]	XnFrameStreamProcessor.cpp	132	Depth frame is corrupt!
17033784	[INFO]	XnProperty.cpp	151	Property Image1.State was changed to 1.
17033836	[INFO]	XnDeviceBase.cpp	370	Stream Image1 is open.
17034033	[INFO]	XnProperty.cpp	74	Setting Depth1.Registration to 1...
17186143	[INFO]	XnProperty.cpp	151	Property Depth1.Registration was changed to 1.
17186188	[INFO]	XnProperty.cpp	101	Depth1.Registration was successfully set.
17186237	[INFO]	XnProperty.cpp	74	Setting Image1.Mirror to 1...
17198525	[INFO]	XnProperty.cpp	151	Property Image1.FirmwareMirror was changed to 1.
17198559	[INFO]	XnProperty.cpp	151	Property Image1.Mirror was changed to 1.
17198571	[INFO]	XnProperty.cpp	101	Image1.Mirror was successfully set.
106214406	[INFO]	XnOpenNI.cpp	1459	Destroying node 'User1'
106220806	[INFO]	XnOpenNI.cpp	1459	Destroying node 'Depth1'
106220909	[INFO]	XnDeviceBase.cpp	1507	Destroying stream 'Depth1'...
106222184	[INFO]	XnOpenNI.cpp	1459	Destroying node 'Image1'
106222234	[INFO]	XnDeviceBase.cpp	1507	Destroying stream 'Image1'...
106223228	[INFO]	XnOpenNI.cpp	1459	Destroying node 'Device1'
