    2044	[INFO]	XnLog.cpp	165	OpenNI version is 1.0.0 (Build 25)-MacOSX (Jan  7 2011 14:20:18)
    2091	[INFO]	XnLog.cpp	173	Log system initialized. Console: 1, File: 1, Severity: INFO, Masks: ALL
   45491	[INFO]	XnLog.cpp	173	Log system initialized. Console: 1, File: 1, Severity: INFO, Masks: ALL
   47040	[INFO]	XnUSBLinux-x86.cpp	98	USB is initialized.
 4062611	[INFO]	XnOpenNI.cpp	1261	Creating node 'Device1' of type Device...
 4063525	[INFO]	XnDeviceModule.cpp	431	Module 'Device' configuration was loaded from file.
 4514383	[INFO]	XnDeviceSensorIO.cpp	135	Connected to USB device
 4514438	[INFO]	XnProperty.cpp	151	Property Device.USBPath was changed to 045e/02ae@250/11.
 4521775	[INFO]	XnHostProtocol.cpp	825	Hardware versions: FW=5.1.4 (7) HW=4 Chip=2 Sensor=4 SYS=7
 5938025	[INFO]	XnProperty.cpp	151	Property Device.ID was changed to 0.
 5938084	[INFO]	XnSensor.cpp	182	Device sensor initialized
 5938174	[INFO]	XnOpenNI.cpp	1261	Creating node 'Depth1' of type Depth...
 5938228	[INFO]	XnDeviceBase.cpp	1383	Creating stream 'Depth1' of type 'Depth'...
 5938252	[INFO]	XnProperty.cpp	74	Setting Device.ReadData to 1...
 5938304	[INFO]	XnDeviceSensorIO.cpp	298	Endpoints open
 5950664	[INFO]	XnProperty.cpp	151	Property Device.ReadData was changed to 1.
 5950706	[INFO]	XnProperty.cpp	101	Device.ReadData was successfully set.
 5951063	[INFO]	XnProperty.cpp	151	Property Depth1.Resolution was changed to 0.
 5951085	[INFO]	XnProperty.cpp	151	Property Depth1.XRes was changed to 320.
 5951098	[INFO]	XnProperty.cpp	151	Property Depth1.YRes was changed to 240.
 5951110	[INFO]	XnProperty.cpp	151	Property Depth1.FPS was changed to 30.
 5951124	[INFO]	XnProperty.cpp	151	Property Depth1.OutputFormat was changed to 1.
 5951142	[INFO]	XnProperty.cpp	151	Property Depth1.BytesPerPixel was changed to 2.
 5951161	[INFO]	XnProperty.cpp	151	Property Depth1.RequiredDataSize was changed to 153600.
 5951185	[INFO]	XnProperty.cpp	151	Property Depth1.ParamCoeff was changed to 4.
 5951259	[INFO]	XnProperty.cpp	151	Property Depth1.ShiftScale was changed to 10.
 5963979	[INFO]	XnProperty.cpp	151	Property Depth1.ConstShift was changed to 200.
 5964060	[INFO]	XnProperty.cpp	151	Property Depth1.ZPD was changed to 120.
 5964175	[INFO]	XnProperty.cpp	151	Property Depth1.ZPPS was changed to 0.104200.
 5964194	[INFO]	XnProperty.cpp	151	Property Depth1.LDDIS was changed to 7.500000.
 5964297	[INFO]	XnProperty.cpp	151	Property Depth1.Gain was changed to 30.
 5964339	[INFO]	XnDeviceBase.cpp	1458	Stream 'Depth1' was initialized.
 5964353	[INFO]	XnDeviceBase.cpp	1463	'Depth1' stream was created.
 5964525	[INFO]	XnProperty.cpp	74	Setting Depth1.InputFormat to 3...
 5964550	[INFO]	XnProperty.cpp	151	Property Depth1.InputFormat was changed to 3.
 5964568	[INFO]	XnProperty.cpp	101	Depth1.InputFormat was successfully set.
 5965144	[INFO]	XnProperty.cpp	74	Setting Depth1.RegistrationType to 2...
 5965165	[INFO]	XnProperty.cpp	151	Property Depth1.RegistrationType was changed to 2.
 5965179	[INFO]	XnProperty.cpp	101	Depth1.RegistrationType was successfully set.
 5965789	[INFO]	XnDeviceModule.cpp	431	Module 'Depth1' configuration was loaded from file.
 5965985	[INFO]	XnProperty.cpp	74	Setting Depth1.FPS to 30...
 5966005	[INFO]	XnProperty.cpp	86	Depth1.FPS value did not change.
 5966017	[INFO]	XnProperty.cpp	74	Setting Depth1.YRes to 480...
 5966038	[INFO]	XnProperty.cpp	151	Property Depth1.Resolution was changed to 1.
 5966057	[INFO]	XnProperty.cpp	151	Property Depth1.XRes was changed to 640.
 5966074	[INFO]	XnProperty.cpp	151	Property Depth1.RequiredDataSize was changed to 307200.
 5966090	[INFO]	XnProperty.cpp	151	Property Depth1.YRes was changed to 480.
 5966106	[INFO]	XnProperty.cpp	151	Property Depth1.RequiredDataSize was changed to 614400.
 5966125	[INFO]	XnProperty.cpp	101	Depth1.YRes was successfully set.
 5966143	[INFO]	XnProperty.cpp	74	Setting Depth1.XRes to 640...
 5966159	[INFO]	XnProperty.cpp	86	Depth1.XRes value did not change.
 5966220	[INFO]	XnProperty.cpp	74	Setting Depth1.Mirror to 1...
 5966243	[INFO]	XnProperty.cpp	151	Property Depth1.FirmwareMirror was changed to 1.
 5966301	[INFO]	XnProperty.cpp	151	Property Depth1.Mirror was changed to 1.
 5966321	[INFO]	XnProperty.cpp	101	Depth1.Mirror was successfully set.
 9364171	[INFO]	XnOpenNI.cpp	1261	Creating node 'User1' of type User...
 9389007	[WARNING]	Linux-x86Threads.cpp	173	Failed to set thread priority: Invalid argument
 9389056	[WARNING]	XnUSBLinux-x86.cpp	126	USB events thread: Failed to set thread priority to critical. This might cause loss of data...
 9389842	[INFO]	XnUSBLinux-x86.cpp	1222	USB read thread was started.
 9389867	[INFO]	XnProperty.cpp	151	Property Depth1.ActualReadData was changed to 1.
 9861802	[INFO]	XnProperty.cpp	151	Property Depth1.State was changed to 1.
 9861857	[INFO]	XnDeviceBase.cpp	370	Stream Depth1 is open.
13267504	[INFO]	XnOpenNI.cpp	1261	Creating node 'Image1' of type Image...
13267560	[INFO]	XnDeviceBase.cpp	1383	Creating stream 'Image1' of type 'Image'...
13267765	[INFO]	XnProperty.cpp	151	Property Image1.Resolution was changed to 0.
13267784	[INFO]	XnProperty.cpp	151	Property Image1.XRes was changed to 320.
13267797	[INFO]	XnProperty.cpp	151	Property Image1.YRes was changed to 240.
13267811	[INFO]	XnProperty.cpp	151	Property Image1.FPS was changed to 30.
13267829	[INFO]	XnProperty.cpp	151	Property Image1.OutputFormat was changed to 5.
13267847	[INFO]	XnProperty.cpp	151	Property Image1.BytesPerPixel was changed to 3.
13267865	[INFO]	XnProperty.cpp	151	Property Image1.RequiredDataSize was changed to 230400.
13267905	[INFO]	XnDeviceBase.cpp	1458	Stream 'Image1' was initialized.
13267926	[INFO]	XnDeviceBase.cpp	1463	'Image1' stream was created.
13268063	[INFO]	XnProperty.cpp	74	Setting Image1.InputFormat to 6...
13268092	[INFO]	XnProperty.cpp	151	Property Image1.InputFormat was changed to 6.
13268112	[INFO]	XnProperty.cpp	101	Image1.InputFormat was successfully set.
13268638	[INFO]	XnDeviceModule.cpp	431	Module 'Image1' configuration was loaded from file.
13268742	[INFO]	XnProperty.cpp	74	Setting Image1.FPS to 30...
13268759	[INFO]	XnProperty.cpp	86	Image1.FPS value did not change.
13268770	[INFO]	XnProperty.cpp	74	Setting Image1.YRes to 480...
13268783	[INFO]	XnProperty.cpp	151	Property Image1.Resolution was changed to 1.
13268800	[INFO]	XnProperty.cpp	151	Property Image1.XRes was changed to 640.
13268820	[INFO]	XnProperty.cpp	151	Property Image1.RequiredDataSize was changed to 460800.
13268841	[INFO]	XnProperty.cpp	151	Property Image1.YRes was changed to 480.
13268860	[INFO]	XnProperty.cpp	151	Property Image1.RequiredDataSize was changed to 921600.
13268879	[INFO]	XnProperty.cpp	101	Image1.YRes was successfully set.
13268899	[INFO]	XnProperty.cpp	74	Setting Image1.XRes to 640...
13268915	[INFO]	XnProperty.cpp	86	Image1.XRes value did not change.
13269871	[INFO]	XnUSBLinux-x86.cpp	1222	USB read thread was started.
13269899	[INFO]	XnProperty.cpp	151	Property Image1.ActualReadData was changed to 1.
13461857	[WARNING]	XnDepthProcessor.cpp	133	Read: Depth buffer is corrupt. Size is 545856 (!= 614400)
13461945	[WARNING]	XnFrameStreamProcessor.cpp	132	Depth frame is corrupt!
16365922	[WARNING]	XnDepthProcessor.cpp	133	Read: Depth buffer is corrupt. Size is 564816 (!= 614400)
16365977	[WARNING]	XnFrameStreamProcessor.cpp	132	Depth frame is corrupt!
16471477	[INFO]	XnProperty.cpp	151	Property Image1.State was changed to 1.
16471522	[INFO]	XnDeviceBase.cpp	370	Stream Image1 is open.
16471714	[INFO]	XnProperty.cpp	74	Setting Depth1.Registration to 1...
16497972	[WARNING]	XnDepthProcessor.cpp	133	Read: Depth buffer is corrupt. Size is 588784 (!= 614400)
16498029	[WARNING]	XnFrameStreamProcessor.cpp	132	Depth frame is corrupt!
16623102	[INFO]	XnProperty.cpp	151	Property Depth1.Registration was changed to 1.
16623168	[INFO]	XnProperty.cpp	101	Depth1.Registration was successfully set.
16623230	[INFO]	XnProperty.cpp	74	Setting Image1.Mirror to 1...
16635876	[INFO]	XnProperty.cpp	151	Property Image1.FirmwareMirror was changed to 1.
16635917	[INFO]	XnProperty.cpp	151	Property Image1.Mirror was changed to 1.
16635930	[INFO]	XnProperty.cpp	101	Image1.Mirror was successfully set.
44098373	[INFO]	XnOpenNI.cpp	1459	Destroying node 'User1'
44105901	[INFO]	XnOpenNI.cpp	1459	Destroying node 'Depth1'
44106004	[INFO]	XnDeviceBase.cpp	1507	Destroying stream 'Depth1'...
44107303	[INFO]	XnOpenNI.cpp	1459	Destroying node 'Image1'
44107339	[INFO]	XnDeviceBase.cpp	1507	Destroying stream 'Image1'...
44108268	[INFO]	XnOpenNI.cpp	1459	Destroying node 'Device1'
