    2020	[INFO]	XnLog.cpp	165	OpenNI version is 1.0.0 (Build 25)-MacOSX (Jan  7 2011 14:20:18)
    2069	[INFO]	XnLog.cpp	173	Log system initialized. Console: 1, File: 1, Severity: INFO, Masks: ALL
    2094	[INFO]	XnLog.cpp	173	Log system initialized. Console: 1, File: 1, Severity: INFO, Masks: ALL
    3539	[INFO]	XnUSBLinux-x86.cpp	98	USB is initialized.
 4163659	[INFO]	XnOpenNI.cpp	1261	Creating node 'Device1' of type Device...
 4184126	[INFO]	XnDeviceModule.cpp	431	Module 'Device' configuration was loaded from file.
 4635230	[INFO]	XnDeviceSensorIO.cpp	135	Connected to USB device
 4635284	[INFO]	XnProperty.cpp	151	Property Device.USBPath was changed to 045e/02ae@250/11.
 4642765	[INFO]	XnHostProtocol.cpp	825	Hardware versions: FW=5.1.4 (7) HW=4 Chip=2 Sensor=4 SYS=7
 6053352	[INFO]	XnProperty.cpp	151	Property Device.ID was changed to 0.
 6053405	[INFO]	XnSensor.cpp	182	Device sensor initialized
 6053494	[INFO]	XnOpenNI.cpp	1261	Creating node 'Depth1' of type Depth...
 6053547	[INFO]	XnDeviceBase.cpp	1383	Creating stream 'Depth1' of type 'Depth'...
 6053573	[INFO]	XnProperty.cpp	74	Setting Device.ReadData to 1...
 6053617	[INFO]	XnDeviceSensorIO.cpp	298	Endpoints open
 6065879	[INFO]	XnProperty.cpp	151	Property Device.ReadData was changed to 1.
 6065928	[INFO]	XnProperty.cpp	101	Device.ReadData was successfully set.
 6066436	[INFO]	XnProperty.cpp	151	Property Depth1.Resolution was changed to 0.
 6066469	[INFO]	XnProperty.cpp	151	Property Depth1.XRes was changed to 320.
 6066490	[INFO]	XnProperty.cpp	151	Property Depth1.YRes was changed to 240.
 6066510	[INFO]	XnProperty.cpp	151	Property Depth1.FPS was changed to 30.
 6066528	[INFO]	XnProperty.cpp	151	Property Depth1.OutputFormat was changed to 1.
 6066546	[INFO]	XnProperty.cpp	151	Property Depth1.BytesPerPixel was changed to 2.
 6066564	[INFO]	XnProperty.cpp	151	Property Depth1.RequiredDataSize was changed to 153600.
 6066588	[INFO]	XnProperty.cpp	151	Property Depth1.ParamCoeff was changed to 4.
 6066664	[INFO]	XnProperty.cpp	151	Property Depth1.ShiftScale was changed to 10.
 6079047	[INFO]	XnProperty.cpp	151	Property Depth1.ConstShift was changed to 200.
 6079149	[INFO]	XnProperty.cpp	151	Property Depth1.ZPD was changed to 120.
 6079282	[INFO]	XnProperty.cpp	151	Property Depth1.ZPPS was changed to 0.104200.
 6079308	[INFO]	XnProperty.cpp	151	Property Depth1.LDDIS was changed to 7.500000.
 6079428	[INFO]	XnProperty.cpp	151	Property Depth1.Gain was changed to 30.
 6079476	[INFO]	XnDeviceBase.cpp	1458	Stream 'Depth1' was initialized.
 6079498	[INFO]	XnDeviceBase.cpp	1463	'Depth1' stream was created.
 6079710	[INFO]	XnProperty.cpp	74	Setting Depth1.InputFormat to 3...
 6079740	[INFO]	XnProperty.cpp	151	Property Depth1.InputFormat was changed to 3.
 6079761	[INFO]	XnProperty.cpp	101	Depth1.InputFormat was successfully set.
 6080254	[INFO]	XnProperty.cpp	74	Setting Depth1.RegistrationType to 2...
 6080274	[INFO]	XnProperty.cpp	151	Property Depth1.RegistrationType was changed to 2.
 6080292	[INFO]	XnProperty.cpp	101	Depth1.RegistrationType was successfully set.
 6080829	[INFO]	XnDeviceModule.cpp	431	Module 'Depth1' configuration was loaded from file.
 6081043	[INFO]	XnProperty.cpp	74	Setting Depth1.FPS to 30...
 6081070	[INFO]	XnProperty.cpp	86	Depth1.FPS value did not change.
 6081090	[INFO]	XnProperty.cpp	74	Setting Depth1.YRes to 480...
 6081113	[INFO]	XnProperty.cpp	151	Property Depth1.Resolution was changed to 1.
 6081133	[INFO]	XnProperty.cpp	151	Property Depth1.XRes was changed to 640.
 6081152	[INFO]	XnProperty.cpp	151	Property Depth1.RequiredDataSize was changed to 307200.
 6081174	[INFO]	XnProperty.cpp	151	Property Depth1.YRes was changed to 480.
 6081194	[INFO]	XnProperty.cpp	151	Property Depth1.RequiredDataSize was changed to 614400.
 6081215	[INFO]	XnProperty.cpp	101	Depth1.YRes was successfully set.
 6081234	[INFO]	XnProperty.cpp	74	Setting Depth1.XRes to 640...
 6081251	[INFO]	XnProperty.cpp	86	Depth1.XRes value did not change.
 6081313	[INFO]	XnProperty.cpp	74	Setting Depth1.Mirror to 1...
 6081337	[INFO]	XnProperty.cpp	151	Property Depth1.FirmwareMirror was changed to 1.
 6081404	[INFO]	XnProperty.cpp	151	Property Depth1.Mirror was changed to 1.
 6081423	[INFO]	XnProperty.cpp	101	Depth1.Mirror was successfully set.
 9483326	[INFO]	XnOpenNI.cpp	1261	Creating node 'User1' of type User...
 9604787	[WARNING]	Linux-x86Threads.cpp	173	Failed to set thread priority: Invalid argument
 9604842	[WARNING]	XnUSBLinux-x86.cpp	126	USB events thread: Failed to set thread priority to critical. This might cause loss of data...
 9605774	[INFO]	XnUSBLinux-x86.cpp	1222	USB read thread was started.
 9605799	[INFO]	XnProperty.cpp	151	Property Depth1.ActualReadData was changed to 1.
10076332	[INFO]	XnProperty.cpp	151	Property Depth1.State was changed to 1.
10076382	[INFO]	XnDeviceBase.cpp	370	Stream Depth1 is open.
13479357	[INFO]	XnOpenNI.cpp	1261	Creating node 'Image1' of type Image...
13479420	[INFO]	XnDeviceBase.cpp	1383	Creating stream 'Image1' of type 'Image'...
13479660	[INFO]	XnProperty.cpp	151	Property Image1.Resolution was changed to 0.
13479690	[INFO]	XnProperty.cpp	151	Property Image1.XRes was changed to 320.
13479710	[INFO]	XnProperty.cpp	151	Property Image1.YRes was changed to 240.
13479728	[INFO]	XnProperty.cpp	151	Property Image1.FPS was changed to 30.
13479748	[INFO]	XnProperty.cpp	151	Property Image1.OutputFormat was changed to 5.
13479766	[INFO]	XnProperty.cpp	151	Property Image1.BytesPerPixel was changed to 3.
13479783	[INFO]	XnProperty.cpp	151	Property Image1.RequiredDataSize was changed to 230400.
13479821	[INFO]	XnDeviceBase.cpp	1458	Stream 'Image1' was initialized.
13479839	[INFO]	XnDeviceBase.cpp	1463	'Image1' stream was created.
13479960	[INFO]	XnProperty.cpp	74	Setting Image1.InputFormat to 6...
13479986	[INFO]	XnProperty.cpp	151	Property Image1.InputFormat was changed to 6.
13480003	[INFO]	XnProperty.cpp	101	Image1.InputFormat was successfully set.
13480531	[INFO]	XnDeviceModule.cpp	431	Module 'Image1' configuration was loaded from file.
13480644	[INFO]	XnProperty.cpp	74	Setting Image1.FPS to 30...
13480665	[INFO]	XnProperty.cpp	86	Image1.FPS value did not change.
13480683	[INFO]	XnProperty.cpp	74	Setting Image1.YRes to 480...
13480700	[INFO]	XnProperty.cpp	151	Property Image1.Resolution was changed to 1.
13480717	[INFO]	XnProperty.cpp	151	Property Image1.XRes was changed to 640.
13480736	[INFO]	XnProperty.cpp	151	Property Image1.RequiredDataSize was changed to 460800.
13480757	[INFO]	XnProperty.cpp	151	Property Image1.YRes was changed to 480.
13480777	[INFO]	XnProperty.cpp	151	Property Image1.RequiredDataSize was changed to 921600.
13480797	[INFO]	XnProperty.cpp	101	Image1.YRes was successfully set.
13480816	[INFO]	XnProperty.cpp	74	Setting Image1.XRes to 640...
13480833	[INFO]	XnProperty.cpp	86	Image1.XRes value did not change.
13481853	[INFO]	XnUSBLinux-x86.cpp	1222	USB read thread was started.
13481881	[INFO]	XnProperty.cpp	151	Property Image1.ActualReadData was changed to 1.
13541484	[WARNING]	XnDepthProcessor.cpp	133	Read: Depth buffer is corrupt. Size is 599696 (!= 614400)
13541535	[WARNING]	XnFrameStreamProcessor.cpp	132	Depth frame is corrupt!
13677415	[WARNING]	XnDepthProcessor.cpp	133	Read: Depth buffer is corrupt. Size is 563536 (!= 614400)
13677463	[WARNING]	XnFrameStreamProcessor.cpp	132	Depth frame is corrupt!
16682923	[INFO]	XnProperty.cpp	151	Property Image1.State was changed to 1.
16682968	[INFO]	XnDeviceBase.cpp	370	Stream Image1 is open.
16683171	[INFO]	XnProperty.cpp	74	Setting Depth1.Registration to 1...
16839522	[INFO]	XnProperty.cpp	151	Property Depth1.Registration was changed to 1.
16839574	[INFO]	XnProperty.cpp	101	Depth1.Registration was successfully set.
16839632	[INFO]	XnProperty.cpp	74	Setting Image1.Mirror to 1...
16851773	[INFO]	XnProperty.cpp	151	Property Image1.FirmwareMirror was changed to 1.
16851819	[INFO]	XnProperty.cpp	151	Property Image1.Mirror was changed to 1.
16851837	[INFO]	XnProperty.cpp	101	Image1.Mirror was successfully set.
97648702	[INFO]	XnOpenNI.cpp	1459	Destroying node 'User1'
97656495	[INFO]	XnOpenNI.cpp	1459	Destroying node 'Depth1'
97656756	[INFO]	XnDeviceBase.cpp	1507	Destroying stream 'Depth1'...
97658216	[INFO]	XnOpenNI.cpp	1459	Destroying node 'Image1'
97658301	[INFO]	XnDeviceBase.cpp	1507	Destroying stream 'Image1'...
97659398	[INFO]	XnOpenNI.cpp	1459	Destroying node 'Device1'
