    2759	[INFO]	XnLog.cpp	165	OpenNI version is 1.0.0 (Build 25)-MacOSX (Jan  7 2011 14:20:18)
    2819	[INFO]	XnLog.cpp	173	Log system initialized. Console: 1, File: 1, Severity: INFO, Masks: ALL
    2855	[INFO]	XnLog.cpp	173	Log system initialized. Console: 1, File: 1, Severity: INFO, Masks: ALL
   51635	[INFO]	XnUSBLinux-x86.cpp	98	USB is initialized.
 4073424	[INFO]	XnOpenNI.cpp	1261	Creating node 'Device1' of type Device...
 4074764	[INFO]	XnDeviceModule.cpp	431	Module 'Device' configuration was loaded from file.
 4530359	[INFO]	XnDeviceSensorIO.cpp	135	Connected to USB device
 4530417	[INFO]	XnProperty.cpp	151	Property Device.USBPath was changed to 045e/02ae@250/11.
 4538086	[INFO]	XnHostProtocol.cpp	825	Hardware versions: FW=5.1.4 (7) HW=4 Chip=2 Sensor=4 SYS=7
 5950349	[INFO]	XnProperty.cpp	151	Property Device.ID was changed to 0.
 5950483	[INFO]	XnSensor.cpp	182	Device sensor initialized
 5950643	[INFO]	XnOpenNI.cpp	1261	Creating node 'Depth1' of type Depth...
 5950718	[INFO]	XnDeviceBase.cpp	1383	Creating stream 'Depth1' of type 'Depth'...
 5950750	[INFO]	XnProperty.cpp	74	Setting Device.ReadData to 1...
 5950819	[INFO]	XnDeviceSensorIO.cpp	298	Endpoints open
 5963562	[INFO]	XnProperty.cpp	151	Property Device.ReadData was changed to 1.
 5963611	[INFO]	XnProperty.cpp	101	Device.ReadData was successfully set.
 5964406	[INFO]	XnProperty.cpp	151	Property Depth1.Resolution was changed to 0.
 5964447	[INFO]	XnProperty.cpp	151	Property Depth1.XRes was changed to 320.
 5964474	[INFO]	XnProperty.cpp	151	Property Depth1.YRes was changed to 240.
 5964500	[INFO]	XnProperty.cpp	151	Property Depth1.FPS was changed to 30.
 5964536	[INFO]	XnProperty.cpp	151	Property Depth1.OutputFormat was changed to 1.
 5964575	[INFO]	XnProperty.cpp	151	Property Depth1.BytesPerPixel was changed to 2.
 5964613	[INFO]	XnProperty.cpp	151	Property Depth1.RequiredDataSize was changed to 153600.
 5964659	[INFO]	XnProperty.cpp	151	Property Depth1.ParamCoeff was changed to 4.
 5964809	[INFO]	XnProperty.cpp	151	Property Depth1.ShiftScale was changed to 10.
 5977558	[INFO]	XnProperty.cpp	151	Property Depth1.ConstShift was changed to 200.
 5977700	[INFO]	XnProperty.cpp	151	Property Depth1.ZPD was changed to 120.
 5977918	[INFO]	XnProperty.cpp	151	Property Depth1.ZPPS was changed to 0.104200.
 5977955	[INFO]	XnProperty.cpp	151	Property Depth1.LDDIS was changed to 7.500000.
 5978168	[INFO]	XnProperty.cpp	151	Property Depth1.Gain was changed to 30.
 5978221	[INFO]	XnDeviceBase.cpp	1458	Stream 'Depth1' was initialized.
 5978258	[INFO]	XnDeviceBase.cpp	1463	'Depth1' stream was created.
 5978522	[INFO]	XnProperty.cpp	74	Setting Depth1.InputFormat to 3...
 5978554	[INFO]	XnProperty.cpp	151	Property Depth1.InputFormat was changed to 3.
 5978580	[INFO]	XnProperty.cpp	101	Depth1.InputFormat was successfully set.
 5979345	[INFO]	XnProperty.cpp	74	Setting Depth1.RegistrationType to 2...
 5979373	[INFO]	XnProperty.cpp	151	Property Depth1.RegistrationType was changed to 2.
 5979395	[INFO]	XnProperty.cpp	101	Depth1.RegistrationType was successfully set.
 5980230	[INFO]	XnDeviceModule.cpp	431	Module 'Depth1' configuration was loaded from file.
 5980464	[INFO]	XnProperty.cpp	74	Setting Depth1.FPS to 30...
 5980494	[INFO]	XnProperty.cpp	86	Depth1.FPS value did not change.
 5980515	[INFO]	XnProperty.cpp	74	Setting Depth1.YRes to 480...
 5980548	[INFO]	XnProperty.cpp	151	Property Depth1.Resolution was changed to 1.
 5980577	[INFO]	XnProperty.cpp	151	Property Depth1.XRes was changed to 640.
 5980604	[INFO]	XnProperty.cpp	151	Property Depth1.RequiredDataSize was changed to 307200.
 5980637	[INFO]	XnProperty.cpp	151	Property Depth1.YRes was changed to 480.
 5980667	[INFO]	XnProperty.cpp	151	Property Depth1.RequiredDataSize was changed to 614400.
 5980697	[INFO]	XnProperty.cpp	101	Depth1.YRes was successfully set.
 5980728	[INFO]	XnProperty.cpp	74	Setting Depth1.XRes to 640...
 5980781	[INFO]	XnProperty.cpp	86	Depth1.XRes value did not change.
 5980864	[INFO]	XnProperty.cpp	74	Setting Depth1.Mirror to 1...
 5980893	[INFO]	XnProperty.cpp	151	Property Depth1.FirmwareMirror was changed to 1.
 5980972	[INFO]	XnProperty.cpp	151	Property Depth1.Mirror was changed to 1.
 5980998	[INFO]	XnProperty.cpp	101	Depth1.Mirror was successfully set.
 9405772	[INFO]	XnOpenNI.cpp	1261	Creating node 'User1' of type User...
 9430854	[WARNING]	Linux-x86Threads.cpp	173	Failed to set thread priority: Invalid argument
 9430903	[WARNING]	XnUSBLinux-x86.cpp	126	USB events thread: Failed to set thread priority to critical. This might cause loss of data...
 9431781	[INFO]	XnUSBLinux-x86.cpp	1222	USB read thread was started.
 9431805	[INFO]	XnProperty.cpp	151	Property Depth1.ActualReadData was changed to 1.
 9902055	[INFO]	XnProperty.cpp	151	Property Depth1.State was changed to 1.
 9902100	[INFO]	XnDeviceBase.cpp	370	Stream Depth1 is open.
13282605	[INFO]	XnOpenNI.cpp	1261	Creating node 'Image1' of type Image...
13282659	[INFO]	XnDeviceBase.cpp	1383	Creating stream 'Image1' of type 'Image'...
13282818	[INFO]	XnProperty.cpp	151	Property Image1.Resolution was changed to 0.
13282837	[INFO]	XnProperty.cpp	151	Property Image1.XRes was changed to 320.
13282849	[INFO]	XnProperty.cpp	151	Property Image1.YRes was changed to 240.
13282861	[INFO]	XnProperty.cpp	151	Property Image1.FPS was changed to 30.
13282872	[INFO]	XnProperty.cpp	151	Property Image1.OutputFormat was changed to 5.
13282883	[INFO]	XnProperty.cpp	151	Property Image1.BytesPerPixel was changed to 3.
13282901	[INFO]	XnProperty.cpp	151	Property Image1.RequiredDataSize was changed to 230400.
13282939	[INFO]	XnDeviceBase.cpp	1458	Stream 'Image1' was initialized.
13282959	[INFO]	XnDeviceBase.cpp	1463	'Image1' stream was created.
13283090	[INFO]	XnProperty.cpp	74	Setting Image1.InputFormat to 6...
13283118	[INFO]	XnProperty.cpp	151	Property Image1.InputFormat was changed to 6.
13283143	[INFO]	XnProperty.cpp	101	Image1.InputFormat was successfully set.
13283688	[INFO]	XnDeviceModule.cpp	431	Module 'Image1' configuration was loaded from file.
13283775	[INFO]	XnProperty.cpp	74	Setting Image1.FPS to 30...
13283796	[INFO]	XnProperty.cpp	101	Image1.FPS was successfully set.
13283809	[INFO]	XnProperty.cpp	74	Setting Image1.YRes to 480...
13283827	[INFO]	XnProperty.cpp	151	Property Image1.Resolution was changed to 1.
13283841	[INFO]	XnProperty.cpp	151	Property Image1.XRes was changed to 640.
13283858	[INFO]	XnProperty.cpp	151	Property Image1.RequiredDataSize was changed to 460800.
13283878	[INFO]	XnProperty.cpp	151	Property Image1.YRes was changed to 480.
13283896	[INFO]	XnProperty.cpp	151	Property Image1.RequiredDataSize was changed to 921600.
13283916	[INFO]	XnProperty.cpp	101	Image1.YRes was successfully set.
13283936	[INFO]	XnProperty.cpp	74	Setting Image1.XRes to 640...
13283952	[INFO]	XnProperty.cpp	101	Image1.XRes was successfully set.
13284846	[INFO]	XnUSBLinux-x86.cpp	1222	USB read thread was started.
13284875	[INFO]	XnProperty.cpp	151	Property Image1.ActualReadData was changed to 1.
13471119	[WARNING]	XnDepthProcessor.cpp	133	Read: Depth buffer is corrupt. Size is 546768 (!= 614400)
13471169	[WARNING]	XnFrameStreamProcessor.cpp	132	Depth frame is corrupt!
16486257	[INFO]	XnProperty.cpp	151	Property Image1.State was changed to 1.
16486303	[INFO]	XnDeviceBase.cpp	370	Stream Image1 is open.
16486488	[INFO]	XnProperty.cpp	74	Setting Depth1.Registration to 1...
16507171	[WARNING]	XnDepthProcessor.cpp	133	Read: Depth buffer is corrupt. Size is 591440 (!= 614400)
16507218	[WARNING]	XnFrameStreamProcessor.cpp	132	Depth frame is corrupt!
16638507	[INFO]	XnProperty.cpp	151	Property Depth1.Registration was changed to 1.
16638552	[INFO]	XnProperty.cpp	101	Depth1.Registration was successfully set.
16638604	[INFO]	XnProperty.cpp	74	Setting Image1.Mirror to 1...
16651185	[INFO]	XnProperty.cpp	151	Property Image1.FirmwareMirror was changed to 1.
16651224	[INFO]	XnProperty.cpp	151	Property Image1.Mirror was changed to 1.
16651241	[INFO]	XnProperty.cpp	101	Image1.Mirror was successfully set.
