   35374	[INFO]	XnLog.cpp	165	OpenNI version is 1.0.0 (Build 25)-MacOSX (Jan  7 2011 14:20:18)
   35439	[INFO]	XnLog.cpp	173	Log system initialized. Console: 1, File: 1, Severity: INFO, Masks: ALL
   35475	[INFO]	XnLog.cpp	173	Log system initialized. Console: 1, File: 1, Severity: INFO, Masks: ALL
   39302	[INFO]	XnUSBLinux-x86.cpp	98	USB is initialized.
 4056811	[INFO]	XnOpenNI.cpp	1261	Creating node 'Device1' of type Device...
 4058035	[INFO]	XnDeviceModule.cpp	431	Module 'Device' configuration was loaded from file.
 4512709	[INFO]	XnDeviceSensorIO.cpp	135	Connected to USB device
 4512761	[INFO]	XnProperty.cpp	151	Property Device.USBPath was changed to 045e/02ae@250/11.
 4520276	[INFO]	XnHostProtocol.cpp	825	Hardware versions: FW=5.1.4 (7) HW=4 Chip=2 Sensor=4 SYS=7
 5933808	[INFO]	XnProperty.cpp	151	Property Device.ID was changed to 0.
 5933897	[INFO]	XnSensor.cpp	182	Device sensor initialized
 5934036	[INFO]	XnOpenNI.cpp	1261	Creating node 'Depth1' of type Depth...
 5934125	[INFO]	XnDeviceBase.cpp	1383	Creating stream 'Depth1' of type 'Depth'...
 5934172	[INFO]	XnProperty.cpp	74	Setting Device.ReadData to 1...
 5934247	[INFO]	XnDeviceSensorIO.cpp	298	Endpoints open
 5946802	[INFO]	XnProperty.cpp	151	Property Device.ReadData was changed to 1.
 5946834	[INFO]	XnProperty.cpp	101	Device.ReadData was successfully set.
 5947441	[INFO]	XnProperty.cpp	151	Property Depth1.Resolution was changed to 0.
 5947475	[INFO]	XnProperty.cpp	151	Property Depth1.XRes was changed to 320.
 5947496	[INFO]	XnProperty.cpp	151	Property Depth1.YRes was changed to 240.
 5947516	[INFO]	XnProperty.cpp	151	Property Depth1.FPS was changed to 30.
 5947542	[INFO]	XnProperty.cpp	151	Property Depth1.OutputFormat was changed to 1.
 5947572	[INFO]	XnProperty.cpp	151	Property Depth1.BytesPerPixel was changed to 2.
 5947603	[INFO]	XnProperty.cpp	151	Property Depth1.RequiredDataSize was changed to 153600.
 5947640	[INFO]	XnProperty.cpp	151	Property Depth1.ParamCoeff was changed to 4.
 5947760	[INFO]	XnProperty.cpp	151	Property Depth1.ShiftScale was changed to 10.
 5960179	[INFO]	XnProperty.cpp	151	Property Depth1.ConstShift was changed to 200.
 5960283	[INFO]	XnProperty.cpp	151	Property Depth1.ZPD was changed to 120.
 5960467	[INFO]	XnProperty.cpp	151	Property Depth1.ZPPS was changed to 0.104200.
 5960506	[INFO]	XnProperty.cpp	151	Property Depth1.LDDIS was changed to 7.500000.
 5960691	[INFO]	XnProperty.cpp	151	Property Depth1.Gain was changed to 30.
 5960748	[INFO]	XnDeviceBase.cpp	1458	Stream 'Depth1' was initialized.
 5960781	[INFO]	XnDeviceBase.cpp	1463	'Depth1' stream was created.
 5961089	[INFO]	XnProperty.cpp	74	Setting Depth1.InputFormat to 3...
 5961137	[INFO]	XnProperty.cpp	151	Property Depth1.InputFormat was changed to 3.
 5961168	[INFO]	XnProperty.cpp	101	Depth1.InputFormat was successfully set.
 5961912	[INFO]	XnProperty.cpp	74	Setting Depth1.RegistrationType to 2...
 5961938	[INFO]	XnProperty.cpp	151	Property Depth1.RegistrationType was changed to 2.
 5961954	[INFO]	XnProperty.cpp	101	Depth1.RegistrationType was successfully set.
 5962742	[INFO]	XnDeviceModule.cpp	431	Module 'Depth1' configuration was loaded from file.
 5962998	[INFO]	XnProperty.cpp	74	Setting Depth1.FPS to 30...
 5963033	[INFO]	XnProperty.cpp	86	Depth1.FPS value did not change.
 5963059	[INFO]	XnProperty.cpp	74	Setting Depth1.YRes to 480...
 5963089	[INFO]	XnProperty.cpp	151	Property Depth1.Resolution was changed to 1.
 5963115	[INFO]	XnProperty.cpp	151	Property Depth1.XRes was changed to 640.
 5963140	[INFO]	XnProperty.cpp	151	Property Depth1.RequiredDataSize was changed to 307200.
 5963167	[INFO]	XnProperty.cpp	151	Property Depth1.YRes was changed to 480.
 5963192	[INFO]	XnProperty.cpp	151	Property Depth1.RequiredDataSize was changed to 614400.
 5963219	[INFO]	XnProperty.cpp	101	Depth1.YRes was successfully set.
 5963245	[INFO]	XnProperty.cpp	74	Setting Depth1.XRes to 640...
 5963268	[INFO]	XnProperty.cpp	86	Depth1.XRes value did not change.
 5963343	[INFO]	XnProperty.cpp	74	Setting Depth1.Mirror to 1...
 5963374	[INFO]	XnProperty.cpp	151	Property Depth1.FirmwareMirror was changed to 1.
 5963445	[INFO]	XnProperty.cpp	151	Property Depth1.Mirror was changed to 1.
 5963469	[INFO]	XnProperty.cpp	101	Depth1.Mirror was successfully set.
 9385978	[INFO]	XnOpenNI.cpp	1261	Creating node 'User1' of type User...
 9411116	[WARNING]	Linux-x86Threads.cpp	173	Failed to set thread priority: Invalid argument
 9411165	[WARNING]	XnUSBLinux-x86.cpp	126	USB events thread: Failed to set thread priority to critical. This might cause loss of data...
 9412037	[INFO]	XnUSBLinux-x86.cpp	1222	USB read thread was started.
 9412061	[INFO]	XnProperty.cpp	151	Property Depth1.ActualReadData was changed to 1.
 9882336	[INFO]	XnProperty.cpp	151	Property Depth1.State was changed to 1.
 9882376	[INFO]	XnDeviceBase.cpp	370	Stream Depth1 is open.
13263094	[INFO]	XnOpenNI.cpp	1261	Creating node 'Image1' of type Image...
13263148	[INFO]	XnDeviceBase.cpp	1383	Creating stream 'Image1' of type 'Image'...
13263365	[INFO]	XnProperty.cpp	151	Property Image1.Resolution was changed to 0.
13263390	[INFO]	XnProperty.cpp	151	Property Image1.XRes was changed to 320.
13263409	[INFO]	XnProperty.cpp	151	Property Image1.YRes was changed to 240.
13263428	[INFO]	XnProperty.cpp	151	Property Image1.FPS was changed to 30.
13263446	[INFO]	XnProperty.cpp	151	Property Image1.OutputFormat was changed to 5.
13263462	[INFO]	XnProperty.cpp	151	Property Image1.BytesPerPixel was changed to 3.
13263480	[INFO]	XnProperty.cpp	151	Property Image1.RequiredDataSize was changed to 230400.
13263520	[INFO]	XnDeviceBase.cpp	1458	Stream 'Image1' was initialized.
13263542	[INFO]	XnDeviceBase.cpp	1463	'Image1' stream was created.
13263690	[INFO]	XnProperty.cpp	74	Setting Image1.InputFormat to 6...
13263721	[INFO]	XnProperty.cpp	151	Property Image1.InputFormat was changed to 6.
13263742	[INFO]	XnProperty.cpp	101	Image1.InputFormat was successfully set.
13264319	[INFO]	XnDeviceModule.cpp	431	Module 'Image1' configuration was loaded from file.
13264415	[INFO]	XnProperty.cpp	74	Setting Image1.FPS to 30...
13264433	[INFO]	XnProperty.cpp	86	Image1.FPS value did not change.
13264445	[INFO]	XnProperty.cpp	74	Setting Image1.YRes to 480...
13264461	[INFO]	XnProperty.cpp	151	Property Image1.Resolution was changed to 1.
13264477	[INFO]	XnProperty.cpp	151	Property Image1.XRes was changed to 640.
13264492	[INFO]	XnProperty.cpp	151	Property Image1.RequiredDataSize was changed to 460800.
13264511	[INFO]	XnProperty.cpp	151	Property Image1.YRes was changed to 480.
13264528	[INFO]	XnProperty.cpp	151	Property Image1.RequiredDataSize was changed to 921600.
13264545	[INFO]	XnProperty.cpp	101	Image1.YRes was successfully set.
13264560	[INFO]	XnProperty.cpp	74	Setting Image1.XRes to 640...
13264571	[INFO]	XnProperty.cpp	86	Image1.XRes value did not change.
13265462	[INFO]	XnUSBLinux-x86.cpp	1222	USB read thread was started.
13265490	[INFO]	XnProperty.cpp	151	Property Image1.ActualReadData was changed to 1.
13448219	[WARNING]	XnDepthProcessor.cpp	133	Read: Depth buffer is corrupt. Size is 523680 (!= 614400)
13448270	[WARNING]	XnFrameStreamProcessor.cpp	132	Depth frame is corrupt!
16352188	[WARNING]	XnDepthProcessor.cpp	133	Read: Depth buffer is corrupt. Size is 596992 (!= 614400)
16352235	[WARNING]	XnFrameStreamProcessor.cpp	132	Depth frame is corrupt!
16466044	[INFO]	XnProperty.cpp	151	Property Image1.State was changed to 1.
16466097	[INFO]	XnDeviceBase.cpp	370	Stream Image1 is open.
16466291	[INFO]	XnProperty.cpp	74	Setting Depth1.Registration to 1...
16488200	[WARNING]	XnDepthProcessor.cpp	133	Read: Depth buffer is corrupt. Size is 590320 (!= 614400)
16488245	[WARNING]	XnFrameStreamProcessor.cpp	132	Depth frame is corrupt!
16618924	[INFO]	XnProperty.cpp	151	Property Depth1.Registration was changed to 1.
16618969	[INFO]	XnProperty.cpp	101	Depth1.Registration was successfully set.
16619016	[INFO]	XnProperty.cpp	74	Setting Image1.Mirror to 1...
16631544	[INFO]	XnProperty.cpp	151	Property Image1.FirmwareMirror was changed to 1.
16631577	[INFO]	XnProperty.cpp	151	Property Image1.Mirror was changed to 1.
16631590	[INFO]	XnProperty.cpp	101	Image1.Mirror was successfully set.
32024837	[INFO]	XnOpenNI.cpp	1459	Destroying node 'User1'
32031285	[INFO]	XnOpenNI.cpp	1459	Destroying node 'Depth1'
32031390	[INFO]	XnDeviceBase.cpp	1507	Destroying stream 'Depth1'...
32032495	[INFO]	XnOpenNI.cpp	1459	Destroying node 'Image1'
32032532	[INFO]	XnDeviceBase.cpp	1507	Destroying stream 'Image1'...
32033461	[INFO]	XnOpenNI.cpp	1459	Destroying node 'Device1'
