   37798	[INFO]	XnLog.cpp	165	OpenNI version is 1.0.0 (Build 25)-MacOSX (Jan  7 2011 14:20:18)
   37844	[INFO]	XnLog.cpp	173	Log system initialized. Console: 1, File: 1, Severity: INFO, Masks: ALL
   37868	[INFO]	XnLog.cpp	173	Log system initialized. Console: 1, File: 1, Severity: INFO, Masks: ALL
   39212	[INFO]	XnUSBLinux-x86.cpp	98	USB is initialized.
 4461033	[INFO]	XnOpenNI.cpp	1261	Creating node 'Device1' of type Device...
 4461780	[INFO]	XnDeviceModule.cpp	431	Module 'Device' configuration was loaded from file.
 5076535	[INFO]	XnDeviceSensorIO.cpp	135	Connected to USB device
 5076591	[INFO]	XnProperty.cpp	151	Property Device.USBPath was changed to 045e/02ae@250/11.
 5084185	[INFO]	XnHostProtocol.cpp	825	Hardware versions: FW=5.1.4 (7) HW=4 Chip=2 Sensor=4 SYS=7
 6494477	[INFO]	XnProperty.cpp	151	Property Device.ID was changed to 0.
 6494551	[INFO]	XnSensor.cpp	182	Device sensor initialized
 6494659	[INFO]	XnOpenNI.cpp	1261	Creating node 'Depth1' of type Depth...
 6494707	[INFO]	XnDeviceBase.cpp	1383	Creating stream 'Depth1' of type 'Depth'...
 6494724	[INFO]	XnProperty.cpp	74	Setting Device.ReadData to 1...
 6494754	[INFO]	XnDeviceSensorIO.cpp	298	Endpoints open
 6507074	[INFO]	XnProperty.cpp	151	Property Device.ReadData was changed to 1.
 6507131	[INFO]	XnProperty.cpp	101	Device.ReadData was successfully set.
 6507550	[INFO]	XnProperty.cpp	151	Property Depth1.Resolution was changed to 0.
 6507573	[INFO]	XnProperty.cpp	151	Property Depth1.XRes was changed to 320.
 6507586	[INFO]	XnProperty.cpp	151	Property Depth1.YRes was changed to 240.
 6507599	[INFO]	XnProperty.cpp	151	Property Depth1.FPS was changed to 30.
 6507617	[INFO]	XnProperty.cpp	151	Property Depth1.OutputFormat was changed to 1.
 6507636	[INFO]	XnProperty.cpp	151	Property Depth1.BytesPerPixel was changed to 2.
 6507655	[INFO]	XnProperty.cpp	151	Property Depth1.RequiredDataSize was changed to 153600.
 6507678	[INFO]	XnProperty.cpp	151	Property Depth1.ParamCoeff was changed to 4.
 6507754	[INFO]	XnProperty.cpp	151	Property Depth1.ShiftScale was changed to 10.
 6520470	[INFO]	XnProperty.cpp	151	Property Depth1.ConstShift was changed to 200.
 6520534	[INFO]	XnProperty.cpp	151	Property Depth1.ZPD was changed to 120.
 6520652	[INFO]	XnProperty.cpp	151	Property Depth1.ZPPS was changed to 0.104200.
 6520677	[INFO]	XnProperty.cpp	151	Property Depth1.LDDIS was changed to 7.500000.
 6520799	[INFO]	XnProperty.cpp	151	Property Depth1.Gain was changed to 30.
 6520835	[INFO]	XnDeviceBase.cpp	1458	Stream 'Depth1' was initialized.
 6520858	[INFO]	XnDeviceBase.cpp	1463	'Depth1' stream was created.
 6521070	[INFO]	XnProperty.cpp	74	Setting Depth1.InputFormat to 3...
 6521102	[INFO]	XnProperty.cpp	151	Property Depth1.InputFormat was changed to 3.
 6521123	[INFO]	XnProperty.cpp	101	Depth1.InputFormat was successfully set.
 6521695	[INFO]	XnProperty.cpp	74	Setting Depth1.RegistrationType to 2...
 6521715	[INFO]	XnProperty.cpp	151	Property Depth1.RegistrationType was changed to 2.
 6521727	[INFO]	XnProperty.cpp	101	Depth1.RegistrationType was successfully set.
 6522412	[INFO]	XnDeviceModule.cpp	431	Module 'Depth1' configuration was loaded from file.
 6522627	[INFO]	XnProperty.cpp	74	Setting Depth1.FPS to 30...
 6522647	[INFO]	XnProperty.cpp	86	Depth1.FPS value did not change.
 6522659	[INFO]	XnProperty.cpp	74	Setting Depth1.YRes to 480...
 6522674	[INFO]	XnProperty.cpp	151	Property Depth1.Resolution was changed to 1.
 6522691	[INFO]	XnProperty.cpp	151	Property Depth1.XRes was changed to 640.
 6522710	[INFO]	XnProperty.cpp	151	Property Depth1.RequiredDataSize was changed to 307200.
 6522731	[INFO]	XnProperty.cpp	151	Property Depth1.YRes was changed to 480.
 6522749	[INFO]	XnProperty.cpp	151	Property Depth1.RequiredDataSize was changed to 614400.
 6522769	[INFO]	XnProperty.cpp	101	Depth1.YRes was successfully set.
 6522791	[INFO]	XnProperty.cpp	74	Setting Depth1.XRes to 640...
 6522808	[INFO]	XnProperty.cpp	86	Depth1.XRes value did not change.
 6522870	[INFO]	XnProperty.cpp	74	Setting Depth1.Mirror to 1...
 6522894	[INFO]	XnProperty.cpp	151	Property Depth1.FirmwareMirror was changed to 1.
 6523230	[INFO]	XnProperty.cpp	151	Property Depth1.Mirror was changed to 1.
 6523243	[INFO]	XnProperty.cpp	101	Depth1.Mirror was successfully set.
 9925168	[INFO]	XnOpenNI.cpp	1261	Creating node 'User1' of type User...
 9949660	[WARNING]	Linux-x86Threads.cpp	173	Failed to set thread priority: Invalid argument
 9949707	[WARNING]	XnUSBLinux-x86.cpp	126	USB events thread: Failed to set thread priority to critical. This might cause loss of data...
 9950596	[INFO]	XnUSBLinux-x86.cpp	1222	USB read thread was started.
 9950621	[INFO]	XnProperty.cpp	151	Property Depth1.ActualReadData was changed to 1.
10422334	[INFO]	XnProperty.cpp	151	Property Depth1.State was changed to 1.
10422390	[INFO]	XnDeviceBase.cpp	370	Stream Depth1 is open.
13828004	[INFO]	XnOpenNI.cpp	1261	Creating node 'Image1' of type Image...
13828057	[INFO]	XnDeviceBase.cpp	1383	Creating stream 'Image1' of type 'Image'...
13828304	[INFO]	XnProperty.cpp	151	Property Image1.Resolution was changed to 0.
13828330	[INFO]	XnProperty.cpp	151	Property Image1.XRes was changed to 320.
13828351	[INFO]	XnProperty.cpp	151	Property Image1.YRes was changed to 240.
13828371	[INFO]	XnProperty.cpp	151	Property Image1.FPS was changed to 30.
13828388	[INFO]	XnProperty.cpp	151	Property Image1.OutputFormat was changed to 5.
13828407	[INFO]	XnProperty.cpp	151	Property Image1.BytesPerPixel was changed to 3.
13828425	[INFO]	XnProperty.cpp	151	Property Image1.RequiredDataSize was changed to 230400.
13828465	[INFO]	XnDeviceBase.cpp	1458	Stream 'Image1' was initialized.
13828487	[INFO]	XnDeviceBase.cpp	1463	'Image1' stream was created.
13828626	[INFO]	XnProperty.cpp	74	Setting Image1.InputFormat to 6...
13828656	[INFO]	XnProperty.cpp	151	Property Image1.InputFormat was changed to 6.
13828677	[INFO]	XnProperty.cpp	101	Image1.InputFormat was successfully set.
13829221	[INFO]	XnDeviceModule.cpp	431	Module 'Image1' configuration was loaded from file.
13829333	[INFO]	XnProperty.cpp	74	Setting Image1.FPS to 30...
13829350	[INFO]	XnProperty.cpp	86	Image1.FPS value did not change.
13829366	[INFO]	XnProperty.cpp	74	Setting Image1.YRes to 480...
13829384	[INFO]	XnProperty.cpp	151	Property Image1.Resolution was changed to 1.
13829399	[INFO]	XnProperty.cpp	151	Property Image1.XRes was changed to 640.
13829415	[INFO]	XnProperty.cpp	151	Property Image1.RequiredDataSize was changed to 460800.
13829433	[INFO]	XnProperty.cpp	151	Property Image1.YRes was changed to 480.
13829450	[INFO]	XnProperty.cpp	151	Property Image1.RequiredDataSize was changed to 921600.
13829470	[INFO]	XnProperty.cpp	101	Image1.YRes was successfully set.
13829487	[INFO]	XnProperty.cpp	74	Setting Image1.XRes to 640...
13829502	[INFO]	XnProperty.cpp	86	Image1.XRes value did not change.
13830449	[INFO]	XnUSBLinux-x86.cpp	1222	USB read thread was started.
13830479	[INFO]	XnProperty.cpp	151	Property Image1.ActualReadData was changed to 1.
13890287	[WARNING]	XnDepthProcessor.cpp	133	Read: Depth buffer is corrupt. Size is 589232 (!= 614400)
13890365	[WARNING]	XnFrameStreamProcessor.cpp	132	Depth frame is corrupt!
14022374	[WARNING]	XnDepthProcessor.cpp	133	Read: Depth buffer is corrupt. Size is 563232 (!= 614400)
14022424	[WARNING]	XnFrameStreamProcessor.cpp	132	Depth frame is corrupt!
17031591	[INFO]	XnProperty.cpp	151	Property Image1.State was changed to 1.
17031646	[INFO]	XnDeviceBase.cpp	370	Stream Image1 is open.
17031847	[INFO]	XnProperty.cpp	74	Setting Depth1.Registration to 1...
17183690	[INFO]	XnProperty.cpp	151	Property Depth1.Registration was changed to 1.
17183734	[INFO]	XnProperty.cpp	101	Depth1.Registration was successfully set.
17183782	[INFO]	XnProperty.cpp	74	Setting Image1.Mirror to 1...
17196194	[INFO]	XnProperty.cpp	151	Property Image1.FirmwareMirror was changed to 1.
17196245	[INFO]	XnProperty.cpp	151	Property Image1.Mirror was changed to 1.
17196258	[INFO]	XnProperty.cpp	101	Image1.Mirror was successfully set.
37238677	[INFO]	XnOpenNI.cpp	1459	Destroying node 'User1'
37246215	[INFO]	XnOpenNI.cpp	1459	Destroying node 'Depth1'
37246319	[INFO]	XnDeviceBase.cpp	1507	Destroying stream 'Depth1'...
37247642	[INFO]	XnOpenNI.cpp	1459	Destroying node 'Image1'
37247887	[INFO]	XnDeviceBase.cpp	1507	Destroying stream 'Image1'...
37248833	[INFO]	XnOpenNI.cpp	1459	Destroying node 'Device1'
