   79190	[INFO]	XnLog.cpp	165	OpenNI version is 1.0.0 (Build 25)-MacOSX (Jan  7 2011 14:20:18)
   79249	[INFO]	XnLog.cpp	173	Log system initialized. Console: 1, File: 1, Severity: INFO, Masks: ALL
   79282	[INFO]	XnLog.cpp	173	Log system initialized. Console: 1, File: 1, Severity: INFO, Masks: ALL
   80808	[INFO]	XnUSBLinux-x86.cpp	98	USB is initialized.
 4125840	[INFO]	XnOpenNI.cpp	1261	Creating node 'Device1' of type Device...
 4127155	[INFO]	XnDeviceModule.cpp	431	Module 'Device' configuration was loaded from file.
 4582529	[INFO]	XnDeviceSensorIO.cpp	135	Connected to USB device
 4582582	[INFO]	XnProperty.cpp	151	Property Device.USBPath was changed to 045e/02ae@250/11.
 4589921	[INFO]	XnHostProtocol.cpp	825	Hardware versions: FW=5.1.4 (7) HW=4 Chip=2 Sensor=4 SYS=7
 5998393	[INFO]	XnProperty.cpp	151	Property Device.ID was changed to 0.
 5998485	[INFO]	XnSensor.cpp	182	Device sensor initialized
 5998691	[INFO]	XnOpenNI.cpp	1261	Creating node 'Depth1' of type Depth...
 5998774	[INFO]	XnDeviceBase.cpp	1383	Creating stream 'Depth1' of type 'Depth'...
 5998806	[INFO]	XnProperty.cpp	74	Setting Device.ReadData to 1...
 5998866	[INFO]	XnDeviceSensorIO.cpp	298	Endpoints open
 6011204	[INFO]	XnProperty.cpp	151	Property Device.ReadData was changed to 1.
 6011248	[INFO]	XnProperty.cpp	101	Device.ReadData was successfully set.
 6011954	[INFO]	XnProperty.cpp	151	Property Depth1.Resolution was changed to 0.
 6011993	[INFO]	XnProperty.cpp	151	Property Depth1.XRes was changed to 320.
 6012031	[INFO]	XnProperty.cpp	151	Property Depth1.YRes was changed to 240.
 6012069	[INFO]	XnProperty.cpp	151	Property Depth1.FPS was changed to 30.
 6012105	[INFO]	XnProperty.cpp	151	Property Depth1.OutputFormat was changed to 1.
 6012139	[INFO]	XnProperty.cpp	151	Property Depth1.BytesPerPixel was changed to 2.
 6012164	[INFO]	XnProperty.cpp	151	Property Depth1.RequiredDataSize was changed to 153600.
 6012199	[INFO]	XnProperty.cpp	151	Property Depth1.ParamCoeff was changed to 4.
 6012342	[INFO]	XnProperty.cpp	151	Property Depth1.ShiftScale was changed to 10.
 6024977	[INFO]	XnProperty.cpp	151	Property Depth1.ConstShift was changed to 200.
 6025088	[INFO]	XnProperty.cpp	151	Property Depth1.ZPD was changed to 120.
 6025268	[INFO]	XnProperty.cpp	151	Property Depth1.ZPPS was changed to 0.104200.
 6025308	[INFO]	XnProperty.cpp	151	Property Depth1.LDDIS was changed to 7.500000.
 6025493	[INFO]	XnProperty.cpp	151	Property Depth1.Gain was changed to 30.
 6025549	[INFO]	XnDeviceBase.cpp	1458	Stream 'Depth1' was initialized.
 6025583	[INFO]	XnDeviceBase.cpp	1463	'Depth1' stream was created.
 6025903	[INFO]	XnProperty.cpp	74	Setting Depth1.InputFormat to 3...
 6025949	[INFO]	XnProperty.cpp	151	Property Depth1.InputFormat was changed to 3.
 6025981	[INFO]	XnProperty.cpp	101	Depth1.InputFormat was successfully set.
 6026873	[INFO]	XnProperty.cpp	74	Setting Depth1.RegistrationType to 2...
 6026909	[INFO]	XnProperty.cpp	151	Property Depth1.RegistrationType was changed to 2.
 6026931	[INFO]	XnProperty.cpp	101	Depth1.RegistrationType was successfully set.
 6027766	[INFO]	XnDeviceModule.cpp	431	Module 'Depth1' configuration was loaded from file.
 6028044	[INFO]	XnProperty.cpp	74	Setting Depth1.FPS to 30...
 6028073	[INFO]	XnProperty.cpp	86	Depth1.FPS value did not change.
 6028093	[INFO]	XnProperty.cpp	74	Setting Depth1.YRes to 480...
 6028118	[INFO]	XnProperty.cpp	151	Property Depth1.Resolution was changed to 1.
 6028149	[INFO]	XnProperty.cpp	151	Property Depth1.XRes was changed to 640.
 6028179	[INFO]	XnProperty.cpp	151	Property Depth1.RequiredDataSize was changed to 307200.
 6028212	[INFO]	XnProperty.cpp	151	Property Depth1.YRes was changed to 480.
 6028248	[INFO]	XnProperty.cpp	151	Property Depth1.RequiredDataSize was changed to 614400.
 6028283	[INFO]	XnProperty.cpp	101	Depth1.YRes was successfully set.
 6028316	[INFO]	XnProperty.cpp	74	Setting Depth1.XRes to 640...
 6028339	[INFO]	XnProperty.cpp	86	Depth1.XRes value did not change.
 6028418	[INFO]	XnProperty.cpp	74	Setting Depth1.Mirror to 1...
 6028449	[INFO]	XnProperty.cpp	151	Property Depth1.FirmwareMirror was changed to 1.
 6063968	[INFO]	XnProperty.cpp	151	Property Depth1.Mirror was changed to 1.
 6063995	[INFO]	XnProperty.cpp	101	Depth1.Mirror was successfully set.
 9476641	[INFO]	XnOpenNI.cpp	1261	Creating node 'User1' of type User...
 9501876	[WARNING]	Linux-x86Threads.cpp	173	Failed to set thread priority: Invalid argument
 9501923	[WARNING]	XnUSBLinux-x86.cpp	126	USB events thread: Failed to set thread priority to critical. This might cause loss of data...
 9502801	[INFO]	XnUSBLinux-x86.cpp	1222	USB read thread was started.
 9502825	[INFO]	XnProperty.cpp	151	Property Depth1.ActualReadData was changed to 1.
 9973400	[INFO]	XnProperty.cpp	151	Property Depth1.State was changed to 1.
 9973446	[INFO]	XnDeviceBase.cpp	370	Stream Depth1 is open.
13354890	[INFO]	XnOpenNI.cpp	1261	Creating node 'Image1' of type Image...
13354946	[INFO]	XnDeviceBase.cpp	1383	Creating stream 'Image1' of type 'Image'...
13355237	[INFO]	XnProperty.cpp	151	Property Image1.Resolution was changed to 0.
13355259	[INFO]	XnProperty.cpp	151	Property Image1.XRes was changed to 320.
13355276	[INFO]	XnProperty.cpp	151	Property Image1.YRes was changed to 240.
13355296	[INFO]	XnProperty.cpp	151	Property Image1.FPS was changed to 30.
13355313	[INFO]	XnProperty.cpp	151	Property Image1.OutputFormat was changed to 5.
13355330	[INFO]	XnProperty.cpp	151	Property Image1.BytesPerPixel was changed to 3.
13355344	[INFO]	XnProperty.cpp	151	Property Image1.RequiredDataSize was changed to 230400.
13355373	[INFO]	XnDeviceBase.cpp	1458	Stream 'Image1' was initialized.
13355386	[INFO]	XnDeviceBase.cpp	1463	'Image1' stream was created.
13355506	[INFO]	XnProperty.cpp	74	Setting Image1.InputFormat to 6...
13355534	[INFO]	XnProperty.cpp	151	Property Image1.InputFormat was changed to 6.
13355548	[INFO]	XnProperty.cpp	101	Image1.InputFormat was successfully set.
13356004	[INFO]	XnDeviceModule.cpp	431	Module 'Image1' configuration was loaded from file.
13356104	[INFO]	XnProperty.cpp	74	Setting Image1.FPS to 30...
13356121	[INFO]	XnProperty.cpp	86	Image1.FPS value did not change.
13356136	[INFO]	XnProperty.cpp	74	Setting Image1.YRes to 480...
13356153	[INFO]	XnProperty.cpp	151	Property Image1.Resolution was changed to 1.
13356168	[INFO]	XnProperty.cpp	151	Property Image1.XRes was changed to 640.
13356185	[INFO]	XnProperty.cpp	151	Property Image1.RequiredDataSize was changed to 460800.
13356205	[INFO]	XnProperty.cpp	151	Property Image1.YRes was changed to 480.
13356225	[INFO]	XnProperty.cpp	151	Property Image1.RequiredDataSize was changed to 921600.
13356245	[INFO]	XnProperty.cpp	101	Image1.YRes was successfully set.
13356264	[INFO]	XnProperty.cpp	74	Setting Image1.XRes to 640...
13356280	[INFO]	XnProperty.cpp	86	Image1.XRes value did not change.
13357267	[INFO]	XnUSBLinux-x86.cpp	1222	USB read thread was started.
13357294	[INFO]	XnProperty.cpp	151	Property Image1.ActualReadData was changed to 1.
13406845	[WARNING]	XnDepthProcessor.cpp	133	Read: Depth buffer is corrupt. Size is 594672 (!= 614400)
13406899	[WARNING]	XnFrameStreamProcessor.cpp	132	Depth frame is corrupt!
13538896	[WARNING]	XnDepthProcessor.cpp	133	Read: Depth buffer is corrupt. Size is 533376 (!= 614400)
13538946	[WARNING]	XnFrameStreamProcessor.cpp	132	Depth frame is corrupt!
13574860	[WARNING]	XnDepthProcessor.cpp	133	Read: Depth buffer is corrupt. Size is 595008 (!= 614400)
13574885	[WARNING]	XnFrameStreamProcessor.cpp	132	Depth frame is corrupt!
16442924	[WARNING]	XnDepthProcessor.cpp	133	Read: Depth buffer is corrupt. Size is 568800 (!= 614400)
16442969	[WARNING]	XnFrameStreamProcessor.cpp	132	Depth frame is corrupt!
16557725	[INFO]	XnProperty.cpp	151	Property Image1.State was changed to 1.
16557778	[INFO]	XnDeviceBase.cpp	370	Stream Image1 is open.
16558008	[INFO]	XnProperty.cpp	74	Setting Depth1.Registration to 1...
16610883	[WARNING]	XnDepthProcessor.cpp	133	Read: Depth buffer is corrupt. Size is 591936 (!= 614400)
16610936	[WARNING]	XnFrameStreamProcessor.cpp	132	Depth frame is corrupt!
16710355	[INFO]	XnProperty.cpp	151	Property Depth1.Registration was changed to 1.
16710400	[INFO]	XnProperty.cpp	101	Depth1.Registration was successfully set.
16710486	[INFO]	XnProperty.cpp	74	Setting Image1.Mirror to 1...
16723251	[INFO]	XnProperty.cpp	151	Property Image1.FirmwareMirror was changed to 1.
16723279	[INFO]	XnProperty.cpp	151	Property Image1.Mirror was changed to 1.
16723292	[INFO]	XnProperty.cpp	101	Image1.Mirror was successfully set.
