    1715	[INFO]	XnLog.cpp	165	OpenNI version is 1.0.0 (Build 25)-MacOSX (Jan  7 2011 14:20:18)
    1774	[INFO]	XnLog.cpp	173	Log system initialized. Console: 1, File: 1, Severity: INFO, Masks: ALL
    1808	[INFO]	XnLog.cpp	173	Log system initialized. Console: 1, File: 1, Severity: INFO, Masks: ALL
    3261	[INFO]	XnUSBLinux-x86.cpp	98	USB is initialized.
 4012962	[INFO]	XnOpenNI.cpp	1261	Creating node 'Device1' of type Device...
 4013891	[INFO]	XnDeviceModule.cpp	431	Module 'Device' configuration was loaded from file.
 4464459	[INFO]	XnDeviceSensorIO.cpp	135	Connected to USB device
 4464516	[INFO]	XnProperty.cpp	151	Property Device.USBPath was changed to 045e/02ae@250/11.
 4472081	[INFO]	XnHostProtocol.cpp	825	Hardware versions: FW=5.1.4 (7) HW=4 Chip=2 Sensor=4 SYS=7
 5880075	[INFO]	XnProperty.cpp	151	Property Device.ID was changed to 0.
 5880144	[INFO]	XnSensor.cpp	182	Device sensor initialized
 5880252	[INFO]	XnOpenNI.cpp	1261	Creating node 'Depth1' of type Depth...
 5880298	[INFO]	XnDeviceBase.cpp	1383	Creating stream 'Depth1' of type 'Depth'...
 5880316	[INFO]	XnProperty.cpp	74	Setting Device.ReadData to 1...
 5880346	[INFO]	XnDeviceSensorIO.cpp	298	Endpoints open
 5892626	[INFO]	XnProperty.cpp	151	Property Device.ReadData was changed to 1.
 5892668	[INFO]	XnProperty.cpp	101	Device.ReadData was successfully set.
 5893229	[INFO]	XnProperty.cpp	151	Property Depth1.Resolution was changed to 0.
 5893254	[INFO]	XnProperty.cpp	151	Property Depth1.XRes was changed to 320.
 5893270	[INFO]	XnProperty.cpp	151	Property Depth1.YRes was changed to 240.
 5893289	[INFO]	XnProperty.cpp	151	Property Depth1.FPS was changed to 30.
 5893308	[INFO]	XnProperty.cpp	151	Property Depth1.OutputFormat was changed to 1.
 5893327	[INFO]	XnProperty.cpp	151	Property Depth1.BytesPerPixel was changed to 2.
 5893346	[INFO]	XnProperty.cpp	151	Property Depth1.RequiredDataSize was changed to 153600.
 5893406	[INFO]	XnProperty.cpp	151	Property Depth1.ParamCoeff was changed to 4.
 5893482	[INFO]	XnProperty.cpp	151	Property Depth1.ShiftScale was changed to 10.
 5906067	[INFO]	XnProperty.cpp	151	Property Depth1.ConstShift was changed to 200.
 5906148	[INFO]	XnProperty.cpp	151	Property Depth1.ZPD was changed to 120.
 5906257	[INFO]	XnProperty.cpp	151	Property Depth1.ZPPS was changed to 0.104200.
 5906277	[INFO]	XnProperty.cpp	151	Property Depth1.LDDIS was changed to 7.500000.
 5906383	[INFO]	XnProperty.cpp	151	Property Depth1.Gain was changed to 30.
 5906416	[INFO]	XnDeviceBase.cpp	1458	Stream 'Depth1' was initialized.
 5906434	[INFO]	XnDeviceBase.cpp	1463	'Depth1' stream was created.
 5906630	[INFO]	XnProperty.cpp	74	Setting Depth1.InputFormat to 3...
 5906663	[INFO]	XnProperty.cpp	151	Property Depth1.InputFormat was changed to 3.
 5906682	[INFO]	XnProperty.cpp	101	Depth1.InputFormat was successfully set.
 5907304	[INFO]	XnProperty.cpp	74	Setting Depth1.RegistrationType to 2...
 5907330	[INFO]	XnProperty.cpp	151	Property Depth1.RegistrationType was changed to 2.
 5907347	[INFO]	XnProperty.cpp	101	Depth1.RegistrationType was successfully set.
 5908051	[INFO]	XnDeviceModule.cpp	431	Module 'Depth1' configuration was loaded from file.
 5908296	[INFO]	XnProperty.cpp	74	Setting Depth1.FPS to 30...
 5908322	[INFO]	XnProperty.cpp	86	Depth1.FPS value did not change.
 5908342	[INFO]	XnProperty.cpp	74	Setting Depth1.YRes to 480...
 5908365	[INFO]	XnProperty.cpp	151	Property Depth1.Resolution was changed to 1.
 5908386	[INFO]	XnProperty.cpp	151	Property Depth1.XRes was changed to 640.
 5908405	[INFO]	XnProperty.cpp	151	Property Depth1.RequiredDataSize was changed to 307200.
 5908428	[INFO]	XnProperty.cpp	151	Property Depth1.YRes was changed to 480.
 5908447	[INFO]	XnProperty.cpp	151	Property Depth1.RequiredDataSize was changed to 614400.
 5908468	[INFO]	XnProperty.cpp	101	Depth1.YRes was successfully set.
 5908488	[INFO]	XnProperty.cpp	74	Setting Depth1.XRes to 640...
 5908505	[INFO]	XnProperty.cpp	86	Depth1.XRes value did not change.
 5908566	[INFO]	XnProperty.cpp	74	Setting Depth1.Mirror to 1...
 5908589	[INFO]	XnProperty.cpp	151	Property Depth1.FirmwareMirror was changed to 1.
 5908648	[INFO]	XnProperty.cpp	151	Property Depth1.Mirror was changed to 1.
 5908668	[INFO]	XnProperty.cpp	101	Depth1.Mirror was successfully set.
 9300640	[INFO]	XnOpenNI.cpp	1261	Creating node 'User1' of type User...
 9325793	[WARNING]	Linux-x86Threads.cpp	173	Failed to set thread priority: Invalid argument
 9325843	[WARNING]	XnUSBLinux-x86.cpp	126	USB events thread: Failed to set thread priority to critical. This might cause loss of data...
 9326761	[INFO]	XnUSBLinux-x86.cpp	1222	USB read thread was started.
 9326793	[INFO]	XnProperty.cpp	151	Property Depth1.ActualReadData was changed to 1.
 9798333	[INFO]	XnProperty.cpp	151	Property Depth1.State was changed to 1.
 9798377	[INFO]	XnDeviceBase.cpp	370	Stream Depth1 is open.
13205186	[INFO]	XnOpenNI.cpp	1261	Creating node 'Image1' of type Image...
13205239	[INFO]	XnDeviceBase.cpp	1383	Creating stream 'Image1' of type 'Image'...
13205438	[INFO]	XnProperty.cpp	151	Property Image1.Resolution was changed to 0.
13205461	[INFO]	XnProperty.cpp	151	Property Image1.XRes was changed to 320.
13205479	[INFO]	XnProperty.cpp	151	Property Image1.YRes was changed to 240.
13205508	[INFO]	XnProperty.cpp	151	Property Image1.FPS was changed to 30.
13205525	[INFO]	XnProperty.cpp	151	Property Image1.OutputFormat was changed to 5.
13205543	[INFO]	XnProperty.cpp	151	Property Image1.BytesPerPixel was changed to 3.
13205558	[INFO]	XnProperty.cpp	151	Property Image1.RequiredDataSize was changed to 230400.
13205588	[INFO]	XnDeviceBase.cpp	1458	Stream 'Image1' was initialized.
13205601	[INFO]	XnDeviceBase.cpp	1463	'Image1' stream was created.
13205708	[INFO]	XnProperty.cpp	74	Setting Image1.InputFormat to 6...
13205736	[INFO]	XnProperty.cpp	151	Property Image1.InputFormat was changed to 6.
13205754	[INFO]	XnProperty.cpp	101	Image1.InputFormat was successfully set.
13206209	[INFO]	XnDeviceModule.cpp	431	Module 'Image1' configuration was loaded from file.
13206308	[INFO]	XnProperty.cpp	74	Setting Image1.FPS to 30...
13206325	[INFO]	XnProperty.cpp	86	Image1.FPS value did not change.
13206342	[INFO]	XnProperty.cpp	74	Setting Image1.YRes to 480...
13206358	[INFO]	XnProperty.cpp	151	Property Image1.Resolution was changed to 1.
13206374	[INFO]	XnProperty.cpp	151	Property Image1.XRes was changed to 640.
13206392	[INFO]	XnProperty.cpp	151	Property Image1.RequiredDataSize was changed to 460800.
13206412	[INFO]	XnProperty.cpp	151	Property Image1.YRes was changed to 480.
13206437	[INFO]	XnProperty.cpp	151	Property Image1.RequiredDataSize was changed to 921600.
13206460	[INFO]	XnProperty.cpp	101	Image1.YRes was successfully set.
13206487	[INFO]	XnProperty.cpp	74	Setting Image1.XRes to 640...
13206518	[INFO]	XnProperty.cpp	86	Image1.XRes value did not change.
13207584	[INFO]	XnUSBLinux-x86.cpp	1222	USB read thread was started.
13207624	[INFO]	XnProperty.cpp	151	Property Image1.ActualReadData was changed to 1.
13398674	[WARNING]	XnDepthProcessor.cpp	133	Read: Depth buffer is corrupt. Size is 547472 (!= 614400)
13398723	[WARNING]	XnFrameStreamProcessor.cpp	132	Depth frame is corrupt!
16302655	[WARNING]	XnDepthProcessor.cpp	133	Read: Depth buffer is corrupt. Size is 600592 (!= 614400)
16302706	[WARNING]	XnFrameStreamProcessor.cpp	132	Depth frame is corrupt!
16408392	[INFO]	XnProperty.cpp	151	Property Image1.State was changed to 1.
16408454	[INFO]	XnDeviceBase.cpp	370	Stream Image1 is open.
16408688	[INFO]	XnProperty.cpp	74	Setting Depth1.Registration to 1...
16434705	[WARNING]	XnDepthProcessor.cpp	133	Read: Depth buffer is corrupt. Size is 585520 (!= 614400)
16434754	[WARNING]	XnFrameStreamProcessor.cpp	132	Depth frame is corrupt!
16561240	[INFO]	XnProperty.cpp	151	Property Depth1.Registration was changed to 1.
16561284	[INFO]	XnProperty.cpp	101	Depth1.Registration was successfully set.
16561337	[INFO]	XnProperty.cpp	74	Setting Image1.Mirror to 1...
16574250	[INFO]	XnProperty.cpp	151	Property Image1.FirmwareMirror was changed to 1.
16574300	[INFO]	XnProperty.cpp	151	Property Image1.Mirror was changed to 1.
16574321	[INFO]	XnProperty.cpp	101	Image1.Mirror was successfully set.
70125248	[WARNING]	XnFrameStreamProcessor.cpp	140	Depth Frame Buffer overflow! current size: 612768
70137819	[WARNING]	XnFrameStreamProcessor.cpp	132	Depth frame is corrupt!
70138889	[WARNING]	XnDepthProcessor.cpp	133	Read: Depth buffer is corrupt. Size is 612768 (!= 614400)
83708841	[INFO]	XnOpenNI.cpp	1459	Destroying node 'User1'
83715464	[INFO]	XnOpenNI.cpp	1459	Destroying node 'Depth1'
83715569	[INFO]	XnDeviceBase.cpp	1507	Destroying stream 'Depth1'...
83716762	[INFO]	XnOpenNI.cpp	1459	Destroying node 'Image1'
83716801	[INFO]	XnDeviceBase.cpp	1507	Destroying stream 'Image1'...
83717787	[INFO]	XnOpenNI.cpp	1459	Destroying node 'Device1'
