   39914	[INFO]	XnLog.cpp	165	OpenNI version is 1.0.0 (Build 25)-MacOSX (Jan  7 2011 14:20:18)
   39975	[INFO]	XnLog.cpp	173	Log system initialized. Console: 1, File: 1, Severity: INFO, Masks: ALL
   40007	[INFO]	XnLog.cpp	173	Log system initialized. Console: 1, File: 1, Severity: INFO, Masks: ALL
   41905	[INFO]	XnUSBLinux-x86.cpp	98	USB is initialized.
 4106081	[INFO]	XnOpenNI.cpp	1261	Creating node 'Device1' of type Device...
 4107121	[INFO]	XnDeviceModule.cpp	431	Module 'Device' configuration was loaded from file.
 4455094	[INFO]	XnDeviceSensorIO.cpp	135	Connected to USB device
 4455149	[INFO]	XnProperty.cpp	151	Property Device.USBPath was changed to 045e/02ae@250/11.
 4462612	[INFO]	XnHostProtocol.cpp	825	Hardware versions: FW=5.1.4 (7) HW=4 Chip=2 Sensor=4 SYS=7
 5876860	[INFO]	XnProperty.cpp	151	Property Device.ID was changed to 0.
 5876960	[INFO]	XnSensor.cpp	182	Device sensor initialized
 5877067	[INFO]	XnOpenNI.cpp	1261	Creating node 'Depth1' of type Depth...
 5877119	[INFO]	XnDeviceBase.cpp	1383	Creating stream 'Depth1' of type 'Depth'...
 5877144	[INFO]	XnProperty.cpp	74	Setting Device.ReadData to 1...
 5877186	[INFO]	XnDeviceSensorIO.cpp	298	Endpoints open
 5889635	[INFO]	XnProperty.cpp	151	Property Device.ReadData was changed to 1.
 5889657	[INFO]	XnProperty.cpp	101	Device.ReadData was successfully set.
 5890080	[INFO]	XnProperty.cpp	151	Property Depth1.Resolution was changed to 0.
 5890102	[INFO]	XnProperty.cpp	151	Property Depth1.XRes was changed to 320.
 5890116	[INFO]	XnProperty.cpp	151	Property Depth1.YRes was changed to 240.
 5890129	[INFO]	XnProperty.cpp	151	Property Depth1.FPS was changed to 30.
 5890147	[INFO]	XnProperty.cpp	151	Property Depth1.OutputFormat was changed to 1.
 5890165	[INFO]	XnProperty.cpp	151	Property Depth1.BytesPerPixel was changed to 2.
 5890184	[INFO]	XnProperty.cpp	151	Property Depth1.RequiredDataSize was changed to 153600.
 5890207	[INFO]	XnProperty.cpp	151	Property Depth1.ParamCoeff was changed to 4.
 5890283	[INFO]	XnProperty.cpp	151	Property Depth1.ShiftScale was changed to 10.
 5902559	[INFO]	XnProperty.cpp	151	Property Depth1.ConstShift was changed to 200.
 5902629	[INFO]	XnProperty.cpp	151	Property Depth1.ZPD was changed to 120.
 5902741	[INFO]	XnProperty.cpp	151	Property Depth1.ZPPS was changed to 0.104200.
 5902767	[INFO]	XnProperty.cpp	151	Property Depth1.LDDIS was changed to 7.500000.
 5902881	[INFO]	XnProperty.cpp	151	Property Depth1.Gain was changed to 30.
 5902917	[INFO]	XnDeviceBase.cpp	1458	Stream 'Depth1' was initialized.
 5902939	[INFO]	XnDeviceBase.cpp	1463	'Depth1' stream was created.
 5903148	[INFO]	XnProperty.cpp	74	Setting Depth1.InputFormat to 3...
 5903179	[INFO]	XnProperty.cpp	151	Property Depth1.InputFormat was changed to 3.
 5903199	[INFO]	XnProperty.cpp	101	Depth1.InputFormat was successfully set.
 5904000	[INFO]	XnProperty.cpp	74	Setting Depth1.RegistrationType to 2...
 5904026	[INFO]	XnProperty.cpp	151	Property Depth1.RegistrationType was changed to 2.
 5904044	[INFO]	XnProperty.cpp	101	Depth1.RegistrationType was successfully set.
 5904762	[INFO]	XnDeviceModule.cpp	431	Module 'Depth1' configuration was loaded from file.
 5905015	[INFO]	XnProperty.cpp	74	Setting Depth1.FPS to 30...
 5905041	[INFO]	XnProperty.cpp	86	Depth1.FPS value did not change.
 5905060	[INFO]	XnProperty.cpp	74	Setting Depth1.YRes to 480...
 5905081	[INFO]	XnProperty.cpp	151	Property Depth1.Resolution was changed to 1.
 5905103	[INFO]	XnProperty.cpp	151	Property Depth1.XRes was changed to 640.
 5905121	[INFO]	XnProperty.cpp	151	Property Depth1.RequiredDataSize was changed to 307200.
 5905142	[INFO]	XnProperty.cpp	151	Property Depth1.YRes was changed to 480.
 5905161	[INFO]	XnProperty.cpp	151	Property Depth1.RequiredDataSize was changed to 614400.
 5905182	[INFO]	XnProperty.cpp	101	Depth1.YRes was successfully set.
 5905208	[INFO]	XnProperty.cpp	74	Setting Depth1.XRes to 640...
 5905225	[INFO]	XnProperty.cpp	86	Depth1.XRes value did not change.
 5905287	[INFO]	XnProperty.cpp	74	Setting Depth1.Mirror to 1...
 5905310	[INFO]	XnProperty.cpp	151	Property Depth1.FirmwareMirror was changed to 1.
 5905373	[INFO]	XnProperty.cpp	151	Property Depth1.Mirror was changed to 1.
 5905393	[INFO]	XnProperty.cpp	101	Depth1.Mirror was successfully set.
 8462543	[INFO]	XnOpenNI.cpp	1261	Creating node 'User1' of type User...
 8488256	[WARNING]	Linux-x86Threads.cpp	173	Failed to set thread priority: Invalid argument
 8488305	[WARNING]	XnUSBLinux-x86.cpp	126	USB events thread: Failed to set thread priority to critical. This might cause loss of data...
 8489226	[INFO]	XnUSBLinux-x86.cpp	1222	USB read thread was started.
 8489251	[INFO]	XnProperty.cpp	151	Property Depth1.ActualReadData was changed to 1.
 8961206	[INFO]	XnProperty.cpp	151	Property Depth1.State was changed to 1.
 8961263	[INFO]	XnDeviceBase.cpp	370	Stream Depth1 is open.
11511648	[INFO]	XnOpenNI.cpp	1261	Creating node 'Image1' of type Image...
11511701	[INFO]	XnDeviceBase.cpp	1383	Creating stream 'Image1' of type 'Image'...
11511941	[INFO]	XnProperty.cpp	151	Property Image1.Resolution was changed to 0.
11511971	[INFO]	XnProperty.cpp	151	Property Image1.XRes was changed to 320.
11511992	[INFO]	XnProperty.cpp	151	Property Image1.YRes was changed to 240.
11512012	[INFO]	XnProperty.cpp	151	Property Image1.FPS was changed to 30.
11512035	[INFO]	XnProperty.cpp	151	Property Image1.OutputFormat was changed to 5.
11512055	[INFO]	XnProperty.cpp	151	Property Image1.BytesPerPixel was changed to 3.
11512074	[INFO]	XnProperty.cpp	151	Property Image1.RequiredDataSize was changed to 230400.
11512112	[INFO]	XnDeviceBase.cpp	1458	Stream 'Image1' was initialized.
11512133	[INFO]	XnDeviceBase.cpp	1463	'Image1' stream was created.
11512280	[INFO]	XnProperty.cpp	74	Setting Image1.InputFormat to 6...
11512312	[INFO]	XnProperty.cpp	151	Property Image1.InputFormat was changed to 6.
11512332	[INFO]	XnProperty.cpp	101	Image1.InputFormat was successfully set.
11512885	[INFO]	XnDeviceModule.cpp	431	Module 'Image1' configuration was loaded from file.
11512994	[INFO]	XnProperty.cpp	74	Setting Image1.FPS to 30...
11513017	[INFO]	XnProperty.cpp	86	Image1.FPS value did not change.
11513038	[INFO]	XnProperty.cpp	74	Setting Image1.YRes to 480...
11513058	[INFO]	XnProperty.cpp	151	Property Image1.Resolution was changed to 1.
11513078	[INFO]	XnProperty.cpp	151	Property Image1.XRes was changed to 640.
11513097	[INFO]	XnProperty.cpp	151	Property Image1.RequiredDataSize was changed to 460800.
11513117	[INFO]	XnProperty.cpp	151	Property Image1.YRes was changed to 480.
11513140	[INFO]	XnProperty.cpp	151	Property Image1.RequiredDataSize was changed to 921600.
11513159	[INFO]	XnProperty.cpp	101	Image1.YRes was successfully set.
11513179	[INFO]	XnProperty.cpp	74	Setting Image1.XRes to 640...
11513196	[INFO]	XnProperty.cpp	86	Image1.XRes value did not change.
11514275	[INFO]	XnUSBLinux-x86.cpp	1222	USB read thread was started.
11514304	[INFO]	XnProperty.cpp	151	Property Image1.ActualReadData was changed to 1.
11693222	[WARNING]	XnDepthProcessor.cpp	133	Read: Depth buffer is corrupt. Size is 546320 (!= 614400)
11693272	[WARNING]	XnFrameStreamProcessor.cpp	132	Depth frame is corrupt!
14597293	[WARNING]	XnDepthProcessor.cpp	133	Read: Depth buffer is corrupt. Size is 595296 (!= 614400)
14597340	[WARNING]	XnFrameStreamProcessor.cpp	132	Depth frame is corrupt!
14717988	[INFO]	XnProperty.cpp	151	Property Image1.State was changed to 1.
14718032	[INFO]	XnDeviceBase.cpp	370	Stream Image1 is open.
14718269	[INFO]	XnProperty.cpp	74	Setting Depth1.Registration to 1...
14729321	[WARNING]	XnDepthProcessor.cpp	133	Read: Depth buffer is corrupt. Size is 584032 (!= 614400)
14729366	[WARNING]	XnFrameStreamProcessor.cpp	132	Depth frame is corrupt!
14765253	[WARNING]	XnDepthProcessor.cpp	133	Read: Depth buffer is corrupt. Size is 583552 (!= 614400)
14765314	[WARNING]	XnFrameStreamProcessor.cpp	132	Depth frame is corrupt!
14870278	[INFO]	XnProperty.cpp	151	Property Depth1.Registration was changed to 1.
14870330	[INFO]	XnProperty.cpp	101	Depth1.Registration was successfully set.
14870384	[INFO]	XnProperty.cpp	74	Setting Image1.Mirror to 1...
14882735	[INFO]	XnProperty.cpp	151	Property Image1.FirmwareMirror was changed to 1.
14882808	[INFO]	XnProperty.cpp	151	Property Image1.Mirror was changed to 1.
14882821	[INFO]	XnProperty.cpp	101	Image1.Mirror was successfully set.
