    2208	[INFO]	XnLog.cpp	165	OpenNI version is 1.0.0 (Build 25)-MacOSX (Jan  7 2011 14:20:18)
    2262	[INFO]	XnLog.cpp	173	Log system initialized. Console: 1, File: 1, Severity: INFO, Masks: ALL
   45594	[INFO]	XnLog.cpp	173	Log system initialized. Console: 1, File: 1, Severity: INFO, Masks: ALL
   47110	[INFO]	XnUSBLinux-x86.cpp	98	USB is initialized.
 4465491	[INFO]	XnOpenNI.cpp	1261	Creating node 'Device1' of type Device...
 4466807	[INFO]	XnDeviceModule.cpp	431	Module 'Device' configuration was loaded from file.
 5080009	[INFO]	XnDeviceSensorIO.cpp	135	Connected to USB device
 5080062	[INFO]	XnProperty.cpp	151	Property Device.USBPath was changed to 045e/02ae@250/11.
 5087866	[INFO]	XnHostProtocol.cpp	825	Hardware versions: FW=5.1.4 (7) HW=4 Chip=2 Sensor=4 SYS=7
 6499344	[INFO]	XnProperty.cpp	151	Property Device.ID was changed to 0.
 6499433	[INFO]	XnSensor.cpp	182	Device sensor initialized
 6499595	[INFO]	XnOpenNI.cpp	1261	Creating node 'Depth1' of type Depth...
 6499669	[INFO]	XnDeviceBase.cpp	1383	Creating stream 'Depth1' of type 'Depth'...
 6499700	[INFO]	XnProperty.cpp	74	Setting Device.ReadData to 1...
 6499769	[INFO]	XnDeviceSensorIO.cpp	298	Endpoints open
 6512342	[INFO]	XnProperty.cpp	151	Property Device.ReadData was changed to 1.
 6512399	[INFO]	XnProperty.cpp	101	Device.ReadData was successfully set.
 6512968	[INFO]	XnProperty.cpp	151	Property Depth1.Resolution was changed to 0.
 6513007	[INFO]	XnProperty.cpp	151	Property Depth1.XRes was changed to 320.
 6513040	[INFO]	XnProperty.cpp	151	Property Depth1.YRes was changed to 240.
 6513079	[INFO]	XnProperty.cpp	151	Property Depth1.FPS was changed to 30.
 6513112	[INFO]	XnProperty.cpp	151	Property Depth1.OutputFormat was changed to 1.
 6513146	[INFO]	XnProperty.cpp	151	Property Depth1.BytesPerPixel was changed to 2.
 6513173	[INFO]	XnProperty.cpp	151	Property Depth1.RequiredDataSize was changed to 153600.
 6513208	[INFO]	XnProperty.cpp	151	Property Depth1.ParamCoeff was changed to 4.
 6513342	[INFO]	XnProperty.cpp	151	Property Depth1.ShiftScale was changed to 10.
 6525911	[INFO]	XnProperty.cpp	151	Property Depth1.ConstShift was changed to 200.
 6526031	[INFO]	XnProperty.cpp	151	Property Depth1.ZPD was changed to 120.
 6526204	[INFO]	XnProperty.cpp	151	Property Depth1.ZPPS was changed to 0.104200.
 6526242	[INFO]	XnProperty.cpp	151	Property Depth1.LDDIS was changed to 7.500000.
 6526426	[INFO]	XnProperty.cpp	151	Property Depth1.Gain was changed to 30.
 6526480	[INFO]	XnDeviceBase.cpp	1458	Stream 'Depth1' was initialized.
 6526513	[INFO]	XnDeviceBase.cpp	1463	'Depth1' stream was created.
 6526802	[INFO]	XnProperty.cpp	74	Setting Depth1.InputFormat to 3...
 6526847	[INFO]	XnProperty.cpp	151	Property Depth1.InputFormat was changed to 3.
 6526879	[INFO]	XnProperty.cpp	101	Depth1.InputFormat was successfully set.
 6527731	[INFO]	XnProperty.cpp	74	Setting Depth1.RegistrationType to 2...
 6527761	[INFO]	XnProperty.cpp	151	Property Depth1.RegistrationType was changed to 2.
 6527782	[INFO]	XnProperty.cpp	101	Depth1.RegistrationType was successfully set.
 6528656	[INFO]	XnDeviceModule.cpp	431	Module 'Depth1' configuration was loaded from file.
 6528944	[INFO]	XnProperty.cpp	74	Setting Depth1.FPS to 30...
 6528985	[INFO]	XnProperty.cpp	101	Depth1.FPS was successfully set.
 6529018	[INFO]	XnProperty.cpp	74	Setting Depth1.YRes to 480...
 6529052	[INFO]	XnProperty.cpp	151	Property Depth1.Resolution was changed to 1.
 6529085	[INFO]	XnProperty.cpp	151	Property Depth1.XRes was changed to 640.
 6529114	[INFO]	XnProperty.cpp	151	Property Depth1.RequiredDataSize was changed to 307200.
 6529146	[INFO]	XnProperty.cpp	151	Property Depth1.YRes was changed to 480.
 6529176	[INFO]	XnProperty.cpp	151	Property Depth1.RequiredDataSize was changed to 614400.
 6529209	[INFO]	XnProperty.cpp	101	Depth1.YRes was successfully set.
 6529241	[INFO]	XnProperty.cpp	74	Setting Depth1.XRes to 640...
 6529269	[INFO]	XnProperty.cpp	101	Depth1.XRes was successfully set.
 6529371	[INFO]	XnProperty.cpp	74	Setting Depth1.Mirror to 1...
 6529402	[INFO]	XnProperty.cpp	151	Property Depth1.FirmwareMirror was changed to 1.
 6529472	[INFO]	XnProperty.cpp	151	Property Depth1.Mirror was changed to 1.
 6529497	[INFO]	XnProperty.cpp	101	Depth1.Mirror was successfully set.
 9955193	[INFO]	XnOpenNI.cpp	1261	Creating node 'User1' of type User...
 9979696	[WARNING]	Linux-x86Threads.cpp	173	Failed to set thread priority: Invalid argument
 9979742	[WARNING]	XnUSBLinux-x86.cpp	126	USB events thread: Failed to set thread priority to critical. This might cause loss of data...
 9980673	[INFO]	XnUSBLinux-x86.cpp	1222	USB read thread was started.
 9980698	[INFO]	XnProperty.cpp	151	Property Depth1.ActualReadData was changed to 1.
10451348	[INFO]	XnProperty.cpp	151	Property Depth1.State was changed to 1.
10451393	[INFO]	XnDeviceBase.cpp	370	Stream Depth1 is open.
13832531	[INFO]	XnOpenNI.cpp	1261	Creating node 'Image1' of type Image...
13832584	[INFO]	XnDeviceBase.cpp	1383	Creating stream 'Image1' of type 'Image'...
13832809	[INFO]	XnProperty.cpp	151	Property Image1.Resolution was changed to 0.
13832836	[INFO]	XnProperty.cpp	151	Property Image1.XRes was changed to 320.
13832856	[INFO]	XnProperty.cpp	151	Property Image1.YRes was changed to 240.
13832875	[INFO]	XnProperty.cpp	151	Property Image1.FPS was changed to 30.
13832892	[INFO]	XnProperty.cpp	151	Property Image1.OutputFormat was changed to 5.
13832911	[INFO]	XnProperty.cpp	151	Property Image1.BytesPerPixel was changed to 3.
13832930	[INFO]	XnProperty.cpp	151	Property Image1.RequiredDataSize was changed to 230400.
13832968	[INFO]	XnDeviceBase.cpp	1458	Stream 'Image1' was initialized.
13832989	[INFO]	XnDeviceBase.cpp	1463	'Image1' stream was created.
13833134	[INFO]	XnProperty.cpp	74	Setting Image1.InputFormat to 6...
13833164	[INFO]	XnProperty.cpp	151	Property Image1.InputFormat was changed to 6.
13833184	[INFO]	XnProperty.cpp	101	Image1.InputFormat was successfully set.
13833751	[INFO]	XnDeviceModule.cpp	431	Module 'Image1' configuration was loaded from file.
13833847	[INFO]	XnProperty.cpp	74	Setting Image1.FPS to 30...
13833865	[INFO]	XnProperty.cpp	86	Image1.FPS value did not change.
13833877	[INFO]	XnProperty.cpp	74	Setting Image1.YRes to 480...
13833893	[INFO]	XnProperty.cpp	151	Property Image1.Resolution was changed to 1.
13833909	[INFO]	XnProperty.cpp	151	Property Image1.XRes was changed to 640.
13833924	[INFO]	XnProperty.cpp	151	Property Image1.RequiredDataSize was changed to 460800.
13833943	[INFO]	XnProperty.cpp	151	Property Image1.YRes was changed to 480.
13833960	[INFO]	XnProperty.cpp	151	Property Image1.RequiredDataSize was changed to 921600.
13833977	[INFO]	XnProperty.cpp	101	Image1.YRes was successfully set.
13833991	[INFO]	XnProperty.cpp	74	Setting Image1.XRes to 640...
13834002	[INFO]	XnProperty.cpp	86	Image1.XRes value did not change.
13834976	[INFO]	XnUSBLinux-x86.cpp	1222	USB read thread was started.
13835002	[INFO]	XnProperty.cpp	151	Property Image1.ActualReadData was changed to 1.
14016830	[WARNING]	XnDepthProcessor.cpp	133	Read: Depth buffer is corrupt. Size is 536272 (!= 614400)
14016881	[WARNING]	XnFrameStreamProcessor.cpp	132	Depth frame is corrupt!
17035658	[INFO]	XnProperty.cpp	151	Property Image1.State was changed to 1.
17035709	[INFO]	XnDeviceBase.cpp	370	Stream Image1 is open.
17035922	[INFO]	XnProperty.cpp	74	Setting Depth1.Registration to 1...
17056814	[WARNING]	XnDepthProcessor.cpp	133	Read: Depth buffer is corrupt. Size is 598800 (!= 614400)
17056859	[WARNING]	XnFrameStreamProcessor.cpp	132	Depth frame is corrupt!
17188088	[INFO]	XnProperty.cpp	151	Property Depth1.Registration was changed to 1.
17188134	[INFO]	XnProperty.cpp	101	Depth1.Registration was successfully set.
17188187	[INFO]	XnProperty.cpp	74	Setting Image1.Mirror to 1...
17200546	[INFO]	XnProperty.cpp	151	Property Image1.FirmwareMirror was changed to 1.
17200573	[INFO]	XnProperty.cpp	151	Property Image1.Mirror was changed to 1.
17200585	[INFO]	XnProperty.cpp	101	Image1.Mirror was successfully set.
44146996	[INFO]	XnOpenNI.cpp	1459	Destroying node 'User1'
44153396	[INFO]	XnOpenNI.cpp	1459	Destroying node 'Depth1'
44153492	[INFO]	XnDeviceBase.cpp	1507	Destroying stream 'Depth1'...
44154605	[INFO]	XnOpenNI.cpp	1459	Destroying node 'Image1'
44154680	[INFO]	XnDeviceBase.cpp	1507	Destroying stream 'Image1'...
44155670	[INFO]	XnOpenNI.cpp	1459	Destroying node 'Device1'
