   31101	[INFO]	XnLog.cpp	165	OpenNI version is 1.0.0 (Build 25)-MacOSX (Jan  7 2011 14:20:18)
   31152	[INFO]	XnLog.cpp	173	Log system initialized. Console: 1, File: 1, Severity: INFO, Masks: ALL
   31177	[INFO]	XnLog.cpp	173	Log system initialized. Console: 1, File: 1, Severity: INFO, Masks: ALL
   33649	[INFO]	XnUSBLinux-x86.cpp	98	USB is initialized.
 4113335	[INFO]	XnOpenNI.cpp	1261	Creating node 'Device1' of type Device...
 4114629	[INFO]	XnDeviceModule.cpp	431	Module 'Device' configuration was loaded from file.
 4569830	[INFO]	XnDeviceSensorIO.cpp	135	Connected to USB device
 4569885	[INFO]	XnProperty.cpp	151	Property Device.USBPath was changed to 045e/02ae@250/11.
 4577101	[INFO]	XnHostProtocol.cpp	825	Hardware versions: FW=5.1.4 (7) HW=4 Chip=2 Sensor=4 SYS=7
 5990701	[INFO]	XnProperty.cpp	151	Property Device.ID was changed to 0.
 5990796	[INFO]	XnSensor.cpp	182	Device sensor initialized
 5990952	[INFO]	XnOpenNI.cpp	1261	Creating node 'Depth1' of type Depth...
 5991029	[INFO]	XnDeviceBase.cpp	1383	Creating stream 'Depth1' of type 'Depth'...
 5991069	[INFO]	XnProperty.cpp	74	Setting Device.ReadData to 1...
 5991124	[INFO]	XnDeviceSensorIO.cpp	298	Endpoints open
 6003904	[INFO]	XnProperty.cpp	151	Property Device.ReadData was changed to 1.
 6003960	[INFO]	XnProperty.cpp	101	Device.ReadData was successfully set.
 6004559	[INFO]	XnProperty.cpp	151	Property Depth1.Resolution was changed to 0.
 6004593	[INFO]	XnProperty.cpp	151	Property Depth1.XRes was changed to 320.
 6004614	[INFO]	XnProperty.cpp	151	Property Depth1.YRes was changed to 240.
 6004636	[INFO]	XnProperty.cpp	151	Property Depth1.FPS was changed to 30.
 6004665	[INFO]	XnProperty.cpp	151	Property Depth1.OutputFormat was changed to 1.
 6004696	[INFO]	XnProperty.cpp	151	Property Depth1.BytesPerPixel was changed to 2.
 6004726	[INFO]	XnProperty.cpp	151	Property Depth1.RequiredDataSize was changed to 153600.
 6004763	[INFO]	XnProperty.cpp	151	Property Depth1.ParamCoeff was changed to 4.
 6004885	[INFO]	XnProperty.cpp	151	Property Depth1.ShiftScale was changed to 10.
 6017502	[INFO]	XnProperty.cpp	151	Property Depth1.ConstShift was changed to 200.
 6017656	[INFO]	XnProperty.cpp	151	Property Depth1.ZPD was changed to 120.
 6017918	[INFO]	XnProperty.cpp	151	Property Depth1.ZPPS was changed to 0.104200.
 6017966	[INFO]	XnProperty.cpp	151	Property Depth1.LDDIS was changed to 7.500000.
 6018196	[INFO]	XnProperty.cpp	151	Property Depth1.Gain was changed to 30.
 6018260	[INFO]	XnDeviceBase.cpp	1458	Stream 'Depth1' was initialized.
 6018301	[INFO]	XnDeviceBase.cpp	1463	'Depth1' stream was created.
 6018671	[INFO]	XnProperty.cpp	74	Setting Depth1.InputFormat to 3...
 6018730	[INFO]	XnProperty.cpp	151	Property Depth1.InputFormat was changed to 3.
 6018772	[INFO]	XnProperty.cpp	101	Depth1.InputFormat was successfully set.
 6019930	[INFO]	XnProperty.cpp	74	Setting Depth1.RegistrationType to 2...
 6019967	[INFO]	XnProperty.cpp	151	Property Depth1.RegistrationType was changed to 2.
 6019998	[INFO]	XnProperty.cpp	101	Depth1.RegistrationType was successfully set.
 6020875	[INFO]	XnDeviceModule.cpp	431	Module 'Depth1' configuration was loaded from file.
 6021159	[INFO]	XnProperty.cpp	74	Setting Depth1.FPS to 30...
 6021194	[INFO]	XnProperty.cpp	86	Depth1.FPS value did not change.
 6021226	[INFO]	XnProperty.cpp	74	Setting Depth1.YRes to 480...
 6021261	[INFO]	XnProperty.cpp	151	Property Depth1.Resolution was changed to 1.
 6021295	[INFO]	XnProperty.cpp	151	Property Depth1.XRes was changed to 640.
 6021325	[INFO]	XnProperty.cpp	151	Property Depth1.RequiredDataSize was changed to 307200.
 6021357	[INFO]	XnProperty.cpp	151	Property Depth1.YRes was changed to 480.
 6021388	[INFO]	XnProperty.cpp	151	Property Depth1.RequiredDataSize was changed to 614400.
 6021420	[INFO]	XnProperty.cpp	101	Depth1.YRes was successfully set.
 6021452	[INFO]	XnProperty.cpp	74	Setting Depth1.XRes to 640...
 6021480	[INFO]	XnProperty.cpp	86	Depth1.XRes value did not change.
 6021570	[INFO]	XnProperty.cpp	74	Setting Depth1.Mirror to 1...
 6021606	[INFO]	XnProperty.cpp	151	Property Depth1.FirmwareMirror was changed to 1.
 6021688	[INFO]	XnProperty.cpp	151	Property Depth1.Mirror was changed to 1.
 6021718	[INFO]	XnProperty.cpp	101	Depth1.Mirror was successfully set.
 9448128	[INFO]	XnOpenNI.cpp	1261	Creating node 'User1' of type User...
 9474241	[WARNING]	Linux-x86Threads.cpp	173	Failed to set thread priority: Invalid argument
 9474288	[WARNING]	XnUSBLinux-x86.cpp	126	USB events thread: Failed to set thread priority to critical. This might cause loss of data...
 9475197	[INFO]	XnUSBLinux-x86.cpp	1222	USB read thread was started.
 9475221	[INFO]	XnProperty.cpp	151	Property Depth1.ActualReadData was changed to 1.
 9945457	[INFO]	XnProperty.cpp	151	Property Depth1.State was changed to 1.
 9945498	[INFO]	XnDeviceBase.cpp	370	Stream Depth1 is open.
13326749	[INFO]	XnOpenNI.cpp	1261	Creating node 'Image1' of type Image...
13326806	[INFO]	XnDeviceBase.cpp	1383	Creating stream 'Image1' of type 'Image'...
13327001	[INFO]	XnProperty.cpp	151	Property Image1.Resolution was changed to 0.
13327025	[INFO]	XnProperty.cpp	151	Property Image1.XRes was changed to 320.
13327045	[INFO]	XnProperty.cpp	151	Property Image1.YRes was changed to 240.
13327063	[INFO]	XnProperty.cpp	151	Property Image1.FPS was changed to 30.
13327080	[INFO]	XnProperty.cpp	151	Property Image1.OutputFormat was changed to 5.
13327099	[INFO]	XnProperty.cpp	151	Property Image1.BytesPerPixel was changed to 3.
13327116	[INFO]	XnProperty.cpp	151	Property Image1.RequiredDataSize was changed to 230400.
13327156	[INFO]	XnDeviceBase.cpp	1458	Stream 'Image1' was initialized.
13327177	[INFO]	XnDeviceBase.cpp	1463	'Image1' stream was created.
13327305	[INFO]	XnProperty.cpp	74	Setting Image1.InputFormat to 6...
13327334	[INFO]	XnProperty.cpp	151	Property Image1.InputFormat was changed to 6.
13327353	[INFO]	XnProperty.cpp	101	Image1.InputFormat was successfully set.
13327884	[INFO]	XnDeviceModule.cpp	431	Module 'Image1' configuration was loaded from file.
13327971	[INFO]	XnProperty.cpp	74	Setting Image1.FPS to 30...
13327992	[INFO]	XnProperty.cpp	101	Image1.FPS was successfully set.
13328004	[INFO]	XnProperty.cpp	74	Setting Image1.YRes to 480...
13328020	[INFO]	XnProperty.cpp	151	Property Image1.Resolution was changed to 1.
13328036	[INFO]	XnProperty.cpp	151	Property Image1.XRes was changed to 640.
13328050	[INFO]	XnProperty.cpp	151	Property Image1.RequiredDataSize was changed to 460800.
13328070	[INFO]	XnProperty.cpp	151	Property Image1.YRes was changed to 480.
13328086	[INFO]	XnProperty.cpp	151	Property Image1.RequiredDataSize was changed to 921600.
13328103	[INFO]	XnProperty.cpp	101	Image1.YRes was successfully set.
13328118	[INFO]	XnProperty.cpp	74	Setting Image1.XRes to 640...
13328129	[INFO]	XnProperty.cpp	101	Image1.XRes was successfully set.
13329079	[INFO]	XnUSBLinux-x86.cpp	1222	USB read thread was started.
13329104	[INFO]	XnProperty.cpp	151	Property Image1.ActualReadData was changed to 1.
13514486	[WARNING]	XnDepthProcessor.cpp	133	Read: Depth buffer is corrupt. Size is 528512 (!= 614400)
13514532	[WARNING]	XnFrameStreamProcessor.cpp	132	Depth frame is corrupt!
16414585	[WARNING]	XnDepthProcessor.cpp	133	Read: Depth buffer is corrupt. Size is 571408 (!= 614400)
16414633	[WARNING]	XnFrameStreamProcessor.cpp	132	Depth frame is corrupt!
16529251	[INFO]	XnProperty.cpp	151	Property Image1.State was changed to 1.
16529296	[INFO]	XnDeviceBase.cpp	370	Stream Image1 is open.
16529505	[INFO]	XnProperty.cpp	74	Setting Depth1.Registration to 1...
16550549	[WARNING]	XnDepthProcessor.cpp	133	Read: Depth buffer is corrupt. Size is 582080 (!= 614400)
16550593	[WARNING]	XnFrameStreamProcessor.cpp	132	Depth frame is corrupt!
16682249	[INFO]	XnProperty.cpp	151	Property Depth1.Registration was changed to 1.
16682295	[INFO]	XnProperty.cpp	101	Depth1.Registration was successfully set.
16682347	[INFO]	XnProperty.cpp	74	Setting Image1.Mirror to 1...
16695019	[INFO]	XnProperty.cpp	151	Property Image1.FirmwareMirror was changed to 1.
16695049	[INFO]	XnProperty.cpp	151	Property Image1.Mirror was changed to 1.
16695061	[INFO]	XnProperty.cpp	101	Image1.Mirror was successfully set.
180635699	[INFO]	XnOpenNI.cpp	1459	Destroying node 'User1'
180642227	[INFO]	XnOpenNI.cpp	1459	Destroying node 'Depth1'
180642322	[INFO]	XnDeviceBase.cpp	1507	Destroying stream 'Depth1'...
180643645	[INFO]	XnOpenNI.cpp	1459	Destroying node 'Image1'
180643693	[INFO]	XnDeviceBase.cpp	1507	Destroying stream 'Image1'...
180645639	[INFO]	XnOpenNI.cpp	1459	Destroying node 'Device1'
