    1663	[INFO]	XnLog.cpp	165	OpenNI version is 1.0.0 (Build 25)-MacOSX (Jan  7 2011 14:20:18)
    1707	[INFO]	XnLog.cpp	173	Log system initialized. Console: 1, File: 1, Severity: INFO, Masks: ALL
   32731	[INFO]	XnLog.cpp	173	Log system initialized. Console: 1, File: 1, Severity: INFO, Masks: ALL
   34720	[INFO]	XnUSBLinux-x86.cpp	98	USB is initialized.
 4073443	[INFO]	XnOpenNI.cpp	1261	Creating node 'Device1' of type Device...
 4074371	[INFO]	XnDeviceModule.cpp	431	Module 'Device' configuration was loaded from file.
 4526029	[INFO]	XnDeviceSensorIO.cpp	135	Connected to USB device
 4526087	[INFO]	XnProperty.cpp	151	Property Device.USBPath was changed to 045e/02ae@250/11.
 4533579	[INFO]	XnHostProtocol.cpp	825	Hardware versions: FW=5.1.4 (7) HW=4 Chip=2 Sensor=4 SYS=7
 5943730	[INFO]	XnProperty.cpp	151	Property Device.ID was changed to 0.
 5943787	[INFO]	XnSensor.cpp	182	Device sensor initialized
 5943891	[INFO]	XnOpenNI.cpp	1261	Creating node 'Depth1' of type Depth...
 5943943	[INFO]	XnDeviceBase.cpp	1383	Creating stream 'Depth1' of type 'Depth'...
 5943967	[INFO]	XnProperty.cpp	74	Setting Device.ReadData to 1...
 5944008	[INFO]	XnDeviceSensorIO.cpp	298	Endpoints open
 5956279	[INFO]	XnProperty.cpp	151	Property Device.ReadData was changed to 1.
 5956303	[INFO]	XnProperty.cpp	101	Device.ReadData was successfully set.
 5956719	[INFO]	XnProperty.cpp	151	Property Depth1.Resolution was changed to 0.
 5956742	[INFO]	XnProperty.cpp	151	Property Depth1.XRes was changed to 320.
 5956770	[INFO]	XnProperty.cpp	151	Property Depth1.YRes was changed to 240.
 5956798	[INFO]	XnProperty.cpp	151	Property Depth1.FPS was changed to 30.
 5956819	[INFO]	XnProperty.cpp	151	Property Depth1.OutputFormat was changed to 1.
 5956838	[INFO]	XnProperty.cpp	151	Property Depth1.BytesPerPixel was changed to 2.
 5956857	[INFO]	XnProperty.cpp	151	Property Depth1.RequiredDataSize was changed to 153600.
 5956879	[INFO]	XnProperty.cpp	151	Property Depth1.ParamCoeff was changed to 4.
 5956945	[INFO]	XnProperty.cpp	151	Property Depth1.ShiftScale was changed to 10.
 5969358	[INFO]	XnProperty.cpp	151	Property Depth1.ConstShift was changed to 200.
 5969437	[INFO]	XnProperty.cpp	151	Property Depth1.ZPD was changed to 120.
 5969544	[INFO]	XnProperty.cpp	151	Property Depth1.ZPPS was changed to 0.104200.
 5969566	[INFO]	XnProperty.cpp	151	Property Depth1.LDDIS was changed to 7.500000.
 5969670	[INFO]	XnProperty.cpp	151	Property Depth1.Gain was changed to 30.
 5969703	[INFO]	XnDeviceBase.cpp	1458	Stream 'Depth1' was initialized.
 5969722	[INFO]	XnDeviceBase.cpp	1463	'Depth1' stream was created.
 5969908	[INFO]	XnProperty.cpp	74	Setting Depth1.InputFormat to 3...
 5969936	[INFO]	XnProperty.cpp	151	Property Depth1.InputFormat was changed to 3.
 5969955	[INFO]	XnProperty.cpp	101	Depth1.InputFormat was successfully set.
 5970475	[INFO]	XnProperty.cpp	74	Setting Depth1.RegistrationType to 2...
 5970494	[INFO]	XnProperty.cpp	151	Property Depth1.RegistrationType was changed to 2.
 5970508	[INFO]	XnProperty.cpp	101	Depth1.RegistrationType was successfully set.
 5971031	[INFO]	XnDeviceModule.cpp	431	Module 'Depth1' configuration was loaded from file.
 5971238	[INFO]	XnProperty.cpp	74	Setting Depth1.FPS to 30...
 5971258	[INFO]	XnProperty.cpp	86	Depth1.FPS value did not change.
 5971272	[INFO]	XnProperty.cpp	74	Setting Depth1.YRes to 480...
 5971292	[INFO]	XnProperty.cpp	151	Property Depth1.Resolution was changed to 1.
 5971310	[INFO]	XnProperty.cpp	151	Property Depth1.XRes was changed to 640.
 5971327	[INFO]	XnProperty.cpp	151	Property Depth1.RequiredDataSize was changed to 307200.
 5971343	[INFO]	XnProperty.cpp	151	Property Depth1.YRes was changed to 480.
 5971355	[INFO]	XnProperty.cpp	151	Property Depth1.RequiredDataSize was changed to 614400.
 5971371	[INFO]	XnProperty.cpp	101	Depth1.YRes was successfully set.
 5971387	[INFO]	XnProperty.cpp	74	Setting Depth1.XRes to 640...
 5971401	[INFO]	XnProperty.cpp	86	Depth1.XRes value did not change.
 5971458	[INFO]	XnProperty.cpp	74	Setting Depth1.Mirror to 1...
 5971476	[INFO]	XnProperty.cpp	151	Property Depth1.FirmwareMirror was changed to 1.
 5971528	[INFO]	XnProperty.cpp	151	Property Depth1.Mirror was changed to 1.
 5971543	[INFO]	XnProperty.cpp	101	Depth1.Mirror was successfully set.
 9368788	[INFO]	XnOpenNI.cpp	1261	Creating node 'User1' of type User...
 9393423	[WARNING]	Linux-x86Threads.cpp	173	Failed to set thread priority: Invalid argument
 9393471	[WARNING]	XnUSBLinux-x86.cpp	126	USB events thread: Failed to set thread priority to critical. This might cause loss of data...
 9394379	[INFO]	XnUSBLinux-x86.cpp	1222	USB read thread was started.
 9394408	[INFO]	XnProperty.cpp	151	Property Depth1.ActualReadData was changed to 1.
 9865939	[INFO]	XnProperty.cpp	151	Property Depth1.State was changed to 1.
 9865995	[INFO]	XnDeviceBase.cpp	370	Stream Depth1 is open.
13270875	[INFO]	XnOpenNI.cpp	1261	Creating node 'Image1' of type Image...
13270939	[INFO]	XnDeviceBase.cpp	1383	Creating stream 'Image1' of type 'Image'...
13271143	[INFO]	XnProperty.cpp	151	Property Image1.Resolution was changed to 0.
13271166	[INFO]	XnProperty.cpp	151	Property Image1.XRes was changed to 320.
13271186	[INFO]	XnProperty.cpp	151	Property Image1.YRes was changed to 240.
13271204	[INFO]	XnProperty.cpp	151	Property Image1.FPS was changed to 30.
13271222	[INFO]	XnProperty.cpp	151	Property Image1.OutputFormat was changed to 5.
13271237	[INFO]	XnProperty.cpp	151	Property Image1.BytesPerPixel was changed to 3.
13271250	[INFO]	XnProperty.cpp	151	Property Image1.RequiredDataSize was changed to 230400.
13271280	[INFO]	XnDeviceBase.cpp	1458	Stream 'Image1' was initialized.
13271293	[INFO]	XnDeviceBase.cpp	1463	'Image1' stream was created.
13271400	[INFO]	XnProperty.cpp	74	Setting Image1.InputFormat to 6...
13271428	[INFO]	XnProperty.cpp	151	Property Image1.InputFormat was changed to 6.
13271446	[INFO]	XnProperty.cpp	101	Image1.InputFormat was successfully set.
13271912	[INFO]	XnDeviceModule.cpp	431	Module 'Image1' configuration was loaded from file.
13272016	[INFO]	XnProperty.cpp	74	Setting Image1.FPS to 30...
13272033	[INFO]	XnProperty.cpp	86	Image1.FPS value did not change.
13272051	[INFO]	XnProperty.cpp	74	Setting Image1.YRes to 480...
13272066	[INFO]	XnProperty.cpp	151	Property Image1.Resolution was changed to 1.
13272083	[INFO]	XnProperty.cpp	151	Property Image1.XRes was changed to 640.
13272100	[INFO]	XnProperty.cpp	151	Property Image1.RequiredDataSize was changed to 460800.
13272118	[INFO]	XnProperty.cpp	151	Property Image1.YRes was changed to 480.
13272134	[INFO]	XnProperty.cpp	151	Property Image1.RequiredDataSize was changed to 921600.
13272146	[INFO]	XnProperty.cpp	101	Image1.YRes was successfully set.
13272158	[INFO]	XnProperty.cpp	74	Setting Image1.XRes to 640...
13272171	[INFO]	XnProperty.cpp	86	Image1.XRes value did not change.
13273034	[INFO]	XnUSBLinux-x86.cpp	1222	USB read thread was started.
13273059	[INFO]	XnProperty.cpp	151	Property Image1.ActualReadData was changed to 1.
13333977	[WARNING]	XnDepthProcessor.cpp	133	Read: Depth buffer is corrupt. Size is 596128 (!= 614400)
13334026	[WARNING]	XnFrameStreamProcessor.cpp	132	Depth frame is corrupt!
13466012	[WARNING]	XnDepthProcessor.cpp	133	Read: Depth buffer is corrupt. Size is 575456 (!= 614400)
13466061	[WARNING]	XnFrameStreamProcessor.cpp	132	Depth frame is corrupt!
16370040	[WARNING]	XnDepthProcessor.cpp	133	Read: Depth buffer is corrupt. Size is 565088 (!= 614400)
16370087	[WARNING]	XnFrameStreamProcessor.cpp	132	Depth frame is corrupt!
16473735	[INFO]	XnProperty.cpp	151	Property Image1.State was changed to 1.
16473779	[INFO]	XnDeviceBase.cpp	370	Stream Image1 is open.
16474000	[INFO]	XnProperty.cpp	74	Setting Depth1.Registration to 1...
16481001	[WARNING]	XnFirmwareStreams.cpp	324	Unknown packet type (0x564e)!!!
16484988	[WARNING]	XnFirmwareStreams.cpp	324	Unknown packet type (0x564e)!!!
16502008	[WARNING]	XnDepthProcessor.cpp	133	Read: Depth buffer is corrupt. Size is 583808 (!= 614400)
16502050	[WARNING]	XnFrameStreamProcessor.cpp	132	Depth frame is corrupt!
16625025	[INFO]	XnProperty.cpp	151	Property Depth1.Registration was changed to 1.
16625077	[INFO]	XnProperty.cpp	101	Depth1.Registration was successfully set.
16625359	[INFO]	XnProperty.cpp	74	Setting Image1.Mirror to 1...
16637738	[INFO]	XnProperty.cpp	151	Property Image1.FirmwareMirror was changed to 1.
16637779	[INFO]	XnProperty.cpp	151	Property Image1.Mirror was changed to 1.
16637792	[INFO]	XnProperty.cpp	101	Image1.Mirror was successfully set.
