   33418	[INFO]	XnLog.cpp	165	OpenNI version is 1.0.0 (Build 25)-MacOSX (Jan  7 2011 14:20:18)
   33470	[INFO]	XnLog.cpp	173	Log system initialized. Console: 1, File: 1, Severity: INFO, Masks: ALL
   33500	[INFO]	XnLog.cpp	173	Log system initialized. Console: 1, File: 1, Severity: INFO, Masks: ALL
   34886	[INFO]	XnUSBLinux-x86.cpp	98	USB is initialized.
 4054645	[INFO]	XnOpenNI.cpp	1261	Creating node 'Device1' of type Device...
 4055877	[INFO]	XnDeviceModule.cpp	431	Module 'Device' configuration was loaded from file.
 4512144	[INFO]	XnDeviceSensorIO.cpp	135	Connected to USB device
 4512195	[INFO]	XnProperty.cpp	151	Property Device.USBPath was changed to 045e/02ae@250/11.
 4519898	[INFO]	XnHostProtocol.cpp	825	Hardware versions: FW=5.1.4 (7) HW=4 Chip=2 Sensor=4 SYS=7
 5931321	[INFO]	XnProperty.cpp	151	Property Device.ID was changed to 0.
 5931416	[INFO]	XnSensor.cpp	182	Device sensor initialized
 5931615	[INFO]	XnOpenNI.cpp	1261	Creating node 'Depth1' of type Depth...
 5931706	[INFO]	XnDeviceBase.cpp	1383	Creating stream 'Depth1' of type 'Depth'...
 5931752	[INFO]	XnProperty.cpp	74	Setting Device.ReadData to 1...
 5931829	[INFO]	XnDeviceSensorIO.cpp	298	Endpoints open
 5944335	[INFO]	XnProperty.cpp	151	Property Device.ReadData was changed to 1.
 5944383	[INFO]	XnProperty.cpp	101	Device.ReadData was successfully set.
 5945144	[INFO]	XnProperty.cpp	151	Property Depth1.Resolution was changed to 0.
 5945182	[INFO]	XnProperty.cpp	151	Property Depth1.XRes was changed to 320.
 5945205	[INFO]	XnProperty.cpp	151	Property Depth1.YRes was changed to 240.
 5945231	[INFO]	XnProperty.cpp	151	Property Depth1.FPS was changed to 30.
 5945261	[INFO]	XnProperty.cpp	151	Property Depth1.OutputFormat was changed to 1.
 5945291	[INFO]	XnProperty.cpp	151	Property Depth1.BytesPerPixel was changed to 2.
 5945320	[INFO]	XnProperty.cpp	151	Property Depth1.RequiredDataSize was changed to 153600.
 5945357	[INFO]	XnProperty.cpp	151	Property Depth1.ParamCoeff was changed to 4.
 5945479	[INFO]	XnProperty.cpp	151	Property Depth1.ShiftScale was changed to 10.
 5958166	[INFO]	XnProperty.cpp	151	Property Depth1.ConstShift was changed to 200.
 5958308	[INFO]	XnProperty.cpp	151	Property Depth1.ZPD was changed to 120.
 5958521	[INFO]	XnProperty.cpp	151	Property Depth1.ZPPS was changed to 0.104200.
 5958549	[INFO]	XnProperty.cpp	151	Property Depth1.LDDIS was changed to 7.500000.
 5958698	[INFO]	XnProperty.cpp	151	Property Depth1.Gain was changed to 30.
 5958745	[INFO]	XnDeviceBase.cpp	1458	Stream 'Depth1' was initialized.
 5958770	[INFO]	XnDeviceBase.cpp	1463	'Depth1' stream was created.
 5959007	[INFO]	XnProperty.cpp	74	Setting Depth1.InputFormat to 3...
 5959039	[INFO]	XnProperty.cpp	151	Property Depth1.InputFormat was changed to 3.
 5959058	[INFO]	XnProperty.cpp	101	Depth1.InputFormat was successfully set.
 5959820	[INFO]	XnProperty.cpp	74	Setting Depth1.RegistrationType to 2...
 5959853	[INFO]	XnProperty.cpp	151	Property Depth1.RegistrationType was changed to 2.
 5959881	[INFO]	XnProperty.cpp	101	Depth1.RegistrationType was successfully set.
 5960735	[INFO]	XnDeviceModule.cpp	431	Module 'Depth1' configuration was loaded from file.
 5961015	[INFO]	XnProperty.cpp	74	Setting Depth1.FPS to 30...
 5961046	[INFO]	XnProperty.cpp	86	Depth1.FPS value did not change.
 5961074	[INFO]	XnProperty.cpp	74	Setting Depth1.YRes to 480...
 5961105	[INFO]	XnProperty.cpp	151	Property Depth1.Resolution was changed to 1.
 5961137	[INFO]	XnProperty.cpp	151	Property Depth1.XRes was changed to 640.
 5961167	[INFO]	XnProperty.cpp	151	Property Depth1.RequiredDataSize was changed to 307200.
 5961198	[INFO]	XnProperty.cpp	151	Property Depth1.YRes was changed to 480.
 5961228	[INFO]	XnProperty.cpp	151	Property Depth1.RequiredDataSize was changed to 614400.
 5961260	[INFO]	XnProperty.cpp	101	Depth1.YRes was successfully set.
 5961292	[INFO]	XnProperty.cpp	74	Setting Depth1.XRes to 640...
 5961319	[INFO]	XnProperty.cpp	86	Depth1.XRes value did not change.
 5961411	[INFO]	XnProperty.cpp	74	Setting Depth1.Mirror to 1...
 5961455	[INFO]	XnProperty.cpp	151	Property Depth1.FirmwareMirror was changed to 1.
 5961530	[INFO]	XnProperty.cpp	151	Property Depth1.Mirror was changed to 1.
 5961555	[INFO]	XnProperty.cpp	101	Depth1.Mirror was successfully set.
 9387108	[INFO]	XnOpenNI.cpp	1261	Creating node 'User1' of type User...
 9414477	[WARNING]	Linux-x86Threads.cpp	173	Failed to set thread priority: Invalid argument
 9414523	[WARNING]	XnUSBLinux-x86.cpp	126	USB events thread: Failed to set thread priority to critical. This might cause loss of data...
 9415431	[INFO]	XnUSBLinux-x86.cpp	1222	USB read thread was started.
 9415455	[INFO]	XnProperty.cpp	151	Property Depth1.ActualReadData was changed to 1.
 9885731	[INFO]	XnProperty.cpp	151	Property Depth1.State was changed to 1.
 9885776	[INFO]	XnDeviceBase.cpp	370	Stream Depth1 is open.
13268441	[INFO]	XnOpenNI.cpp	1261	Creating node 'Image1' of type Image...
13268494	[INFO]	XnDeviceBase.cpp	1383	Creating stream 'Image1' of type 'Image'...
13268649	[INFO]	XnProperty.cpp	151	Property Image1.Resolution was changed to 0.
13268674	[INFO]	XnProperty.cpp	151	Property Image1.XRes was changed to 320.
13268703	[INFO]	XnProperty.cpp	151	Property Image1.YRes was changed to 240.
13268721	[INFO]	XnProperty.cpp	151	Property Image1.FPS was changed to 30.
13268739	[INFO]	XnProperty.cpp	151	Property Image1.OutputFormat was changed to 5.
13268757	[INFO]	XnProperty.cpp	151	Property Image1.BytesPerPixel was changed to 3.
13268776	[INFO]	XnProperty.cpp	151	Property Image1.RequiredDataSize was changed to 230400.
13268815	[INFO]	XnDeviceBase.cpp	1458	Stream 'Image1' was initialized.
13268836	[INFO]	XnDeviceBase.cpp	1463	'Image1' stream was created.
13268963	[INFO]	XnProperty.cpp	74	Setting Image1.InputFormat to 6...
13268991	[INFO]	XnProperty.cpp	151	Property Image1.InputFormat was changed to 6.
13269010	[INFO]	XnProperty.cpp	101	Image1.InputFormat was successfully set.
13269567	[INFO]	XnDeviceModule.cpp	431	Module 'Image1' configuration was loaded from file.
13269654	[INFO]	XnProperty.cpp	74	Setting Image1.FPS to 30...
13269672	[INFO]	XnProperty.cpp	86	Image1.FPS value did not change.
13269692	[INFO]	XnProperty.cpp	74	Setting Image1.YRes to 480...
13269707	[INFO]	XnProperty.cpp	151	Property Image1.Resolution was changed to 1.
13269723	[INFO]	XnProperty.cpp	151	Property Image1.XRes was changed to 640.
13269739	[INFO]	XnProperty.cpp	151	Property Image1.RequiredDataSize was changed to 460800.
13269758	[INFO]	XnProperty.cpp	151	Property Image1.YRes was changed to 480.
13269774	[INFO]	XnProperty.cpp	151	Property Image1.RequiredDataSize was changed to 921600.
13269792	[INFO]	XnProperty.cpp	101	Image1.YRes was successfully set.
13269806	[INFO]	XnProperty.cpp	74	Setting Image1.XRes to 640...
13269817	[INFO]	XnProperty.cpp	86	Image1.XRes value did not change.
13270715	[INFO]	XnUSBLinux-x86.cpp	1222	USB read thread was started.
13270747	[INFO]	XnProperty.cpp	151	Property Image1.ActualReadData was changed to 1.
13454777	[WARNING]	XnDepthProcessor.cpp	133	Read: Depth buffer is corrupt. Size is 559088 (!= 614400)
13454830	[WARNING]	XnFrameStreamProcessor.cpp	132	Depth frame is corrupt!
16470445	[INFO]	XnProperty.cpp	151	Property Image1.State was changed to 1.
16470489	[INFO]	XnDeviceBase.cpp	370	Stream Image1 is open.
16470687	[INFO]	XnProperty.cpp	74	Setting Depth1.Registration to 1...
16490875	[WARNING]	XnDepthProcessor.cpp	133	Read: Depth buffer is corrupt. Size is 565696 (!= 614400)
16490934	[WARNING]	XnFrameStreamProcessor.cpp	132	Depth frame is corrupt!
16622927	[INFO]	XnProperty.cpp	151	Property Depth1.Registration was changed to 1.
16622981	[INFO]	XnProperty.cpp	101	Depth1.Registration was successfully set.
16623032	[INFO]	XnProperty.cpp	74	Setting Image1.Mirror to 1...
16635484	[INFO]	XnProperty.cpp	151	Property Image1.FirmwareMirror was changed to 1.
16635516	[INFO]	XnProperty.cpp	151	Property Image1.Mirror was changed to 1.
16635533	[INFO]	XnProperty.cpp	101	Image1.Mirror was successfully set.
101627870	[INFO]	XnOpenNI.cpp	1459	Destroying node 'User1'
101634591	[INFO]	XnOpenNI.cpp	1459	Destroying node 'Depth1'
101634688	[INFO]	XnDeviceBase.cpp	1507	Destroying stream 'Depth1'...
101635791	[INFO]	XnOpenNI.cpp	1459	Destroying node 'Image1'
101635867	[INFO]	XnDeviceBase.cpp	1507	Destroying stream 'Image1'...
101636797	[INFO]	XnOpenNI.cpp	1459	Destroying node 'Device1'
