   70176	[INFO]	XnLog.cpp	165	OpenNI version is 1.0.0 (Build 25)-MacOSX (Jan  7 2011 14:20:18)
   70230	[INFO]	XnLog.cpp	173	Log system initialized. Console: 1, File: 1, Severity: INFO, Masks: ALL
   70254	[INFO]	XnLog.cpp	173	Log system initialized. Console: 1, File: 1, Severity: INFO, Masks: ALL
   78599	[INFO]	XnUSBLinux-x86.cpp	98	USB is initialized.
 4493269	[INFO]	XnOpenNI.cpp	1261	Creating node 'Device1' of type Device...
 4494161	[INFO]	XnDeviceModule.cpp	431	Module 'Device' configuration was loaded from file.
 5108940	[INFO]	XnDeviceSensorIO.cpp	135	Connected to USB device
 5109004	[INFO]	XnProperty.cpp	151	Property Device.USBPath was changed to 045e/02ae@250/11.
 5116938	[INFO]	XnHostProtocol.cpp	825	Hardware versions: FW=5.1.4 (7) HW=4 Chip=2 Sensor=4 SYS=7
 6523224	[INFO]	XnProperty.cpp	151	Property Device.ID was changed to 0.
 6523323	[INFO]	XnSensor.cpp	182	Device sensor initialized
 6523424	[INFO]	XnOpenNI.cpp	1261	Creating node 'Depth1' of type Depth...
 6523480	[INFO]	XnDeviceBase.cpp	1383	Creating stream 'Depth1' of type 'Depth'...
 6523508	[INFO]	XnProperty.cpp	74	Setting Device.ReadData to 1...
 6523554	[INFO]	XnDeviceSensorIO.cpp	298	Endpoints open
 6536302	[INFO]	XnProperty.cpp	151	Property Device.ReadData was changed to 1.
 6536336	[INFO]	XnProperty.cpp	101	Device.ReadData was successfully set.
 6536751	[INFO]	XnProperty.cpp	151	Property Depth1.Resolution was changed to 0.
 6536774	[INFO]	XnProperty.cpp	151	Property Depth1.XRes was changed to 320.
 6536792	[INFO]	XnProperty.cpp	151	Property Depth1.YRes was changed to 240.
 6536812	[INFO]	XnProperty.cpp	151	Property Depth1.FPS was changed to 30.
 6536828	[INFO]	XnProperty.cpp	151	Property Depth1.OutputFormat was changed to 1.
 6536846	[INFO]	XnProperty.cpp	151	Property Depth1.BytesPerPixel was changed to 2.
 6536862	[INFO]	XnProperty.cpp	151	Property Depth1.RequiredDataSize was changed to 153600.
 6536878	[INFO]	XnProperty.cpp	151	Property Depth1.ParamCoeff was changed to 4.
 6536938	[INFO]	XnProperty.cpp	151	Property Depth1.ShiftScale was changed to 10.
 6549720	[INFO]	XnProperty.cpp	151	Property Depth1.ConstShift was changed to 200.
 6549800	[INFO]	XnProperty.cpp	151	Property Depth1.ZPD was changed to 120.
 6549919	[INFO]	XnProperty.cpp	151	Property Depth1.ZPPS was changed to 0.104200.
 6549946	[INFO]	XnProperty.cpp	151	Property Depth1.LDDIS was changed to 7.500000.
 6550064	[INFO]	XnProperty.cpp	151	Property Depth1.Gain was changed to 30.
 6550102	[INFO]	XnDeviceBase.cpp	1458	Stream 'Depth1' was initialized.
 6550124	[INFO]	XnDeviceBase.cpp	1463	'Depth1' stream was created.
 6550325	[INFO]	XnProperty.cpp	74	Setting Depth1.InputFormat to 3...
 6550355	[INFO]	XnProperty.cpp	151	Property Depth1.InputFormat was changed to 3.
 6550376	[INFO]	XnProperty.cpp	101	Depth1.InputFormat was successfully set.
 6550917	[INFO]	XnProperty.cpp	74	Setting Depth1.RegistrationType to 2...
 6550937	[INFO]	XnProperty.cpp	151	Property Depth1.RegistrationType was changed to 2.
 6550949	[INFO]	XnProperty.cpp	101	Depth1.RegistrationType was successfully set.
 6551554	[INFO]	XnDeviceModule.cpp	431	Module 'Depth1' configuration was loaded from file.
 6551771	[INFO]	XnProperty.cpp	74	Setting Depth1.FPS to 30...
 6551798	[INFO]	XnProperty.cpp	86	Depth1.FPS value did not change.
 6551817	[INFO]	XnProperty.cpp	74	Setting Depth1.YRes to 480...
 6551838	[INFO]	XnProperty.cpp	151	Property Depth1.Resolution was changed to 1.
 6551859	[INFO]	XnProperty.cpp	151	Property Depth1.XRes was changed to 640.
 6551878	[INFO]	XnProperty.cpp	151	Property Depth1.RequiredDataSize was changed to 307200.
 6551899	[INFO]	XnProperty.cpp	151	Property Depth1.YRes was changed to 480.
 6551918	[INFO]	XnProperty.cpp	151	Property Depth1.RequiredDataSize was changed to 614400.
 6551939	[INFO]	XnProperty.cpp	101	Depth1.YRes was successfully set.
 6551959	[INFO]	XnProperty.cpp	74	Setting Depth1.XRes to 640...
 6551978	[INFO]	XnProperty.cpp	86	Depth1.XRes value did not change.
 6552041	[INFO]	XnProperty.cpp	74	Setting Depth1.Mirror to 1...
 6552065	[INFO]	XnProperty.cpp	151	Property Depth1.FirmwareMirror was changed to 1.
 6552121	[INFO]	XnProperty.cpp	151	Property Depth1.Mirror was changed to 1.
 6552141	[INFO]	XnProperty.cpp	101	Depth1.Mirror was successfully set.
 9962011	[INFO]	XnOpenNI.cpp	1261	Creating node 'User1' of type User...
 9987306	[WARNING]	Linux-x86Threads.cpp	173	Failed to set thread priority: Invalid argument
 9987355	[WARNING]	XnUSBLinux-x86.cpp	126	USB events thread: Failed to set thread priority to critical. This might cause loss of data...
 9988213	[INFO]	XnUSBLinux-x86.cpp	1222	USB read thread was started.
 9988236	[INFO]	XnProperty.cpp	151	Property Depth1.ActualReadData was changed to 1.
10458436	[INFO]	XnProperty.cpp	151	Property Depth1.State was changed to 1.
10458487	[INFO]	XnDeviceBase.cpp	370	Stream Depth1 is open.
