   45494	[INFO]	XnLog.cpp	165	OpenNI version is 1.0.0 (Build 25)-MacOSX (Jan  7 2011 14:20:18)
   45551	[INFO]	XnLog.cpp	173	Log system initialized. Console: 1, File: 1, Severity: INFO, Masks: ALL
   45575	[INFO]	XnLog.cpp	173	Log system initialized. Console: 1, File: 1, Severity: INFO, Masks: ALL
   52595	[INFO]	XnUSBLinux-x86.cpp	98	USB is initialized.
 4094432	[INFO]	XnOpenNI.cpp	1261	Creating node 'Device1' of type Device...
 4095555	[INFO]	XnDeviceModule.cpp	431	Module 'Device' configuration was loaded from file.
 4548824	[INFO]	XnDeviceSensorIO.cpp	135	Connected to USB device
 4548883	[INFO]	XnProperty.cpp	151	Property Device.USBPath was changed to 045e/02ae@250/11.
 4556419	[INFO]	XnHostProtocol.cpp	825	Hardware versions: FW=5.1.4 (7) HW=4 Chip=2 Sensor=4 SYS=7
 5960925	[INFO]	XnProperty.cpp	151	Property Device.ID was changed to 0.
 5961006	[INFO]	XnSensor.cpp	182	Device sensor initialized
 5961142	[INFO]	XnOpenNI.cpp	1261	Creating node 'Depth1' of type Depth...
 5961191	[INFO]	XnDeviceBase.cpp	1383	Creating stream 'Depth1' of type 'Depth'...
 5961213	[INFO]	XnProperty.cpp	74	Setting Device.ReadData to 1...
 5961252	[INFO]	XnDeviceSensorIO.cpp	298	Endpoints open
 5973419	[INFO]	XnProperty.cpp	151	Property Device.ReadData was changed to 1.
 5973475	[INFO]	XnProperty.cpp	101	Device.ReadData was successfully set.
 5973895	[INFO]	XnProperty.cpp	151	Property Depth1.Resolution was changed to 0.
 5973921	[INFO]	XnProperty.cpp	151	Property Depth1.XRes was changed to 320.
 5973941	[INFO]	XnProperty.cpp	151	Property Depth1.YRes was changed to 240.
 5973961	[INFO]	XnProperty.cpp	151	Property Depth1.FPS was changed to 30.
 5973979	[INFO]	XnProperty.cpp	151	Property Depth1.OutputFormat was changed to 1.
 5973996	[INFO]	XnProperty.cpp	151	Property Depth1.BytesPerPixel was changed to 2.
 5974010	[INFO]	XnProperty.cpp	151	Property Depth1.RequiredDataSize was changed to 153600.
 5974027	[INFO]	XnProperty.cpp	151	Property Depth1.ParamCoeff was changed to 4.
 5974104	[INFO]	XnProperty.cpp	151	Property Depth1.ShiftScale was changed to 10.
 5986449	[INFO]	XnProperty.cpp	151	Property Depth1.ConstShift was changed to 200.
 5986584	[INFO]	XnProperty.cpp	151	Property Depth1.ZPD was changed to 120.
 5986690	[INFO]	XnProperty.cpp	151	Property Depth1.ZPPS was changed to 0.104200.
 5986704	[INFO]	XnProperty.cpp	151	Property Depth1.LDDIS was changed to 7.500000.
 5986814	[INFO]	XnProperty.cpp	151	Property Depth1.Gain was changed to 30.
 5986848	[INFO]	XnDeviceBase.cpp	1458	Stream 'Depth1' was initialized.
 5986861	[INFO]	XnDeviceBase.cpp	1463	'Depth1' stream was created.
 5987039	[INFO]	XnProperty.cpp	74	Setting Depth1.InputFormat to 3...
 5987064	[INFO]	XnProperty.cpp	151	Property Depth1.InputFormat was changed to 3.
 5987088	[INFO]	XnProperty.cpp	101	Depth1.InputFormat was successfully set.
 5987650	[INFO]	XnProperty.cpp	74	Setting Depth1.RegistrationType to 2...
 5987675	[INFO]	XnProperty.cpp	151	Property Depth1.RegistrationType was changed to 2.
 5987694	[INFO]	XnProperty.cpp	101	Depth1.RegistrationType was successfully set.
 5988206	[INFO]	XnDeviceModule.cpp	431	Module 'Depth1' configuration was loaded from file.
 5988406	[INFO]	XnProperty.cpp	74	Setting Depth1.FPS to 30...
 5988423	[INFO]	XnProperty.cpp	86	Depth1.FPS value did not change.
 5988435	[INFO]	XnProperty.cpp	74	Setting Depth1.YRes to 480...
 5988450	[INFO]	XnProperty.cpp	151	Property Depth1.Resolution was changed to 1.
 5988462	[INFO]	XnProperty.cpp	151	Property Depth1.XRes was changed to 640.
 5988474	[INFO]	XnProperty.cpp	151	Property Depth1.RequiredDataSize was changed to 307200.
 5989033	[INFO]	XnProperty.cpp	151	Property Depth1.YRes was changed to 480.
 5989058	[INFO]	XnProperty.cpp	151	Property Depth1.RequiredDataSize was changed to 614400.
 5989076	[INFO]	XnProperty.cpp	101	Depth1.YRes was successfully set.
 5989090	[INFO]	XnProperty.cpp	74	Setting Depth1.XRes to 640...
 5989101	[INFO]	XnProperty.cpp	86	Depth1.XRes value did not change.
 5989150	[INFO]	XnProperty.cpp	74	Setting Depth1.Mirror to 1...
 5989165	[INFO]	XnProperty.cpp	151	Property Depth1.FirmwareMirror was changed to 1.
 5989213	[INFO]	XnProperty.cpp	151	Property Depth1.Mirror was changed to 1.
 5989225	[INFO]	XnProperty.cpp	101	Depth1.Mirror was successfully set.
 9369657	[INFO]	XnOpenNI.cpp	1261	Creating node 'User1' of type User...
 9398042	[WARNING]	Linux-x86Threads.cpp	173	Failed to set thread priority: Invalid argument
 9398095	[WARNING]	XnUSBLinux-x86.cpp	126	USB events thread: Failed to set thread priority to critical. This might cause loss of data...
 9399003	[INFO]	XnUSBLinux-x86.cpp	1222	USB read thread was started.
 9399045	[INFO]	XnProperty.cpp	151	Property Depth1.ActualReadData was changed to 1.
 9869192	[INFO]	XnProperty.cpp	151	Property Depth1.State was changed to 1.
 9869235	[INFO]	XnDeviceBase.cpp	370	Stream Depth1 is open.
13276824	[INFO]	XnOpenNI.cpp	1261	Creating node 'Image1' of type Image...
13276890	[INFO]	XnDeviceBase.cpp	1383	Creating stream 'Image1' of type 'Image'...
13277212	[INFO]	XnProperty.cpp	151	Property Image1.Resolution was changed to 0.
13277238	[INFO]	XnProperty.cpp	151	Property Image1.XRes was changed to 320.
13277259	[INFO]	XnProperty.cpp	151	Property Image1.YRes was changed to 240.
13277279	[INFO]	XnProperty.cpp	151	Property Image1.FPS was changed to 30.
13277297	[INFO]	XnProperty.cpp	151	Property Image1.OutputFormat was changed to 5.
13277314	[INFO]	XnProperty.cpp	151	Property Image1.BytesPerPixel was changed to 3.
13277328	[INFO]	XnProperty.cpp	151	Property Image1.RequiredDataSize was changed to 230400.
13277358	[INFO]	XnDeviceBase.cpp	1458	Stream 'Image1' was initialized.
13277372	[INFO]	XnDeviceBase.cpp	1463	'Image1' stream was created.
13277466	[INFO]	XnProperty.cpp	74	Setting Image1.InputFormat to 6...
13277487	[INFO]	XnProperty.cpp	151	Property Image1.InputFormat was changed to 6.
13277499	[INFO]	XnProperty.cpp	101	Image1.InputFormat was successfully set.
13277986	[INFO]	XnDeviceModule.cpp	431	Module 'Image1' configuration was loaded from file.
13278089	[INFO]	XnProperty.cpp	74	Setting Image1.FPS to 30...
13278111	[INFO]	XnProperty.cpp	86	Image1.FPS value did not change.
13278130	[INFO]	XnProperty.cpp	74	Setting Image1.YRes to 480...
13278149	[INFO]	XnProperty.cpp	151	Property Image1.Resolution was changed to 1.
13278169	[INFO]	XnProperty.cpp	151	Property Image1.XRes was changed to 640.
13278189	[INFO]	XnProperty.cpp	151	Property Image1.RequiredDataSize was changed to 460800.
13278209	[INFO]	XnProperty.cpp	151	Property Image1.YRes was changed to 480.
13278228	[INFO]	XnProperty.cpp	151	Property Image1.RequiredDataSize was changed to 921600.
13278248	[INFO]	XnProperty.cpp	101	Image1.YRes was successfully set.
13278267	[INFO]	XnProperty.cpp	74	Setting Image1.XRes to 640...
13278284	[INFO]	XnProperty.cpp	86	Image1.XRes value did not change.
13279390	[INFO]	XnUSBLinux-x86.cpp	1222	USB read thread was started.
13279429	[INFO]	XnProperty.cpp	151	Property Image1.ActualReadData was changed to 1.
13334782	[WARNING]	XnDepthProcessor.cpp	133	Read: Depth buffer is corrupt. Size is 596624 (!= 614400)
13334846	[WARNING]	XnFrameStreamProcessor.cpp	132	Depth frame is corrupt!
13470641	[WARNING]	XnDepthProcessor.cpp	133	Read: Depth buffer is corrupt. Size is 554688 (!= 614400)
13470693	[WARNING]	XnFrameStreamProcessor.cpp	132	Depth frame is corrupt!
16376765	[WARNING]	XnDepthProcessor.cpp	133	Read: Depth buffer is corrupt. Size is 590608 (!= 614400)
16376929	[WARNING]	XnFrameStreamProcessor.cpp	132	Depth frame is corrupt!
16500793	[INFO]	XnProperty.cpp	151	Property Image1.State was changed to 1.
16500848	[INFO]	XnDeviceBase.cpp	370	Stream Image1 is open.
16501093	[INFO]	XnProperty.cpp	74	Setting Depth1.Registration to 1...
16538763	[WARNING]	XnDepthProcessor.cpp	133	Read: Depth buffer is corrupt. Size is 585280 (!= 614400)
16538822	[WARNING]	XnFrameStreamProcessor.cpp	132	Depth frame is corrupt!
16657416	[INFO]	XnProperty.cpp	151	Property Depth1.Registration was changed to 1.
16657464	[INFO]	XnProperty.cpp	101	Depth1.Registration was successfully set.
16657529	[INFO]	XnProperty.cpp	74	Setting Image1.Mirror to 1...
16670170	[INFO]	XnProperty.cpp	151	Property Image1.FirmwareMirror was changed to 1.
16670263	[INFO]	XnProperty.cpp	151	Property Image1.Mirror was changed to 1.
16670282	[INFO]	XnProperty.cpp	101	Image1.Mirror was successfully set.
19377928	[WARNING]	XnUSBLinux-x86.cpp	1078	Endpoint 0x81, Buffer 1: Asynch transfer failed (status: 1)
40142311	[INFO]	XnOpenNI.cpp	1459	Destroying node 'User1'
40150345	[INFO]	XnOpenNI.cpp	1459	Destroying node 'Depth1'
40150448	[INFO]	XnDeviceBase.cpp	1507	Destroying stream 'Depth1'...
40151671	[INFO]	XnOpenNI.cpp	1459	Destroying node 'Image1'
40151713	[INFO]	XnDeviceBase.cpp	1507	Destroying stream 'Image1'...
40152676	[INFO]	XnOpenNI.cpp	1459	Destroying node 'Device1'
