    8895	[INFO]	XnLog.cpp	165	OpenNI version is 1.0.0 (Build 25)-MacOSX (Jan  7 2011 14:20:18)
    8958	[INFO]	XnLog.cpp	173	Log system initialized. Console: 1, File: 1, Severity: INFO, Masks: ALL
    8992	[INFO]	XnLog.cpp	173	Log system initialized. Console: 1, File: 1, Severity: INFO, Masks: ALL
   10683	[INFO]	XnUSBLinux-x86.cpp	98	USB is initialized.
 4114514	[INFO]	XnOpenNI.cpp	1261	Creating node 'Device1' of type Device...
 4115722	[INFO]	XnDeviceModule.cpp	431	Module 'Device' configuration was loaded from file.
 4571754	[INFO]	XnDeviceSensorIO.cpp	135	Connected to USB device
 4571809	[INFO]	XnProperty.cpp	151	Property Device.USBPath was changed to 045e/02ae@250/11.
 4579391	[INFO]	XnHostProtocol.cpp	825	Hardware versions: FW=5.1.4 (7) HW=4 Chip=2 Sensor=4 SYS=7
 5990975	[INFO]	XnProperty.cpp	151	Property Device.ID was changed to 0.
 5991066	[INFO]	XnSensor.cpp	182	Device sensor initialized
 5991246	[INFO]	XnOpenNI.cpp	1261	Creating node 'Depth1' of type Depth...
 5991336	[INFO]	XnDeviceBase.cpp	1383	Creating stream 'Depth1' of type 'Depth'...
 5991381	[INFO]	XnProperty.cpp	74	Setting Device.ReadData to 1...
 5991456	[INFO]	XnDeviceSensorIO.cpp	298	Endpoints open
 6003915	[INFO]	XnProperty.cpp	151	Property Device.ReadData was changed to 1.
 6003956	[INFO]	XnProperty.cpp	101	Device.ReadData was successfully set.
 6004683	[INFO]	XnProperty.cpp	151	Property Depth1.Resolution was changed to 0.
 6004724	[INFO]	XnProperty.cpp	151	Property Depth1.XRes was changed to 320.
 6004751	[INFO]	XnProperty.cpp	151	Property Depth1.YRes was changed to 240.
 6004779	[INFO]	XnProperty.cpp	151	Property Depth1.FPS was changed to 30.
 6004816	[INFO]	XnProperty.cpp	151	Property Depth1.OutputFormat was changed to 1.
 6004855	[INFO]	XnProperty.cpp	151	Property Depth1.BytesPerPixel was changed to 2.
 6004892	[INFO]	XnProperty.cpp	151	Property Depth1.RequiredDataSize was changed to 153600.
 6004939	[INFO]	XnProperty.cpp	151	Property Depth1.ParamCoeff was changed to 4.
 6005093	[INFO]	XnProperty.cpp	151	Property Depth1.ShiftScale was changed to 10.
 6017473	[INFO]	XnProperty.cpp	151	Property Depth1.ConstShift was changed to 200.
 6017656	[INFO]	XnProperty.cpp	151	Property Depth1.ZPD was changed to 120.
 6017875	[INFO]	XnProperty.cpp	151	Property Depth1.ZPPS was changed to 0.104200.
 6017923	[INFO]	XnProperty.cpp	151	Property Depth1.LDDIS was changed to 7.500000.
 6018155	[INFO]	XnProperty.cpp	151	Property Depth1.Gain was changed to 30.
 6018220	[INFO]	XnDeviceBase.cpp	1458	Stream 'Depth1' was initialized.
 6018261	[INFO]	XnDeviceBase.cpp	1463	'Depth1' stream was created.
 6018645	[INFO]	XnProperty.cpp	74	Setting Depth1.InputFormat to 3...
 6018705	[INFO]	XnProperty.cpp	151	Property Depth1.InputFormat was changed to 3.
 6018746	[INFO]	XnProperty.cpp	101	Depth1.InputFormat was successfully set.
 6019895	[INFO]	XnProperty.cpp	74	Setting Depth1.RegistrationType to 2...
 6019933	[INFO]	XnProperty.cpp	151	Property Depth1.RegistrationType was changed to 2.
 6019958	[INFO]	XnProperty.cpp	101	Depth1.RegistrationType was successfully set.
 6020857	[INFO]	XnDeviceModule.cpp	431	Module 'Depth1' configuration was loaded from file.
 6021145	[INFO]	XnProperty.cpp	74	Setting Depth1.FPS to 30...
 6021182	[INFO]	XnProperty.cpp	86	Depth1.FPS value did not change.
 6021214	[INFO]	XnProperty.cpp	74	Setting Depth1.YRes to 480...
 6021249	[INFO]	XnProperty.cpp	151	Property Depth1.Resolution was changed to 1.
 6021281	[INFO]	XnProperty.cpp	151	Property Depth1.XRes was changed to 640.
 6021311	[INFO]	XnProperty.cpp	151	Property Depth1.RequiredDataSize was changed to 307200.
 6021342	[INFO]	XnProperty.cpp	151	Property Depth1.YRes was changed to 480.
 6021373	[INFO]	XnProperty.cpp	151	Property Depth1.RequiredDataSize was changed to 614400.
 6021405	[INFO]	XnProperty.cpp	101	Depth1.YRes was successfully set.
 6021435	[INFO]	XnProperty.cpp	74	Setting Depth1.XRes to 640...
 6021463	[INFO]	XnProperty.cpp	86	Depth1.XRes value did not change.
 6021553	[INFO]	XnProperty.cpp	74	Setting Depth1.Mirror to 1...
 6021588	[INFO]	XnProperty.cpp	151	Property Depth1.FirmwareMirror was changed to 1.
 6021663	[INFO]	XnProperty.cpp	151	Property Depth1.Mirror was changed to 1.
 6021695	[INFO]	XnProperty.cpp	101	Depth1.Mirror was successfully set.
 9446722	[INFO]	XnOpenNI.cpp	1261	Creating node 'User1' of type User...
 9472577	[WARNING]	Linux-x86Threads.cpp	173	Failed to set thread priority: Invalid argument
 9472626	[WARNING]	XnUSBLinux-x86.cpp	126	USB events thread: Failed to set thread priority to critical. This might cause loss of data...
 9473560	[INFO]	XnUSBLinux-x86.cpp	1222	USB read thread was started.
 9473585	[INFO]	XnProperty.cpp	151	Property Depth1.ActualReadData was changed to 1.
 9943768	[INFO]	XnProperty.cpp	151	Property Depth1.State was changed to 1.
 9943812	[INFO]	XnDeviceBase.cpp	370	Stream Depth1 is open.
13325161	[INFO]	XnOpenNI.cpp	1261	Creating node 'Image1' of type Image...
13325214	[INFO]	XnDeviceBase.cpp	1383	Creating stream 'Image1' of type 'Image'...
13325407	[INFO]	XnProperty.cpp	151	Property Image1.Resolution was changed to 0.
13325426	[INFO]	XnProperty.cpp	151	Property Image1.XRes was changed to 320.
13325440	[INFO]	XnProperty.cpp	151	Property Image1.YRes was changed to 240.
13325459	[INFO]	XnProperty.cpp	151	Property Image1.FPS was changed to 30.
13325474	[INFO]	XnProperty.cpp	151	Property Image1.OutputFormat was changed to 5.
13325491	[INFO]	XnProperty.cpp	151	Property Image1.BytesPerPixel was changed to 3.
13325509	[INFO]	XnProperty.cpp	151	Property Image1.RequiredDataSize was changed to 230400.
13325547	[INFO]	XnDeviceBase.cpp	1458	Stream 'Image1' was initialized.
13325564	[INFO]	XnDeviceBase.cpp	1463	'Image1' stream was created.
13325685	[INFO]	XnProperty.cpp	74	Setting Image1.InputFormat to 6...
13325716	[INFO]	XnProperty.cpp	151	Property Image1.InputFormat was changed to 6.
13325735	[INFO]	XnProperty.cpp	101	Image1.InputFormat was successfully set.
13326260	[INFO]	XnDeviceModule.cpp	431	Module 'Image1' configuration was loaded from file.
13326363	[INFO]	XnProperty.cpp	74	Setting Image1.FPS to 30...
13326380	[INFO]	XnProperty.cpp	86	Image1.FPS value did not change.
13326398	[INFO]	XnProperty.cpp	74	Setting Image1.YRes to 480...
13326414	[INFO]	XnProperty.cpp	151	Property Image1.Resolution was changed to 1.
13326430	[INFO]	XnProperty.cpp	151	Property Image1.XRes was changed to 640.
13326448	[INFO]	XnProperty.cpp	151	Property Image1.RequiredDataSize was changed to 460800.
13326466	[INFO]	XnProperty.cpp	151	Property Image1.YRes was changed to 480.
13326481	[INFO]	XnProperty.cpp	151	Property Image1.RequiredDataSize was changed to 921600.
13326495	[INFO]	XnProperty.cpp	101	Image1.YRes was successfully set.
13326507	[INFO]	XnProperty.cpp	74	Setting Image1.XRes to 640...
13326520	[INFO]	XnProperty.cpp	86	Image1.XRes value did not change.
13327393	[INFO]	XnUSBLinux-x86.cpp	1222	USB read thread was started.
13327419	[INFO]	XnProperty.cpp	151	Property Image1.ActualReadData was changed to 1.
13509788	[WARNING]	XnDepthProcessor.cpp	133	Read: Depth buffer is corrupt. Size is 546480 (!= 614400)
13509838	[WARNING]	XnFrameStreamProcessor.cpp	132	Depth frame is corrupt!
16413823	[WARNING]	XnDepthProcessor.cpp	133	Read: Depth buffer is corrupt. Size is 576528 (!= 614400)
16413870	[WARNING]	XnFrameStreamProcessor.cpp	132	Depth frame is corrupt!
16527630	[INFO]	XnProperty.cpp	151	Property Image1.State was changed to 1.
16527682	[INFO]	XnDeviceBase.cpp	370	Stream Image1 is open.
16527890	[INFO]	XnProperty.cpp	74	Setting Depth1.Registration to 1...
16534793	[WARNING]	XnFirmwareStreams.cpp	324	Unknown packet type (0x5551)!!!
16545872	[WARNING]	XnDepthProcessor.cpp	133	Read: Depth buffer is corrupt. Size is 578720 (!= 614400)
16545897	[WARNING]	XnFrameStreamProcessor.cpp	132	Depth frame is corrupt!
16680027	[INFO]	XnProperty.cpp	151	Property Depth1.Registration was changed to 1.
16680074	[INFO]	XnProperty.cpp	101	Depth1.Registration was successfully set.
16680126	[INFO]	XnProperty.cpp	74	Setting Image1.Mirror to 1...
16692406	[INFO]	XnProperty.cpp	151	Property Image1.FirmwareMirror was changed to 1.
16692439	[INFO]	XnProperty.cpp	151	Property Image1.Mirror was changed to 1.
16692455	[INFO]	XnProperty.cpp	101	Image1.Mirror was successfully set.
67245978	[INFO]	XnOpenNI.cpp	1459	Destroying node 'User1'
67252720	[INFO]	XnOpenNI.cpp	1459	Destroying node 'Depth1'
67252812	[INFO]	XnDeviceBase.cpp	1507	Destroying stream 'Depth1'...
67253960	[INFO]	XnOpenNI.cpp	1459	Destroying node 'Image1'
67253999	[INFO]	XnDeviceBase.cpp	1507	Destroying stream 'Image1'...
67254943	[INFO]	XnOpenNI.cpp	1459	Destroying node 'Device1'
