   27408	[INFO]	XnLog.cpp	165	OpenNI version is 1.0.0 (Build 25)-MacOSX (Jan  7 2011 14:20:18)
   27471	[INFO]	XnLog.cpp	173	Log system initialized. Console: 1, File: 1, Severity: INFO, Masks: ALL
   27507	[INFO]	XnLog.cpp	173	Log system initialized. Console: 1, File: 1, Severity: INFO, Masks: ALL
   29006	[INFO]	XnUSBLinux-x86.cpp	98	USB is initialized.
 4092381	[INFO]	XnOpenNI.cpp	1261	Creating node 'Device1' of type Device...
 4093651	[INFO]	XnDeviceModule.cpp	431	Module 'Device' configuration was loaded from file.
 4547947	[INFO]	XnDeviceSensorIO.cpp	135	Connected to USB device
 4548006	[INFO]	XnProperty.cpp	151	Property Device.USBPath was changed to 045e/02ae@250/11.
 4555858	[INFO]	XnHostProtocol.cpp	825	Hardware versions: FW=5.1.4 (7) HW=4 Chip=2 Sensor=4 SYS=7
 5968476	[INFO]	XnProperty.cpp	151	Property Device.ID was changed to 0.
 5968575	[INFO]	XnSensor.cpp	182	Device sensor initialized
 5968689	[INFO]	XnOpenNI.cpp	1261	Creating node 'Depth1' of type Depth...
 5968739	[INFO]	XnDeviceBase.cpp	1383	Creating stream 'Depth1' of type 'Depth'...
 5968762	[INFO]	XnProperty.cpp	74	Setting Device.ReadData to 1...
 5968792	[INFO]	XnDeviceSensorIO.cpp	298	Endpoints open
 5981458	[INFO]	XnProperty.cpp	151	Property Device.ReadData was changed to 1.
 5981490	[INFO]	XnProperty.cpp	101	Device.ReadData was successfully set.
 5981786	[INFO]	XnProperty.cpp	151	Property Depth1.Resolution was changed to 0.
 5981809	[INFO]	XnProperty.cpp	151	Property Depth1.XRes was changed to 320.
 5981830	[INFO]	XnProperty.cpp	151	Property Depth1.YRes was changed to 240.
 5981849	[INFO]	XnProperty.cpp	151	Property Depth1.FPS was changed to 30.
 5981866	[INFO]	XnProperty.cpp	151	Property Depth1.OutputFormat was changed to 1.
 5981880	[INFO]	XnProperty.cpp	151	Property Depth1.BytesPerPixel was changed to 2.
 5981892	[INFO]	XnProperty.cpp	151	Property Depth1.RequiredDataSize was changed to 153600.
 5981907	[INFO]	XnProperty.cpp	151	Property Depth1.ParamCoeff was changed to 4.
 5981972	[INFO]	XnProperty.cpp	151	Property Depth1.ShiftScale was changed to 10.
 5994640	[INFO]	XnProperty.cpp	151	Property Depth1.ConstShift was changed to 200.
 5994724	[INFO]	XnProperty.cpp	151	Property Depth1.ZPD was changed to 120.
 5994834	[INFO]	XnProperty.cpp	151	Property Depth1.ZPPS was changed to 0.104200.
 5994857	[INFO]	XnProperty.cpp	151	Property Depth1.LDDIS was changed to 7.500000.
 5994957	[INFO]	XnProperty.cpp	151	Property Depth1.Gain was changed to 30.
 5994990	[INFO]	XnDeviceBase.cpp	1458	Stream 'Depth1' was initialized.
 5995010	[INFO]	XnDeviceBase.cpp	1463	'Depth1' stream was created.
 5995190	[INFO]	XnProperty.cpp	74	Setting Depth1.InputFormat to 3...
 5995212	[INFO]	XnProperty.cpp	151	Property Depth1.InputFormat was changed to 3.
 5995225	[INFO]	XnProperty.cpp	101	Depth1.InputFormat was successfully set.
 5995798	[INFO]	XnProperty.cpp	74	Setting Depth1.RegistrationType to 2...
 5995825	[INFO]	XnProperty.cpp	151	Property Depth1.RegistrationType was changed to 2.
 5995844	[INFO]	XnProperty.cpp	101	Depth1.RegistrationType was successfully set.
 5996409	[INFO]	XnDeviceModule.cpp	431	Module 'Depth1' configuration was loaded from file.
 5996626	[INFO]	XnProperty.cpp	74	Setting Depth1.FPS to 30...
 5996651	[INFO]	XnProperty.cpp	101	Depth1.FPS was successfully set.
 5996670	[INFO]	XnProperty.cpp	74	Setting Depth1.YRes to 480...
 5996692	[INFO]	XnProperty.cpp	151	Property Depth1.Resolution was changed to 1.
 5996712	[INFO]	XnProperty.cpp	151	Property Depth1.XRes was changed to 640.
 5996728	[INFO]	XnProperty.cpp	151	Property Depth1.RequiredDataSize was changed to 307200.
 5996743	[INFO]	XnProperty.cpp	151	Property Depth1.YRes was changed to 480.
 5996754	[INFO]	XnProperty.cpp	151	Property Depth1.RequiredDataSize was changed to 614400.
 5996768	[INFO]	XnProperty.cpp	101	Depth1.YRes was successfully set.
 5996786	[INFO]	XnProperty.cpp	74	Setting Depth1.XRes to 640...
 5996803	[INFO]	XnProperty.cpp	101	Depth1.XRes was successfully set.
 5996863	[INFO]	XnProperty.cpp	74	Setting Depth1.Mirror to 1...
 5996882	[INFO]	XnProperty.cpp	151	Property Depth1.FirmwareMirror was changed to 1.
 5996924	[INFO]	XnProperty.cpp	151	Property Depth1.Mirror was changed to 1.
 5996941	[INFO]	XnProperty.cpp	101	Depth1.Mirror was successfully set.
 9400048	[INFO]	XnOpenNI.cpp	1261	Creating node 'User1' of type User...
 9425842	[WARNING]	Linux-x86Threads.cpp	173	Failed to set thread priority: Invalid argument
 9425891	[WARNING]	XnUSBLinux-x86.cpp	126	USB events thread: Failed to set thread priority to critical. This might cause loss of data...
 9426787	[INFO]	XnUSBLinux-x86.cpp	1222	USB read thread was started.
 9426812	[INFO]	XnProperty.cpp	151	Property Depth1.ActualReadData was changed to 1.
 9898982	[INFO]	XnProperty.cpp	151	Property Depth1.State was changed to 1.
 9899029	[INFO]	XnDeviceBase.cpp	370	Stream Depth1 is open.
13305444	[INFO]	XnOpenNI.cpp	1261	Creating node 'Image1' of type Image...
13305500	[INFO]	XnDeviceBase.cpp	1383	Creating stream 'Image1' of type 'Image'...
13305732	[INFO]	XnProperty.cpp	151	Property Image1.Resolution was changed to 0.
13305763	[INFO]	XnProperty.cpp	151	Property Image1.XRes was changed to 320.
13305784	[INFO]	XnProperty.cpp	151	Property Image1.YRes was changed to 240.
13305802	[INFO]	XnProperty.cpp	151	Property Image1.FPS was changed to 30.
13305819	[INFO]	XnProperty.cpp	151	Property Image1.OutputFormat was changed to 5.
13305838	[INFO]	XnProperty.cpp	151	Property Image1.BytesPerPixel was changed to 3.
13305858	[INFO]	XnProperty.cpp	151	Property Image1.RequiredDataSize was changed to 230400.
13305898	[INFO]	XnDeviceBase.cpp	1458	Stream 'Image1' was initialized.
13305919	[INFO]	XnDeviceBase.cpp	1463	'Image1' stream was created.
13306060	[INFO]	XnProperty.cpp	74	Setting Image1.InputFormat to 6...
13306091	[INFO]	XnProperty.cpp	151	Property Image1.InputFormat was changed to 6.
13306112	[INFO]	XnProperty.cpp	101	Image1.InputFormat was successfully set.
13306653	[INFO]	XnDeviceModule.cpp	431	Module 'Image1' configuration was loaded from file.
13306770	[INFO]	XnProperty.cpp	74	Setting Image1.FPS to 30...
13306793	[INFO]	XnProperty.cpp	86	Image1.FPS value did not change.
13306813	[INFO]	XnProperty.cpp	74	Setting Image1.YRes to 480...
13306833	[INFO]	XnProperty.cpp	151	Property Image1.Resolution was changed to 1.
13306853	[INFO]	XnProperty.cpp	151	Property Image1.XRes was changed to 640.
13306871	[INFO]	XnProperty.cpp	151	Property Image1.RequiredDataSize was changed to 460800.
13306898	[INFO]	XnProperty.cpp	151	Property Image1.YRes was changed to 480.
13306918	[INFO]	XnProperty.cpp	151	Property Image1.RequiredDataSize was changed to 921600.
13306937	[INFO]	XnProperty.cpp	101	Image1.YRes was successfully set.
13306957	[INFO]	XnProperty.cpp	74	Setting Image1.XRes to 640...
13306975	[INFO]	XnProperty.cpp	86	Image1.XRes value did not change.
13307977	[INFO]	XnUSBLinux-x86.cpp	1222	USB read thread was started.
13308004	[INFO]	XnProperty.cpp	151	Property Image1.ActualReadData was changed to 1.
13366543	[WARNING]	XnDepthProcessor.cpp	133	Read: Depth buffer is corrupt. Size is 591760 (!= 614400)
13366594	[WARNING]	XnFrameStreamProcessor.cpp	132	Depth frame is corrupt!
13498584	[WARNING]	XnDepthProcessor.cpp	133	Read: Depth buffer is corrupt. Size is 578544 (!= 614400)
13498635	[WARNING]	XnFrameStreamProcessor.cpp	132	Depth frame is corrupt!
16508664	[INFO]	XnProperty.cpp	151	Property Image1.State was changed to 1.
16508709	[INFO]	XnDeviceBase.cpp	370	Stream Image1 is open.
16508933	[INFO]	XnProperty.cpp	74	Setting Depth1.Registration to 1...
16538575	[WARNING]	XnDepthProcessor.cpp	133	Read: Depth buffer is corrupt. Size is 600208 (!= 614400)
16538629	[WARNING]	XnFrameStreamProcessor.cpp	132	Depth frame is corrupt!
16660406	[INFO]	XnProperty.cpp	151	Property Depth1.Registration was changed to 1.
16660452	[INFO]	XnProperty.cpp	101	Depth1.Registration was successfully set.
16660500	[INFO]	XnProperty.cpp	74	Setting Image1.Mirror to 1...
16672877	[INFO]	XnProperty.cpp	151	Property Image1.FirmwareMirror was changed to 1.
16672926	[INFO]	XnProperty.cpp	151	Property Image1.Mirror was changed to 1.
16672944	[INFO]	XnProperty.cpp	101	Image1.Mirror was successfully set.
117570830	[INFO]	XnOpenNI.cpp	1459	Destroying node 'User1'
117580966	[INFO]	XnOpenNI.cpp	1459	Destroying node 'Depth1'
117581091	[INFO]	XnDeviceBase.cpp	1507	Destroying stream 'Depth1'...
117583153	[INFO]	XnOpenNI.cpp	1459	Destroying node 'Image1'
117583235	[INFO]	XnDeviceBase.cpp	1507	Destroying stream 'Image1'...
117587189	[INFO]	XnOpenNI.cpp	1459	Destroying node 'Device1'
