   60417	[INFO]	XnLog.cpp	165	OpenNI version is 1.0.0 (Build 25)-MacOSX (Jan  7 2011 14:20:18)
   60468	[INFO]	XnLog.cpp	173	Log system initialized. Console: 1, File: 1, Severity: INFO, Masks: ALL
   60496	[INFO]	XnLog.cpp	173	Log system initialized. Console: 1, File: 1, Severity: INFO, Masks: ALL
   61796	[INFO]	XnUSBLinux-x86.cpp	98	USB is initialized.
 4070243	[INFO]	XnOpenNI.cpp	1261	Creating node 'Device1' of type Device...
 4071487	[INFO]	XnDeviceModule.cpp	431	Module 'Device' configuration was loaded from file.
 4523492	[INFO]	XnDeviceSensorIO.cpp	135	Connected to USB device
 4523563	[INFO]	XnProperty.cpp	151	Property Device.USBPath was changed to 045e/02ae@250/11.
 4532224	[INFO]	XnHostProtocol.cpp	825	Hardware versions: FW=5.1.4 (7) HW=4 Chip=2 Sensor=4 SYS=7
 5940382	[INFO]	XnProperty.cpp	151	Property Device.ID was changed to 0.
 5940477	[INFO]	XnSensor.cpp	182	Device sensor initialized
 5940688	[INFO]	XnOpenNI.cpp	1261	Creating node 'Depth1' of type Depth...
 5940775	[INFO]	XnDeviceBase.cpp	1383	Creating stream 'Depth1' of type 'Depth'...
 5940810	[INFO]	XnProperty.cpp	74	Setting Device.ReadData to 1...
 5940864	[INFO]	XnDeviceSensorIO.cpp	298	Endpoints open
 5953297	[INFO]	XnProperty.cpp	151	Property Device.ReadData was changed to 1.
 5953335	[INFO]	XnProperty.cpp	101	Device.ReadData was successfully set.
 5953991	[INFO]	XnProperty.cpp	151	Property Depth1.Resolution was changed to 0.
 5954024	[INFO]	XnProperty.cpp	151	Property Depth1.XRes was changed to 320.
 5954050	[INFO]	XnProperty.cpp	151	Property Depth1.YRes was changed to 240.
 5954074	[INFO]	XnProperty.cpp	151	Property Depth1.FPS was changed to 30.
 5954098	[INFO]	XnProperty.cpp	151	Property Depth1.OutputFormat was changed to 1.
 5954121	[INFO]	XnProperty.cpp	151	Property Depth1.BytesPerPixel was changed to 2.
 5954145	[INFO]	XnProperty.cpp	151	Property Depth1.RequiredDataSize was changed to 153600.
 5954175	[INFO]	XnProperty.cpp	151	Property Depth1.ParamCoeff was changed to 4.
 5954293	[INFO]	XnProperty.cpp	151	Property Depth1.ShiftScale was changed to 10.
 5966867	[INFO]	XnProperty.cpp	151	Property Depth1.ConstShift was changed to 200.
 5966973	[INFO]	XnProperty.cpp	151	Property Depth1.ZPD was changed to 120.
 5967131	[INFO]	XnProperty.cpp	151	Property Depth1.ZPPS was changed to 0.104200.
 5967165	[INFO]	XnProperty.cpp	151	Property Depth1.LDDIS was changed to 7.500000.
 5967342	[INFO]	XnProperty.cpp	151	Property Depth1.Gain was changed to 30.
 5967394	[INFO]	XnDeviceBase.cpp	1458	Stream 'Depth1' was initialized.
 5967423	[INFO]	XnDeviceBase.cpp	1463	'Depth1' stream was created.
 5967691	[INFO]	XnProperty.cpp	74	Setting Depth1.InputFormat to 3...
 5967735	[INFO]	XnProperty.cpp	151	Property Depth1.InputFormat was changed to 3.
 5967764	[INFO]	XnProperty.cpp	101	Depth1.InputFormat was successfully set.
 5968504	[INFO]	XnProperty.cpp	74	Setting Depth1.RegistrationType to 2...
 5968530	[INFO]	XnProperty.cpp	151	Property Depth1.RegistrationType was changed to 2.
 5968551	[INFO]	XnProperty.cpp	101	Depth1.RegistrationType was successfully set.
 5969319	[INFO]	XnDeviceModule.cpp	431	Module 'Depth1' configuration was loaded from file.
 5969584	[INFO]	XnProperty.cpp	74	Setting Depth1.FPS to 30...
 5969614	[INFO]	XnProperty.cpp	86	Depth1.FPS value did not change.
 5969637	[INFO]	XnProperty.cpp	74	Setting Depth1.YRes to 480...
 5969660	[INFO]	XnProperty.cpp	151	Property Depth1.Resolution was changed to 1.
 5969682	[INFO]	XnProperty.cpp	151	Property Depth1.XRes was changed to 640.
 5969702	[INFO]	XnProperty.cpp	151	Property Depth1.RequiredDataSize was changed to 307200.
 5969718	[INFO]	XnProperty.cpp	151	Property Depth1.YRes was changed to 480.
 5969731	[INFO]	XnProperty.cpp	151	Property Depth1.RequiredDataSize was changed to 614400.
 5969747	[INFO]	XnProperty.cpp	101	Depth1.YRes was successfully set.
 5969770	[INFO]	XnProperty.cpp	74	Setting Depth1.XRes to 640...
 5969790	[INFO]	XnProperty.cpp	86	Depth1.XRes value did not change.
 5969859	[INFO]	XnProperty.cpp	74	Setting Depth1.Mirror to 1...
 5969886	[INFO]	XnProperty.cpp	151	Property Depth1.FirmwareMirror was changed to 1.
 6283206	[INFO]	XnProperty.cpp	151	Property Depth1.Mirror was changed to 1.
 6283253	[INFO]	XnProperty.cpp	101	Depth1.Mirror was successfully set.
 9699403	[INFO]	XnOpenNI.cpp	1261	Creating node 'User1' of type User...
 9725473	[WARNING]	Linux-x86Threads.cpp	173	Failed to set thread priority: Invalid argument
 9725521	[WARNING]	XnUSBLinux-x86.cpp	126	USB events thread: Failed to set thread priority to critical. This might cause loss of data...
 9726383	[INFO]	XnUSBLinux-x86.cpp	1222	USB read thread was started.
 9726407	[INFO]	XnProperty.cpp	151	Property Depth1.ActualReadData was changed to 1.
10196842	[INFO]	XnProperty.cpp	151	Property Depth1.State was changed to 1.
10196888	[INFO]	XnDeviceBase.cpp	370	Stream Depth1 is open.
13578674	[INFO]	XnOpenNI.cpp	1261	Creating node 'Image1' of type Image...
13578730	[INFO]	XnDeviceBase.cpp	1383	Creating stream 'Image1' of type 'Image'...
13578932	[INFO]	XnProperty.cpp	151	Property Image1.Resolution was changed to 0.
13578952	[INFO]	XnProperty.cpp	151	Property Image1.XRes was changed to 320.
13578965	[INFO]	XnProperty.cpp	151	Property Image1.YRes was changed to 240.
13578982	[INFO]	XnProperty.cpp	151	Property Image1.FPS was changed to 30.
13579000	[INFO]	XnProperty.cpp	151	Property Image1.OutputFormat was changed to 5.
13579026	[INFO]	XnProperty.cpp	151	Property Image1.BytesPerPixel was changed to 3.
13579045	[INFO]	XnProperty.cpp	151	Property Image1.RequiredDataSize was changed to 230400.
13579085	[INFO]	XnDeviceBase.cpp	1458	Stream 'Image1' was initialized.
13579100	[INFO]	XnDeviceBase.cpp	1463	'Image1' stream was created.
13579204	[INFO]	XnProperty.cpp	74	Setting Image1.InputFormat to 6...
13579225	[INFO]	XnProperty.cpp	151	Property Image1.InputFormat was changed to 6.
13579242	[INFO]	XnProperty.cpp	101	Image1.InputFormat was successfully set.
13579707	[INFO]	XnDeviceModule.cpp	431	Module 'Image1' configuration was loaded from file.
13579800	[INFO]	XnProperty.cpp	74	Setting Image1.FPS to 30...
13579817	[INFO]	XnProperty.cpp	86	Image1.FPS value did not change.
13579831	[INFO]	XnProperty.cpp	74	Setting Image1.YRes to 480...
13579848	[INFO]	XnProperty.cpp	151	Property Image1.Resolution was changed to 1.
13579863	[INFO]	XnProperty.cpp	151	Property Image1.XRes was changed to 640.
13579880	[INFO]	XnProperty.cpp	151	Property Image1.RequiredDataSize was changed to 460800.
13579899	[INFO]	XnProperty.cpp	151	Property Image1.YRes was changed to 480.
13579916	[INFO]	XnProperty.cpp	151	Property Image1.RequiredDataSize was changed to 921600.
13579932	[INFO]	XnProperty.cpp	101	Image1.YRes was successfully set.
13579945	[INFO]	XnProperty.cpp	74	Setting Image1.XRes to 640...
13579955	[INFO]	XnProperty.cpp	86	Image1.XRes value did not change.
13580890	[INFO]	XnUSBLinux-x86.cpp	1222	USB read thread was started.
13580915	[INFO]	XnProperty.cpp	151	Property Image1.ActualReadData was changed to 1.
13762205	[WARNING]	XnDepthProcessor.cpp	133	Read: Depth buffer is corrupt. Size is 543520 (!= 614400)
13762256	[WARNING]	XnFrameStreamProcessor.cpp	132	Depth frame is corrupt!
13798156	[WARNING]	XnDepthProcessor.cpp	133	Read: Depth buffer is corrupt. Size is 589904 (!= 614400)
13798182	[WARNING]	XnFrameStreamProcessor.cpp	132	Depth frame is corrupt!
16666233	[WARNING]	XnDepthProcessor.cpp	133	Read: Depth buffer is corrupt. Size is 568800 (!= 614400)
16666279	[WARNING]	XnFrameStreamProcessor.cpp	132	Depth frame is corrupt!
16780913	[INFO]	XnProperty.cpp	151	Property Image1.State was changed to 1.
16780959	[INFO]	XnDeviceBase.cpp	370	Stream Image1 is open.
16781167	[INFO]	XnProperty.cpp	74	Setting Depth1.Registration to 1...
16834186	[WARNING]	XnDepthProcessor.cpp	133	Read: Depth buffer is corrupt. Size is 586848 (!= 614400)
16834240	[WARNING]	XnFrameStreamProcessor.cpp	132	Depth frame is corrupt!
16933894	[INFO]	XnProperty.cpp	151	Property Depth1.Registration was changed to 1.
16933956	[INFO]	XnProperty.cpp	101	Depth1.Registration was successfully set.
16934027	[INFO]	XnProperty.cpp	74	Setting Image1.Mirror to 1...
16946654	[INFO]	XnProperty.cpp	151	Property Image1.FirmwareMirror was changed to 1.
16946718	[INFO]	XnProperty.cpp	151	Property Image1.Mirror was changed to 1.
16946732	[INFO]	XnProperty.cpp	101	Image1.Mirror was successfully set.
47082845	[INFO]	XnOpenNI.cpp	1459	Destroying node 'User1'
47090954	[INFO]	XnOpenNI.cpp	1459	Destroying node 'Depth1'
47091061	[INFO]	XnDeviceBase.cpp	1507	Destroying stream 'Depth1'...
47092405	[INFO]	XnOpenNI.cpp	1459	Destroying node 'Image1'
47092451	[INFO]	XnDeviceBase.cpp	1507	Destroying stream 'Image1'...
47093581	[INFO]	XnOpenNI.cpp	1459	Destroying node 'Device1'
