   39023	[INFO]	XnLog.cpp	165	OpenNI version is 1.0.0 (Build 25)-MacOSX (Jan  7 2011 14:20:18)
   39090	[INFO]	XnLog.cpp	173	Log system initialized. Console: 1, File: 1, Severity: INFO, Masks: ALL
   39124	[INFO]	XnLog.cpp	173	Log system initialized. Console: 1, File: 1, Severity: INFO, Masks: ALL
   44962	[INFO]	XnUSBLinux-x86.cpp	98	USB is initialized.
 4076250	[INFO]	XnOpenNI.cpp	1261	Creating node 'Device1' of type Device...
 4077186	[INFO]	XnDeviceModule.cpp	431	Module 'Device' configuration was loaded from file.
 4528319	[INFO]	XnDeviceSensorIO.cpp	135	Connected to USB device
 4528376	[INFO]	XnProperty.cpp	151	Property Device.USBPath was changed to 045e/02ae@250/11.
 4535594	[INFO]	XnHostProtocol.cpp	825	Hardware versions: FW=5.1.4 (7) HW=4 Chip=2 Sensor=4 SYS=7
 5948013	[INFO]	XnProperty.cpp	151	Property Device.ID was changed to 0.
 5948079	[INFO]	XnSensor.cpp	182	Device sensor initialized
 5948199	[INFO]	XnOpenNI.cpp	1261	Creating node 'Depth1' of type Depth...
 5948259	[INFO]	XnDeviceBase.cpp	1383	Creating stream 'Depth1' of type 'Depth'...
 5948283	[INFO]	XnProperty.cpp	74	Setting Device.ReadData to 1...
 5948323	[INFO]	XnDeviceSensorIO.cpp	298	Endpoints open
 5961015	[INFO]	XnProperty.cpp	151	Property Device.ReadData was changed to 1.
 5961046	[INFO]	XnProperty.cpp	101	Device.ReadData was successfully set.
 5961413	[INFO]	XnProperty.cpp	151	Property Depth1.Resolution was changed to 0.
 5961433	[INFO]	XnProperty.cpp	151	Property Depth1.XRes was changed to 320.
 5961449	[INFO]	XnProperty.cpp	151	Property Depth1.YRes was changed to 240.
 5961461	[INFO]	XnProperty.cpp	151	Property Depth1.FPS was changed to 30.
 5961472	[INFO]	XnProperty.cpp	151	Property Depth1.OutputFormat was changed to 1.
 5961487	[INFO]	XnProperty.cpp	151	Property Depth1.BytesPerPixel was changed to 2.
 5961506	[INFO]	XnProperty.cpp	151	Property Depth1.RequiredDataSize was changed to 153600.
 5961527	[INFO]	XnProperty.cpp	151	Property Depth1.ParamCoeff was changed to 4.
 5961598	[INFO]	XnProperty.cpp	151	Property Depth1.ShiftScale was changed to 10.
 5973864	[INFO]	XnProperty.cpp	151	Property Depth1.ConstShift was changed to 200.
 5973928	[INFO]	XnProperty.cpp	151	Property Depth1.ZPD was changed to 120.
 5974051	[INFO]	XnProperty.cpp	151	Property Depth1.ZPPS was changed to 0.104200.
 5974077	[INFO]	XnProperty.cpp	151	Property Depth1.LDDIS was changed to 7.500000.
 5974198	[INFO]	XnProperty.cpp	151	Property Depth1.Gain was changed to 30.
 5974238	[INFO]	XnDeviceBase.cpp	1458	Stream 'Depth1' was initialized.
 5974259	[INFO]	XnDeviceBase.cpp	1463	'Depth1' stream was created.
 5974475	[INFO]	XnProperty.cpp	74	Setting Depth1.InputFormat to 3...
 5974507	[INFO]	XnProperty.cpp	151	Property Depth1.InputFormat was changed to 3.
 5974529	[INFO]	XnProperty.cpp	101	Depth1.InputFormat was successfully set.
 5975122	[INFO]	XnProperty.cpp	74	Setting Depth1.RegistrationType to 2...
 5975142	[INFO]	XnProperty.cpp	151	Property Depth1.RegistrationType was changed to 2.
 5975154	[INFO]	XnProperty.cpp	101	Depth1.RegistrationType was successfully set.
 5975779	[INFO]	XnDeviceModule.cpp	431	Module 'Depth1' configuration was loaded from file.
 5975971	[INFO]	XnProperty.cpp	74	Setting Depth1.FPS to 30...
 5975997	[INFO]	XnProperty.cpp	86	Depth1.FPS value did not change.
 5976019	[INFO]	XnProperty.cpp	74	Setting Depth1.YRes to 480...
 5976041	[INFO]	XnProperty.cpp	151	Property Depth1.Resolution was changed to 1.
 5976062	[INFO]	XnProperty.cpp	151	Property Depth1.XRes was changed to 640.
 5976081	[INFO]	XnProperty.cpp	151	Property Depth1.RequiredDataSize was changed to 307200.
 5976103	[INFO]	XnProperty.cpp	151	Property Depth1.YRes was changed to 480.
 5976122	[INFO]	XnProperty.cpp	151	Property Depth1.RequiredDataSize was changed to 614400.
 5976143	[INFO]	XnProperty.cpp	101	Depth1.YRes was successfully set.
 5976163	[INFO]	XnProperty.cpp	74	Setting Depth1.XRes to 640...
 5976180	[INFO]	XnProperty.cpp	86	Depth1.XRes value did not change.
 5976240	[INFO]	XnProperty.cpp	74	Setting Depth1.Mirror to 1...
 5976264	[INFO]	XnProperty.cpp	151	Property Depth1.FirmwareMirror was changed to 1.
 5976328	[INFO]	XnProperty.cpp	151	Property Depth1.Mirror was changed to 1.
 5976348	[INFO]	XnProperty.cpp	101	Depth1.Mirror was successfully set.
 9376253	[INFO]	XnOpenNI.cpp	1261	Creating node 'User1' of type User...
 9400642	[WARNING]	Linux-x86Threads.cpp	173	Failed to set thread priority: Invalid argument
 9400690	[WARNING]	XnUSBLinux-x86.cpp	126	USB events thread: Failed to set thread priority to critical. This might cause loss of data...
 9401600	[INFO]	XnUSBLinux-x86.cpp	1222	USB read thread was started.
 9401624	[INFO]	XnProperty.cpp	151	Property Depth1.ActualReadData was changed to 1.
 9871919	[INFO]	XnProperty.cpp	151	Property Depth1.State was changed to 1.
 9871965	[INFO]	XnDeviceBase.cpp	370	Stream Depth1 is open.
13258728	[INFO]	XnOpenNI.cpp	1261	Creating node 'Image1' of type Image...
13258783	[INFO]	XnDeviceBase.cpp	1383	Creating stream 'Image1' of type 'Image'...
13259016	[INFO]	XnProperty.cpp	151	Property Image1.Resolution was changed to 0.
13259042	[INFO]	XnProperty.cpp	151	Property Image1.XRes was changed to 320.
13259062	[INFO]	XnProperty.cpp	151	Property Image1.YRes was changed to 240.
13259083	[INFO]	XnProperty.cpp	151	Property Image1.FPS was changed to 30.
13259101	[INFO]	XnProperty.cpp	151	Property Image1.OutputFormat was changed to 5.
13259120	[INFO]	XnProperty.cpp	151	Property Image1.BytesPerPixel was changed to 3.
13259139	[INFO]	XnProperty.cpp	151	Property Image1.RequiredDataSize was changed to 230400.
13259191	[INFO]	XnDeviceBase.cpp	1458	Stream 'Image1' was initialized.
13259213	[INFO]	XnDeviceBase.cpp	1463	'Image1' stream was created.
13259422	[INFO]	XnProperty.cpp	74	Setting Image1.InputFormat to 6...
13259454	[INFO]	XnProperty.cpp	151	Property Image1.InputFormat was changed to 6.
13259475	[INFO]	XnProperty.cpp	101	Image1.InputFormat was successfully set.
13260015	[INFO]	XnDeviceModule.cpp	431	Module 'Image1' configuration was loaded from file.
13260111	[INFO]	XnProperty.cpp	74	Setting Image1.FPS to 30...
13260129	[INFO]	XnProperty.cpp	86	Image1.FPS value did not change.
13260140	[INFO]	XnProperty.cpp	74	Setting Image1.YRes to 480...
13260158	[INFO]	XnProperty.cpp	151	Property Image1.Resolution was changed to 1.
13260173	[INFO]	XnProperty.cpp	151	Property Image1.XRes was changed to 640.
13260189	[INFO]	XnProperty.cpp	151	Property Image1.RequiredDataSize was changed to 460800.
13260209	[INFO]	XnProperty.cpp	151	Property Image1.YRes was changed to 480.
13260226	[INFO]	XnProperty.cpp	151	Property Image1.RequiredDataSize was changed to 921600.
13260252	[INFO]	XnProperty.cpp	101	Image1.YRes was successfully set.
13260265	[INFO]	XnProperty.cpp	74	Setting Image1.XRes to 640...
13260275	[INFO]	XnProperty.cpp	86	Image1.XRes value did not change.
13261120	[INFO]	XnUSBLinux-x86.cpp	1222	USB read thread was started.
13261146	[INFO]	XnProperty.cpp	151	Property Image1.ActualReadData was changed to 1.
13337475	[WARNING]	XnDepthProcessor.cpp	133	Read: Depth buffer is corrupt. Size is 592128 (!= 614400)
13337539	[WARNING]	XnFrameStreamProcessor.cpp	132	Depth frame is corrupt!
13437421	[WARNING]	XnDepthProcessor.cpp	133	Read: Depth buffer is corrupt. Size is 561856 (!= 614400)
13437470	[WARNING]	XnFrameStreamProcessor.cpp	132	Depth frame is corrupt!
13473372	[WARNING]	XnDepthProcessor.cpp	133	Read: Depth buffer is corrupt. Size is 586912 (!= 614400)
13473405	[WARNING]	XnFrameStreamProcessor.cpp	132	Depth frame is corrupt!
16461963	[INFO]	XnProperty.cpp	151	Property Image1.State was changed to 1.
16462008	[INFO]	XnDeviceBase.cpp	370	Stream Image1 is open.
16462214	[INFO]	XnProperty.cpp	74	Setting Depth1.Registration to 1...
16477375	[WARNING]	XnDepthProcessor.cpp	133	Read: Depth buffer is corrupt. Size is 584224 (!= 614400)
16477444	[WARNING]	XnFrameStreamProcessor.cpp	132	Depth frame is corrupt!
16509424	[WARNING]	XnDepthProcessor.cpp	133	Read: Depth buffer is corrupt. Size is 591168 (!= 614400)
16509471	[WARNING]	XnFrameStreamProcessor.cpp	132	Depth frame is corrupt!
16614023	[INFO]	XnProperty.cpp	151	Property Depth1.Registration was changed to 1.
16614069	[INFO]	XnProperty.cpp	101	Depth1.Registration was successfully set.
16614154	[INFO]	XnProperty.cpp	74	Setting Image1.Mirror to 1...
16626616	[INFO]	XnProperty.cpp	151	Property Image1.FirmwareMirror was changed to 1.
16626645	[INFO]	XnProperty.cpp	151	Property Image1.Mirror was changed to 1.
16626657	[INFO]	XnProperty.cpp	101	Image1.Mirror was successfully set.
46221596	[INFO]	XnOpenNI.cpp	1459	Destroying node 'User1'
46228395	[INFO]	XnOpenNI.cpp	1459	Destroying node 'Depth1'
46228495	[INFO]	XnDeviceBase.cpp	1507	Destroying stream 'Depth1'...
46229725	[INFO]	XnOpenNI.cpp	1459	Destroying node 'Image1'
46229768	[INFO]	XnDeviceBase.cpp	1507	Destroying stream 'Image1'...
46230698	[INFO]	XnOpenNI.cpp	1459	Destroying node 'Device1'
