  100552	[INFO]	XnLog.cpp	165	OpenNI version is 1.0.0 (Build 25)-MacOSX (Jan  7 2011 14:20:18)
  100603	[INFO]	XnLog.cpp	173	Log system initialized. Console: 1, File: 1, Severity: INFO, Masks: ALL
  100632	[INFO]	XnLog.cpp	173	Log system initialized. Console: 1, File: 1, Severity: INFO, Masks: ALL
  103899	[INFO]	XnUSBLinux-x86.cpp	98	USB is initialized.
 4527181	[INFO]	XnOpenNI.cpp	1261	Creating node 'Device1' of type Device...
 4528733	[INFO]	XnDeviceModule.cpp	431	Module 'Device' configuration was loaded from file.
 5140769	[INFO]	XnDeviceSensorIO.cpp	135	Connected to USB device
 5140822	[INFO]	XnProperty.cpp	151	Property Device.USBPath was changed to 045e/02ae@250/11.
 5147858	[INFO]	XnHostProtocol.cpp	825	Hardware versions: FW=5.1.4 (7) HW=4 Chip=2 Sensor=4 SYS=7
 6560226	[INFO]	XnProperty.cpp	151	Property Device.ID was changed to 0.
 6560320	[INFO]	XnSensor.cpp	182	Device sensor initialized
 6560485	[INFO]	XnOpenNI.cpp	1261	Creating node 'Depth1' of type Depth...
 6560572	[INFO]	XnDeviceBase.cpp	1383	Creating stream 'Depth1' of type 'Depth'...
 6560618	[INFO]	XnProperty.cpp	74	Setting Device.ReadData to 1...
 6560691	[INFO]	XnDeviceSensorIO.cpp	298	Endpoints open
 6573140	[INFO]	XnProperty.cpp	151	Property Device.ReadData was changed to 1.
 6573181	[INFO]	XnProperty.cpp	101	Device.ReadData was successfully set.
 6573817	[INFO]	XnProperty.cpp	151	Property Depth1.Resolution was changed to 0.
 6573857	[INFO]	XnProperty.cpp	151	Property Depth1.XRes was changed to 320.
 6573890	[INFO]	XnProperty.cpp	151	Property Depth1.YRes was changed to 240.
 6573929	[INFO]	XnProperty.cpp	151	Property Depth1.FPS was changed to 30.
 6573964	[INFO]	XnProperty.cpp	151	Property Depth1.OutputFormat was changed to 1.
 6573999	[INFO]	XnProperty.cpp	151	Property Depth1.BytesPerPixel was changed to 2.
 6574025	[INFO]	XnProperty.cpp	151	Property Depth1.RequiredDataSize was changed to 153600.
 6574062	[INFO]	XnProperty.cpp	151	Property Depth1.ParamCoeff was changed to 4.
 6574204	[INFO]	XnProperty.cpp	151	Property Depth1.ShiftScale was changed to 10.
 6586854	[INFO]	XnProperty.cpp	151	Property Depth1.ConstShift was changed to 200.
 6587010	[INFO]	XnProperty.cpp	151	Property Depth1.ZPD was changed to 120.
 6587223	[INFO]	XnProperty.cpp	151	Property Depth1.ZPPS was changed to 0.104200.
 6587262	[INFO]	XnProperty.cpp	151	Property Depth1.LDDIS was changed to 7.500000.
 6587471	[INFO]	XnProperty.cpp	151	Property Depth1.Gain was changed to 30.
 6587527	[INFO]	XnDeviceBase.cpp	1458	Stream 'Depth1' was initialized.
 6587565	[INFO]	XnDeviceBase.cpp	1463	'Depth1' stream was created.
 6587874	[INFO]	XnProperty.cpp	74	Setting Depth1.InputFormat to 3...
 6587920	[INFO]	XnProperty.cpp	151	Property Depth1.InputFormat was changed to 3.
 6587954	[INFO]	XnProperty.cpp	101	Depth1.InputFormat was successfully set.
 6588911	[INFO]	XnProperty.cpp	74	Setting Depth1.RegistrationType to 2...
 6588947	[INFO]	XnProperty.cpp	151	Property Depth1.RegistrationType was changed to 2.
 6588970	[INFO]	XnProperty.cpp	101	Depth1.RegistrationType was successfully set.
 6589867	[INFO]	XnDeviceModule.cpp	431	Module 'Depth1' configuration was loaded from file.
 6590144	[INFO]	XnProperty.cpp	74	Setting Depth1.FPS to 30...
 6590179	[INFO]	XnProperty.cpp	86	Depth1.FPS value did not change.
 6590211	[INFO]	XnProperty.cpp	74	Setting Depth1.YRes to 480...
 6590247	[INFO]	XnProperty.cpp	151	Property Depth1.Resolution was changed to 1.
 6590279	[INFO]	XnProperty.cpp	151	Property Depth1.XRes was changed to 640.
 6590310	[INFO]	XnProperty.cpp	151	Property Depth1.RequiredDataSize was changed to 307200.
 6590343	[INFO]	XnProperty.cpp	151	Property Depth1.YRes was changed to 480.
 6590372	[INFO]	XnProperty.cpp	151	Property Depth1.RequiredDataSize was changed to 614400.
 6590404	[INFO]	XnProperty.cpp	101	Depth1.YRes was successfully set.
 6590435	[INFO]	XnProperty.cpp	74	Setting Depth1.XRes to 640...
 6590464	[INFO]	XnProperty.cpp	86	Depth1.XRes value did not change.
 6590556	[INFO]	XnProperty.cpp	74	Setting Depth1.Mirror to 1...
 6590591	[INFO]	XnProperty.cpp	151	Property Depth1.FirmwareMirror was changed to 1.
 6590679	[INFO]	XnProperty.cpp	151	Property Depth1.Mirror was changed to 1.
 6590710	[INFO]	XnProperty.cpp	101	Depth1.Mirror was successfully set.
10001259	[INFO]	XnOpenNI.cpp	1261	Creating node 'User1' of type User...
10028006	[WARNING]	Linux-x86Threads.cpp	173	Failed to set thread priority: Invalid argument
10028058	[WARNING]	XnUSBLinux-x86.cpp	126	USB events thread: Failed to set thread priority to critical. This might cause loss of data...
10029027	[INFO]	XnUSBLinux-x86.cpp	1222	USB read thread was started.
10029056	[INFO]	XnProperty.cpp	151	Property Depth1.ActualReadData was changed to 1.
10499140	[INFO]	XnProperty.cpp	151	Property Depth1.State was changed to 1.
10499190	[INFO]	XnDeviceBase.cpp	370	Stream Depth1 is open.
13882047	[INFO]	XnOpenNI.cpp	1261	Creating node 'Image1' of type Image...
13882105	[INFO]	XnDeviceBase.cpp	1383	Creating stream 'Image1' of type 'Image'...
13882400	[INFO]	XnProperty.cpp	151	Property Image1.Resolution was changed to 0.
13882430	[INFO]	XnProperty.cpp	151	Property Image1.XRes was changed to 320.
13882455	[INFO]	XnProperty.cpp	151	Property Image1.YRes was changed to 240.
13882475	[INFO]	XnProperty.cpp	151	Property Image1.FPS was changed to 30.
13882494	[INFO]	XnProperty.cpp	151	Property Image1.OutputFormat was changed to 5.
13882513	[INFO]	XnProperty.cpp	151	Property Image1.BytesPerPixel was changed to 3.
13882533	[INFO]	XnProperty.cpp	151	Property Image1.RequiredDataSize was changed to 230400.
13882577	[INFO]	XnDeviceBase.cpp	1458	Stream 'Image1' was initialized.
13882599	[INFO]	XnDeviceBase.cpp	1463	'Image1' stream was created.
13882735	[INFO]	XnProperty.cpp	74	Setting Image1.InputFormat to 6...
13882766	[INFO]	XnProperty.cpp	151	Property Image1.InputFormat was changed to 6.
13882789	[INFO]	XnProperty.cpp	101	Image1.InputFormat was successfully set.
13883417	[INFO]	XnDeviceModule.cpp	431	Module 'Image1' configuration was loaded from file.
13883584	[INFO]	XnProperty.cpp	74	Setting Image1.FPS to 30...
13883605	[INFO]	XnProperty.cpp	86	Image1.FPS value did not change.
13883622	[INFO]	XnProperty.cpp	74	Setting Image1.YRes to 480...
13883640	[INFO]	XnProperty.cpp	151	Property Image1.Resolution was changed to 1.
13883658	[INFO]	XnProperty.cpp	151	Property Image1.XRes was changed to 640.
13883674	[INFO]	XnProperty.cpp	151	Property Image1.RequiredDataSize was changed to 460800.
13883694	[INFO]	XnProperty.cpp	151	Property Image1.YRes was changed to 480.
13883710	[INFO]	XnProperty.cpp	151	Property Image1.RequiredDataSize was changed to 921600.
13883730	[INFO]	XnProperty.cpp	101	Image1.YRes was successfully set.
13883750	[INFO]	XnProperty.cpp	74	Setting Image1.XRes to 640...
13883765	[INFO]	XnProperty.cpp	86	Image1.XRes value did not change.
13885023	[INFO]	XnUSBLinux-x86.cpp	1222	USB read thread was started.
13885079	[INFO]	XnProperty.cpp	151	Property Image1.ActualReadData was changed to 1.
14068739	[WARNING]	XnDepthProcessor.cpp	133	Read: Depth buffer is corrupt. Size is 518864 (!= 614400)
14068801	[WARNING]	XnFrameStreamProcessor.cpp	132	Depth frame is corrupt!
16968839	[WARNING]	XnDepthProcessor.cpp	133	Read: Depth buffer is corrupt. Size is 593408 (!= 614400)
16968895	[WARNING]	XnFrameStreamProcessor.cpp	132	Depth frame is corrupt!
17085033	[INFO]	XnProperty.cpp	151	Property Image1.State was changed to 1.
17085085	[INFO]	XnDeviceBase.cpp	370	Stream Image1 is open.
17085341	[INFO]	XnProperty.cpp	74	Setting Depth1.Registration to 1...
17136803	[WARNING]	XnDepthProcessor.cpp	133	Read: Depth buffer is corrupt. Size is 589216 (!= 614400)
17136861	[WARNING]	XnFrameStreamProcessor.cpp	132	Depth frame is corrupt!
17237266	[INFO]	XnProperty.cpp	151	Property Depth1.Registration was changed to 1.
17237313	[INFO]	XnProperty.cpp	101	Depth1.Registration was successfully set.
17237362	[INFO]	XnProperty.cpp	74	Setting Image1.Mirror to 1...
17250018	[INFO]	XnProperty.cpp	151	Property Image1.FirmwareMirror was changed to 1.
17250056	[INFO]	XnProperty.cpp	151	Property Image1.Mirror was changed to 1.
17250068	[INFO]	XnProperty.cpp	101	Image1.Mirror was successfully set.
